[14:22:48.325 INF] [T:1] [Rank] Logger setup was successful: Rank
[14:22:48.465 DBG] [T:1] [Rank] Discover commands: [3003, 3002, 3001, 3000, 1000]
[14:22:48.466 INF] [T:1] [Rank] The server Rank is initialized.
[14:22:48.728 DBG] [T:1] [Rank] [Daily] Reward loaded. season="Daily"/1, uid=1, rank=2, score=30, isRewarded=false, item=[0:0:70]
[14:22:48.728 DBG] [T:1] [Rank] [Daily] Reward loaded. season="Daily"/1, uid=2, rank=1, score=40, isRewarded=false, item=[0:0:100]
[14:22:48.728 DBG] [T:1] [Rank] [Daily] Reward loaded. season="Daily"/1, uid=1000001, rank=3, score=10, isRewarded=false, item=[0:0:50]
[14:22:48.728 DBG] [T:1] [Rank] [Daily] Reward loaded. season="Daily"/12, uid=1000001, rank=1, score=30, isRewarded=false, item=[0:0:100]
[14:22:48.735 INF] [T:1] [Rank] [Daily] Season loaded. kind="Daily", num=46, state="Running", start="2025-12-26T00:00:00.0000000+09:00", end="2025-12-27T00:00:00.0000000+09:00"
[14:22:48.737 INF] [T:1] [Rank] Listener (0.0.0.0:20000:"Tcp") was started.
[14:22:48.740 INF] [T:1] [Rank] The server instance Rank was been started!
[14:22:48.777 DBG] [T:12] [Rank] [Daily] Reward loaded. season="Daily"/1, uid=1, rank=2, score=30, isRewarded=false, item=[0:0:70]
[14:22:48.777 DBG] [T:12] [Rank] [Daily] Reward loaded. season="Daily"/1, uid=2, rank=1, score=40, isRewarded=false, item=[0:0:100]
[14:22:48.777 DBG] [T:12] [Rank] [Daily] Reward loaded. season="Daily"/1, uid=1000001, rank=3, score=10, isRewarded=false, item=[0:0:50]
[14:22:48.777 DBG] [T:12] [Rank] [Daily] Reward loaded. season="Daily"/12, uid=1000001, rank=1, score=30, isRewarded=false, item=[0:0:100]
[14:22:48.873 INF] [T:12] [Rank] [Daily] Next season scheduled. kind="Daily", num=47, start="2025-12-29T00:00:00.0000000+00:00", end="2025-12-30T00:00:00.0000000+00:00"
[14:23:14.548 DBG] [T:27] [Rank] A new session connected. sessionId=2f5246f1-d9c1-4693-a877-c61ac529a48a, remoteEndPoint=127.0.0.1:64433
[14:23:14.595 DBG] [T:27] [Rank] Session authentication succeeded. sessionId=2f5246f1-d9c1-4693-a877-c61ac529a48a, peerId=1
[14:23:14.628 INF] [T:11] [Rank] Server Game registered.
[14:23:18.472 INF] [T:7] [PerfMonitor] Time:2025-12-29 05:23:17.467Z CPU=0.0% WS=76.44MB Managed=193.47MB Threads=34
[14:23:48.467 INF] [T:7] [PerfMonitor] Time:2025-12-29 05:23:47.467Z CPU=0.0% WS=65.12MB Managed=194.08MB Threads=33
[14:24:18.468 INF] [T:7] [PerfMonitor] Time:2025-12-29 05:24:17.467Z CPU=0.0% WS=68.05MB Managed=194.52MB Threads=32
[14:24:48.466 INF] [T:7] [PerfMonitor] Time:2025-12-29 05:24:47.467Z CPU=0.0% WS=69.75MB Managed=194.97MB Threads=33
[14:25:18.467 INF] [T:7] [PerfMonitor] Time:2025-12-29 05:25:17.467Z CPU=0.0% WS=71.72MB Managed=192.40MB Threads=33
[14:25:48.467 INF] [T:7] [PerfMonitor] Time:2025-12-29 05:25:47.468Z CPU=0.0% WS=83.61MB Managed=192.86MB Threads=32
[14:26:18.468 INF] [T:7] [PerfMonitor] Time:2025-12-29 05:26:17.467Z CPU=0.0% WS=84.25MB Managed=193.32MB Threads=33
[14:26:48.467 INF] [T:7] [PerfMonitor] Time:2025-12-29 05:26:47.467Z CPU=0.0% WS=83.53MB Managed=193.76MB Threads=32
[14:27:18.468 INF] [T:7] [PerfMonitor] Time:2025-12-29 05:27:17.467Z CPU=0.0% WS=81.50MB Managed=194.20MB Threads=32
[14:27:48.467 INF] [T:7] [PerfMonitor] Time:2025-12-29 05:27:47.468Z CPU=0.0% WS=81.67MB Managed=194.65MB Threads=33
[14:28:18.468 INF] [T:7] [PerfMonitor] Time:2025-12-29 05:28:17.468Z CPU=0.0% WS=87.11MB Managed=195.10MB Threads=32
[14:28:48.468 INF] [T:7] [PerfMonitor] Time:2025-12-29 05:28:47.467Z CPU=0.0% WS=87.38MB Managed=195.54MB Threads=32
[14:29:18.468 INF] [T:7] [PerfMonitor] Time:2025-12-29 05:29:17.468Z CPU=0.0% WS=87.02MB Managed=195.97MB Threads=33
[14:29:48.468 INF] [T:7] [PerfMonitor] Time:2025-12-29 05:29:47.467Z CPU=0.0% WS=87.06MB Managed=196.43MB Threads=34
[14:30:18.468 INF] [T:7] [PerfMonitor] Time:2025-12-29 05:30:17.468Z CPU=0.0% WS=87.06MB Managed=196.88MB Threads=33
[14:30:48.469 INF] [T:7] [PerfMonitor] Time:2025-12-29 05:30:47.469Z CPU=0.0% WS=87.11MB Managed=197.31MB Threads=32
[14:31:18.468 INF] [T:7] [PerfMonitor] Time:2025-12-29 05:31:17.468Z CPU=0.0% WS=87.23MB Managed=197.76MB Threads=32
[14:31:48.469 INF] [T:7] [PerfMonitor] Time:2025-12-29 05:31:47.469Z CPU=0.0% WS=87.61MB Managed=198.20MB Threads=32
[14:32:18.469 INF] [T:7] [PerfMonitor] Time:2025-12-29 05:32:17.469Z CPU=0.0% WS=88.17MB Managed=198.62MB Threads=32
[14:32:48.469 INF] [T:7] [PerfMonitor] Time:2025-12-29 05:32:47.468Z CPU=0.0% WS=81.75MB Managed=199.06MB Threads=33
[14:33:18.469 INF] [T:7] [PerfMonitor] Time:2025-12-29 05:33:17.467Z CPU=0.0% WS=83.81MB Managed=199.50MB Threads=32
[14:33:48.468 INF] [T:7] [PerfMonitor] Time:2025-12-29 05:33:47.469Z CPU=0.0% WS=84.59MB Managed=199.96MB Threads=32
[14:34:18.469 INF] [T:7] [PerfMonitor] Time:2025-12-29 05:34:17.469Z CPU=0.0% WS=85.44MB Managed=192.58MB Threads=33
[14:34:48.470 INF] [T:7] [PerfMonitor] Time:2025-12-29 05:34:47.469Z CPU=0.0% WS=85.41MB Managed=193.02MB Threads=32
[14:35:18.470 INF] [T:7] [PerfMonitor] Time:2025-12-29 05:35:17.469Z CPU=0.0% WS=85.42MB Managed=193.45MB Threads=32
[14:35:48.470 INF] [T:7] [PerfMonitor] Time:2025-12-29 05:35:47.469Z CPU=0.0% WS=85.45MB Managed=193.89MB Threads=32
[14:36:18.470 INF] [T:7] [PerfMonitor] Time:2025-12-29 05:36:17.469Z CPU=0.0% WS=85.48MB Managed=194.32MB Threads=33
[14:36:48.469 INF] [T:7] [PerfMonitor] Time:2025-12-29 05:36:47.470Z CPU=0.0% WS=85.25MB Managed=194.76MB Threads=32
[14:37:18.469 INF] [T:7] [PerfMonitor] Time:2025-12-29 05:37:17.468Z CPU=0.0% WS=85.28MB Managed=195.19MB Threads=32
[14:37:48.470 INF] [T:7] [PerfMonitor] Time:2025-12-29 05:37:47.469Z CPU=0.0% WS=85.23MB Managed=195.63MB Threads=32
[14:38:18.470 INF] [T:7] [PerfMonitor] Time:2025-12-29 05:38:17.470Z CPU=0.0% WS=85.36MB Managed=196.05MB Threads=32
[14:38:48.470 INF] [T:7] [PerfMonitor] Time:2025-12-29 05:38:47.470Z CPU=0.0% WS=85.41MB Managed=196.52MB Threads=33
[14:39:18.470 INF] [T:7] [PerfMonitor] Time:2025-12-29 05:39:17.470Z CPU=0.0% WS=85.42MB Managed=196.97MB Threads=32
[14:39:48.470 INF] [T:7] [PerfMonitor] Time:2025-12-29 05:39:47.470Z CPU=0.0% WS=85.42MB Managed=197.41MB Threads=32
[14:40:18.470 INF] [T:7] [PerfMonitor] Time:2025-12-29 05:40:17.470Z CPU=0.0% WS=85.41MB Managed=197.84MB Threads=32
[14:40:48.470 INF] [T:7] [PerfMonitor] Time:2025-12-29 05:40:47.470Z CPU=0.0% WS=85.41MB Managed=198.27MB Threads=32
[14:41:18.470 INF] [T:7] [PerfMonitor] Time:2025-12-29 05:41:17.469Z CPU=0.0% WS=85.41MB Managed=198.71MB Threads=32
[14:41:48.470 INF] [T:7] [PerfMonitor] Time:2025-12-29 05:41:47.470Z CPU=0.0% WS=83.88MB Managed=199.15MB Threads=33
[14:42:18.471 INF] [T:7] [PerfMonitor] Time:2025-12-29 05:42:17.471Z CPU=0.0% WS=83.88MB Managed=199.60MB Threads=33
[14:42:48.470 INF] [T:7] [PerfMonitor] Time:2025-12-29 05:42:47.470Z CPU=0.0% WS=83.81MB Managed=200.03MB Threads=32
[14:43:18.471 INF] [T:7] [PerfMonitor] Time:2025-12-29 05:43:17.470Z CPU=0.0% WS=80.11MB Managed=192.71MB Threads=32
[14:43:48.471 INF] [T:7] [PerfMonitor] Time:2025-12-29 05:43:47.471Z CPU=0.0% WS=80.16MB Managed=193.19MB Threads=33
[14:44:18.471 INF] [T:7] [PerfMonitor] Time:2025-12-29 05:44:17.471Z CPU=0.0% WS=80.14MB Managed=193.63MB Threads=32
[14:44:48.471 INF] [T:7] [PerfMonitor] Time:2025-12-29 05:44:47.471Z CPU=0.0% WS=80.14MB Managed=194.06MB Threads=32
[14:45:18.471 INF] [T:7] [PerfMonitor] Time:2025-12-29 05:45:17.471Z CPU=0.0% WS=80.31MB Managed=194.50MB Threads=32
[14:45:48.471 INF] [T:7] [PerfMonitor] Time:2025-12-29 05:45:47.471Z CPU=0.0% WS=79.05MB Managed=194.95MB Threads=32
[14:46:18.470 INF] [T:7] [PerfMonitor] Time:2025-12-29 05:46:17.471Z CPU=0.0% WS=79.05MB Managed=195.37MB Threads=31
[14:46:48.472 INF] [T:7] [PerfMonitor] Time:2025-12-29 05:46:47.471Z CPU=0.0% WS=79.06MB Managed=195.80MB Threads=32
[14:47:18.472 INF] [T:7] [PerfMonitor] Time:2025-12-29 05:47:17.472Z CPU=0.0% WS=79.22MB Managed=196.26MB Threads=32
[14:47:48.471 INF] [T:7] [PerfMonitor] Time:2025-12-29 05:47:47.471Z CPU=0.0% WS=79.23MB Managed=196.71MB Threads=32
[14:48:18.472 INF] [T:7] [PerfMonitor] Time:2025-12-29 05:48:17.472Z CPU=0.0% WS=78.16MB Managed=197.12MB Threads=32
[14:48:48.472 INF] [T:7] [PerfMonitor] Time:2025-12-29 05:48:47.472Z CPU=0.0% WS=79.38MB Managed=197.69MB Threads=34
[14:49:18.472 INF] [T:7] [PerfMonitor] Time:2025-12-29 05:49:17.472Z CPU=0.0% WS=79.44MB Managed=198.15MB Threads=33
[14:49:48.472 INF] [T:7] [PerfMonitor] Time:2025-12-29 05:49:47.471Z CPU=0.0% WS=78.95MB Managed=198.59MB Threads=32
[14:50:18.473 INF] [T:7] [PerfMonitor] Time:2025-12-29 05:50:17.471Z CPU=0.0% WS=78.39MB Managed=199.03MB Threads=32
[14:50:48.472 INF] [T:7] [PerfMonitor] Time:2025-12-29 05:50:47.472Z CPU=0.0% WS=78.48MB Managed=199.44MB Threads=32
[14:51:18.473 INF] [T:7] [PerfMonitor] Time:2025-12-29 05:51:17.472Z CPU=0.0% WS=78.52MB Managed=199.89MB Threads=33
[14:51:48.472 INF] [T:7] [PerfMonitor] Time:2025-12-29 05:51:47.473Z CPU=0.0% WS=79.58MB Managed=192.58MB Threads=34
[14:52:18.473 INF] [T:7] [PerfMonitor] Time:2025-12-29 05:52:17.473Z CPU=0.0% WS=79.56MB Managed=193.03MB Threads=32
[14:52:48.473 INF] [T:7] [PerfMonitor] Time:2025-12-29 05:52:47.473Z CPU=0.0% WS=79.58MB Managed=193.49MB Threads=33
[14:53:18.473 INF] [T:7] [PerfMonitor] Time:2025-12-29 05:53:17.472Z CPU=0.0% WS=79.61MB Managed=193.93MB Threads=33
[14:53:48.473 INF] [T:7] [PerfMonitor] Time:2025-12-29 05:53:47.473Z CPU=0.0% WS=79.67MB Managed=194.38MB Threads=33
[14:54:18.492 INF] [T:7] [PerfMonitor] Time:2025-12-29 05:54:17.472Z CPU=0.0% WS=79.67MB Managed=194.84MB Threads=33
[14:54:48.473 INF] [T:7] [PerfMonitor] Time:2025-12-29 05:54:47.473Z CPU=0.0% WS=79.67MB Managed=195.28MB Threads=32
[14:55:18.473 INF] [T:7] [PerfMonitor] Time:2025-12-29 05:55:17.473Z CPU=0.0% WS=79.42MB Managed=195.72MB Threads=32
[14:55:48.473 INF] [T:7] [PerfMonitor] Time:2025-12-29 05:55:47.472Z CPU=0.0% WS=79.42MB Managed=196.15MB Threads=32
[14:56:18.473 INF] [T:7] [PerfMonitor] Time:2025-12-29 05:56:17.472Z CPU=0.0% WS=79.42MB Managed=196.57MB Threads=32
[14:56:48.473 INF] [T:7] [PerfMonitor] Time:2025-12-29 05:56:47.473Z CPU=0.0% WS=79.42MB Managed=196.99MB Threads=32
[14:57:18.473 INF] [T:7] [PerfMonitor] Time:2025-12-29 05:57:17.472Z CPU=0.0% WS=79.41MB Managed=197.42MB Threads=31
[14:57:48.473 INF] [T:7] [PerfMonitor] Time:2025-12-29 05:57:47.474Z CPU=0.0% WS=79.42MB Managed=197.85MB Threads=32
[14:58:18.474 INF] [T:7] [PerfMonitor] Time:2025-12-29 05:58:17.473Z CPU=0.0% WS=79.22MB Managed=198.28MB Threads=32
[14:58:48.473 INF] [T:7] [PerfMonitor] Time:2025-12-29 05:58:47.473Z CPU=0.0% WS=79.22MB Managed=198.70MB Threads=32
[14:59:18.474 INF] [T:7] [PerfMonitor] Time:2025-12-29 05:59:17.473Z CPU=0.0% WS=79.22MB Managed=199.15MB Threads=32
[14:59:48.473 INF] [T:7] [PerfMonitor] Time:2025-12-29 05:59:47.474Z CPU=0.0% WS=79.22MB Managed=199.58MB Threads=32
[15:00:18.474 INF] [T:7] [PerfMonitor] Time:2025-12-29 06:00:17.474Z CPU=0.0% WS=79.22MB Managed=200.01MB Threads=32
[15:00:48.474 INF] [T:7] [PerfMonitor] Time:2025-12-29 06:00:47.474Z CPU=0.0% WS=78.11MB Managed=192.68MB Threads=33
[15:01:18.474 INF] [T:7] [PerfMonitor] Time:2025-12-29 06:01:18.474Z CPU=0.0% WS=78.09MB Managed=193.16MB Threads=33
[15:01:48.474 INF] [T:7] [PerfMonitor] Time:2025-12-29 06:01:47.474Z CPU=0.0% WS=78.08MB Managed=193.59MB Threads=32
[15:02:18.475 INF] [T:7] [PerfMonitor] Time:2025-12-29 06:02:17.474Z CPU=0.0% WS=78.09MB Managed=194.02MB Threads=33
[15:02:48.475 INF] [T:7] [PerfMonitor] Time:2025-12-29 06:02:47.474Z CPU=0.0% WS=76.64MB Managed=194.47MB Threads=33
[15:03:18.474 INF] [T:7] [PerfMonitor] Time:2025-12-29 06:03:17.474Z CPU=0.0% WS=76.64MB Managed=194.93MB Threads=33
[15:03:48.474 INF] [T:7] [PerfMonitor] Time:2025-12-29 06:03:47.474Z CPU=0.0% WS=76.62MB Managed=195.36MB Threads=32
[15:04:18.474 INF] [T:7] [PerfMonitor] Time:2025-12-29 06:04:17.475Z CPU=0.0% WS=77.14MB Managed=195.80MB Threads=33
[15:04:48.475 INF] [T:7] [PerfMonitor] Time:2025-12-29 06:04:47.475Z CPU=0.0% WS=77.14MB Managed=196.25MB Threads=33
[15:05:18.475 INF] [T:7] [PerfMonitor] Time:2025-12-29 06:05:17.474Z CPU=0.0% WS=77.38MB Managed=196.69MB Threads=33
[15:05:48.474 INF] [T:7] [PerfMonitor] Time:2025-12-29 06:05:47.475Z CPU=0.0% WS=77.36MB Managed=197.12MB Threads=32
[15:06:18.475 INF] [T:7] [PerfMonitor] Time:2025-12-29 06:06:17.475Z CPU=0.0% WS=77.36MB Managed=197.55MB Threads=32
[15:06:48.475 INF] [T:7] [PerfMonitor] Time:2025-12-29 06:06:47.476Z CPU=0.0% WS=77.69MB Managed=197.97MB Threads=32
[15:07:18.475 INF] [T:7] [PerfMonitor] Time:2025-12-29 06:07:17.476Z CPU=0.0% WS=73.81MB Managed=198.42MB Threads=33
[15:07:48.476 INF] [T:7] [PerfMonitor] Time:2025-12-29 06:07:47.475Z CPU=0.0% WS=73.78MB Managed=198.85MB Threads=32
[15:08:18.475 INF] [T:7] [PerfMonitor] Time:2025-12-29 06:08:17.475Z CPU=0.0% WS=73.91MB Managed=199.28MB Threads=32
[15:08:48.476 INF] [T:7] [PerfMonitor] Time:2025-12-29 06:08:47.475Z CPU=0.0% WS=73.92MB Managed=199.70MB Threads=32
[15:09:18.476 INF] [T:7] [PerfMonitor] Time:2025-12-29 06:09:17.475Z CPU=0.0% WS=74.00MB Managed=200.14MB Threads=33
[15:09:48.475 INF] [T:7] [PerfMonitor] Time:2025-12-29 06:09:47.476Z CPU=0.0% WS=74.20MB Managed=192.91MB Threads=32
[15:10:18.476 INF] [T:7] [PerfMonitor] Time:2025-12-29 06:10:17.476Z CPU=0.0% WS=72.83MB Managed=193.33MB Threads=32
[15:10:48.475 INF] [T:7] [PerfMonitor] Time:2025-12-29 06:10:47.476Z CPU=0.0% WS=72.84MB Managed=193.76MB Threads=33
[15:11:18.476 INF] [T:7] [PerfMonitor] Time:2025-12-29 06:11:17.476Z CPU=0.0% WS=71.95MB Managed=194.21MB Threads=32
[15:11:48.475 INF] [T:7] [PerfMonitor] Time:2025-12-29 06:11:47.476Z CPU=0.0% WS=71.95MB Managed=194.62MB Threads=32
[15:12:18.475 INF] [T:7] [PerfMonitor] Time:2025-12-29 06:12:17.477Z CPU=0.0% WS=68.41MB Managed=195.06MB Threads=33
[15:12:48.476 INF] [T:7] [PerfMonitor] Time:2025-12-29 06:12:47.476Z CPU=0.0% WS=68.64MB Managed=195.49MB Threads=32
[15:13:18.476 INF] [T:7] [PerfMonitor] Time:2025-12-29 06:13:17.476Z CPU=0.0% WS=69.09MB Managed=195.96MB Threads=35
[15:13:48.477 INF] [T:7] [PerfMonitor] Time:2025-12-29 06:13:47.476Z CPU=0.0% WS=69.17MB Managed=196.41MB Threads=32
[15:14:18.476 INF] [T:7] [PerfMonitor] Time:2025-12-29 06:14:17.476Z CPU=0.0% WS=69.55MB Managed=196.83MB Threads=32
[15:14:48.476 INF] [T:7] [PerfMonitor] Time:2025-12-29 06:14:47.476Z CPU=0.0% WS=71.53MB Managed=197.27MB Threads=32
[15:15:18.476 INF] [T:7] [PerfMonitor] Time:2025-12-29 06:15:17.477Z CPU=0.0% WS=71.52MB Managed=197.72MB Threads=33
[15:15:48.476 INF] [T:7] [PerfMonitor] Time:2025-12-29 06:15:47.477Z CPU=0.0% WS=71.50MB Managed=198.16MB Threads=33
[15:16:18.477 INF] [T:7] [PerfMonitor] Time:2025-12-29 06:16:17.477Z CPU=0.0% WS=71.48MB Managed=198.59MB Threads=32
[15:16:48.476 INF] [T:7] [PerfMonitor] Time:2025-12-29 06:16:47.477Z CPU=0.0% WS=71.48MB Managed=199.02MB Threads=32
[15:17:18.477 INF] [T:7] [PerfMonitor] Time:2025-12-29 06:17:17.477Z CPU=0.0% WS=71.42MB Managed=199.46MB Threads=32
[15:17:48.477 INF] [T:7] [PerfMonitor] Time:2025-12-29 06:17:47.478Z CPU=0.0% WS=71.41MB Managed=199.91MB Threads=32
[15:18:18.477 INF] [T:7] [PerfMonitor] Time:2025-12-29 06:18:17.477Z CPU=0.0% WS=71.45MB Managed=200.35MB Threads=33
[15:18:48.476 INF] [T:7] [PerfMonitor] Time:2025-12-29 06:18:47.476Z CPU=0.0% WS=72.22MB Managed=193.03MB Threads=32
[15:19:18.473 INF] [T:7] [PerfMonitor] Time:2025-12-29 06:19:17.473Z CPU=0.0% WS=70.88MB Managed=193.52MB Threads=33
[15:19:48.473 INF] [T:7] [PerfMonitor] Time:2025-12-29 06:19:47.472Z CPU=0.0% WS=70.70MB Managed=193.95MB Threads=32
[15:20:18.471 INF] [T:7] [PerfMonitor] Time:2025-12-29 06:20:17.473Z CPU=0.0% WS=70.48MB Managed=194.37MB Threads=32
[15:20:48.472 INF] [T:7] [PerfMonitor] Time:2025-12-29 06:20:47.472Z CPU=0.0% WS=70.80MB Managed=194.82MB Threads=32
[15:21:18.472 INF] [T:7] [PerfMonitor] Time:2025-12-29 06:21:17.472Z CPU=0.0% WS=70.77MB Managed=195.26MB Threads=32
[15:21:48.472 INF] [T:7] [PerfMonitor] Time:2025-12-29 06:21:47.471Z CPU=0.0% WS=70.42MB Managed=195.69MB Threads=35
[15:22:18.472 INF] [T:7] [PerfMonitor] Time:2025-12-29 06:22:17.472Z CPU=0.0% WS=70.61MB Managed=196.15MB Threads=33
[15:22:48.472 INF] [T:7] [PerfMonitor] Time:2025-12-29 06:22:47.472Z CPU=0.0% WS=70.62MB Managed=196.58MB Threads=32
[15:23:18.472 INF] [T:7] [PerfMonitor] Time:2025-12-29 06:23:17.472Z CPU=0.0% WS=70.48MB Managed=197.02MB Threads=32
[15:23:48.473 INF] [T:7] [PerfMonitor] Time:2025-12-29 06:23:48.472Z CPU=0.0% WS=70.19MB Managed=197.46MB Threads=32
[15:24:18.473 INF] [T:7] [PerfMonitor] Time:2025-12-29 06:24:17.473Z CPU=0.0% WS=70.70MB Managed=197.89MB Threads=33
[15:24:48.472 INF] [T:7] [PerfMonitor] Time:2025-12-29 06:24:47.473Z CPU=0.0% WS=70.84MB Managed=198.32MB Threads=32
[15:25:18.473 INF] [T:7] [PerfMonitor] Time:2025-12-29 06:25:17.472Z CPU=0.0% WS=71.64MB Managed=198.77MB Threads=33
[15:25:48.473 INF] [T:7] [PerfMonitor] Time:2025-12-29 06:25:47.472Z CPU=0.0% WS=71.62MB Managed=199.21MB Threads=32
[15:26:18.472 INF] [T:7] [PerfMonitor] Time:2025-12-29 06:26:17.472Z CPU=0.0% WS=65.66MB Managed=199.65MB Threads=32
[15:26:48.473 INF] [T:7] [PerfMonitor] Time:2025-12-29 06:26:47.473Z CPU=0.0% WS=65.91MB Managed=200.07MB Threads=32
[15:27:18.472 INF] [T:7] [PerfMonitor] Time:2025-12-29 06:27:17.472Z CPU=0.0% WS=65.95MB Managed=200.49MB Threads=32
[15:27:48.472 INF] [T:7] [PerfMonitor] Time:2025-12-29 06:27:47.472Z CPU=0.0% WS=68.55MB Managed=193.20MB Threads=33
[15:28:18.473 INF] [T:7] [PerfMonitor] Time:2025-12-29 06:28:17.473Z CPU=0.0% WS=68.59MB Managed=193.64MB Threads=32
[15:28:48.473 INF] [T:7] [PerfMonitor] Time:2025-12-29 06:28:47.473Z CPU=0.0% WS=68.59MB Managed=194.08MB Threads=32
[15:29:18.473 INF] [T:7] [PerfMonitor] Time:2025-12-29 06:29:17.473Z CPU=0.0% WS=67.45MB Managed=194.55MB Threads=33
[15:29:48.474 INF] [T:7] [PerfMonitor] Time:2025-12-29 06:29:47.473Z CPU=0.0% WS=64.98MB Managed=195.00MB Threads=33
[15:30:18.473 INF] [T:7] [PerfMonitor] Time:2025-12-29 06:30:17.473Z CPU=0.0% WS=65.72MB Managed=195.46MB Threads=33
[15:30:48.472 INF] [T:7] [PerfMonitor] Time:2025-12-29 06:30:47.473Z CPU=0.0% WS=65.78MB Managed=195.90MB Threads=32
[15:31:18.474 INF] [T:7] [PerfMonitor] Time:2025-12-29 06:31:17.473Z CPU=0.0% WS=65.88MB Managed=196.38MB Threads=34
[15:31:48.473 INF] [T:7] [PerfMonitor] Time:2025-12-29 06:31:47.473Z CPU=0.0% WS=65.89MB Managed=196.84MB Threads=34
[15:32:18.473 INF] [T:7] [PerfMonitor] Time:2025-12-29 06:32:17.473Z CPU=0.0% WS=64.94MB Managed=197.29MB Threads=33
[15:32:48.473 INF] [T:7] [PerfMonitor] Time:2025-12-29 06:32:47.472Z CPU=0.0% WS=64.42MB Managed=197.73MB Threads=33
[15:33:18.473 INF] [T:7] [PerfMonitor] Time:2025-12-29 06:33:17.473Z CPU=0.0% WS=64.78MB Managed=198.19MB Threads=33
[15:33:48.474 INF] [T:7] [PerfMonitor] Time:2025-12-29 06:33:47.473Z CPU=0.0% WS=64.78MB Managed=198.62MB Threads=32
[15:34:18.473 INF] [T:7] [PerfMonitor] Time:2025-12-29 06:34:17.474Z CPU=0.0% WS=64.80MB Managed=199.06MB Threads=33
[15:34:48.473 INF] [T:7] [PerfMonitor] Time:2025-12-29 06:34:47.474Z CPU=0.0% WS=60.00MB Managed=199.51MB Threads=33
[15:35:18.473 INF] [T:7] [PerfMonitor] Time:2025-12-29 06:35:17.473Z CPU=0.0% WS=65.19MB Managed=199.97MB Threads=33
[15:35:48.473 INF] [T:7] [PerfMonitor] Time:2025-12-29 06:35:47.473Z CPU=0.0% WS=65.25MB Managed=200.42MB Threads=34
[15:36:18.473 INF] [T:7] [PerfMonitor] Time:2025-12-29 06:36:17.473Z CPU=0.0% WS=66.34MB Managed=193.18MB Threads=32
[15:36:48.474 INF] [T:7] [PerfMonitor] Time:2025-12-29 06:36:47.473Z CPU=0.0% WS=66.38MB Managed=193.65MB Threads=34
[15:37:18.473 INF] [T:7] [PerfMonitor] Time:2025-12-29 06:37:17.473Z CPU=0.0% WS=66.36MB Managed=194.10MB Threads=33
[15:37:48.474 INF] [T:7] [PerfMonitor] Time:2025-12-29 06:37:47.474Z CPU=0.0% WS=66.34MB Managed=194.53MB Threads=32
[15:38:18.474 INF] [T:7] [PerfMonitor] Time:2025-12-29 06:38:17.474Z CPU=0.0% WS=66.36MB Managed=194.97MB Threads=32
[15:38:48.473 INF] [T:7] [PerfMonitor] Time:2025-12-29 06:38:47.474Z CPU=0.0% WS=66.39MB Managed=195.43MB Threads=33
[15:39:18.474 INF] [T:7] [PerfMonitor] Time:2025-12-29 06:39:17.474Z CPU=0.0% WS=66.52MB Managed=195.91MB Threads=33
[15:39:48.475 INF] [T:7] [PerfMonitor] Time:2025-12-29 06:39:47.473Z CPU=0.0% WS=65.33MB Managed=196.34MB Threads=32
[15:40:18.474 INF] [T:7] [PerfMonitor] Time:2025-12-29 06:40:17.474Z CPU=0.0% WS=65.33MB Managed=196.77MB Threads=32
[15:40:48.475 INF] [T:7] [PerfMonitor] Time:2025-12-29 06:40:47.474Z CPU=0.0% WS=70.02MB Managed=197.23MB Threads=33
[15:41:18.474 INF] [T:7] [PerfMonitor] Time:2025-12-29 06:41:17.474Z CPU=0.0% WS=70.09MB Managed=197.71MB Threads=34
[15:41:48.474 INF] [T:7] [PerfMonitor] Time:2025-12-29 06:41:47.474Z CPU=0.0% WS=70.08MB Managed=198.15MB Threads=33
[15:42:18.474 INF] [T:7] [PerfMonitor] Time:2025-12-29 06:42:17.474Z CPU=0.0% WS=69.69MB Managed=198.61MB Threads=35
[15:42:48.474 INF] [T:7] [PerfMonitor] Time:2025-12-29 06:42:47.474Z CPU=0.0% WS=69.66MB Managed=199.06MB Threads=33
[15:43:18.473 INF] [T:7] [PerfMonitor] Time:2025-12-29 06:43:17.474Z CPU=0.0% WS=69.66MB Managed=199.52MB Threads=33
[15:43:48.475 INF] [T:7] [PerfMonitor] Time:2025-12-29 06:43:47.475Z CPU=0.0% WS=69.66MB Managed=199.96MB Threads=33
[15:44:18.474 INF] [T:7] [PerfMonitor] Time:2025-12-29 06:44:17.475Z CPU=0.0% WS=69.67MB Managed=200.43MB Threads=33
[15:44:48.474 INF] [T:7] [PerfMonitor] Time:2025-12-29 06:44:47.475Z CPU=0.0% WS=69.77MB Managed=193.18MB Threads=33
[15:45:18.475 INF] [T:7] [PerfMonitor] Time:2025-12-29 06:45:17.475Z CPU=0.0% WS=69.78MB Managed=193.65MB Threads=34
[15:45:48.475 INF] [T:7] [PerfMonitor] Time:2025-12-29 06:45:47.475Z CPU=0.0% WS=69.97MB Managed=194.12MB Threads=33
[15:46:18.475 INF] [T:7] [PerfMonitor] Time:2025-12-29 06:46:17.475Z CPU=0.0% WS=69.98MB Managed=194.56MB Threads=33
[15:46:48.475 INF] [T:7] [PerfMonitor] Time:2025-12-29 06:46:47.475Z CPU=0.0% WS=69.98MB Managed=195.01MB Threads=33
[15:47:18.474 INF] [T:7] [PerfMonitor] Time:2025-12-29 06:47:17.475Z CPU=0.0% WS=69.97MB Managed=195.45MB Threads=32
[15:47:48.475 INF] [T:7] [PerfMonitor] Time:2025-12-29 06:47:47.476Z CPU=0.0% WS=69.98MB Managed=195.90MB Threads=33
[15:48:18.475 INF] [T:7] [PerfMonitor] Time:2025-12-29 06:48:17.474Z CPU=0.0% WS=70.00MB Managed=196.34MB Threads=34
[15:48:48.475 INF] [T:7] [PerfMonitor] Time:2025-12-29 06:48:47.475Z CPU=0.0% WS=69.36MB Managed=196.81MB Threads=35
[15:49:18.475 INF] [T:7] [PerfMonitor] Time:2025-12-29 06:49:17.474Z CPU=0.0% WS=68.73MB Managed=197.27MB Threads=33
[15:49:48.475 INF] [T:7] [PerfMonitor] Time:2025-12-29 06:49:47.475Z CPU=0.0% WS=68.75MB Managed=197.71MB Threads=34
[15:50:18.476 INF] [T:7] [PerfMonitor] Time:2025-12-29 06:50:17.475Z CPU=0.0% WS=69.09MB Managed=198.17MB Threads=33
[15:50:48.474 INF] [T:7] [PerfMonitor] Time:2025-12-29 06:50:47.475Z CPU=0.0% WS=69.47MB Managed=198.62MB Threads=32
[15:51:18.476 INF] [T:7] [PerfMonitor] Time:2025-12-29 06:51:17.475Z CPU=0.0% WS=69.48MB Managed=199.06MB Threads=33
[15:51:48.475 INF] [T:7] [PerfMonitor] Time:2025-12-29 06:51:47.475Z CPU=0.0% WS=69.48MB Managed=199.51MB Threads=33
[15:52:18.475 INF] [T:7] [PerfMonitor] Time:2025-12-29 06:52:17.474Z CPU=0.0% WS=69.52MB Managed=199.97MB Threads=34
[15:52:48.475 INF] [T:7] [PerfMonitor] Time:2025-12-29 06:52:47.477Z CPU=0.0% WS=69.42MB Managed=200.44MB Threads=34
[15:53:18.476 INF] [T:7] [PerfMonitor] Time:2025-12-29 06:53:17.475Z CPU=0.0% WS=69.80MB Managed=193.17MB Threads=32
[15:53:48.475 INF] [T:7] [PerfMonitor] Time:2025-12-29 06:53:47.475Z CPU=0.0% WS=70.02MB Managed=193.60MB Threads=33
[15:54:18.476 INF] [T:7] [PerfMonitor] Time:2025-12-29 06:54:17.475Z CPU=0.0% WS=70.02MB Managed=194.04MB Threads=33
[15:54:48.476 INF] [T:7] [PerfMonitor] Time:2025-12-29 06:54:47.475Z CPU=0.0% WS=70.02MB Managed=194.50MB Threads=33
[15:55:18.475 INF] [T:7] [PerfMonitor] Time:2025-12-29 06:55:17.475Z CPU=0.0% WS=70.00MB Managed=194.95MB Threads=32
[15:55:48.476 INF] [T:7] [PerfMonitor] Time:2025-12-29 06:55:47.476Z CPU=0.0% WS=70.00MB Managed=195.41MB Threads=32
[15:56:18.476 INF] [T:7] [PerfMonitor] Time:2025-12-29 06:56:17.476Z CPU=0.0% WS=70.67MB Managed=195.87MB Threads=33
[15:56:48.476 INF] [T:7] [PerfMonitor] Time:2025-12-29 06:56:47.476Z CPU=0.0% WS=70.66MB Managed=196.29MB Threads=32
[15:57:18.476 INF] [T:7] [PerfMonitor] Time:2025-12-29 06:57:17.476Z CPU=0.0% WS=70.66MB Managed=196.73MB Threads=32
[15:57:48.499 INF] [T:7] [PerfMonitor] Time:2025-12-29 06:57:47.498Z CPU=0.0% WS=70.67MB Managed=197.20MB Threads=33
[15:58:18.508 INF] [T:7] [PerfMonitor] Time:2025-12-29 06:58:17.508Z CPU=0.0% WS=70.67MB Managed=197.63MB Threads=33
[15:58:48.510 INF] [T:7] [PerfMonitor] Time:2025-12-29 06:58:47.510Z CPU=0.0% WS=68.55MB Managed=198.09MB Threads=34
[15:59:18.511 INF] [T:7] [PerfMonitor] Time:2025-12-29 06:59:17.510Z CPU=0.0% WS=68.73MB Managed=198.54MB Threads=33
[15:59:48.511 INF] [T:7] [PerfMonitor] Time:2025-12-29 06:59:47.512Z CPU=0.0% WS=68.73MB Managed=199.00MB Threads=33
[16:00:18.511 INF] [T:7] [PerfMonitor] Time:2025-12-29 07:00:17.511Z CPU=0.0% WS=68.75MB Managed=199.45MB Threads=34
[16:00:48.512 INF] [T:7] [PerfMonitor] Time:2025-12-29 07:00:47.512Z CPU=0.0% WS=68.73MB Managed=199.89MB Threads=33
[16:01:18.513 INF] [T:7] [PerfMonitor] Time:2025-12-29 07:01:17.512Z CPU=0.0% WS=69.05MB Managed=200.36MB Threads=33
[16:01:48.513 INF] [T:7] [PerfMonitor] Time:2025-12-29 07:01:47.513Z CPU=0.0% WS=69.12MB Managed=193.12MB Threads=34
[16:02:18.514 INF] [T:7] [PerfMonitor] Time:2025-12-29 07:02:17.512Z CPU=0.0% WS=69.56MB Managed=193.59MB Threads=33
[16:02:48.514 INF] [T:7] [PerfMonitor] Time:2025-12-29 07:02:47.514Z CPU=0.0% WS=69.52MB Managed=194.03MB Threads=33
[16:03:18.515 INF] [T:7] [PerfMonitor] Time:2025-12-29 07:03:17.515Z CPU=0.0% WS=69.53MB Managed=194.50MB Threads=34
[16:03:48.515 INF] [T:7] [PerfMonitor] Time:2025-12-29 07:03:47.515Z CPU=0.0% WS=69.53MB Managed=194.94MB Threads=33
[16:04:18.516 INF] [T:7] [PerfMonitor] Time:2025-12-29 07:04:17.515Z CPU=0.0% WS=69.53MB Managed=195.39MB Threads=33
[16:04:48.516 INF] [T:7] [PerfMonitor] Time:2025-12-29 07:04:47.516Z CPU=0.0% WS=69.53MB Managed=195.83MB Threads=33
[16:05:18.517 INF] [T:7] [PerfMonitor] Time:2025-12-29 07:05:17.516Z CPU=0.0% WS=69.80MB Managed=196.26MB Threads=32
[16:05:48.517 INF] [T:7] [PerfMonitor] Time:2025-12-29 07:05:47.517Z CPU=0.0% WS=69.81MB Managed=196.71MB Threads=33
[16:06:18.517 INF] [T:7] [PerfMonitor] Time:2025-12-29 07:06:17.518Z CPU=0.0% WS=70.78MB Managed=197.18MB Threads=33
[16:06:48.517 INF] [T:7] [PerfMonitor] Time:2025-12-29 07:06:48.517Z CPU=0.0% WS=70.78MB Managed=197.63MB Threads=33
[16:07:18.519 INF] [T:7] [PerfMonitor] Time:2025-12-29 07:07:17.519Z CPU=0.0% WS=70.81MB Managed=198.08MB Threads=35
[16:07:48.520 INF] [T:7] [PerfMonitor] Time:2025-12-29 07:07:47.520Z CPU=0.0% WS=70.83MB Managed=198.53MB Threads=33
[16:08:18.520 INF] [T:7] [PerfMonitor] Time:2025-12-29 07:08:17.520Z CPU=0.0% WS=70.88MB Managed=199.00MB Threads=35
[16:08:48.522 INF] [T:7] [PerfMonitor] Time:2025-12-29 07:08:47.521Z CPU=0.0% WS=70.83MB Managed=199.44MB Threads=32
[16:09:18.522 INF] [T:7] [PerfMonitor] Time:2025-12-29 07:09:17.521Z CPU=0.0% WS=70.84MB Managed=199.90MB Threads=33
[16:09:48.522 INF] [T:7] [PerfMonitor] Time:2025-12-29 07:09:47.522Z CPU=0.0% WS=70.88MB Managed=200.35MB Threads=33
[16:10:18.521 INF] [T:7] [PerfMonitor] Time:2025-12-29 07:10:17.522Z CPU=0.0% WS=70.86MB Managed=200.78MB Threads=32
[16:10:48.522 INF] [T:7] [PerfMonitor] Time:2025-12-29 07:10:47.523Z CPU=0.0% WS=70.94MB Managed=193.56MB Threads=34
[16:11:18.522 INF] [T:7] [PerfMonitor] Time:2025-12-29 07:11:17.522Z CPU=0.0% WS=70.91MB Managed=193.99MB Threads=32
[16:11:48.523 INF] [T:7] [PerfMonitor] Time:2025-12-29 07:11:47.522Z CPU=0.0% WS=70.94MB Managed=194.43MB Threads=32
[16:12:18.522 INF] [T:7] [PerfMonitor] Time:2025-12-29 07:12:17.523Z CPU=0.0% WS=70.94MB Managed=194.86MB Threads=32
[16:12:48.524 INF] [T:7] [PerfMonitor] Time:2025-12-29 07:12:47.524Z CPU=0.0% WS=70.94MB Managed=195.28MB Threads=32
[16:13:18.524 INF] [T:7] [PerfMonitor] Time:2025-12-29 07:13:17.525Z CPU=0.0% WS=70.95MB Managed=195.73MB Threads=33
[16:13:48.525 INF] [T:7] [PerfMonitor] Time:2025-12-29 07:13:47.525Z CPU=0.0% WS=70.94MB Managed=196.17MB Threads=32
[16:14:18.525 INF] [T:7] [PerfMonitor] Time:2025-12-29 07:14:17.525Z CPU=0.0% WS=70.95MB Managed=196.62MB Threads=33
[16:14:48.525 INF] [T:7] [PerfMonitor] Time:2025-12-29 07:14:47.525Z CPU=0.0% WS=70.95MB Managed=197.05MB Threads=33
[16:15:18.526 INF] [T:7] [PerfMonitor] Time:2025-12-29 07:15:17.527Z CPU=0.0% WS=71.00MB Managed=197.51MB Threads=33
[16:15:48.527 INF] [T:7] [PerfMonitor] Time:2025-12-29 07:15:47.527Z CPU=0.0% WS=71.00MB Managed=197.96MB Threads=33
[16:16:18.527 INF] [T:7] [PerfMonitor] Time:2025-12-29 07:16:17.528Z CPU=0.0% WS=70.98MB Managed=198.39MB Threads=32
[16:16:48.529 INF] [T:7] [PerfMonitor] Time:2025-12-29 07:16:47.529Z CPU=0.0% WS=70.98MB Managed=198.82MB Threads=32
[16:17:18.528 INF] [T:7] [PerfMonitor] Time:2025-12-29 07:17:17.529Z CPU=0.0% WS=71.00MB Managed=199.29MB Threads=33
[16:17:48.528 INF] [T:7] [PerfMonitor] Time:2025-12-29 07:17:47.529Z CPU=0.0% WS=71.00MB Managed=199.73MB Threads=33
[16:18:18.529 INF] [T:7] [PerfMonitor] Time:2025-12-29 07:18:17.531Z CPU=0.0% WS=71.00MB Managed=200.18MB Threads=33
[16:18:48.531 INF] [T:7] [PerfMonitor] Time:2025-12-29 07:18:47.531Z CPU=0.0% WS=71.00MB Managed=200.64MB Threads=32
[16:19:18.531 INF] [T:7] [PerfMonitor] Time:2025-12-29 07:19:17.531Z CPU=0.0% WS=73.88MB Managed=192.43MB Threads=32
[16:19:48.529 INF] [T:7] [PerfMonitor] Time:2025-12-29 07:19:47.530Z CPU=0.0% WS=73.88MB Managed=192.89MB Threads=32
[16:20:18.532 INF] [T:7] [PerfMonitor] Time:2025-12-29 07:20:17.532Z CPU=0.0% WS=73.88MB Managed=193.31MB Threads=32
[16:20:48.531 INF] [T:7] [PerfMonitor] Time:2025-12-29 07:20:47.533Z CPU=0.0% WS=73.88MB Managed=193.73MB Threads=32
[16:21:18.534 INF] [T:7] [PerfMonitor] Time:2025-12-29 07:21:17.533Z CPU=0.0% WS=73.89MB Managed=194.17MB Threads=33
[16:21:48.532 INF] [T:7] [PerfMonitor] Time:2025-12-29 07:21:47.534Z CPU=0.0% WS=73.89MB Managed=194.62MB Threads=33
[16:22:18.535 INF] [T:7] [PerfMonitor] Time:2025-12-29 07:22:17.534Z CPU=0.0% WS=72.30MB Managed=195.07MB Threads=32
[16:22:51.433 INF] [T:7] [PerfMonitor] Time:2025-12-29 07:22:50.435Z CPU=0.0% WS=71.62MB Managed=195.50MB Threads=33
[16:23:21.432 INF] [T:7] [PerfMonitor] Time:2025-12-29 07:23:20.432Z CPU=0.0% WS=45.12MB Managed=195.96MB Threads=33
[16:23:51.432 INF] [T:7] [PerfMonitor] Time:2025-12-29 07:23:50.432Z CPU=0.0% WS=47.31MB Managed=196.41MB Threads=32
[16:24:21.433 INF] [T:7] [PerfMonitor] Time:2025-12-29 07:24:20.432Z CPU=0.0% WS=46.16MB Managed=196.83MB Threads=32
[16:24:51.432 INF] [T:7] [PerfMonitor] Time:2025-12-29 07:24:50.432Z CPU=0.0% WS=46.23MB Managed=197.27MB Threads=32
[16:25:21.433 INF] [T:7] [PerfMonitor] Time:2025-12-29 07:25:20.432Z CPU=0.0% WS=55.03MB Managed=197.72MB Threads=32
[16:25:51.433 INF] [T:7] [PerfMonitor] Time:2025-12-29 07:25:50.433Z CPU=0.0% WS=55.50MB Managed=198.18MB Threads=33
[16:26:21.433 INF] [T:7] [PerfMonitor] Time:2025-12-29 07:26:20.433Z CPU=0.0% WS=56.03MB Managed=198.61MB Threads=33
[16:26:51.434 INF] [T:7] [PerfMonitor] Time:2025-12-29 07:26:50.434Z CPU=0.0% WS=56.56MB Managed=199.10MB Threads=35
[16:27:21.434 INF] [T:7] [PerfMonitor] Time:2025-12-29 07:27:20.434Z CPU=0.0% WS=59.30MB Managed=199.56MB Threads=33
[16:27:51.437 INF] [T:7] [PerfMonitor] Time:2025-12-29 07:27:50.435Z CPU=0.0% WS=59.78MB Managed=200.01MB Threads=32
[16:28:21.434 INF] [T:7] [PerfMonitor] Time:2025-12-29 07:28:20.435Z CPU=0.0% WS=66.02MB Managed=192.74MB Threads=32
[16:28:51.435 INF] [T:7] [PerfMonitor] Time:2025-12-29 07:28:50.435Z CPU=0.0% WS=66.03MB Managed=193.18MB Threads=33
[16:29:21.435 INF] [T:7] [PerfMonitor] Time:2025-12-29 07:29:20.435Z CPU=0.0% WS=66.02MB Managed=193.62MB Threads=32
[16:29:51.435 INF] [T:7] [PerfMonitor] Time:2025-12-29 07:29:50.435Z CPU=0.0% WS=66.03MB Managed=194.05MB Threads=33
[16:30:21.435 INF] [T:7] [PerfMonitor] Time:2025-12-29 07:30:20.436Z CPU=0.0% WS=66.03MB Managed=194.50MB Threads=33
[16:30:51.436 INF] [T:7] [PerfMonitor] Time:2025-12-29 07:30:50.435Z CPU=0.0% WS=65.98MB Managed=194.94MB Threads=32
[16:31:21.436 INF] [T:7] [PerfMonitor] Time:2025-12-29 07:31:20.437Z CPU=0.0% WS=65.98MB Managed=195.36MB Threads=32
[16:31:51.436 INF] [T:7] [PerfMonitor] Time:2025-12-29 07:31:50.437Z CPU=0.0% WS=66.00MB Managed=195.81MB Threads=33
[16:32:21.437 INF] [T:7] [PerfMonitor] Time:2025-12-29 07:32:20.436Z CPU=0.0% WS=65.89MB Managed=196.28MB Threads=33
[16:32:51.437 INF] [T:7] [PerfMonitor] Time:2025-12-29 07:32:50.438Z CPU=0.0% WS=65.75MB Managed=196.73MB Threads=34
[16:33:21.438 INF] [T:7] [PerfMonitor] Time:2025-12-29 07:33:20.437Z CPU=0.0% WS=65.73MB Managed=197.18MB Threads=33
[16:33:51.438 INF] [T:7] [PerfMonitor] Time:2025-12-29 07:33:50.437Z CPU=0.0% WS=65.69MB Managed=197.63MB Threads=33
[16:34:21.438 INF] [T:7] [PerfMonitor] Time:2025-12-29 07:34:20.439Z CPU=0.0% WS=65.69MB Managed=198.06MB Threads=33
[16:34:51.439 INF] [T:7] [PerfMonitor] Time:2025-12-29 07:34:50.439Z CPU=0.0% WS=65.69MB Managed=198.51MB Threads=33
[16:35:21.439 INF] [T:7] [PerfMonitor] Time:2025-12-29 07:35:20.439Z CPU=0.0% WS=65.69MB Managed=198.98MB Threads=33
[16:35:51.439 INF] [T:7] [PerfMonitor] Time:2025-12-29 07:35:50.439Z CPU=0.0% WS=65.69MB Managed=199.42MB Threads=33
[16:36:21.439 INF] [T:7] [PerfMonitor] Time:2025-12-29 07:36:20.439Z CPU=0.0% WS=65.67MB Managed=199.84MB Threads=32
[16:36:51.440 INF] [T:7] [PerfMonitor] Time:2025-12-29 07:36:50.440Z CPU=0.0% WS=65.95MB Managed=192.57MB Threads=32
[16:37:21.440 INF] [T:7] [PerfMonitor] Time:2025-12-29 07:37:20.440Z CPU=0.0% WS=66.23MB Managed=193.04MB Threads=33
[16:37:51.441 INF] [T:7] [PerfMonitor] Time:2025-12-29 07:37:50.440Z CPU=0.0% WS=66.22MB Managed=193.46MB Threads=32
[16:38:21.440 INF] [T:7] [PerfMonitor] Time:2025-12-29 07:38:20.440Z CPU=0.0% WS=66.27MB Managed=193.92MB Threads=34
[16:38:51.441 INF] [T:7] [PerfMonitor] Time:2025-12-29 07:38:50.441Z CPU=0.0% WS=66.14MB Managed=194.35MB Threads=33
[16:39:21.441 INF] [T:7] [PerfMonitor] Time:2025-12-29 07:39:20.441Z CPU=0.0% WS=66.17MB Managed=194.81MB Threads=33
[16:39:51.442 INF] [T:7] [PerfMonitor] Time:2025-12-29 07:39:50.441Z CPU=0.0% WS=58.77MB Managed=195.25MB Threads=32
[16:40:21.441 INF] [T:7] [PerfMonitor] Time:2025-12-29 07:40:21.441Z CPU=0.0% WS=58.77MB Managed=195.69MB Threads=32
[16:40:51.442 INF] [T:7] [PerfMonitor] Time:2025-12-29 07:40:50.442Z CPU=0.0% WS=58.75MB Managed=196.11MB Threads=32
[16:41:21.442 INF] [T:7] [PerfMonitor] Time:2025-12-29 07:41:20.442Z CPU=0.0% WS=58.89MB Managed=196.58MB Threads=34
[16:41:51.443 INF] [T:7] [PerfMonitor] Time:2025-12-29 07:41:50.442Z CPU=0.0% WS=58.95MB Managed=197.00MB Threads=32
[16:42:21.443 INF] [T:7] [PerfMonitor] Time:2025-12-29 07:42:20.443Z CPU=0.0% WS=55.08MB Managed=197.43MB Threads=33
[16:42:51.444 INF] [T:7] [PerfMonitor] Time:2025-12-29 07:42:50.444Z CPU=0.0% WS=59.44MB Managed=197.89MB Threads=32
[16:43:21.444 INF] [T:7] [PerfMonitor] Time:2025-12-29 07:43:20.444Z CPU=0.0% WS=59.94MB Managed=198.35MB Threads=33
[16:43:51.444 INF] [T:7] [PerfMonitor] Time:2025-12-29 07:43:50.443Z CPU=0.0% WS=60.39MB Managed=198.79MB Threads=33
[16:44:21.444 INF] [T:7] [PerfMonitor] Time:2025-12-29 07:44:20.444Z CPU=0.0% WS=61.44MB Managed=199.21MB Threads=32
[16:44:51.445 INF] [T:7] [PerfMonitor] Time:2025-12-29 07:44:50.443Z CPU=0.0% WS=61.88MB Managed=199.64MB Threads=32
[16:45:21.444 INF] [T:7] [PerfMonitor] Time:2025-12-29 07:45:20.445Z CPU=0.0% WS=62.50MB Managed=200.11MB Threads=34
[16:45:51.445 INF] [T:7] [PerfMonitor] Time:2025-12-29 07:45:50.444Z CPU=0.0% WS=62.83MB Managed=192.86MB Threads=33
[16:46:21.446 INF] [T:7] [PerfMonitor] Time:2025-12-29 07:46:20.446Z CPU=0.0% WS=62.81MB Managed=193.30MB Threads=32
[16:46:51.445 INF] [T:7] [PerfMonitor] Time:2025-12-29 07:46:50.446Z CPU=0.0% WS=62.81MB Managed=193.72MB Threads=32
[16:47:21.446 INF] [T:7] [PerfMonitor] Time:2025-12-29 07:47:20.447Z CPU=0.0% WS=62.83MB Managed=194.17MB Threads=33
[16:47:51.446 INF] [T:7] [PerfMonitor] Time:2025-12-29 07:47:50.446Z CPU=0.0% WS=65.27MB Managed=194.62MB Threads=32
[16:48:21.446 INF] [T:7] [PerfMonitor] Time:2025-12-29 07:48:20.446Z CPU=0.0% WS=65.27MB Managed=195.05MB Threads=32
[16:48:51.446 INF] [T:7] [PerfMonitor] Time:2025-12-29 07:48:50.447Z CPU=0.0% WS=65.27MB Managed=195.47MB Threads=32
[16:49:21.448 INF] [T:7] [PerfMonitor] Time:2025-12-29 07:49:20.448Z CPU=0.0% WS=65.28MB Managed=195.91MB Threads=33
[16:49:51.449 INF] [T:7] [PerfMonitor] Time:2025-12-29 07:49:50.447Z CPU=0.0% WS=65.27MB Managed=196.35MB Threads=32
[16:50:21.448 INF] [T:7] [PerfMonitor] Time:2025-12-29 07:50:20.449Z CPU=0.0% WS=65.30MB Managed=196.79MB Threads=33
[16:50:51.449 INF] [T:7] [PerfMonitor] Time:2025-12-29 07:50:50.448Z CPU=0.0% WS=65.30MB Managed=197.25MB Threads=33
[16:51:21.450 INF] [T:7] [PerfMonitor] Time:2025-12-29 07:51:20.450Z CPU=0.0% WS=65.28MB Managed=197.69MB Threads=32
[16:51:51.450 INF] [T:7] [PerfMonitor] Time:2025-12-29 07:51:50.450Z CPU=0.0% WS=65.30MB Managed=198.13MB Threads=32
[16:52:21.450 INF] [T:7] [PerfMonitor] Time:2025-12-29 07:52:20.450Z CPU=0.0% WS=65.30MB Managed=198.55MB Threads=32
[16:52:51.450 INF] [T:7] [PerfMonitor] Time:2025-12-29 07:52:50.450Z CPU=0.0% WS=67.80MB Managed=198.99MB Threads=32
[16:53:21.450 INF] [T:7] [PerfMonitor] Time:2025-12-29 07:53:20.451Z CPU=0.0% WS=67.80MB Managed=199.44MB Threads=32
[16:53:51.450 INF] [T:7] [PerfMonitor] Time:2025-12-29 07:53:50.451Z CPU=0.0% WS=67.80MB Managed=199.85MB Threads=32
[16:54:22.634 INF] [T:7] [PerfMonitor] Time:2025-12-29 07:54:21.635Z CPU=0.0% WS=66.27MB Managed=200.29MB Threads=33
[16:54:52.630 INF] [T:7] [PerfMonitor] Time:2025-12-29 07:54:51.632Z CPU=0.0% WS=66.31MB Managed=192.99MB Threads=33
[17:11:23.714 INF] [T:7] [PerfMonitor] Time:2025-12-29 08:11:22.715Z CPU=0.0% WS=66.23MB Managed=193.44MB Threads=32
[17:11:53.714 INF] [T:7] [PerfMonitor] Time:2025-12-29 08:11:52.714Z CPU=0.0% WS=66.23MB Managed=193.85MB Threads=32
[17:27:53.261 INF] [T:7] [PerfMonitor] Time:2025-12-29 08:27:52.263Z CPU=0.0% WS=66.23MB Managed=194.27MB Threads=32
[17:28:23.258 INF] [T:7] [PerfMonitor] Time:2025-12-29 08:28:22.258Z CPU=0.0% WS=66.23MB Managed=194.70MB Threads=32
[17:37:16.023 INF] [T:7] [PerfMonitor] Time:2025-12-29 08:37:15.022Z CPU=0.0% WS=51.61MB Managed=195.16MB Threads=33
[17:37:46.023 INF] [T:7] [PerfMonitor] Time:2025-12-29 08:37:45.023Z CPU=0.0% WS=51.75MB Managed=195.58MB Threads=32
[17:38:44.114 INF] [T:7] [PerfMonitor] Time:2025-12-29 08:38:43.115Z CPU=0.0% WS=64.09MB Managed=196.02MB Threads=32
[17:39:14.114 INF] [T:7] [PerfMonitor] Time:2025-12-29 08:39:13.113Z CPU=0.0% WS=64.30MB Managed=196.48MB Threads=33
[17:55:46.933 INF] [T:7] [PerfMonitor] Time:2025-12-29 08:55:45.933Z CPU=0.0% WS=64.92MB Managed=196.94MB Threads=35
[18:03:22.055 INF] [T:7] [PerfMonitor] Time:2025-12-29 08:56:15.933Z CPU=0.0% WS=65.33MB Managed=197.38MB Threads=32
[18:03:51.579 INF] [T:7] [PerfMonitor] Time:2025-12-29 09:03:50.580Z CPU=0.0% WS=65.83MB Managed=197.84MB Threads=32
[18:19:22.063 INF] [T:7] [PerfMonitor] Time:2025-12-29 09:19:21.061Z CPU=0.0% WS=66.36MB Managed=198.30MB Threads=33
[18:19:52.038 INF] [T:7] [PerfMonitor] Time:2025-12-29 09:19:51.038Z CPU=0.0% WS=66.81MB Managed=198.75MB Threads=33
[18:35:56.622 INF] [T:7] [PerfMonitor] Time:2025-12-29 09:35:55.620Z CPU=0.0% WS=67.27MB Managed=199.17MB Threads=33
[18:36:26.635 INF] [T:7] [PerfMonitor] Time:2025-12-29 09:36:25.633Z CPU=0.0% WS=67.69MB Managed=199.60MB Threads=32
[18:52:19.220 INF] [T:7] [PerfMonitor] Time:2025-12-29 09:52:18.221Z CPU=0.0% WS=68.12MB Managed=200.02MB Threads=32
[18:52:49.219 INF] [T:7] [PerfMonitor] Time:2025-12-29 09:52:48.220Z CPU=0.0% WS=68.67MB Managed=192.74MB Threads=33
[19:00:41.541 INF] [T:7] [PerfMonitor] Time:2025-12-29 10:00:41.540Z CPU=0.0% WS=68.67MB Managed=193.21MB Threads=33
[19:01:11.541 INF] [T:7] [PerfMonitor] Time:2025-12-29 10:01:10.542Z CPU=0.0% WS=67.67MB Managed=193.62MB Threads=32
[19:01:41.541 INF] [T:7] [PerfMonitor] Time:2025-12-29 10:01:40.541Z CPU=0.0% WS=67.67MB Managed=194.05MB Threads=32
[19:02:11.540 INF] [T:7] [PerfMonitor] Time:2025-12-29 10:02:10.540Z CPU=0.0% WS=67.69MB Managed=194.49MB Threads=33
[19:02:41.541 INF] [T:7] [PerfMonitor] Time:2025-12-29 10:02:40.542Z CPU=0.0% WS=67.67MB Managed=194.92MB Threads=32
[19:03:11.541 INF] [T:7] [PerfMonitor] Time:2025-12-29 10:03:10.541Z CPU=0.0% WS=67.67MB Managed=195.34MB Threads=32
[19:03:41.541 INF] [T:7] [PerfMonitor] Time:2025-12-29 10:03:40.541Z CPU=0.0% WS=67.67MB Managed=195.76MB Threads=32
[19:04:11.541 INF] [T:7] [PerfMonitor] Time:2025-12-29 10:04:10.541Z CPU=0.0% WS=67.67MB Managed=196.22MB Threads=32
[19:04:41.541 INF] [T:7] [PerfMonitor] Time:2025-12-29 10:04:40.541Z CPU=0.0% WS=67.69MB Managed=196.66MB Threads=33
[19:05:11.540 INF] [T:7] [PerfMonitor] Time:2025-12-29 10:05:10.542Z CPU=0.0% WS=67.78MB Managed=197.11MB Threads=33
[19:05:41.540 INF] [T:7] [PerfMonitor] Time:2025-12-29 10:05:40.541Z CPU=0.0% WS=67.78MB Managed=197.54MB Threads=33
[19:06:11.541 INF] [T:7] [PerfMonitor] Time:2025-12-29 10:06:10.540Z CPU=0.0% WS=67.83MB Managed=198.01MB Threads=33
[19:06:41.540 INF] [T:7] [PerfMonitor] Time:2025-12-29 10:06:40.541Z CPU=0.0% WS=67.81MB Managed=198.44MB Threads=32
[19:07:11.540 INF] [T:7] [PerfMonitor] Time:2025-12-29 10:07:10.539Z CPU=0.0% WS=67.81MB Managed=198.86MB Threads=32
[19:07:41.541 INF] [T:7] [PerfMonitor] Time:2025-12-29 10:07:40.541Z CPU=0.0% WS=67.84MB Managed=199.31MB Threads=33
[19:08:11.541 INF] [T:7] [PerfMonitor] Time:2025-12-29 10:08:10.541Z CPU=0.0% WS=67.83MB Managed=199.75MB Threads=32
[19:08:41.541 INF] [T:7] [PerfMonitor] Time:2025-12-29 10:08:40.541Z CPU=0.0% WS=67.84MB Managed=200.19MB Threads=33
[19:09:11.541 INF] [T:7] [PerfMonitor] Time:2025-12-29 10:09:10.542Z CPU=0.0% WS=67.94MB Managed=192.88MB Threads=32
[19:09:41.540 INF] [T:7] [PerfMonitor] Time:2025-12-29 10:09:40.541Z CPU=0.0% WS=67.94MB Managed=193.32MB Threads=32
[19:10:11.540 INF] [T:7] [PerfMonitor] Time:2025-12-29 10:10:10.542Z CPU=0.0% WS=67.94MB Managed=193.76MB Threads=32
[19:10:41.541 INF] [T:7] [PerfMonitor] Time:2025-12-29 10:10:40.542Z CPU=0.0% WS=67.94MB Managed=194.22MB Threads=32
[19:11:11.541 INF] [T:7] [PerfMonitor] Time:2025-12-29 10:11:10.540Z CPU=0.0% WS=67.94MB Managed=194.65MB Threads=32
[19:11:41.540 INF] [T:7] [PerfMonitor] Time:2025-12-29 10:11:40.541Z CPU=0.0% WS=67.95MB Managed=195.08MB Threads=33
[19:12:11.540 INF] [T:7] [PerfMonitor] Time:2025-12-29 10:12:10.542Z CPU=0.0% WS=67.94MB Managed=195.53MB Threads=32
[19:12:41.540 INF] [T:7] [PerfMonitor] Time:2025-12-29 10:12:40.541Z CPU=0.0% WS=67.94MB Managed=195.94MB Threads=32
[19:13:11.541 INF] [T:7] [PerfMonitor] Time:2025-12-29 10:13:10.541Z CPU=0.0% WS=67.94MB Managed=196.37MB Threads=32
[19:13:41.541 INF] [T:7] [PerfMonitor] Time:2025-12-29 10:13:40.542Z CPU=0.0% WS=67.95MB Managed=196.82MB Threads=33
[19:14:11.541 INF] [T:7] [PerfMonitor] Time:2025-12-29 10:14:10.540Z CPU=0.0% WS=67.94MB Managed=197.27MB Threads=32
[19:14:41.541 INF] [T:7] [PerfMonitor] Time:2025-12-29 10:14:40.541Z CPU=0.0% WS=67.94MB Managed=197.68MB Threads=32
[19:15:11.540 INF] [T:7] [PerfMonitor] Time:2025-12-29 10:15:10.541Z CPU=0.0% WS=67.97MB Managed=198.11MB Threads=32
[19:15:41.540 INF] [T:7] [PerfMonitor] Time:2025-12-29 10:15:40.540Z CPU=0.0% WS=67.98MB Managed=198.57MB Threads=33
[19:16:11.540 INF] [T:7] [PerfMonitor] Time:2025-12-29 10:16:10.540Z CPU=0.0% WS=67.97MB Managed=199.00MB Threads=32
[19:16:41.542 INF] [T:7] [PerfMonitor] Time:2025-12-29 10:16:40.542Z CPU=0.0% WS=67.97MB Managed=199.42MB Threads=32
[19:17:11.541 INF] [T:7] [PerfMonitor] Time:2025-12-29 10:17:10.541Z CPU=0.0% WS=68.20MB Managed=199.87MB Threads=33
[19:17:41.541 INF] [T:7] [PerfMonitor] Time:2025-12-29 10:17:40.540Z CPU=0.0% WS=68.20MB Managed=200.31MB Threads=33
[19:18:11.541 INF] [T:7] [PerfMonitor] Time:2025-12-29 10:18:10.541Z CPU=0.0% WS=68.23MB Managed=193.01MB Threads=33
[19:18:41.541 INF] [T:7] [PerfMonitor] Time:2025-12-29 10:18:40.542Z CPU=0.0% WS=68.22MB Managed=193.44MB Threads=32
[19:19:11.541 INF] [T:7] [PerfMonitor] Time:2025-12-29 10:19:10.540Z CPU=0.0% WS=68.23MB Managed=193.87MB Threads=33
[19:19:41.541 INF] [T:7] [PerfMonitor] Time:2025-12-29 10:19:40.542Z CPU=0.0% WS=68.22MB Managed=194.30MB Threads=32
[19:36:19.760 INF] [T:7] [PerfMonitor] Time:2025-12-29 10:36:18.754Z CPU=0.0% WS=68.44MB Managed=194.75MB Threads=33
[19:36:49.751 INF] [T:7] [PerfMonitor] Time:2025-12-29 10:36:48.751Z CPU=0.0% WS=68.45MB Managed=195.21MB Threads=34
[19:38:26.577 INF] [T:7] [PerfMonitor] Time:2025-12-29 10:38:25.576Z CPU=0.0% WS=34.38MB Managed=195.68MB Threads=33
[19:38:56.578 INF] [T:7] [PerfMonitor] Time:2025-12-29 10:38:55.578Z CPU=0.0% WS=34.95MB Managed=196.13MB Threads=32
[19:39:26.577 INF] [T:7] [PerfMonitor] Time:2025-12-29 10:39:25.578Z CPU=0.0% WS=37.34MB Managed=196.58MB Threads=34
[19:39:56.577 INF] [T:7] [PerfMonitor] Time:2025-12-29 10:39:55.577Z CPU=0.0% WS=37.41MB Managed=197.03MB Threads=34
[19:40:26.577 INF] [T:7] [PerfMonitor] Time:2025-12-29 10:40:25.577Z CPU=0.0% WS=44.78MB Managed=197.49MB Threads=34
[19:40:56.577 INF] [T:7] [PerfMonitor] Time:2025-12-29 10:40:55.576Z CPU=0.0% WS=45.19MB Managed=197.94MB Threads=32
[19:41:26.577 INF] [T:7] [PerfMonitor] Time:2025-12-29 10:41:25.577Z CPU=0.0% WS=45.73MB Managed=198.37MB Threads=33
[19:41:56.577 INF] [T:7] [PerfMonitor] Time:2025-12-29 10:41:55.578Z CPU=0.0% WS=46.22MB Managed=198.83MB Threads=32
[19:42:26.576 INF] [T:7] [PerfMonitor] Time:2025-12-29 10:42:25.576Z CPU=0.0% WS=46.70MB Managed=199.27MB Threads=33
[19:42:56.577 INF] [T:7] [PerfMonitor] Time:2025-12-29 10:42:55.577Z CPU=0.0% WS=47.23MB Managed=199.72MB Threads=33
[19:43:26.576 INF] [T:7] [PerfMonitor] Time:2025-12-29 10:43:25.576Z CPU=0.0% WS=48.42MB Managed=200.18MB Threads=32
[19:43:56.576 INF] [T:7] [PerfMonitor] Time:2025-12-29 10:43:55.576Z CPU=0.0% WS=52.39MB Managed=192.89MB Threads=33
[19:44:26.576 INF] [T:7] [PerfMonitor] Time:2025-12-29 10:44:25.576Z CPU=0.0% WS=52.41MB Managed=193.37MB Threads=34
[19:44:56.576 INF] [T:7] [PerfMonitor] Time:2025-12-29 10:44:55.576Z CPU=0.0% WS=52.39MB Managed=193.83MB Threads=33
[19:45:26.576 INF] [T:7] [PerfMonitor] Time:2025-12-29 10:45:25.576Z CPU=0.0% WS=52.38MB Managed=194.27MB Threads=32
[19:45:56.576 INF] [T:7] [PerfMonitor] Time:2025-12-29 10:45:55.576Z CPU=0.0% WS=52.38MB Managed=194.69MB Threads=32
[19:46:26.576 INF] [T:7] [PerfMonitor] Time:2025-12-29 10:46:25.576Z CPU=0.0% WS=52.38MB Managed=195.14MB Threads=32
[19:46:56.576 INF] [T:7] [PerfMonitor] Time:2025-12-29 10:46:55.576Z CPU=0.0% WS=52.39MB Managed=195.59MB Threads=33
[19:47:26.576 INF] [T:7] [PerfMonitor] Time:2025-12-29 10:47:25.575Z CPU=0.0% WS=52.41MB Managed=196.05MB Threads=33
[19:47:56.576 INF] [T:7] [PerfMonitor] Time:2025-12-29 10:47:55.575Z CPU=0.0% WS=52.41MB Managed=196.51MB Threads=33
[19:48:26.576 INF] [T:7] [PerfMonitor] Time:2025-12-29 10:48:25.575Z CPU=0.0% WS=52.45MB Managed=196.95MB Threads=33
[19:48:56.575 INF] [T:7] [PerfMonitor] Time:2025-12-29 10:48:55.575Z CPU=0.0% WS=52.44MB Managed=197.38MB Threads=32
[19:49:26.575 INF] [T:7] [PerfMonitor] Time:2025-12-29 10:49:25.576Z CPU=0.0% WS=52.45MB Managed=197.84MB Threads=33
[19:49:56.576 INF] [T:7] [PerfMonitor] Time:2025-12-29 10:49:55.574Z CPU=0.0% WS=52.44MB Managed=198.25MB Threads=32
[19:50:26.575 INF] [T:7] [PerfMonitor] Time:2025-12-29 10:50:25.575Z CPU=0.0% WS=52.44MB Managed=198.68MB Threads=32
[19:50:56.574 INF] [T:7] [PerfMonitor] Time:2025-12-29 10:50:55.575Z CPU=0.0% WS=52.45MB Managed=199.13MB Threads=33
[19:51:26.575 INF] [T:7] [PerfMonitor] Time:2025-12-29 10:51:25.575Z CPU=0.0% WS=52.44MB Managed=199.57MB Threads=32
[19:51:56.575 INF] [T:7] [PerfMonitor] Time:2025-12-29 10:51:55.576Z CPU=0.0% WS=52.44MB Managed=200.01MB Threads=32
[19:52:26.575 INF] [T:7] [PerfMonitor] Time:2025-12-29 10:52:25.574Z CPU=0.0% WS=52.47MB Managed=200.46MB Threads=33
[19:52:56.575 INF] [T:7] [PerfMonitor] Time:2025-12-29 10:52:55.575Z CPU=0.0% WS=52.89MB Managed=192.63MB Threads=34
[19:53:26.575 INF] [T:7] [PerfMonitor] Time:2025-12-29 10:53:25.576Z CPU=0.0% WS=52.98MB Managed=193.11MB Threads=33
[19:53:56.576 INF] [T:7] [PerfMonitor] Time:2025-12-29 10:53:55.576Z CPU=0.0% WS=52.97MB Managed=193.55MB Threads=32
[19:54:26.576 INF] [T:7] [PerfMonitor] Time:2025-12-29 10:54:25.574Z CPU=0.0% WS=52.97MB Managed=193.97MB Threads=32
[19:54:56.576 INF] [T:7] [PerfMonitor] Time:2025-12-29 10:54:55.574Z CPU=0.0% WS=52.97MB Managed=194.40MB Threads=32
[19:55:26.575 INF] [T:7] [PerfMonitor] Time:2025-12-29 10:55:25.576Z CPU=0.0% WS=52.98MB Managed=194.84MB Threads=33
[19:55:56.574 INF] [T:7] [PerfMonitor] Time:2025-12-29 10:55:55.574Z CPU=0.0% WS=52.97MB Managed=195.28MB Threads=32
[19:56:26.575 INF] [T:7] [PerfMonitor] Time:2025-12-29 10:56:25.575Z CPU=0.0% WS=52.98MB Managed=195.71MB Threads=33
[19:56:56.574 INF] [T:7] [PerfMonitor] Time:2025-12-29 10:56:55.574Z CPU=0.0% WS=52.97MB Managed=196.16MB Threads=32
[19:57:26.574 INF] [T:7] [PerfMonitor] Time:2025-12-29 10:57:25.574Z CPU=0.0% WS=52.97MB Managed=196.60MB Threads=32
[19:57:56.575 INF] [T:7] [PerfMonitor] Time:2025-12-29 10:57:55.573Z CPU=0.0% WS=52.98MB Managed=197.03MB Threads=33
[19:58:26.574 INF] [T:7] [PerfMonitor] Time:2025-12-29 10:58:25.575Z CPU=0.0% WS=52.98MB Managed=197.47MB Threads=33
[19:58:56.575 INF] [T:7] [PerfMonitor] Time:2025-12-29 10:58:55.574Z CPU=0.0% WS=52.97MB Managed=197.91MB Threads=32
[19:59:26.575 INF] [T:7] [PerfMonitor] Time:2025-12-29 10:59:25.575Z CPU=0.0% WS=52.98MB Managed=198.36MB Threads=33
[19:59:56.574 INF] [T:7] [PerfMonitor] Time:2025-12-29 10:59:55.573Z CPU=0.0% WS=53.00MB Managed=198.81MB Threads=34
[20:00:26.574 INF] [T:7] [PerfMonitor] Time:2025-12-29 11:00:25.574Z CPU=0.0% WS=52.97MB Managed=199.24MB Threads=32
[20:00:56.574 INF] [T:7] [PerfMonitor] Time:2025-12-29 11:00:55.572Z CPU=0.0% WS=52.97MB Managed=199.67MB Threads=32
[20:01:26.573 INF] [T:7] [PerfMonitor] Time:2025-12-29 11:01:25.573Z CPU=0.0% WS=52.98MB Managed=192.35MB Threads=33
[20:01:56.573 INF] [T:7] [PerfMonitor] Time:2025-12-29 11:01:55.573Z CPU=0.0% WS=52.88MB Managed=192.83MB Threads=32
[20:02:26.573 INF] [T:7] [PerfMonitor] Time:2025-12-29 11:02:25.573Z CPU=0.0% WS=52.12MB Managed=193.25MB Threads=32
[20:02:56.573 INF] [T:7] [PerfMonitor] Time:2025-12-29 11:02:55.573Z CPU=0.0% WS=52.23MB Managed=193.66MB Threads=32
[20:03:26.573 INF] [T:7] [PerfMonitor] Time:2025-12-29 11:03:25.573Z CPU=0.0% WS=52.27MB Managed=194.14MB Threads=33
[20:03:56.573 INF] [T:7] [PerfMonitor] Time:2025-12-29 11:03:55.572Z CPU=0.0% WS=52.30MB Managed=194.60MB Threads=33
[20:04:26.573 INF] [T:7] [PerfMonitor] Time:2025-12-29 11:04:25.573Z CPU=0.0% WS=52.33MB Managed=195.03MB Threads=32
[20:04:56.572 INF] [T:7] [PerfMonitor] Time:2025-12-29 11:04:55.573Z CPU=0.0% WS=52.56MB Managed=195.44MB Threads=32
[20:05:26.573 INF] [T:7] [PerfMonitor] Time:2025-12-29 11:05:25.572Z CPU=0.0% WS=52.58MB Managed=195.89MB Threads=33
[20:05:56.573 INF] [T:7] [PerfMonitor] Time:2025-12-29 11:05:55.572Z CPU=0.0% WS=52.59MB Managed=196.32MB Threads=32
[20:06:26.572 INF] [T:7] [PerfMonitor] Time:2025-12-29 11:06:25.573Z CPU=0.0% WS=52.59MB Managed=196.74MB Threads=32
[20:06:56.573 INF] [T:7] [PerfMonitor] Time:2025-12-29 11:06:55.572Z CPU=0.0% WS=52.61MB Managed=197.19MB Threads=33
[20:07:26.572 INF] [T:7] [PerfMonitor] Time:2025-12-29 11:07:25.572Z CPU=0.0% WS=52.61MB Managed=197.64MB Threads=33
[20:07:56.573 INF] [T:7] [PerfMonitor] Time:2025-12-29 11:07:55.573Z CPU=0.0% WS=52.59MB Managed=198.06MB Threads=32
[20:08:26.573 INF] [T:7] [PerfMonitor] Time:2025-12-29 11:08:25.573Z CPU=0.0% WS=52.61MB Managed=198.51MB Threads=33
[20:08:56.571 INF] [T:7] [PerfMonitor] Time:2025-12-29 11:08:55.572Z CPU=0.0% WS=52.69MB Managed=198.97MB Threads=33
[20:09:26.572 INF] [T:7] [PerfMonitor] Time:2025-12-29 11:09:25.571Z CPU=0.0% WS=51.64MB Managed=199.40MB Threads=32
[20:09:56.571 INF] [T:7] [PerfMonitor] Time:2025-12-29 11:09:55.572Z CPU=0.0% WS=51.64MB Managed=199.84MB Threads=32
[20:10:26.572 INF] [T:7] [PerfMonitor] Time:2025-12-29 11:10:25.572Z CPU=0.0% WS=51.75MB Managed=192.51MB Threads=32
[20:10:56.572 INF] [T:7] [PerfMonitor] Time:2025-12-29 11:10:55.571Z CPU=0.0% WS=51.75MB Managed=192.93MB Threads=32
[20:11:26.571 INF] [T:7] [PerfMonitor] Time:2025-12-29 11:11:25.571Z CPU=0.0% WS=51.77MB Managed=193.38MB Threads=33
[20:11:56.571 INF] [T:7] [PerfMonitor] Time:2025-12-29 11:11:55.571Z CPU=0.0% WS=51.77MB Managed=193.83MB Threads=33
[20:12:26.571 INF] [T:7] [PerfMonitor] Time:2025-12-29 11:12:25.571Z CPU=0.0% WS=51.75MB Managed=194.26MB Threads=32
[20:12:56.572 INF] [T:7] [PerfMonitor] Time:2025-12-29 11:12:55.572Z CPU=0.0% WS=51.78MB Managed=194.71MB Threads=33
[20:13:26.571 INF] [T:7] [PerfMonitor] Time:2025-12-29 11:13:25.571Z CPU=0.0% WS=51.77MB Managed=195.13MB Threads=32
[20:13:56.571 INF] [T:7] [PerfMonitor] Time:2025-12-29 11:13:55.571Z CPU=0.0% WS=51.77MB Managed=195.56MB Threads=32
[20:14:26.570 INF] [T:7] [PerfMonitor] Time:2025-12-29 11:14:25.571Z CPU=0.0% WS=51.58MB Managed=195.99MB Threads=32
[20:14:56.571 INF] [T:7] [PerfMonitor] Time:2025-12-29 11:14:55.571Z CPU=0.0% WS=45.73MB Managed=196.44MB Threads=33
[20:15:26.570 INF] [T:7] [PerfMonitor] Time:2025-12-29 11:15:25.574Z CPU=0.0% WS=45.72MB Managed=196.89MB Threads=32
[20:15:56.570 INF] [T:7] [PerfMonitor] Time:2025-12-29 11:15:55.571Z CPU=0.0% WS=45.73MB Managed=197.34MB Threads=33
[20:16:26.570 INF] [T:7] [PerfMonitor] Time:2025-12-29 11:16:25.570Z CPU=0.0% WS=45.73MB Managed=197.77MB Threads=32
[20:16:56.570 INF] [T:7] [PerfMonitor] Time:2025-12-29 11:16:55.570Z CPU=0.0% WS=45.75MB Managed=198.22MB Threads=33
[20:17:26.570 INF] [T:7] [PerfMonitor] Time:2025-12-29 11:17:25.571Z CPU=0.0% WS=45.73MB Managed=198.64MB Threads=32
[20:17:56.570 INF] [T:7] [PerfMonitor] Time:2025-12-29 11:17:55.569Z CPU=0.0% WS=46.14MB Managed=199.08MB Threads=33
[20:18:26.570 INF] [T:7] [PerfMonitor] Time:2025-12-29 11:18:25.570Z CPU=0.0% WS=46.12MB Managed=199.52MB Threads=32
[20:18:56.570 INF] [T:7] [PerfMonitor] Time:2025-12-29 11:18:55.570Z CPU=0.0% WS=46.16MB Managed=199.97MB Threads=34
[20:19:26.571 INF] [T:7] [PerfMonitor] Time:2025-12-29 11:19:25.570Z CPU=0.0% WS=46.17MB Managed=192.69MB Threads=33
[20:19:56.570 INF] [T:7] [PerfMonitor] Time:2025-12-29 11:19:55.569Z CPU=0.0% WS=46.17MB Managed=193.16MB Threads=33
[20:20:26.570 INF] [T:7] [PerfMonitor] Time:2025-12-29 11:20:25.570Z CPU=0.0% WS=46.16MB Managed=193.61MB Threads=32
[20:20:56.569 INF] [T:7] [PerfMonitor] Time:2025-12-29 11:20:55.570Z CPU=0.0% WS=46.16MB Managed=194.02MB Threads=32
[20:21:26.569 INF] [T:7] [PerfMonitor] Time:2025-12-29 11:21:25.569Z CPU=0.0% WS=46.19MB Managed=194.48MB Threads=33
[20:21:56.568 INF] [T:7] [PerfMonitor] Time:2025-12-29 11:21:55.570Z CPU=0.0% WS=46.19MB Managed=194.94MB Threads=33
[20:22:26.568 INF] [T:7] [PerfMonitor] Time:2025-12-29 11:22:26.568Z CPU=0.0% WS=46.19MB Managed=195.38MB Threads=33
[20:22:56.569 INF] [T:7] [PerfMonitor] Time:2025-12-29 11:22:55.568Z CPU=0.0% WS=46.19MB Managed=195.82MB Threads=33
[20:23:26.569 INF] [T:7] [PerfMonitor] Time:2025-12-29 11:23:25.569Z CPU=0.0% WS=46.19MB Managed=196.26MB Threads=33
[20:23:56.568 INF] [T:7] [PerfMonitor] Time:2025-12-29 11:23:55.569Z CPU=0.0% WS=46.17MB Managed=196.73MB Threads=32
[20:24:26.569 INF] [T:7] [PerfMonitor] Time:2025-12-29 11:24:25.569Z CPU=0.0% WS=46.20MB Managed=197.16MB Threads=33
[20:24:56.569 INF] [T:7] [PerfMonitor] Time:2025-12-29 11:24:55.568Z CPU=0.0% WS=46.20MB Managed=197.62MB Threads=33
[20:25:26.569 INF] [T:7] [PerfMonitor] Time:2025-12-29 11:25:25.569Z CPU=0.0% WS=46.19MB Managed=198.04MB Threads=32
[20:25:56.569 INF] [T:7] [PerfMonitor] Time:2025-12-29 11:25:55.569Z CPU=0.0% WS=46.19MB Managed=198.47MB Threads=32
[20:26:26.569 INF] [T:7] [PerfMonitor] Time:2025-12-29 11:26:25.568Z CPU=0.0% WS=46.22MB Managed=198.91MB Threads=33
[20:26:56.569 INF] [T:7] [PerfMonitor] Time:2025-12-29 11:26:55.569Z CPU=0.0% WS=46.22MB Managed=199.36MB Threads=33
[20:27:26.569 INF] [T:7] [PerfMonitor] Time:2025-12-29 11:27:25.569Z CPU=0.0% WS=46.22MB Managed=199.81MB Threads=33
[20:27:56.568 INF] [T:7] [PerfMonitor] Time:2025-12-29 11:27:55.568Z CPU=0.0% WS=46.22MB Managed=200.24MB Threads=33
[20:28:26.568 INF] [T:7] [PerfMonitor] Time:2025-12-29 11:28:25.569Z CPU=0.0% WS=46.20MB Managed=192.95MB Threads=32
[20:28:56.651 INF] [T:7] [PerfMonitor] Time:2025-12-29 11:28:55.651Z CPU=0.0% WS=46.20MB Managed=193.38MB Threads=32
[20:29:26.651 INF] [T:7] [PerfMonitor] Time:2025-12-29 11:29:25.651Z CPU=0.0% WS=46.22MB Managed=193.81MB Threads=33
[20:29:56.651 INF] [T:7] [PerfMonitor] Time:2025-12-29 11:29:55.652Z CPU=0.0% WS=46.20MB Managed=194.27MB Threads=32
[20:30:26.652 INF] [T:7] [PerfMonitor] Time:2025-12-29 11:30:25.653Z CPU=0.0% WS=46.20MB Managed=194.69MB Threads=32
[20:30:56.654 INF] [T:7] [PerfMonitor] Time:2025-12-29 11:30:55.654Z CPU=0.0% WS=46.22MB Managed=195.11MB Threads=33
[20:31:26.654 INF] [T:7] [PerfMonitor] Time:2025-12-29 11:31:25.654Z CPU=0.0% WS=46.23MB Managed=195.57MB Threads=33
[20:31:56.655 INF] [T:7] [PerfMonitor] Time:2025-12-29 11:31:55.654Z CPU=0.0% WS=46.22MB Managed=196.01MB Threads=32
[20:32:26.656 INF] [T:7] [PerfMonitor] Time:2025-12-29 11:32:25.655Z CPU=0.0% WS=46.27MB Managed=196.45MB Threads=33
[20:32:56.656 INF] [T:7] [PerfMonitor] Time:2025-12-29 11:32:55.656Z CPU=0.0% WS=46.27MB Managed=196.89MB Threads=33
[20:33:26.657 INF] [T:7] [PerfMonitor] Time:2025-12-29 11:33:25.657Z CPU=0.0% WS=46.27MB Managed=197.34MB Threads=33
[20:33:56.657 INF] [T:7] [PerfMonitor] Time:2025-12-29 11:33:55.658Z CPU=0.0% WS=46.27MB Managed=197.78MB Threads=33
[20:34:26.658 INF] [T:7] [PerfMonitor] Time:2025-12-29 11:34:25.659Z CPU=0.0% WS=46.25MB Managed=198.23MB Threads=32
[20:34:56.659 INF] [T:7] [PerfMonitor] Time:2025-12-29 11:34:55.659Z CPU=0.0% WS=46.42MB Managed=198.69MB Threads=34
[20:35:26.660 INF] [T:7] [PerfMonitor] Time:2025-12-29 11:35:25.660Z CPU=0.0% WS=46.41MB Managed=199.14MB Threads=33
[20:35:56.660 INF] [T:7] [PerfMonitor] Time:2025-12-29 11:35:55.661Z CPU=0.0% WS=46.39MB Managed=199.57MB Threads=32
[20:36:26.661 INF] [T:7] [PerfMonitor] Time:2025-12-29 11:36:25.661Z CPU=0.0% WS=46.41MB Managed=200.02MB Threads=33
[20:36:56.661 INF] [T:7] [PerfMonitor] Time:2025-12-29 11:36:55.662Z CPU=0.0% WS=46.59MB Managed=192.72MB Threads=32
[20:37:26.663 INF] [T:7] [PerfMonitor] Time:2025-12-29 11:37:25.662Z CPU=0.0% WS=46.59MB Managed=193.16MB Threads=32
[20:37:56.664 INF] [T:7] [PerfMonitor] Time:2025-12-29 11:37:55.663Z CPU=0.0% WS=46.62MB Managed=193.62MB Threads=33
[20:38:26.663 INF] [T:7] [PerfMonitor] Time:2025-12-29 11:38:25.663Z CPU=0.0% WS=46.62MB Managed=194.07MB Threads=33
[20:38:56.664 INF] [T:7] [PerfMonitor] Time:2025-12-29 11:38:55.664Z CPU=0.0% WS=46.61MB Managed=194.52MB Threads=32
[20:39:26.666 INF] [T:7] [PerfMonitor] Time:2025-12-29 11:39:25.666Z CPU=0.0% WS=46.61MB Managed=194.94MB Threads=32
[20:39:56.667 INF] [T:7] [PerfMonitor] Time:2025-12-29 11:39:55.667Z CPU=0.0% WS=46.62MB Managed=195.39MB Threads=33
[20:40:26.666 INF] [T:7] [PerfMonitor] Time:2025-12-29 11:40:25.667Z CPU=0.0% WS=46.62MB Managed=195.84MB Threads=33
[20:40:56.668 INF] [T:7] [PerfMonitor] Time:2025-12-29 11:40:55.667Z CPU=0.0% WS=46.62MB Managed=196.28MB Threads=33
[20:41:26.669 INF] [T:7] [PerfMonitor] Time:2025-12-29 11:41:25.667Z CPU=0.0% WS=46.61MB Managed=196.72MB Threads=32
[20:41:56.669 INF] [T:7] [PerfMonitor] Time:2025-12-29 11:41:55.670Z CPU=0.0% WS=46.62MB Managed=197.16MB Threads=33
[20:42:26.670 INF] [T:7] [PerfMonitor] Time:2025-12-29 11:42:25.671Z CPU=0.0% WS=46.64MB Managed=197.61MB Threads=33
[20:42:56.671 INF] [T:7] [PerfMonitor] Time:2025-12-29 11:42:55.671Z CPU=0.0% WS=46.62MB Managed=198.03MB Threads=32
[20:43:26.672 INF] [T:7] [PerfMonitor] Time:2025-12-29 11:43:25.672Z CPU=0.0% WS=46.62MB Managed=198.46MB Threads=32
[20:43:56.672 INF] [T:7] [PerfMonitor] Time:2025-12-29 11:43:55.672Z CPU=0.0% WS=46.64MB Managed=198.90MB Threads=33
[20:44:26.673 INF] [T:7] [PerfMonitor] Time:2025-12-29 11:44:25.673Z CPU=0.0% WS=46.62MB Managed=199.33MB Threads=32
[20:44:56.673 INF] [T:7] [PerfMonitor] Time:2025-12-29 11:44:55.672Z CPU=0.0% WS=46.62MB Managed=199.77MB Threads=32
[20:45:26.717 INF] [T:7] [PerfMonitor] Time:2025-12-29 11:45:25.715Z CPU=0.0% WS=46.64MB Managed=200.21MB Threads=33
[20:57:55.718 INF] [T:7] [PerfMonitor] Time:2025-12-29 11:57:54.719Z CPU=0.0% WS=46.81MB Managed=192.94MB Threads=32
[20:58:25.720 INF] [T:7] [PerfMonitor] Time:2025-12-29 11:58:24.720Z CPU=0.0% WS=46.83MB Managed=193.40MB Threads=33
[21:14:24.372 INF] [T:7] [PerfMonitor] Time:2025-12-29 12:14:23.373Z CPU=0.0% WS=46.84MB Managed=193.84MB Threads=33
[21:14:54.374 INF] [T:7] [PerfMonitor] Time:2025-12-29 12:14:53.372Z CPU=0.0% WS=46.83MB Managed=194.28MB Threads=32
[21:15:24.373 INF] [T:7] [PerfMonitor] Time:2025-12-29 12:15:23.374Z CPU=0.0% WS=46.83MB Managed=194.70MB Threads=32
[21:15:54.374 INF] [T:7] [PerfMonitor] Time:2025-12-29 12:15:53.375Z CPU=0.0% WS=46.83MB Managed=195.11MB Threads=32
[21:16:24.374 INF] [T:7] [PerfMonitor] Time:2025-12-29 12:16:23.374Z CPU=0.0% WS=46.83MB Managed=195.55MB Threads=32
[21:16:54.376 INF] [T:7] [PerfMonitor] Time:2025-12-29 12:16:53.376Z CPU=0.0% WS=46.83MB Managed=195.98MB Threads=32
[21:17:24.376 INF] [T:7] [PerfMonitor] Time:2025-12-29 12:17:23.376Z CPU=0.0% WS=46.83MB Managed=196.41MB Threads=32
[21:17:54.378 INF] [T:7] [PerfMonitor] Time:2025-12-29 12:17:53.376Z CPU=0.0% WS=46.83MB Managed=196.84MB Threads=32
[21:18:24.378 INF] [T:7] [PerfMonitor] Time:2025-12-29 12:18:23.377Z CPU=0.0% WS=46.83MB Managed=197.25MB Threads=32
[21:18:54.377 INF] [T:7] [PerfMonitor] Time:2025-12-29 12:18:53.378Z CPU=0.0% WS=47.22MB Managed=197.71MB Threads=33
[21:19:24.379 INF] [T:7] [PerfMonitor] Time:2025-12-29 12:19:23.379Z CPU=0.0% WS=47.20MB Managed=198.12MB Threads=32
[21:19:54.384 INF] [T:7] [PerfMonitor] Time:2025-12-29 12:19:53.379Z CPU=0.0% WS=47.20MB Managed=198.58MB Threads=32
[21:20:24.381 INF] [T:7] [PerfMonitor] Time:2025-12-29 12:20:23.381Z CPU=0.0% WS=47.20MB Managed=199.01MB Threads=32
[21:20:54.381 INF] [T:7] [PerfMonitor] Time:2025-12-29 12:20:53.380Z CPU=0.0% WS=47.20MB Managed=199.43MB Threads=32
[21:21:24.382 INF] [T:7] [PerfMonitor] Time:2025-12-29 12:21:23.382Z CPU=0.0% WS=47.20MB Managed=199.86MB Threads=32
[21:21:54.382 INF] [T:7] [PerfMonitor] Time:2025-12-29 12:21:53.382Z CPU=0.0% WS=47.20MB Managed=200.27MB Threads=32
[21:22:24.382 INF] [T:7] [PerfMonitor] Time:2025-12-29 12:22:23.383Z CPU=0.0% WS=47.23MB Managed=192.95MB Threads=32
[21:22:54.401 INF] [T:7] [PerfMonitor] Time:2025-12-29 12:22:53.383Z CPU=0.0% WS=47.23MB Managed=193.39MB Threads=32
[21:23:24.385 INF] [T:7] [PerfMonitor] Time:2025-12-29 12:23:23.384Z CPU=0.0% WS=47.23MB Managed=193.80MB Threads=32
[21:23:54.385 INF] [T:7] [PerfMonitor] Time:2025-12-29 12:23:53.384Z CPU=0.0% WS=47.22MB Managed=194.25MB Threads=32
[21:24:24.384 INF] [T:7] [PerfMonitor] Time:2025-12-29 12:24:23.385Z CPU=0.0% WS=47.22MB Managed=194.68MB Threads=32
[21:24:54.386 INF] [T:7] [PerfMonitor] Time:2025-12-29 12:24:53.386Z CPU=0.0% WS=47.22MB Managed=195.11MB Threads=32
[21:25:24.387 INF] [T:7] [PerfMonitor] Time:2025-12-29 12:25:23.386Z CPU=0.0% WS=47.22MB Managed=195.54MB Threads=32
[21:25:54.389 INF] [T:7] [PerfMonitor] Time:2025-12-29 12:25:53.387Z CPU=0.0% WS=47.23MB Managed=195.97MB Threads=32
[21:26:24.388 INF] [T:7] [PerfMonitor] Time:2025-12-29 12:26:23.388Z CPU=0.0% WS=47.23MB Managed=196.40MB Threads=32
[21:26:54.388 INF] [T:7] [PerfMonitor] Time:2025-12-29 12:26:53.388Z CPU=0.0% WS=47.25MB Managed=196.85MB Threads=33
[21:27:24.390 INF] [T:7] [PerfMonitor] Time:2025-12-29 12:27:23.389Z CPU=0.0% WS=47.23MB Managed=197.27MB Threads=32
[21:27:54.389 INF] [T:7] [PerfMonitor] Time:2025-12-29 12:27:53.390Z CPU=0.0% WS=47.25MB Managed=197.74MB Threads=32
[21:28:24.391 INF] [T:7] [PerfMonitor] Time:2025-12-29 12:28:23.391Z CPU=0.0% WS=47.25MB Managed=198.16MB Threads=32
[21:28:54.392 INF] [T:7] [PerfMonitor] Time:2025-12-29 12:28:53.392Z CPU=0.0% WS=47.25MB Managed=198.58MB Threads=32
[21:29:24.392 INF] [T:7] [PerfMonitor] Time:2025-12-29 12:29:23.393Z CPU=0.0% WS=47.25MB Managed=199.01MB Threads=32
[21:29:54.392 INF] [T:7] [PerfMonitor] Time:2025-12-29 12:29:53.392Z CPU=0.0% WS=47.25MB Managed=199.43MB Threads=32
[21:30:22.330 INF] [T:7] [PerfMonitor] Time:2025-12-29 12:30:21.330Z CPU=0.0% WS=47.28MB Managed=199.86MB Threads=33
[21:30:52.332 INF] [T:7] [PerfMonitor] Time:2025-12-29 12:30:51.331Z CPU=0.0% WS=47.27MB Managed=200.31MB Threads=32
[21:31:22.332 INF] [T:7] [PerfMonitor] Time:2025-12-29 12:31:21.332Z CPU=0.0% WS=47.30MB Managed=193.00MB Threads=32
[21:31:52.333 INF] [T:7] [PerfMonitor] Time:2025-12-29 12:31:51.331Z CPU=0.0% WS=47.31MB Managed=193.44MB Threads=33
[21:32:22.333 INF] [T:7] [PerfMonitor] Time:2025-12-29 12:32:21.333Z CPU=0.0% WS=47.31MB Managed=193.88MB Threads=33
[21:32:52.334 INF] [T:7] [PerfMonitor] Time:2025-12-29 12:32:51.334Z CPU=0.0% WS=47.31MB Managed=194.33MB Threads=32
[21:33:22.334 INF] [T:7] [PerfMonitor] Time:2025-12-29 12:33:21.335Z CPU=0.0% WS=47.31MB Managed=194.76MB Threads=32
[21:33:52.335 INF] [T:7] [PerfMonitor] Time:2025-12-29 12:33:51.334Z CPU=0.0% WS=47.33MB Managed=195.21MB Threads=33
[21:34:22.336 INF] [T:7] [PerfMonitor] Time:2025-12-29 12:34:21.336Z CPU=0.0% WS=47.30MB Managed=195.63MB Threads=32
[21:34:52.336 INF] [T:7] [PerfMonitor] Time:2025-12-29 12:34:51.337Z CPU=0.0% WS=47.31MB Managed=196.07MB Threads=33
[21:35:22.336 INF] [T:7] [PerfMonitor] Time:2025-12-29 12:35:21.338Z CPU=0.0% WS=47.30MB Managed=196.51MB Threads=32
[21:35:52.336 INF] [T:7] [PerfMonitor] Time:2025-12-29 12:35:51.338Z CPU=0.0% WS=47.30MB Managed=196.92MB Threads=32
[21:36:22.338 INF] [T:7] [PerfMonitor] Time:2025-12-29 12:36:21.338Z CPU=0.0% WS=47.30MB Managed=197.39MB Threads=32
[21:36:52.339 INF] [T:7] [PerfMonitor] Time:2025-12-29 12:36:51.339Z CPU=0.0% WS=47.30MB Managed=197.81MB Threads=32
[21:37:22.339 INF] [T:7] [PerfMonitor] Time:2025-12-29 12:37:21.339Z CPU=0.0% WS=47.30MB Managed=198.23MB Threads=32
[21:37:52.340 INF] [T:7] [PerfMonitor] Time:2025-12-29 12:37:51.340Z CPU=0.0% WS=47.31MB Managed=198.67MB Threads=33
[21:38:22.341 INF] [T:7] [PerfMonitor] Time:2025-12-29 12:38:22.341Z CPU=0.0% WS=47.30MB Managed=199.13MB Threads=32
[21:38:52.341 INF] [T:7] [PerfMonitor] Time:2025-12-29 12:38:51.342Z CPU=0.0% WS=47.31MB Managed=199.56MB Threads=33
[21:39:22.342 INF] [T:7] [PerfMonitor] Time:2025-12-29 12:39:21.342Z CPU=0.0% WS=47.31MB Managed=200.00MB Threads=33
[21:39:52.344 INF] [T:7] [PerfMonitor] Time:2025-12-29 12:39:51.344Z CPU=0.0% WS=47.30MB Managed=200.44MB Threads=32
[21:40:22.344 INF] [T:7] [PerfMonitor] Time:2025-12-29 12:40:21.344Z CPU=0.0% WS=47.30MB Managed=193.13MB Threads=32
[21:40:52.344 INF] [T:7] [PerfMonitor] Time:2025-12-29 12:40:51.345Z CPU=0.0% WS=47.30MB Managed=193.56MB Threads=32
[21:41:22.345 INF] [T:7] [PerfMonitor] Time:2025-12-29 12:41:21.345Z CPU=0.0% WS=47.30MB Managed=193.97MB Threads=32
[21:41:52.346 INF] [T:7] [PerfMonitor] Time:2025-12-29 12:41:51.345Z CPU=0.0% WS=47.31MB Managed=194.42MB Threads=33
[21:42:22.346 INF] [T:7] [PerfMonitor] Time:2025-12-29 12:42:21.346Z CPU=0.0% WS=47.31MB Managed=194.87MB Threads=33
[21:42:52.348 INF] [T:7] [PerfMonitor] Time:2025-12-29 12:42:51.347Z CPU=0.0% WS=47.31MB Managed=195.31MB Threads=33
[21:43:22.348 INF] [T:7] [PerfMonitor] Time:2025-12-29 12:43:21.347Z CPU=0.0% WS=47.31MB Managed=195.76MB Threads=32
[21:43:52.349 INF] [T:7] [PerfMonitor] Time:2025-12-29 12:43:51.349Z CPU=0.0% WS=47.31MB Managed=196.18MB Threads=32
[21:44:22.350 INF] [T:7] [PerfMonitor] Time:2025-12-29 12:44:21.349Z CPU=0.0% WS=47.31MB Managed=196.61MB Threads=32
[21:44:52.350 INF] [T:7] [PerfMonitor] Time:2025-12-29 12:44:51.350Z CPU=0.0% WS=47.33MB Managed=197.07MB Threads=33
[21:45:22.351 INF] [T:7] [PerfMonitor] Time:2025-12-29 12:45:21.351Z CPU=0.0% WS=47.31MB Managed=197.50MB Threads=32
[21:45:52.351 INF] [T:7] [PerfMonitor] Time:2025-12-29 12:45:51.350Z CPU=0.0% WS=47.31MB Managed=197.92MB Threads=32
[21:46:22.353 INF] [T:7] [PerfMonitor] Time:2025-12-29 12:46:21.352Z CPU=0.0% WS=47.31MB Managed=198.34MB Threads=32
[21:46:52.353 INF] [T:7] [PerfMonitor] Time:2025-12-29 12:46:51.353Z CPU=0.0% WS=47.31MB Managed=198.77MB Threads=32
[21:47:22.353 INF] [T:7] [PerfMonitor] Time:2025-12-29 12:47:21.354Z CPU=0.0% WS=47.31MB Managed=199.19MB Threads=32
[21:47:52.354 INF] [T:7] [PerfMonitor] Time:2025-12-29 12:47:51.355Z CPU=0.0% WS=47.33MB Managed=199.63MB Threads=32
[21:48:22.355 INF] [T:7] [PerfMonitor] Time:2025-12-29 12:48:21.355Z CPU=0.0% WS=47.34MB Managed=200.11MB Threads=33
[21:48:52.355 INF] [T:7] [PerfMonitor] Time:2025-12-29 12:48:51.355Z CPU=0.0% WS=47.34MB Managed=200.56MB Threads=33
[21:49:22.355 INF] [T:7] [PerfMonitor] Time:2025-12-29 12:49:21.356Z CPU=0.0% WS=47.33MB Managed=192.71MB Threads=32
[21:49:52.357 INF] [T:7] [PerfMonitor] Time:2025-12-29 12:49:51.357Z CPU=0.0% WS=47.33MB Managed=193.13MB Threads=32
[21:50:22.358 INF] [T:7] [PerfMonitor] Time:2025-12-29 12:50:21.358Z CPU=0.0% WS=47.33MB Managed=193.55MB Threads=32
[21:50:52.358 INF] [T:7] [PerfMonitor] Time:2025-12-29 12:50:51.358Z CPU=0.0% WS=47.33MB Managed=193.99MB Threads=32
[21:51:22.359 INF] [T:7] [PerfMonitor] Time:2025-12-29 12:51:21.360Z CPU=0.0% WS=47.34MB Managed=194.44MB Threads=33
[21:51:52.359 INF] [T:7] [PerfMonitor] Time:2025-12-29 12:51:51.359Z CPU=0.0% WS=47.33MB Managed=194.88MB Threads=32
[21:52:22.361 INF] [T:7] [PerfMonitor] Time:2025-12-29 12:52:21.360Z CPU=0.0% WS=47.33MB Managed=195.30MB Threads=32
[21:52:52.360 INF] [T:7] [PerfMonitor] Time:2025-12-29 12:52:51.360Z CPU=0.0% WS=47.33MB Managed=195.74MB Threads=32
[21:53:22.361 INF] [T:7] [PerfMonitor] Time:2025-12-29 12:53:21.362Z CPU=0.0% WS=47.33MB Managed=196.17MB Threads=32
[21:53:52.362 INF] [T:7] [PerfMonitor] Time:2025-12-29 12:53:51.362Z CPU=0.0% WS=47.66MB Managed=196.63MB Threads=33
[21:54:22.365 INF] [T:7] [PerfMonitor] Time:2025-12-29 12:54:22.365Z CPU=0.0% WS=47.64MB Managed=197.09MB Threads=32
[21:54:52.363 INF] [T:7] [PerfMonitor] Time:2025-12-29 12:54:51.364Z CPU=0.0% WS=47.64MB Managed=197.51MB Threads=32
[21:55:22.364 INF] [T:7] [PerfMonitor] Time:2025-12-29 12:55:21.364Z CPU=0.0% WS=47.64MB Managed=197.93MB Threads=32
[21:55:52.365 INF] [T:7] [PerfMonitor] Time:2025-12-29 12:55:51.365Z CPU=0.0% WS=47.64MB Managed=198.34MB Threads=32
[21:56:22.365 INF] [T:7] [PerfMonitor] Time:2025-12-29 12:56:21.365Z CPU=0.0% WS=47.64MB Managed=198.77MB Threads=32
[21:56:52.367 INF] [T:7] [PerfMonitor] Time:2025-12-29 12:56:51.367Z CPU=0.0% WS=47.66MB Managed=199.22MB Threads=33
[21:57:22.367 INF] [T:7] [PerfMonitor] Time:2025-12-29 12:57:21.367Z CPU=0.0% WS=47.64MB Managed=199.65MB Threads=32
[21:57:52.369 INF] [T:7] [PerfMonitor] Time:2025-12-29 12:57:51.368Z CPU=0.0% WS=47.67MB Managed=200.11MB Threads=34
[21:58:22.369 INF] [T:7] [PerfMonitor] Time:2025-12-29 12:58:21.369Z CPU=0.0% WS=47.64MB Managed=192.75MB Threads=32
[21:58:52.370 INF] [T:7] [PerfMonitor] Time:2025-12-29 12:58:51.369Z CPU=0.0% WS=47.84MB Managed=193.21MB Threads=32
[21:59:22.369 INF] [T:7] [PerfMonitor] Time:2025-12-29 12:59:21.370Z CPU=0.0% WS=47.84MB Managed=193.64MB Threads=32
[21:59:52.370 INF] [T:7] [PerfMonitor] Time:2025-12-29 12:59:51.369Z CPU=0.0% WS=47.84MB Managed=194.06MB Threads=32
[22:00:22.371 INF] [T:7] [PerfMonitor] Time:2025-12-29 13:00:21.371Z CPU=0.0% WS=47.86MB Managed=194.49MB Threads=33
[22:00:52.372 INF] [T:7] [PerfMonitor] Time:2025-12-29 13:00:51.371Z CPU=0.0% WS=47.84MB Managed=194.93MB Threads=32
[22:01:22.373 INF] [T:7] [PerfMonitor] Time:2025-12-29 13:01:21.371Z CPU=0.0% WS=47.84MB Managed=195.36MB Threads=32
[22:01:52.373 INF] [T:7] [PerfMonitor] Time:2025-12-29 13:01:51.373Z CPU=0.0% WS=47.84MB Managed=195.78MB Threads=32
[22:02:24.351 INF] [T:7] [PerfMonitor] Time:2025-12-29 13:02:23.350Z CPU=0.0% WS=47.84MB Managed=196.20MB Threads=32
[22:02:54.352 INF] [T:7] [PerfMonitor] Time:2025-12-29 13:02:53.352Z CPU=0.0% WS=47.88MB Managed=196.66MB Threads=34
[22:03:24.353 INF] [T:7] [PerfMonitor] Time:2025-12-29 13:03:23.352Z CPU=0.0% WS=47.86MB Managed=197.11MB Threads=33
[22:03:54.353 INF] [T:7] [PerfMonitor] Time:2025-12-29 13:03:53.352Z CPU=0.0% WS=51.77MB Managed=197.54MB Threads=32
[22:04:24.354 INF] [T:7] [PerfMonitor] Time:2025-12-29 13:04:24.354Z CPU=0.0% WS=51.77MB Managed=197.98MB Threads=32
[22:04:54.354 INF] [T:7] [PerfMonitor] Time:2025-12-29 13:04:53.354Z CPU=0.0% WS=51.77MB Managed=198.40MB Threads=32
[22:05:24.356 INF] [T:7] [PerfMonitor] Time:2025-12-29 13:05:23.355Z CPU=0.0% WS=51.77MB Managed=198.81MB Threads=32
[22:05:54.356 INF] [T:7] [PerfMonitor] Time:2025-12-29 13:05:53.355Z CPU=0.0% WS=51.77MB Managed=199.25MB Threads=32
[22:06:24.356 INF] [T:7] [PerfMonitor] Time:2025-12-29 13:06:23.356Z CPU=0.0% WS=51.78MB Managed=199.69MB Threads=33
[22:06:54.358 INF] [T:7] [PerfMonitor] Time:2025-12-29 13:06:53.357Z CPU=0.0% WS=51.77MB Managed=200.13MB Threads=32
[22:07:24.358 INF] [T:7] [PerfMonitor] Time:2025-12-29 13:07:23.358Z CPU=0.0% WS=51.77MB Managed=192.82MB Threads=32
[22:07:54.357 INF] [T:7] [PerfMonitor] Time:2025-12-29 13:07:54.357Z CPU=0.0% WS=51.77MB Managed=193.26MB Threads=32
[22:08:24.360 INF] [T:7] [PerfMonitor] Time:2025-12-29 13:08:23.359Z CPU=0.0% WS=51.77MB Managed=193.71MB Threads=32
[22:08:54.360 INF] [T:7] [PerfMonitor] Time:2025-12-29 13:08:53.360Z CPU=0.0% WS=51.77MB Managed=194.14MB Threads=32
[22:09:24.359 INF] [T:7] [PerfMonitor] Time:2025-12-29 13:09:23.359Z CPU=0.0% WS=54.09MB Managed=194.58MB Threads=32
[22:09:54.362 INF] [T:7] [PerfMonitor] Time:2025-12-29 13:09:53.361Z CPU=0.0% WS=54.11MB Managed=195.02MB Threads=33
[22:10:24.362 INF] [T:7] [PerfMonitor] Time:2025-12-29 13:10:23.362Z CPU=0.0% WS=54.09MB Managed=195.43MB Threads=32
[22:10:54.363 INF] [T:7] [PerfMonitor] Time:2025-12-29 13:10:53.361Z CPU=0.0% WS=54.09MB Managed=195.87MB Threads=32
[22:11:24.364 INF] [T:7] [PerfMonitor] Time:2025-12-29 13:11:23.363Z CPU=0.0% WS=54.09MB Managed=196.29MB Threads=32
[22:11:54.364 INF] [T:7] [PerfMonitor] Time:2025-12-29 13:11:53.363Z CPU=0.0% WS=54.09MB Managed=196.72MB Threads=32
[22:12:24.363 INF] [T:7] [PerfMonitor] Time:2025-12-29 13:12:23.365Z CPU=0.0% WS=54.09MB Managed=197.13MB Threads=32
[22:12:54.366 INF] [T:7] [PerfMonitor] Time:2025-12-29 13:12:53.364Z CPU=0.0% WS=54.09MB Managed=197.56MB Threads=32
[22:13:24.367 INF] [T:7] [PerfMonitor] Time:2025-12-29 13:13:23.366Z CPU=0.0% WS=54.09MB Managed=197.99MB Threads=32
[22:13:54.369 INF] [T:7] [PerfMonitor] Time:2025-12-29 13:13:53.366Z CPU=0.0% WS=54.09MB Managed=198.41MB Threads=32
[22:14:24.367 INF] [T:7] [PerfMonitor] Time:2025-12-29 13:14:23.367Z CPU=0.0% WS=56.53MB Managed=198.84MB Threads=32
[22:14:54.368 INF] [T:7] [PerfMonitor] Time:2025-12-29 13:14:53.368Z CPU=0.0% WS=56.53MB Managed=199.30MB Threads=32
[22:15:24.369 INF] [T:7] [PerfMonitor] Time:2025-12-29 13:15:23.368Z CPU=0.0% WS=56.53MB Managed=199.73MB Threads=32
[22:15:54.370 INF] [T:7] [PerfMonitor] Time:2025-12-29 13:15:53.368Z CPU=0.0% WS=56.53MB Managed=200.14MB Threads=32
[22:16:24.371 INF] [T:7] [PerfMonitor] Time:2025-12-29 13:16:23.370Z CPU=0.0% WS=56.53MB Managed=192.82MB Threads=32
[22:16:54.372 INF] [T:7] [PerfMonitor] Time:2025-12-29 13:16:53.371Z CPU=0.0% WS=56.53MB Managed=193.25MB Threads=32
[22:17:24.371 INF] [T:7] [PerfMonitor] Time:2025-12-29 13:17:23.370Z CPU=0.0% WS=56.53MB Managed=193.67MB Threads=32
[22:17:54.372 INF] [T:7] [PerfMonitor] Time:2025-12-29 13:17:53.371Z CPU=0.0% WS=56.55MB Managed=194.11MB Threads=33
[22:18:24.373 INF] [T:7] [PerfMonitor] Time:2025-12-29 13:18:23.372Z CPU=0.0% WS=56.53MB Managed=194.56MB Threads=32
[22:18:54.374 INF] [T:7] [PerfMonitor] Time:2025-12-29 13:18:53.373Z CPU=0.0% WS=56.53MB Managed=194.99MB Threads=32
[22:28:16.544 INF] [T:7] [PerfMonitor] Time:2025-12-29 13:28:16.544Z CPU=0.0% WS=56.58MB Managed=195.46MB Threads=32
[22:28:46.527 INF] [T:7] [PerfMonitor] Time:2025-12-29 13:28:45.526Z CPU=0.0% WS=56.58MB Managed=195.87MB Threads=32
[22:29:16.524 INF] [T:7] [PerfMonitor] Time:2025-12-29 13:29:15.523Z CPU=0.0% WS=56.58MB Managed=196.29MB Threads=32
[22:29:46.524 INF] [T:7] [PerfMonitor] Time:2025-12-29 13:29:45.523Z CPU=0.0% WS=56.58MB Managed=196.72MB Threads=32
[22:30:16.525 INF] [T:7] [PerfMonitor] Time:2025-12-29 13:30:15.524Z CPU=0.0% WS=56.59MB Managed=197.15MB Threads=33
[22:30:46.525 INF] [T:7] [PerfMonitor] Time:2025-12-29 13:30:45.523Z CPU=0.0% WS=56.58MB Managed=197.58MB Threads=32
[22:31:16.524 INF] [T:7] [PerfMonitor] Time:2025-12-29 13:31:15.524Z CPU=0.0% WS=56.58MB Managed=198.01MB Threads=32
[22:31:46.525 INF] [T:7] [PerfMonitor] Time:2025-12-29 13:31:45.524Z CPU=0.0% WS=56.59MB Managed=198.46MB Threads=33
[22:32:16.526 INF] [T:7] [PerfMonitor] Time:2025-12-29 13:32:15.524Z CPU=0.0% WS=56.58MB Managed=198.90MB Threads=32
[22:32:46.525 INF] [T:7] [PerfMonitor] Time:2025-12-29 13:32:45.524Z CPU=0.0% WS=56.58MB Managed=199.32MB Threads=32
[22:33:16.526 INF] [T:7] [PerfMonitor] Time:2025-12-29 13:33:15.525Z CPU=0.0% WS=56.58MB Managed=199.77MB Threads=32
[22:33:46.526 INF] [T:7] [PerfMonitor] Time:2025-12-29 13:33:45.525Z CPU=0.0% WS=56.62MB Managed=200.24MB Threads=34
[22:34:16.526 INF] [T:7] [PerfMonitor] Time:2025-12-29 13:34:15.524Z CPU=0.0% WS=56.59MB Managed=192.97MB Threads=32
[22:34:46.524 INF] [T:7] [PerfMonitor] Time:2025-12-29 13:34:45.524Z CPU=0.0% WS=56.59MB Managed=193.41MB Threads=32
[22:35:16.525 INF] [T:7] [PerfMonitor] Time:2025-12-29 13:35:15.525Z CPU=0.0% WS=56.61MB Managed=193.86MB Threads=33
[22:35:46.526 INF] [T:7] [PerfMonitor] Time:2025-12-29 13:35:45.525Z CPU=0.0% WS=56.59MB Managed=194.28MB Threads=32
[22:36:16.528 INF] [T:7] [PerfMonitor] Time:2025-12-29 13:36:15.526Z CPU=0.0% WS=56.59MB Managed=194.73MB Threads=32
[22:36:46.528 INF] [T:7] [PerfMonitor] Time:2025-12-29 13:36:45.526Z CPU=0.0% WS=56.62MB Managed=195.16MB Threads=34
[22:37:16.528 INF] [T:7] [PerfMonitor] Time:2025-12-29 13:37:15.526Z CPU=0.0% WS=56.59MB Managed=195.60MB Threads=32
[22:37:46.528 INF] [T:7] [PerfMonitor] Time:2025-12-29 13:37:45.526Z CPU=0.0% WS=56.59MB Managed=196.06MB Threads=32
[22:38:16.527 INF] [T:7] [PerfMonitor] Time:2025-12-29 13:38:15.526Z CPU=0.0% WS=56.59MB Managed=196.51MB Threads=32
[22:38:46.527 INF] [T:7] [PerfMonitor] Time:2025-12-29 13:38:45.526Z CPU=0.0% WS=56.59MB Managed=196.94MB Threads=32
[22:39:16.529 INF] [T:7] [PerfMonitor] Time:2025-12-29 13:39:15.526Z CPU=0.0% WS=56.59MB Managed=197.36MB Threads=32
[22:39:46.527 INF] [T:7] [PerfMonitor] Time:2025-12-29 13:39:45.527Z CPU=0.0% WS=56.59MB Managed=197.80MB Threads=32
[22:40:16.529 INF] [T:7] [PerfMonitor] Time:2025-12-29 13:40:15.527Z CPU=0.0% WS=56.59MB Managed=198.22MB Threads=32
[22:40:46.529 INF] [T:7] [PerfMonitor] Time:2025-12-29 13:40:45.527Z CPU=0.0% WS=56.59MB Managed=198.63MB Threads=32
[22:41:16.529 INF] [T:7] [PerfMonitor] Time:2025-12-29 13:41:15.528Z CPU=0.0% WS=56.59MB Managed=199.06MB Threads=32
[22:41:46.530 INF] [T:7] [PerfMonitor] Time:2025-12-29 13:41:45.528Z CPU=0.0% WS=56.59MB Managed=199.51MB Threads=32
[22:42:16.529 INF] [T:7] [PerfMonitor] Time:2025-12-29 13:42:15.528Z CPU=0.0% WS=56.59MB Managed=199.94MB Threads=32
[22:42:46.530 INF] [T:7] [PerfMonitor] Time:2025-12-29 13:42:45.528Z CPU=0.0% WS=56.59MB Managed=192.61MB Threads=32
[22:43:16.529 INF] [T:7] [PerfMonitor] Time:2025-12-29 13:43:15.529Z CPU=0.0% WS=56.59MB Managed=193.05MB Threads=32
[22:43:46.530 INF] [T:7] [PerfMonitor] Time:2025-12-29 13:43:45.528Z CPU=0.0% WS=56.59MB Managed=193.49MB Threads=32
[22:44:16.531 INF] [T:7] [PerfMonitor] Time:2025-12-29 13:44:15.529Z CPU=0.0% WS=56.61MB Managed=193.92MB Threads=33
[22:44:46.531 INF] [T:7] [PerfMonitor] Time:2025-12-29 13:44:45.528Z CPU=0.0% WS=56.61MB Managed=194.36MB Threads=33
[22:45:16.530 INF] [T:7] [PerfMonitor] Time:2025-12-29 13:45:15.529Z CPU=0.0% WS=56.59MB Managed=194.80MB Threads=32
[22:45:46.531 INF] [T:7] [PerfMonitor] Time:2025-12-29 13:45:45.530Z CPU=0.0% WS=56.61MB Managed=195.26MB Threads=33
[22:46:16.531 INF] [T:7] [PerfMonitor] Time:2025-12-29 13:46:15.530Z CPU=0.0% WS=56.59MB Managed=195.70MB Threads=32
[22:46:46.530 INF] [T:7] [PerfMonitor] Time:2025-12-29 13:46:45.530Z CPU=0.0% WS=56.59MB Managed=196.11MB Threads=32
[22:47:16.531 INF] [T:7] [PerfMonitor] Time:2025-12-29 13:47:15.530Z CPU=0.0% WS=56.62MB Managed=196.54MB Threads=33
[22:47:46.532 INF] [T:7] [PerfMonitor] Time:2025-12-29 13:47:45.530Z CPU=0.0% WS=56.61MB Managed=196.98MB Threads=32
[22:48:16.532 INF] [T:7] [PerfMonitor] Time:2025-12-29 13:48:15.530Z CPU=0.0% WS=56.61MB Managed=197.40MB Threads=32
[22:48:46.533 INF] [T:7] [PerfMonitor] Time:2025-12-29 13:48:45.530Z CPU=0.0% WS=57.44MB Managed=197.87MB Threads=34
[22:49:16.532 INF] [T:7] [PerfMonitor] Time:2025-12-29 13:49:15.531Z CPU=0.0% WS=57.42MB Managed=198.34MB Threads=33
[22:49:46.533 INF] [T:7] [PerfMonitor] Time:2025-12-29 13:49:45.531Z CPU=0.0% WS=57.41MB Managed=198.80MB Threads=32
[22:50:16.533 INF] [T:7] [PerfMonitor] Time:2025-12-29 13:50:15.531Z CPU=0.0% WS=57.41MB Managed=199.21MB Threads=32
[22:50:46.533 INF] [T:7] [PerfMonitor] Time:2025-12-29 13:50:45.530Z CPU=0.0% WS=57.39MB Managed=199.66MB Threads=32
[22:51:16.534 INF] [T:7] [PerfMonitor] Time:2025-12-29 13:51:15.532Z CPU=0.0% WS=57.39MB Managed=200.08MB Threads=32
[22:51:46.533 INF] [T:7] [PerfMonitor] Time:2025-12-29 13:51:45.532Z CPU=0.0% WS=57.39MB Managed=192.78MB Threads=32
[22:52:16.533 INF] [T:7] [PerfMonitor] Time:2025-12-29 13:52:15.532Z CPU=0.0% WS=57.39MB Managed=193.20MB Threads=32
[22:52:46.534 INF] [T:7] [PerfMonitor] Time:2025-12-29 13:52:45.533Z CPU=0.0% WS=57.39MB Managed=193.63MB Threads=32
[22:53:16.534 INF] [T:7] [PerfMonitor] Time:2025-12-29 13:53:15.533Z CPU=0.0% WS=57.41MB Managed=194.06MB Threads=33
[22:53:46.534 INF] [T:7] [PerfMonitor] Time:2025-12-29 13:53:45.533Z CPU=0.0% WS=57.39MB Managed=194.51MB Threads=32
[22:54:16.534 INF] [T:7] [PerfMonitor] Time:2025-12-29 13:54:15.533Z CPU=0.0% WS=57.41MB Managed=194.95MB Threads=33
[22:54:46.534 INF] [T:7] [PerfMonitor] Time:2025-12-29 13:54:45.533Z CPU=0.0% WS=57.39MB Managed=195.39MB Threads=32
[22:55:16.533 INF] [T:7] [PerfMonitor] Time:2025-12-29 13:55:15.533Z CPU=0.0% WS=57.39MB Managed=195.80MB Threads=32
[22:55:46.534 INF] [T:7] [PerfMonitor] Time:2025-12-29 13:55:45.533Z CPU=0.0% WS=57.41MB Managed=196.26MB Threads=33
[22:56:16.533 INF] [T:7] [PerfMonitor] Time:2025-12-29 13:56:15.533Z CPU=0.0% WS=57.41MB Managed=196.71MB Threads=33
[22:56:46.535 INF] [T:7] [PerfMonitor] Time:2025-12-29 13:56:45.534Z CPU=0.0% WS=57.41MB Managed=197.13MB Threads=33
[22:57:16.535 INF] [T:7] [PerfMonitor] Time:2025-12-29 13:57:15.534Z CPU=0.0% WS=57.42MB Managed=197.57MB Threads=33
[22:57:46.534 INF] [T:7] [PerfMonitor] Time:2025-12-29 13:57:45.534Z CPU=0.0% WS=57.41MB Managed=198.02MB Threads=32
[22:58:16.536 INF] [T:7] [PerfMonitor] Time:2025-12-29 13:58:15.534Z CPU=0.0% WS=57.41MB Managed=198.45MB Threads=32
[22:58:46.535 INF] [T:7] [PerfMonitor] Time:2025-12-29 13:58:45.535Z CPU=0.0% WS=57.42MB Managed=198.88MB Threads=33
[22:59:16.537 INF] [T:7] [PerfMonitor] Time:2025-12-29 13:59:15.535Z CPU=0.0% WS=57.41MB Managed=199.33MB Threads=32
[22:59:46.537 INF] [T:7] [PerfMonitor] Time:2025-12-29 13:59:45.535Z CPU=0.0% WS=57.42MB Managed=199.77MB Threads=33
[23:00:16.535 INF] [T:7] [PerfMonitor] Time:2025-12-29 14:00:15.535Z CPU=0.0% WS=57.41MB Managed=200.20MB Threads=32
[23:00:46.536 INF] [T:7] [PerfMonitor] Time:2025-12-29 14:00:45.535Z CPU=0.0% WS=57.41MB Managed=192.88MB Threads=32
[23:01:16.538 INF] [T:7] [PerfMonitor] Time:2025-12-29 14:01:15.536Z CPU=0.0% WS=57.41MB Managed=193.32MB Threads=32
[23:01:46.537 INF] [T:7] [PerfMonitor] Time:2025-12-29 14:01:45.536Z CPU=0.0% WS=57.42MB Managed=193.78MB Threads=33
[23:02:16.537 INF] [T:7] [PerfMonitor] Time:2025-12-29 14:02:15.536Z CPU=0.0% WS=57.42MB Managed=194.23MB Threads=33
[23:02:46.538 INF] [T:7] [PerfMonitor] Time:2025-12-29 14:02:45.536Z CPU=0.0% WS=57.41MB Managed=194.68MB Threads=32
[23:03:16.538 INF] [T:7] [PerfMonitor] Time:2025-12-29 14:03:15.536Z CPU=0.0% WS=57.41MB Managed=195.10MB Threads=32
[23:03:46.538 INF] [T:7] [PerfMonitor] Time:2025-12-29 14:03:45.535Z CPU=0.0% WS=57.41MB Managed=195.53MB Threads=32
[23:04:16.539 INF] [T:7] [PerfMonitor] Time:2025-12-29 14:04:15.536Z CPU=0.0% WS=57.42MB Managed=195.97MB Threads=33
[23:04:46.539 INF] [T:7] [PerfMonitor] Time:2025-12-29 14:04:45.536Z CPU=0.0% WS=57.41MB Managed=196.41MB Threads=32
[23:05:16.539 INF] [T:7] [PerfMonitor] Time:2025-12-29 14:05:15.537Z CPU=0.0% WS=57.41MB Managed=196.83MB Threads=32
[23:05:46.539 INF] [T:7] [PerfMonitor] Time:2025-12-29 14:05:45.538Z CPU=0.0% WS=57.42MB Managed=197.27MB Threads=33
[23:06:16.538 INF] [T:7] [PerfMonitor] Time:2025-12-29 14:06:15.537Z CPU=0.0% WS=57.41MB Managed=197.70MB Threads=32
[23:06:46.540 INF] [T:7] [PerfMonitor] Time:2025-12-29 14:06:45.537Z CPU=0.0% WS=57.41MB Managed=198.11MB Threads=32
[23:07:16.540 INF] [T:7] [PerfMonitor] Time:2025-12-29 14:07:15.537Z CPU=0.0% WS=57.41MB Managed=198.56MB Threads=32
[23:07:46.540 INF] [T:7] [PerfMonitor] Time:2025-12-29 14:07:45.538Z CPU=0.0% WS=57.42MB Managed=199.00MB Threads=33
[23:08:16.539 INF] [T:7] [PerfMonitor] Time:2025-12-29 14:08:15.538Z CPU=0.0% WS=57.41MB Managed=199.42MB Threads=32
[23:08:46.538 INF] [T:7] [PerfMonitor] Time:2025-12-29 14:08:45.538Z CPU=0.0% WS=57.44MB Managed=199.86MB Threads=33
[23:09:16.539 INF] [T:7] [PerfMonitor] Time:2025-12-29 14:09:15.539Z CPU=0.0% WS=57.42MB Managed=200.29MB Threads=32
[23:09:46.539 INF] [T:7] [PerfMonitor] Time:2025-12-29 14:09:45.539Z CPU=0.0% WS=57.55MB Managed=193.01MB Threads=33
[23:10:16.541 INF] [T:7] [PerfMonitor] Time:2025-12-29 14:10:15.539Z CPU=0.0% WS=57.53MB Managed=193.45MB Threads=32
[23:10:46.540 INF] [T:7] [PerfMonitor] Time:2025-12-29 14:10:45.539Z CPU=0.0% WS=57.53MB Managed=193.87MB Threads=32
[23:11:16.540 INF] [T:7] [PerfMonitor] Time:2025-12-29 14:11:15.539Z CPU=0.0% WS=57.53MB Managed=194.28MB Threads=32
[23:11:46.541 INF] [T:7] [PerfMonitor] Time:2025-12-29 14:11:45.539Z CPU=0.0% WS=57.55MB Managed=194.71MB Threads=32
[23:12:16.542 INF] [T:7] [PerfMonitor] Time:2025-12-29 14:12:15.540Z CPU=0.0% WS=57.55MB Managed=195.14MB Threads=32
[23:12:46.541 INF] [T:7] [PerfMonitor] Time:2025-12-29 14:12:45.540Z CPU=0.0% WS=57.55MB Managed=195.56MB Threads=32
[23:13:16.542 INF] [T:7] [PerfMonitor] Time:2025-12-29 14:13:15.540Z CPU=0.0% WS=57.55MB Managed=195.99MB Threads=32
[23:13:46.542 INF] [T:7] [PerfMonitor] Time:2025-12-29 14:13:45.540Z CPU=0.0% WS=57.55MB Managed=196.42MB Threads=32
[23:14:16.542 INF] [T:7] [PerfMonitor] Time:2025-12-29 14:14:15.541Z CPU=0.0% WS=57.56MB Managed=196.86MB Threads=33
[23:14:46.542 INF] [T:7] [PerfMonitor] Time:2025-12-29 14:14:45.540Z CPU=0.0% WS=57.53MB Managed=197.30MB Threads=32
[23:15:16.543 INF] [T:7] [PerfMonitor] Time:2025-12-29 14:15:15.541Z CPU=0.0% WS=57.53MB Managed=197.71MB Threads=32
[23:15:46.543 INF] [T:7] [PerfMonitor] Time:2025-12-29 14:15:45.542Z CPU=0.0% WS=57.53MB Managed=198.14MB Threads=32
[23:16:16.543 INF] [T:7] [PerfMonitor] Time:2025-12-29 14:16:15.541Z CPU=0.0% WS=57.53MB Managed=198.56MB Threads=32
[23:16:46.550 INF] [T:7] [PerfMonitor] Time:2025-12-29 14:16:45.542Z CPU=0.0% WS=57.53MB Managed=198.98MB Threads=32
[23:17:16.544 INF] [T:7] [PerfMonitor] Time:2025-12-29 14:17:15.541Z CPU=0.0% WS=57.53MB Managed=199.42MB Threads=32
[23:17:46.542 INF] [T:7] [PerfMonitor] Time:2025-12-29 14:17:45.541Z CPU=0.0% WS=57.53MB Managed=199.84MB Threads=32
[23:18:16.544 INF] [T:7] [PerfMonitor] Time:2025-12-29 14:18:15.543Z CPU=0.0% WS=57.53MB Managed=200.26MB Threads=32
[23:18:46.544 INF] [T:7] [PerfMonitor] Time:2025-12-29 14:18:45.543Z CPU=0.0% WS=57.55MB Managed=192.94MB Threads=33
[23:19:16.544 INF] [T:7] [PerfMonitor] Time:2025-12-29 14:19:15.542Z CPU=0.0% WS=57.53MB Managed=193.38MB Threads=32
[23:19:46.545 INF] [T:7] [PerfMonitor] Time:2025-12-29 14:19:45.543Z CPU=0.0% WS=57.53MB Managed=193.83MB Threads=32
[23:20:16.545 INF] [T:7] [PerfMonitor] Time:2025-12-29 14:20:15.542Z CPU=0.0% WS=57.55MB Managed=194.26MB Threads=33
[23:20:46.543 INF] [T:7] [PerfMonitor] Time:2025-12-29 14:20:45.544Z CPU=0.0% WS=57.55MB Managed=194.70MB Threads=33
[23:21:16.545 INF] [T:7] [PerfMonitor] Time:2025-12-29 14:21:15.543Z CPU=0.0% WS=57.53MB Managed=195.13MB Threads=32
[23:21:46.518 INF] [T:7] [PerfMonitor] Time:2025-12-29 14:21:45.516Z CPU=0.0% WS=57.53MB Managed=195.59MB Threads=32
[23:22:16.507 INF] [T:7] [PerfMonitor] Time:2025-12-29 14:22:15.506Z CPU=0.0% WS=57.55MB Managed=196.04MB Threads=33
[23:22:46.505 INF] [T:7] [PerfMonitor] Time:2025-12-29 14:22:45.503Z CPU=0.0% WS=57.56MB Managed=196.49MB Threads=33
[23:23:16.505 INF] [T:7] [PerfMonitor] Time:2025-12-29 14:23:15.503Z CPU=0.0% WS=57.55MB Managed=196.92MB Threads=32
[23:23:46.503 INF] [T:7] [PerfMonitor] Time:2025-12-29 14:23:45.503Z CPU=0.0% WS=57.56MB Managed=197.37MB Threads=33
[23:24:16.505 INF] [T:7] [PerfMonitor] Time:2025-12-29 14:24:15.503Z CPU=0.0% WS=57.56MB Managed=197.81MB Threads=33
[23:24:46.504 INF] [T:7] [PerfMonitor] Time:2025-12-29 14:24:45.503Z CPU=0.0% WS=57.56MB Managed=198.25MB Threads=33
[23:25:16.504 INF] [T:7] [PerfMonitor] Time:2025-12-29 14:25:15.502Z CPU=0.0% WS=57.55MB Managed=198.70MB Threads=32
[23:25:46.505 INF] [T:7] [PerfMonitor] Time:2025-12-29 14:25:45.502Z CPU=0.0% WS=57.56MB Managed=199.12MB Threads=32
[23:26:16.504 INF] [T:7] [PerfMonitor] Time:2025-12-29 14:26:15.501Z CPU=0.0% WS=57.56MB Managed=199.58MB Threads=32
[23:26:46.503 INF] [T:7] [PerfMonitor] Time:2025-12-29 14:26:45.501Z CPU=0.0% WS=57.56MB Managed=199.99MB Threads=32
[23:27:16.503 INF] [T:7] [PerfMonitor] Time:2025-12-29 14:27:15.501Z CPU=0.0% WS=57.56MB Managed=200.43MB Threads=32
[23:27:46.503 INF] [T:7] [PerfMonitor] Time:2025-12-29 14:27:45.501Z CPU=0.0% WS=59.77MB Managed=192.54MB Threads=32
[23:28:16.503 INF] [T:7] [PerfMonitor] Time:2025-12-29 14:28:15.501Z CPU=0.0% WS=59.77MB Managed=192.98MB Threads=32
[23:28:46.503 INF] [T:7] [PerfMonitor] Time:2025-12-29 14:28:45.501Z CPU=0.0% WS=59.77MB Managed=193.40MB Threads=32
[23:29:16.503 INF] [T:7] [PerfMonitor] Time:2025-12-29 14:29:15.500Z CPU=0.0% WS=59.78MB Managed=193.83MB Threads=33
[23:29:46.501 INF] [T:7] [PerfMonitor] Time:2025-12-29 14:29:45.500Z CPU=0.0% WS=59.78MB Managed=194.28MB Threads=33
[23:30:16.501 INF] [T:7] [PerfMonitor] Time:2025-12-29 14:30:15.500Z CPU=0.0% WS=59.77MB Managed=194.73MB Threads=32
[23:30:46.501 INF] [T:7] [PerfMonitor] Time:2025-12-29 14:30:45.499Z CPU=0.0% WS=59.77MB Managed=195.16MB Threads=32
[23:31:16.500 INF] [T:7] [PerfMonitor] Time:2025-12-29 14:31:15.499Z CPU=0.0% WS=59.77MB Managed=195.58MB Threads=32
[23:31:46.500 INF] [T:7] [PerfMonitor] Time:2025-12-29 14:31:45.499Z CPU=0.0% WS=59.78MB Managed=196.03MB Threads=33
[23:32:16.500 INF] [T:7] [PerfMonitor] Time:2025-12-29 14:32:15.498Z CPU=0.0% WS=59.78MB Managed=196.47MB Threads=33
[23:48:35.988 INF] [T:7] [PerfMonitor] Time:2025-12-29 14:48:34.989Z CPU=0.0% WS=59.78MB Managed=196.90MB Threads=32
[23:49:06.001 INF] [T:7] [PerfMonitor] Time:2025-12-29 14:49:05.002Z CPU=0.0% WS=59.80MB Managed=197.34MB Threads=33
