[18:07:21.727 INF] [T:1] [Rank] Logger setup was successful: Rank
[18:07:21.865 DBG] [T:1] [Rank] Discover commands: [3003, 3002, 3001, 3000, 1000]
[18:07:21.866 INF] [T:1] [Rank] The server Rank is initialized.
[18:07:22.121 DBG] [T:1] [Rank] [Daily] Reward loaded. season="Daily"/1, uid=1, rank=2, score=30, isRewarded=false, item=[0:0:70]
[18:07:22.121 DBG] [T:1] [Rank] [Daily] Reward loaded. season="Daily"/1, uid=2, rank=1, score=40, isRewarded=false, item=[0:0:100]
[18:07:22.121 DBG] [T:1] [Rank] [Daily] Reward loaded. season="Daily"/1, uid=1000001, rank=3, score=10, isRewarded=false, item=[0:0:50]
[18:07:22.121 DBG] [T:1] [Rank] [Daily] Reward loaded. season="Daily"/12, uid=1000001, rank=1, score=30, isRewarded=false, item=[0:0:100]
[18:07:22.133 INF] [T:1] [Rank] [Daily] Season loaded. kind="Daily", num=69, state="Running", start="2026-01-29T00:00:00.0000000+09:00", end="2026-01-30T00:00:00.0000000+09:00"
[18:07:22.135 INF] [T:1] [Rank] Listener (0.0.0.0:20000:"Tcp") was started.
[18:07:22.138 INF] [T:1] [Rank] The server instance Rank was been started!
[18:07:22.183 DBG] [T:12] [Rank] [Daily] Reward loaded. season="Daily"/1, uid=1, rank=2, score=30, isRewarded=false, item=[0:0:70]
[18:07:22.183 DBG] [T:12] [Rank] [Daily] Reward loaded. season="Daily"/1, uid=2, rank=1, score=40, isRewarded=false, item=[0:0:100]
[18:07:22.183 DBG] [T:12] [Rank] [Daily] Reward loaded. season="Daily"/1, uid=1000001, rank=3, score=10, isRewarded=false, item=[0:0:50]
[18:07:22.183 DBG] [T:12] [Rank] [Daily] Reward loaded. season="Daily"/12, uid=1000001, rank=1, score=30, isRewarded=false, item=[0:0:100]
[18:07:22.277 INF] [T:12] [Rank] [Daily] Next season scheduled. kind="Daily", num=70, start="2026-01-30T00:00:00.0000000+00:00", end="2026-01-31T00:00:00.0000000+00:00"
[18:07:51.874 INF] [T:7] [PerfMonitor] Time:2026-01-30 09:07:51.868Z CPU=0.0% WS=72.67MB Managed=193.06MB Threads=35
[18:07:52.945 DBG] [T:27] [Rank] A new session connected. sessionId=072a4f49-b6f3-48a9-9ad3-e2a7b2cece24, remoteEndPoint=127.0.0.1:57049
[18:07:53.000 DBG] [T:27] [Rank] Session authentication succeeded. sessionId=072a4f49-b6f3-48a9-9ad3-e2a7b2cece24, peerId=1
[18:07:53.040 INF] [T:11] [Rank] Server Game registered.
[18:08:21.870 INF] [T:7] [PerfMonitor] Time:2026-01-30 09:08:20.868Z CPU=0.0% WS=79.34MB Managed=194.62MB Threads=34
[18:08:51.868 INF] [T:7] [PerfMonitor] Time:2026-01-30 09:08:51.868Z CPU=0.0% WS=81.33MB Managed=195.10MB Threads=33
[18:09:21.868 INF] [T:7] [PerfMonitor] Time:2026-01-30 09:09:20.868Z CPU=0.0% WS=80.92MB Managed=192.89MB Threads=35
[18:09:51.869 INF] [T:7] [PerfMonitor] Time:2026-01-30 09:09:50.868Z CPU=0.0% WS=73.94MB Managed=193.44MB Threads=32
[18:10:21.869 INF] [T:7] [PerfMonitor] Time:2026-01-30 09:10:20.868Z CPU=0.0% WS=79.50MB Managed=193.88MB Threads=32
[18:10:51.869 INF] [T:7] [PerfMonitor] Time:2026-01-30 09:10:50.868Z CPU=0.0% WS=80.98MB Managed=194.43MB Threads=32
[18:11:21.869 INF] [T:7] [PerfMonitor] Time:2026-01-30 09:11:20.869Z CPU=0.0% WS=82.77MB Managed=194.85MB Threads=32
[18:11:51.868 INF] [T:7] [PerfMonitor] Time:2026-01-30 09:11:50.869Z CPU=0.0% WS=83.44MB Managed=195.31MB Threads=32
[18:12:21.869 INF] [T:7] [PerfMonitor] Time:2026-01-30 09:12:20.870Z CPU=0.0% WS=82.58MB Managed=195.76MB Threads=32
[18:12:51.870 INF] [T:7] [PerfMonitor] Time:2026-01-30 09:12:50.870Z CPU=0.0% WS=85.31MB Managed=196.22MB Threads=33
[18:13:21.870 INF] [T:7] [PerfMonitor] Time:2026-01-30 09:13:21.869Z CPU=0.0% WS=85.41MB Managed=196.68MB Threads=31
[18:13:51.870 INF] [T:7] [PerfMonitor] Time:2026-01-30 09:13:50.870Z CPU=0.0% WS=82.03MB Managed=197.13MB Threads=33
[18:14:21.871 INF] [T:7] [PerfMonitor] Time:2026-01-30 09:14:20.870Z CPU=0.0% WS=82.05MB Managed=197.58MB Threads=32
[18:14:51.870 INF] [T:7] [PerfMonitor] Time:2026-01-30 09:14:50.869Z CPU=0.0% WS=82.27MB Managed=198.02MB Threads=32
[18:15:21.870 INF] [T:7] [PerfMonitor] Time:2026-01-30 09:15:20.870Z CPU=0.0% WS=82.83MB Managed=198.46MB Threads=32
[18:15:51.871 INF] [T:7] [PerfMonitor] Time:2026-01-30 09:15:50.870Z CPU=0.0% WS=83.36MB Managed=198.93MB Threads=32
[18:16:21.871 INF] [T:7] [PerfMonitor] Time:2026-01-30 09:16:20.871Z CPU=0.0% WS=83.84MB Managed=199.36MB Threads=33
[18:16:51.871 INF] [T:7] [PerfMonitor] Time:2026-01-30 09:16:50.871Z CPU=0.0% WS=85.42MB Managed=199.82MB Threads=32
[18:17:21.872 INF] [T:7] [PerfMonitor] Time:2026-01-30 09:17:20.870Z CPU=0.0% WS=79.52MB Managed=200.25MB Threads=32
[18:17:51.871 INF] [T:7] [PerfMonitor] Time:2026-01-30 09:17:50.871Z CPU=0.0% WS=82.80MB Managed=192.79MB Threads=32
[18:18:21.870 INF] [T:7] [PerfMonitor] Time:2026-01-30 09:18:20.871Z CPU=0.0% WS=83.20MB Managed=193.25MB Threads=32
[18:18:51.872 INF] [T:7] [PerfMonitor] Time:2026-01-30 09:18:50.872Z CPU=0.0% WS=83.22MB Managed=193.69MB Threads=32
[18:19:21.871 INF] [T:7] [PerfMonitor] Time:2026-01-30 09:19:20.872Z CPU=0.0% WS=83.22MB Managed=194.12MB Threads=32
[18:19:51.872 INF] [T:7] [PerfMonitor] Time:2026-01-30 09:19:50.872Z CPU=0.0% WS=83.33MB Managed=194.59MB Threads=33
[18:20:21.872 INF] [T:7] [PerfMonitor] Time:2026-01-30 09:20:20.872Z CPU=0.0% WS=83.44MB Managed=195.07MB Threads=32
[18:20:51.872 INF] [T:7] [PerfMonitor] Time:2026-01-30 09:20:50.873Z CPU=0.0% WS=83.45MB Managed=195.53MB Threads=32
[18:21:21.873 INF] [T:7] [PerfMonitor] Time:2026-01-30 09:21:20.873Z CPU=0.0% WS=83.70MB Managed=195.96MB Threads=31
[18:21:51.872 INF] [T:7] [PerfMonitor] Time:2026-01-30 09:21:50.873Z CPU=0.0% WS=83.73MB Managed=196.39MB Threads=32
[18:22:21.873 INF] [T:7] [PerfMonitor] Time:2026-01-30 09:22:20.872Z CPU=0.0% WS=83.78MB Managed=196.87MB Threads=35
[18:22:51.873 INF] [T:7] [PerfMonitor] Time:2026-01-30 09:22:50.873Z CPU=0.0% WS=83.81MB Managed=197.33MB Threads=33
[18:23:21.873 INF] [T:7] [PerfMonitor] Time:2026-01-30 09:23:20.873Z CPU=0.0% WS=83.89MB Managed=197.80MB Threads=32
[18:23:51.875 INF] [T:7] [PerfMonitor] Time:2026-01-30 09:23:50.873Z CPU=0.0% WS=83.92MB Managed=198.24MB Threads=32
[18:24:21.873 INF] [T:7] [PerfMonitor] Time:2026-01-30 09:24:20.873Z CPU=0.0% WS=84.02MB Managed=198.68MB Threads=32
[18:24:51.874 INF] [T:7] [PerfMonitor] Time:2026-01-30 09:24:50.873Z CPU=0.0% WS=84.03MB Managed=199.12MB Threads=33
[18:25:21.873 INF] [T:7] [PerfMonitor] Time:2026-01-30 09:25:20.874Z CPU=0.0% WS=84.02MB Managed=199.56MB Threads=32
[18:25:51.874 INF] [T:7] [PerfMonitor] Time:2026-01-30 09:25:50.874Z CPU=0.0% WS=84.03MB Managed=200.02MB Threads=32
[18:26:21.873 INF] [T:7] [PerfMonitor] Time:2026-01-30 09:26:20.874Z CPU=0.0% WS=84.08MB Managed=192.76MB Threads=32
[18:26:51.873 INF] [T:7] [PerfMonitor] Time:2026-01-30 09:26:50.889Z CPU=0.0% WS=84.12MB Managed=193.21MB Threads=33
[18:27:21.874 INF] [T:7] [PerfMonitor] Time:2026-01-30 09:27:20.873Z CPU=0.0% WS=84.09MB Managed=193.65MB Threads=32
[18:27:51.874 INF] [T:7] [PerfMonitor] Time:2026-01-30 09:27:51.874Z CPU=0.0% WS=84.11MB Managed=194.13MB Threads=33
[18:28:21.875 INF] [T:7] [PerfMonitor] Time:2026-01-30 09:28:20.875Z CPU=0.0% WS=84.16MB Managed=194.58MB Threads=33
[18:28:51.875 INF] [T:7] [PerfMonitor] Time:2026-01-30 09:28:50.875Z CPU=0.0% WS=84.14MB Managed=195.01MB Threads=32
[18:29:21.875 INF] [T:7] [PerfMonitor] Time:2026-01-30 09:29:21.874Z CPU=0.0% WS=84.14MB Managed=195.45MB Threads=32
[18:29:51.874 INF] [T:7] [PerfMonitor] Time:2026-01-30 09:29:50.875Z CPU=0.0% WS=84.14MB Managed=195.89MB Threads=32
[18:30:21.875 INF] [T:7] [PerfMonitor] Time:2026-01-30 09:30:20.875Z CPU=0.0% WS=84.14MB Managed=196.31MB Threads=32
[18:30:51.875 INF] [T:7] [PerfMonitor] Time:2026-01-30 09:30:50.875Z CPU=0.0% WS=84.14MB Managed=196.76MB Threads=32
[18:31:21.877 INF] [T:7] [PerfMonitor] Time:2026-01-30 09:31:20.876Z CPU=0.0% WS=84.14MB Managed=197.18MB Threads=32
[18:31:51.879 INF] [T:7] [PerfMonitor] Time:2026-01-30 09:31:50.878Z CPU=0.0% WS=84.23MB Managed=197.65MB Threads=33
[18:32:21.879 INF] [T:7] [PerfMonitor] Time:2026-01-30 09:32:20.878Z CPU=0.0% WS=84.05MB Managed=198.08MB Threads=32
[18:32:51.879 INF] [T:7] [PerfMonitor] Time:2026-01-30 09:32:50.879Z CPU=0.0% WS=83.28MB Managed=198.53MB Threads=33
[18:33:21.879 INF] [T:7] [PerfMonitor] Time:2026-01-30 09:33:20.879Z CPU=0.0% WS=73.70MB Managed=198.96MB Threads=32
[18:33:51.880 INF] [T:7] [PerfMonitor] Time:2026-01-30 09:33:50.879Z CPU=0.0% WS=56.78MB Managed=199.43MB Threads=32
[18:34:21.880 INF] [T:7] [PerfMonitor] Time:2026-01-30 09:34:20.879Z CPU=0.0% WS=58.45MB Managed=199.87MB Threads=33
[18:34:51.879 INF] [T:7] [PerfMonitor] Time:2026-01-30 09:34:50.880Z CPU=0.0% WS=58.80MB Managed=200.32MB Threads=33
[18:35:21.880 INF] [T:7] [PerfMonitor] Time:2026-01-30 09:35:20.880Z CPU=0.0% WS=63.75MB Managed=193.14MB Threads=34
[18:35:51.880 INF] [T:7] [PerfMonitor] Time:2026-01-30 09:35:50.880Z CPU=0.0% WS=66.56MB Managed=193.64MB Threads=32
[18:36:21.880 INF] [T:7] [PerfMonitor] Time:2026-01-30 09:36:20.880Z CPU=0.0% WS=70.36MB Managed=194.07MB Threads=32
[18:36:51.881 INF] [T:7] [PerfMonitor] Time:2026-01-30 09:36:50.880Z CPU=0.0% WS=70.39MB Managed=194.50MB Threads=33
[18:37:21.881 INF] [T:7] [PerfMonitor] Time:2026-01-30 09:37:20.881Z CPU=0.0% WS=70.83MB Managed=194.95MB Threads=32
[18:37:51.881 INF] [T:7] [PerfMonitor] Time:2026-01-30 09:37:50.881Z CPU=0.0% WS=72.20MB Managed=195.40MB Threads=33
[18:38:21.881 INF] [T:7] [PerfMonitor] Time:2026-01-30 09:38:20.881Z CPU=0.0% WS=73.50MB Managed=195.84MB Threads=32
[18:38:51.881 INF] [T:7] [PerfMonitor] Time:2026-01-30 09:38:51.881Z CPU=0.0% WS=74.38MB Managed=196.31MB Threads=32
[18:39:21.882 INF] [T:7] [PerfMonitor] Time:2026-01-30 09:39:20.881Z CPU=0.0% WS=74.45MB Managed=196.74MB Threads=33
[18:39:51.882 INF] [T:7] [PerfMonitor] Time:2026-01-30 09:39:50.882Z CPU=0.0% WS=74.44MB Managed=197.18MB Threads=32
[18:40:21.882 INF] [T:7] [PerfMonitor] Time:2026-01-30 09:40:20.881Z CPU=0.0% WS=74.44MB Managed=197.60MB Threads=32
[18:40:51.882 INF] [T:7] [PerfMonitor] Time:2026-01-30 09:40:50.882Z CPU=0.0% WS=74.45MB Managed=198.04MB Threads=32
[18:41:21.883 INF] [T:7] [PerfMonitor] Time:2026-01-30 09:41:20.883Z CPU=0.0% WS=73.83MB Managed=198.49MB Threads=33
[18:41:51.883 INF] [T:7] [PerfMonitor] Time:2026-01-30 09:41:50.883Z CPU=0.0% WS=73.80MB Managed=198.94MB Threads=32
[18:42:21.883 INF] [T:7] [PerfMonitor] Time:2026-01-30 09:42:20.883Z CPU=0.0% WS=73.80MB Managed=199.36MB Threads=32
[18:42:51.883 INF] [T:7] [PerfMonitor] Time:2026-01-30 09:42:50.883Z CPU=0.0% WS=73.80MB Managed=199.80MB Threads=32
[18:43:21.884 INF] [T:7] [PerfMonitor] Time:2026-01-30 09:43:20.883Z CPU=0.0% WS=74.00MB Managed=200.22MB Threads=32
[18:43:51.884 INF] [T:7] [PerfMonitor] Time:2026-01-30 09:43:51.884Z CPU=0.0% WS=74.42MB Managed=192.97MB Threads=32
[18:44:21.883 INF] [T:7] [PerfMonitor] Time:2026-01-30 09:44:20.883Z CPU=0.0% WS=74.42MB Managed=193.39MB Threads=32
[18:44:51.884 INF] [T:7] [PerfMonitor] Time:2026-01-30 09:44:50.884Z CPU=0.0% WS=71.84MB Managed=193.84MB Threads=33
[18:45:21.883 INF] [T:7] [PerfMonitor] Time:2026-01-30 09:45:20.885Z CPU=0.0% WS=71.83MB Managed=194.27MB Threads=32
[18:45:51.884 INF] [T:7] [PerfMonitor] Time:2026-01-30 09:45:50.883Z CPU=0.0% WS=71.98MB Managed=194.74MB Threads=33
[18:46:21.885 INF] [T:7] [PerfMonitor] Time:2026-01-30 09:46:20.885Z CPU=0.0% WS=71.98MB Managed=195.19MB Threads=33
[18:46:51.885 INF] [T:7] [PerfMonitor] Time:2026-01-30 09:46:50.885Z CPU=0.0% WS=72.00MB Managed=195.65MB Threads=33
[18:47:21.885 INF] [T:7] [PerfMonitor] Time:2026-01-30 09:47:20.885Z CPU=0.0% WS=72.02MB Managed=196.08MB Threads=33
[18:47:51.886 INF] [T:7] [PerfMonitor] Time:2026-01-30 09:47:50.886Z CPU=0.0% WS=73.23MB Managed=196.54MB Threads=32
[18:48:21.885 INF] [T:7] [PerfMonitor] Time:2026-01-30 09:48:20.886Z CPU=0.0% WS=73.23MB Managed=196.97MB Threads=32
[18:48:51.886 INF] [T:7] [PerfMonitor] Time:2026-01-30 09:48:50.886Z CPU=0.0% WS=73.23MB Managed=197.44MB Threads=32
[18:49:21.886 INF] [T:7] [PerfMonitor] Time:2026-01-30 09:49:20.886Z CPU=0.0% WS=73.47MB Managed=197.88MB Threads=32
[18:49:51.886 INF] [T:7] [PerfMonitor] Time:2026-01-30 09:49:50.886Z CPU=0.0% WS=73.48MB Managed=198.31MB Threads=32
[18:50:21.886 INF] [T:7] [PerfMonitor] Time:2026-01-30 09:50:20.886Z CPU=0.0% WS=73.48MB Managed=198.75MB Threads=32
[18:50:51.886 INF] [T:7] [PerfMonitor] Time:2026-01-30 09:50:50.887Z CPU=0.0% WS=73.48MB Managed=199.20MB Threads=32
[18:51:21.886 INF] [T:7] [PerfMonitor] Time:2026-01-30 09:51:20.886Z CPU=0.0% WS=73.52MB Managed=199.64MB Threads=33
[18:51:51.886 INF] [T:7] [PerfMonitor] Time:2026-01-30 09:51:50.887Z CPU=0.0% WS=73.50MB Managed=200.08MB Threads=32
[18:52:21.887 INF] [T:7] [PerfMonitor] Time:2026-01-30 09:52:20.886Z CPU=0.0% WS=73.50MB Managed=200.52MB Threads=32
[18:52:51.887 INF] [T:7] [PerfMonitor] Time:2026-01-30 09:52:50.888Z CPU=0.0% WS=67.98MB Managed=193.28MB Threads=32
[18:53:21.887 INF] [T:7] [PerfMonitor] Time:2026-01-30 09:53:20.888Z CPU=0.0% WS=69.11MB Managed=193.73MB Threads=33
[18:53:51.888 INF] [T:7] [PerfMonitor] Time:2026-01-30 09:53:50.888Z CPU=0.0% WS=70.03MB Managed=194.20MB Threads=33
[18:54:21.888 INF] [T:7] [PerfMonitor] Time:2026-01-30 09:54:20.888Z CPU=0.0% WS=70.66MB Managed=194.66MB Threads=33
[18:54:51.887 INF] [T:7] [PerfMonitor] Time:2026-01-30 09:54:50.888Z CPU=0.0% WS=70.67MB Managed=195.11MB Threads=32
[18:55:21.888 INF] [T:7] [PerfMonitor] Time:2026-01-30 09:55:20.888Z CPU=0.0% WS=70.72MB Managed=195.57MB Threads=34
[18:55:51.889 INF] [T:7] [PerfMonitor] Time:2026-01-30 09:55:50.888Z CPU=0.0% WS=71.19MB Managed=196.03MB Threads=33
[18:56:21.889 INF] [T:7] [PerfMonitor] Time:2026-01-30 09:56:20.889Z CPU=0.0% WS=71.17MB Managed=196.49MB Threads=32
[18:56:51.889 INF] [T:7] [PerfMonitor] Time:2026-01-30 09:56:50.889Z CPU=0.0% WS=71.66MB Managed=196.95MB Threads=35
[18:57:21.890 INF] [T:7] [PerfMonitor] Time:2026-01-30 09:57:20.889Z CPU=0.0% WS=64.50MB Managed=197.39MB Threads=32
[18:57:51.889 INF] [T:7] [PerfMonitor] Time:2026-01-30 09:57:50.889Z CPU=0.0% WS=65.22MB Managed=197.86MB Threads=34
[18:58:21.890 INF] [T:7] [PerfMonitor] Time:2026-01-30 09:58:20.889Z CPU=0.0% WS=65.81MB Managed=198.31MB Threads=33
[18:58:51.889 INF] [T:7] [PerfMonitor] Time:2026-01-30 09:58:50.890Z CPU=0.0% WS=66.44MB Managed=198.74MB Threads=32
[18:59:21.890 INF] [T:7] [PerfMonitor] Time:2026-01-30 09:59:20.890Z CPU=0.0% WS=69.27MB Managed=199.22MB Threads=33
[18:59:51.890 INF] [T:7] [PerfMonitor] Time:2026-01-30 09:59:50.890Z CPU=0.0% WS=69.70MB Managed=199.66MB Threads=32
[19:00:21.891 INF] [T:7] [PerfMonitor] Time:2026-01-30 10:00:20.891Z CPU=0.0% WS=70.23MB Managed=200.10MB Threads=33
[19:00:51.891 INF] [T:7] [PerfMonitor] Time:2026-01-30 10:00:50.891Z CPU=0.0% WS=70.22MB Managed=200.53MB Threads=32
[19:01:21.891 INF] [T:7] [PerfMonitor] Time:2026-01-30 10:01:20.891Z CPU=0.0% WS=71.09MB Managed=193.29MB Threads=32
[19:01:51.891 INF] [T:7] [PerfMonitor] Time:2026-01-30 10:01:50.891Z CPU=0.0% WS=71.11MB Managed=193.76MB Threads=33
[19:02:21.891 INF] [T:7] [PerfMonitor] Time:2026-01-30 10:02:20.892Z CPU=0.0% WS=71.09MB Managed=194.20MB Threads=32
[19:02:51.892 INF] [T:7] [PerfMonitor] Time:2026-01-30 10:02:50.892Z CPU=0.0% WS=70.83MB Managed=194.63MB Threads=32
[19:03:21.891 INF] [T:7] [PerfMonitor] Time:2026-01-30 10:03:20.892Z CPU=0.0% WS=70.70MB Managed=195.07MB Threads=32
[19:03:51.893 INF] [T:7] [PerfMonitor] Time:2026-01-30 10:03:50.893Z CPU=0.0% WS=70.83MB Managed=195.54MB Threads=33
[19:04:21.893 INF] [T:7] [PerfMonitor] Time:2026-01-30 10:04:20.893Z CPU=0.0% WS=70.84MB Managed=195.97MB Threads=33
[19:04:51.894 INF] [T:7] [PerfMonitor] Time:2026-01-30 10:04:50.893Z CPU=0.0% WS=70.88MB Managed=196.45MB Threads=33
[19:05:21.893 INF] [T:7] [PerfMonitor] Time:2026-01-30 10:05:20.893Z CPU=0.0% WS=70.86MB Managed=196.89MB Threads=32
[19:05:51.892 INF] [T:7] [PerfMonitor] Time:2026-01-30 10:05:50.892Z CPU=0.0% WS=70.33MB Managed=197.34MB Threads=32
[19:06:21.892 INF] [T:7] [PerfMonitor] Time:2026-01-30 10:06:21.892Z CPU=0.0% WS=70.34MB Managed=197.80MB Threads=33
[19:06:51.892 INF] [T:7] [PerfMonitor] Time:2026-01-30 10:06:50.893Z CPU=0.0% WS=70.34MB Managed=198.24MB Threads=33
[19:07:21.892 INF] [T:7] [PerfMonitor] Time:2026-01-30 10:07:20.893Z CPU=0.0% WS=70.42MB Managed=198.69MB Threads=33
[19:07:51.894 INF] [T:7] [PerfMonitor] Time:2026-01-30 10:07:50.894Z CPU=0.0% WS=70.62MB Managed=199.15MB Threads=33
[19:08:21.893 INF] [T:7] [PerfMonitor] Time:2026-01-30 10:08:20.894Z CPU=0.0% WS=70.62MB Managed=199.60MB Threads=33
[19:08:51.893 INF] [T:7] [PerfMonitor] Time:2026-01-30 10:08:50.894Z CPU=0.0% WS=71.08MB Managed=200.04MB Threads=33
[19:09:21.894 INF] [T:7] [PerfMonitor] Time:2026-01-30 10:09:20.894Z CPU=0.0% WS=70.64MB Managed=200.50MB Threads=33
[19:09:51.892 INF] [T:7] [PerfMonitor] Time:2026-01-30 10:09:50.892Z CPU=0.0% WS=71.55MB Managed=193.28MB Threads=33
[19:10:21.892 INF] [T:7] [PerfMonitor] Time:2026-01-30 10:10:20.893Z CPU=0.0% WS=71.55MB Managed=193.74MB Threads=33
[19:10:51.891 INF] [T:7] [PerfMonitor] Time:2026-01-30 10:10:50.893Z CPU=0.0% WS=71.55MB Managed=194.20MB Threads=33
[19:11:21.892 INF] [T:7] [PerfMonitor] Time:2026-01-30 10:11:20.893Z CPU=0.0% WS=71.55MB Managed=194.65MB Threads=33
[19:11:51.893 INF] [T:7] [PerfMonitor] Time:2026-01-30 10:11:50.892Z CPU=0.0% WS=71.47MB Managed=195.12MB Threads=33
[19:12:21.894 INF] [T:7] [PerfMonitor] Time:2026-01-30 10:12:20.893Z CPU=0.0% WS=71.47MB Managed=195.56MB Threads=33
[19:12:51.893 INF] [T:7] [PerfMonitor] Time:2026-01-30 10:12:50.893Z CPU=0.0% WS=71.47MB Managed=196.02MB Threads=33
[19:13:21.894 INF] [T:7] [PerfMonitor] Time:2026-01-30 10:13:20.893Z CPU=0.0% WS=71.45MB Managed=196.46MB Threads=32
[19:13:51.893 INF] [T:7] [PerfMonitor] Time:2026-01-30 10:13:50.893Z CPU=0.0% WS=71.45MB Managed=196.91MB Threads=32
[19:14:21.894 INF] [T:7] [PerfMonitor] Time:2026-01-30 10:14:20.893Z CPU=0.0% WS=71.44MB Managed=197.33MB Threads=32
[19:14:51.894 INF] [T:7] [PerfMonitor] Time:2026-01-30 10:14:50.894Z CPU=0.0% WS=71.64MB Managed=197.79MB Threads=33
[19:15:21.894 INF] [T:7] [PerfMonitor] Time:2026-01-30 10:15:20.894Z CPU=0.0% WS=71.62MB Managed=198.25MB Threads=32
[19:15:51.896 INF] [T:7] [PerfMonitor] Time:2026-01-30 10:15:50.895Z CPU=0.0% WS=71.67MB Managed=198.73MB Threads=33
[19:16:21.896 INF] [T:7] [PerfMonitor] Time:2026-01-30 10:16:20.896Z CPU=0.0% WS=71.59MB Managed=199.18MB Threads=33
[19:16:51.896 INF] [T:7] [PerfMonitor] Time:2026-01-30 10:16:50.894Z CPU=0.0% WS=71.58MB Managed=199.63MB Threads=33
[19:17:21.894 INF] [T:7] [PerfMonitor] Time:2026-01-30 10:17:20.895Z CPU=0.0% WS=71.56MB Managed=200.06MB Threads=32
[19:17:51.896 INF] [T:7] [PerfMonitor] Time:2026-01-30 10:17:51.896Z CPU=0.0% WS=71.58MB Managed=200.52MB Threads=33
[19:18:21.896 INF] [T:7] [PerfMonitor] Time:2026-01-30 10:18:20.896Z CPU=0.0% WS=71.66MB Managed=193.31MB Threads=33
[19:18:51.896 INF] [T:7] [PerfMonitor] Time:2026-01-30 10:18:50.895Z CPU=0.0% WS=71.66MB Managed=193.76MB Threads=33
[19:19:21.895 INF] [T:7] [PerfMonitor] Time:2026-01-30 10:19:20.897Z CPU=0.0% WS=71.66MB Managed=194.21MB Threads=33
[19:19:51.895 INF] [T:7] [PerfMonitor] Time:2026-01-30 10:19:51.895Z CPU=0.0% WS=71.66MB Managed=194.68MB Threads=32
[19:20:21.895 INF] [T:7] [PerfMonitor] Time:2026-01-30 10:20:20.896Z CPU=0.0% WS=72.00MB Managed=195.13MB Threads=35
[19:20:51.895 INF] [T:7] [PerfMonitor] Time:2026-01-30 10:20:50.896Z CPU=0.0% WS=71.97MB Managed=195.59MB Threads=32
[19:21:21.896 INF] [T:7] [PerfMonitor] Time:2026-01-30 10:21:20.896Z CPU=0.0% WS=64.95MB Managed=196.03MB Threads=32
[19:21:51.897 INF] [T:7] [PerfMonitor] Time:2026-01-30 10:21:50.897Z CPU=0.0% WS=60.42MB Managed=196.48MB Threads=33
[19:22:21.897 INF] [T:7] [PerfMonitor] Time:2026-01-30 10:22:20.897Z CPU=0.0% WS=58.44MB Managed=196.94MB Threads=33
[19:22:51.896 INF] [T:7] [PerfMonitor] Time:2026-01-30 10:22:50.896Z CPU=0.0% WS=58.05MB Managed=197.39MB Threads=33
[19:23:21.896 INF] [T:7] [PerfMonitor] Time:2026-01-30 10:23:20.897Z CPU=0.0% WS=58.48MB Managed=197.85MB Threads=33
[19:23:51.897 INF] [T:7] [PerfMonitor] Time:2026-01-30 10:23:50.896Z CPU=0.0% WS=56.44MB Managed=198.32MB Threads=33
[19:24:21.897 INF] [T:7] [PerfMonitor] Time:2026-01-30 10:24:20.897Z CPU=0.0% WS=56.92MB Managed=198.78MB Threads=33
[19:24:51.896 INF] [T:7] [PerfMonitor] Time:2026-01-30 10:24:50.897Z CPU=0.0% WS=57.38MB Managed=199.22MB Threads=33
[19:25:21.897 INF] [T:7] [PerfMonitor] Time:2026-01-30 10:25:20.897Z CPU=0.0% WS=67.58MB Managed=199.67MB Threads=32
[19:25:51.897 INF] [T:7] [PerfMonitor] Time:2026-01-30 10:25:50.897Z CPU=0.0% WS=63.53MB Managed=200.14MB Threads=34
[19:26:21.897 INF] [T:7] [PerfMonitor] Time:2026-01-30 10:26:21.897Z CPU=0.0% WS=64.02MB Managed=200.61MB Threads=33
[19:26:51.898 INF] [T:7] [PerfMonitor] Time:2026-01-30 10:26:50.897Z CPU=0.0% WS=69.44MB Managed=193.42MB Threads=33
[19:27:21.898 INF] [T:7] [PerfMonitor] Time:2026-01-30 10:27:20.898Z CPU=0.0% WS=69.41MB Managed=193.89MB Threads=33
[19:27:51.897 INF] [T:7] [PerfMonitor] Time:2026-01-30 10:27:50.898Z CPU=0.0% WS=69.42MB Managed=194.33MB Threads=32
[19:28:21.897 INF] [T:7] [PerfMonitor] Time:2026-01-30 10:28:20.899Z CPU=0.0% WS=69.42MB Managed=194.75MB Threads=32
[19:28:51.898 INF] [T:7] [PerfMonitor] Time:2026-01-30 10:28:50.898Z CPU=0.0% WS=69.33MB Managed=195.19MB Threads=32
[19:29:21.899 INF] [T:7] [PerfMonitor] Time:2026-01-30 10:29:20.898Z CPU=0.0% WS=69.36MB Managed=195.64MB Threads=34
[19:29:51.898 INF] [T:7] [PerfMonitor] Time:2026-01-30 10:29:50.898Z CPU=0.0% WS=69.36MB Managed=196.10MB Threads=33
[19:30:21.899 INF] [T:7] [PerfMonitor] Time:2026-01-30 10:30:20.899Z CPU=0.0% WS=69.72MB Managed=196.58MB Threads=34
[19:30:51.898 INF] [T:7] [PerfMonitor] Time:2026-01-30 10:30:50.898Z CPU=0.0% WS=69.70MB Managed=197.03MB Threads=33
[19:31:21.899 INF] [T:7] [PerfMonitor] Time:2026-01-30 10:31:20.899Z CPU=0.0% WS=69.75MB Managed=197.49MB Threads=33
[19:31:51.899 INF] [T:7] [PerfMonitor] Time:2026-01-30 10:31:50.899Z CPU=0.0% WS=69.84MB Managed=197.95MB Threads=32
[19:32:21.899 INF] [T:7] [PerfMonitor] Time:2026-01-30 10:32:20.899Z CPU=0.0% WS=69.89MB Managed=198.42MB Threads=34
[19:32:51.900 INF] [T:7] [PerfMonitor] Time:2026-01-30 10:32:50.900Z CPU=0.0% WS=69.89MB Managed=198.87MB Threads=33
[19:33:21.900 INF] [T:7] [PerfMonitor] Time:2026-01-30 10:33:20.899Z CPU=0.0% WS=69.89MB Managed=199.32MB Threads=33
[19:33:51.900 INF] [T:7] [PerfMonitor] Time:2026-01-30 10:33:50.902Z CPU=0.0% WS=69.72MB Managed=199.77MB Threads=33
[19:34:21.900 INF] [T:7] [PerfMonitor] Time:2026-01-30 10:34:20.900Z CPU=0.0% WS=68.38MB Managed=200.22MB Threads=32
[19:34:51.900 INF] [T:7] [PerfMonitor] Time:2026-01-30 10:34:50.901Z CPU=0.0% WS=68.38MB Managed=200.65MB Threads=32
[19:35:21.900 INF] [T:7] [PerfMonitor] Time:2026-01-30 10:35:20.900Z CPU=0.0% WS=70.09MB Managed=193.43MB Threads=33
[19:35:51.900 INF] [T:7] [PerfMonitor] Time:2026-01-30 10:35:50.901Z CPU=0.0% WS=63.42MB Managed=193.94MB Threads=33
[19:36:21.901 INF] [T:7] [PerfMonitor] Time:2026-01-30 10:36:21.901Z CPU=0.0% WS=63.44MB Managed=194.39MB Threads=33
[19:36:51.901 INF] [T:7] [PerfMonitor] Time:2026-01-30 10:36:50.902Z CPU=0.0% WS=58.22MB Managed=194.84MB Threads=33
[19:37:21.901 INF] [T:7] [PerfMonitor] Time:2026-01-30 10:37:20.901Z CPU=0.0% WS=58.67MB Managed=195.30MB Threads=33
[19:37:51.902 INF] [T:7] [PerfMonitor] Time:2026-01-30 10:37:50.901Z CPU=0.0% WS=60.09MB Managed=195.75MB Threads=32
[19:38:21.902 INF] [T:7] [PerfMonitor] Time:2026-01-30 10:38:20.902Z CPU=0.0% WS=60.56MB Managed=196.19MB Threads=32
[19:38:51.901 INF] [T:7] [PerfMonitor] Time:2026-01-30 10:38:50.902Z CPU=0.0% WS=60.59MB Managed=196.63MB Threads=32
[19:39:21.902 INF] [T:7] [PerfMonitor] Time:2026-01-30 10:39:20.901Z CPU=0.0% WS=60.89MB Managed=197.09MB Threads=33
[19:39:51.902 INF] [T:7] [PerfMonitor] Time:2026-01-30 10:39:51.902Z CPU=0.0% WS=61.34MB Managed=197.56MB Threads=33
[19:40:21.902 INF] [T:7] [PerfMonitor] Time:2026-01-30 10:40:20.901Z CPU=0.0% WS=61.30MB Managed=198.01MB Threads=33
[19:40:51.902 INF] [T:7] [PerfMonitor] Time:2026-01-30 10:40:50.903Z CPU=0.0% WS=60.06MB Managed=198.46MB Threads=33
[19:41:21.903 INF] [T:7] [PerfMonitor] Time:2026-01-30 10:41:20.902Z CPU=0.0% WS=60.56MB Managed=198.93MB Threads=34
[19:41:51.903 INF] [T:7] [PerfMonitor] Time:2026-01-30 10:41:50.903Z CPU=0.0% WS=60.08MB Managed=199.39MB Threads=32
[19:42:21.903 INF] [T:7] [PerfMonitor] Time:2026-01-30 10:42:20.903Z CPU=0.0% WS=60.16MB Managed=199.85MB Threads=32
[19:42:51.904 INF] [T:7] [PerfMonitor] Time:2026-01-30 10:42:51.903Z CPU=0.0% WS=59.12MB Managed=200.31MB Threads=32
[19:43:21.903 INF] [T:7] [PerfMonitor] Time:2026-01-30 10:43:20.903Z CPU=0.0% WS=58.77MB Managed=200.73MB Threads=33
[19:43:51.903 INF] [T:7] [PerfMonitor] Time:2026-01-30 10:43:50.904Z CPU=0.0% WS=63.61MB Managed=193.48MB Threads=33
[19:44:21.905 INF] [T:7] [PerfMonitor] Time:2026-01-30 10:44:20.904Z CPU=0.0% WS=63.61MB Managed=193.95MB Threads=33
[19:44:51.904 INF] [T:7] [PerfMonitor] Time:2026-01-30 10:44:50.904Z CPU=0.0% WS=63.45MB Managed=194.40MB Threads=33
[19:45:21.903 INF] [T:7] [PerfMonitor] Time:2026-01-30 10:45:20.903Z CPU=0.0% WS=56.31MB Managed=194.87MB Threads=32
[19:45:51.904 INF] [T:7] [PerfMonitor] Time:2026-01-30 10:45:50.904Z CPU=0.0% WS=60.31MB Managed=195.33MB Threads=32
[19:46:21.905 INF] [T:7] [PerfMonitor] Time:2026-01-30 10:46:20.905Z CPU=0.0% WS=60.31MB Managed=195.78MB Threads=32
[19:46:51.904 INF] [T:7] [PerfMonitor] Time:2026-01-30 10:46:50.905Z CPU=0.0% WS=60.34MB Managed=196.24MB Threads=32
[19:47:21.905 INF] [T:7] [PerfMonitor] Time:2026-01-30 10:47:20.905Z CPU=0.0% WS=60.36MB Managed=196.68MB Threads=33
[19:47:51.905 INF] [T:7] [PerfMonitor] Time:2026-01-30 10:47:50.904Z CPU=0.0% WS=60.95MB Managed=197.15MB Threads=34
[19:48:21.905 INF] [T:7] [PerfMonitor] Time:2026-01-30 10:48:20.905Z CPU=0.0% WS=60.97MB Managed=197.61MB Threads=33
[19:48:51.904 INF] [T:7] [PerfMonitor] Time:2026-01-30 10:48:50.904Z CPU=0.0% WS=60.50MB Managed=198.06MB Threads=32
[19:49:21.904 INF] [T:7] [PerfMonitor] Time:2026-01-30 10:49:20.904Z CPU=0.0% WS=60.95MB Managed=198.51MB Threads=32
[19:49:51.905 INF] [T:7] [PerfMonitor] Time:2026-01-30 10:49:50.904Z CPU=0.0% WS=63.09MB Managed=198.97MB Threads=33
[19:50:21.905 INF] [T:7] [PerfMonitor] Time:2026-01-30 10:50:20.905Z CPU=0.0% WS=48.86MB Managed=199.43MB Threads=34
[19:50:51.906 INF] [T:7] [PerfMonitor] Time:2026-01-30 10:50:50.905Z CPU=0.0% WS=50.64MB Managed=199.87MB Threads=32
[19:51:21.906 INF] [T:7] [PerfMonitor] Time:2026-01-30 10:51:20.905Z CPU=0.0% WS=59.81MB Managed=200.31MB Threads=32
[19:51:51.906 INF] [T:7] [PerfMonitor] Time:2026-01-30 10:51:50.906Z CPU=0.0% WS=60.33MB Managed=200.75MB Threads=32
[19:52:21.905 INF] [T:7] [PerfMonitor] Time:2026-01-30 10:52:20.906Z CPU=0.0% WS=66.42MB Managed=193.53MB Threads=33
[19:52:51.905 INF] [T:7] [PerfMonitor] Time:2026-01-30 10:52:50.905Z CPU=0.0% WS=66.72MB Managed=193.99MB Threads=33
[19:53:21.906 INF] [T:7] [PerfMonitor] Time:2026-01-30 10:53:20.905Z CPU=0.0% WS=66.72MB Managed=194.44MB Threads=33
[19:53:51.906 INF] [T:7] [PerfMonitor] Time:2026-01-30 10:53:50.906Z CPU=0.0% WS=66.88MB Managed=194.89MB Threads=32
[19:54:21.906 INF] [T:7] [PerfMonitor] Time:2026-01-30 10:54:20.906Z CPU=0.0% WS=66.88MB Managed=195.31MB Threads=32
[19:54:51.907 INF] [T:7] [PerfMonitor] Time:2026-01-30 10:54:50.906Z CPU=0.0% WS=66.88MB Managed=195.74MB Threads=32
[19:55:21.907 INF] [T:7] [PerfMonitor] Time:2026-01-30 10:55:20.906Z CPU=0.0% WS=66.89MB Managed=196.19MB Threads=33
[19:55:51.907 INF] [T:7] [PerfMonitor] Time:2026-01-30 10:55:50.907Z CPU=0.0% WS=66.88MB Managed=196.66MB Threads=32
[19:56:21.907 INF] [T:7] [PerfMonitor] Time:2026-01-30 10:56:20.907Z CPU=0.0% WS=66.95MB Managed=197.11MB Threads=33
[19:56:51.908 INF] [T:7] [PerfMonitor] Time:2026-01-30 10:56:50.908Z CPU=0.0% WS=66.78MB Managed=197.55MB Threads=32
[19:57:21.908 INF] [T:7] [PerfMonitor] Time:2026-01-30 10:57:20.907Z CPU=0.0% WS=66.80MB Managed=198.00MB Threads=33
[19:57:51.908 INF] [T:7] [PerfMonitor] Time:2026-01-30 10:57:50.907Z CPU=0.0% WS=66.80MB Managed=198.46MB Threads=33
[19:58:21.908 INF] [T:7] [PerfMonitor] Time:2026-01-30 10:58:20.907Z CPU=0.0% WS=66.80MB Managed=198.91MB Threads=32
[19:58:51.908 INF] [T:7] [PerfMonitor] Time:2026-01-30 10:58:50.907Z CPU=0.0% WS=66.81MB Managed=199.36MB Threads=33
[19:59:21.908 INF] [T:7] [PerfMonitor] Time:2026-01-30 10:59:20.909Z CPU=0.0% WS=66.89MB Managed=199.79MB Threads=32
[19:59:51.908 INF] [T:7] [PerfMonitor] Time:2026-01-30 10:59:50.908Z CPU=0.0% WS=66.91MB Managed=200.24MB Threads=33
[20:00:21.909 INF] [T:7] [PerfMonitor] Time:2026-01-30 11:00:20.908Z CPU=0.0% WS=65.70MB Managed=200.70MB Threads=32
[20:00:52.151 INF] [T:7] [PerfMonitor] Time:2026-01-30 11:00:51.151Z CPU=0.0% WS=65.72MB Managed=201.14MB Threads=33
[20:01:22.150 INF] [T:7] [PerfMonitor] Time:2026-01-30 11:01:21.151Z CPU=0.0% WS=69.36MB Managed=192.98MB Threads=33
[20:17:34.488 DBG] [T:76] [Rank] The session 072a4f49-b6f3-48a9-9ad3-e2a7b2cece24 will be closed for -0.000618 timeout, the session start time: "2026-01-30T09:07:52.9444280Z", last active time: "2026-01-30T11:17:34.4857720Z"
[20:17:34.506 DBG] [T:80] [Rank] Received a termination request from the client. isClosing=true
[20:17:34.507 DBG] [T:80] [Rank] The session 072a4f49-b6f3-48a9-9ad3-e2a7b2cece24 has been closed. reason="ClientClosing"
[20:17:34.518 DBG] [T:75] [Rank] A new session connected. sessionId=7060b935-b138-4fa8-8cb2-5325eb274d64, remoteEndPoint=127.0.0.1:58297
[20:17:34.564 DBG] [T:75] [Rank] Session authentication succeeded. sessionId=7060b935-b138-4fa8-8cb2-5325eb274d64, peerId=1
[20:17:34.579 INF] [T:65] [Rank] Server Game registered.
[20:18:03.742 INF] [T:7] [PerfMonitor] Time:2026-01-30 11:18:02.743Z CPU=0.0% WS=78.28MB Managed=193.66MB Threads=32
[20:34:17.440 INF] [T:7] [PerfMonitor] Time:2026-01-30 11:34:16.440Z CPU=0.0% WS=78.28MB Managed=194.12MB Threads=32
[20:34:47.441 INF] [T:7] [PerfMonitor] Time:2026-01-30 11:34:46.441Z CPU=0.0% WS=78.28MB Managed=194.54MB Threads=32
[20:42:05.857 INF] [T:7] [PerfMonitor] Time:2026-01-30 11:42:04.856Z CPU=0.0% WS=78.28MB Managed=194.98MB Threads=32
[20:42:35.857 INF] [T:7] [PerfMonitor] Time:2026-01-30 11:42:34.856Z CPU=0.0% WS=78.22MB Managed=195.41MB Threads=32
[20:48:26.524 INF] [T:7] [PerfMonitor] Time:2026-01-30 11:48:25.524Z CPU=0.0% WS=78.22MB Managed=195.84MB Threads=32
[20:48:56.523 INF] [T:7] [PerfMonitor] Time:2026-01-30 11:48:55.524Z CPU=0.0% WS=78.22MB Managed=196.29MB Threads=32
[20:49:31.352 INF] [T:7] [PerfMonitor] Time:2026-01-30 11:49:30.352Z CPU=0.0% WS=78.22MB Managed=196.72MB Threads=32
[20:50:01.352 INF] [T:7] [PerfMonitor] Time:2026-01-30 11:50:00.351Z CPU=0.0% WS=78.20MB Managed=197.20MB Threads=32
[21:01:34.116 INF] [T:7] [PerfMonitor] Time:2026-01-30 12:01:33.129Z CPU=0.0% WS=40.97MB Managed=197.65MB Threads=34
[21:02:04.114 INF] [T:7] [PerfMonitor] Time:2026-01-30 12:02:03.115Z CPU=0.0% WS=49.41MB Managed=198.12MB Threads=33
[21:02:36.718 INF] [T:7] [PerfMonitor] Time:2026-01-30 12:02:35.717Z CPU=0.0% WS=50.05MB Managed=198.56MB Threads=32
[21:03:06.718 INF] [T:7] [PerfMonitor] Time:2026-01-30 12:03:05.716Z CPU=0.0% WS=52.69MB Managed=199.03MB Threads=32
[21:03:36.718 INF] [T:7] [PerfMonitor] Time:2026-01-30 12:03:35.718Z CPU=0.0% WS=53.14MB Managed=199.46MB Threads=32
[21:04:06.717 INF] [T:7] [PerfMonitor] Time:2026-01-30 12:04:05.717Z CPU=0.0% WS=53.50MB Managed=199.89MB Threads=32
[21:04:36.718 INF] [T:7] [PerfMonitor] Time:2026-01-30 12:04:35.718Z CPU=0.0% WS=61.94MB Managed=192.82MB Threads=32
[21:05:06.719 INF] [T:7] [PerfMonitor] Time:2026-01-30 12:05:05.718Z CPU=0.0% WS=65.78MB Managed=193.27MB Threads=32
[21:05:36.719 INF] [T:7] [PerfMonitor] Time:2026-01-30 12:05:35.719Z CPU=0.0% WS=65.80MB Managed=193.72MB Threads=32
[21:07:46.891 INF] [T:7] [PerfMonitor] Time:2026-01-30 12:07:45.889Z CPU=0.0% WS=65.77MB Managed=194.13MB Threads=32
[21:08:16.891 INF] [T:7] [PerfMonitor] Time:2026-01-30 12:08:15.890Z CPU=0.0% WS=65.70MB Managed=194.59MB Threads=32
[21:08:46.891 INF] [T:7] [PerfMonitor] Time:2026-01-30 12:08:45.891Z CPU=0.0% WS=65.75MB Managed=195.04MB Threads=33
[21:09:32.896 INF] [T:7] [PerfMonitor] Time:2026-01-30 12:09:31.896Z CPU=0.0% WS=65.67MB Managed=195.49MB Threads=33
[21:10:02.897 INF] [T:7] [PerfMonitor] Time:2026-01-30 12:10:01.897Z CPU=0.0% WS=65.72MB Managed=195.94MB Threads=33
[21:11:10.303 INF] [T:7] [PerfMonitor] Time:2026-01-30 12:11:09.302Z CPU=0.0% WS=65.70MB Managed=196.38MB Threads=32
[21:11:40.303 INF] [T:7] [PerfMonitor] Time:2026-01-30 12:11:39.302Z CPU=0.0% WS=65.72MB Managed=196.87MB Threads=32
[21:12:34.746 INF] [T:7] [PerfMonitor] Time:2026-01-30 12:12:33.746Z CPU=0.0% WS=65.72MB Managed=197.28MB Threads=32
[21:13:04.745 INF] [T:7] [PerfMonitor] Time:2026-01-30 12:13:03.746Z CPU=0.0% WS=65.73MB Managed=197.72MB Threads=33
[21:14:32.743 INF] [T:7] [PerfMonitor] Time:2026-01-30 12:14:31.744Z CPU=0.0% WS=65.77MB Managed=198.18MB Threads=33
[21:15:02.743 INF] [T:7] [PerfMonitor] Time:2026-01-30 12:15:01.744Z CPU=0.0% WS=65.78MB Managed=198.63MB Threads=32
[21:16:23.570 INF] [T:7] [PerfMonitor] Time:2026-01-30 12:16:22.570Z CPU=0.0% WS=65.78MB Managed=199.05MB Threads=32
[21:16:53.569 INF] [T:7] [PerfMonitor] Time:2026-01-30 12:16:52.570Z CPU=0.0% WS=66.25MB Managed=199.51MB Threads=32
[21:17:28.401 INF] [T:7] [PerfMonitor] Time:2026-01-30 12:17:27.400Z CPU=0.0% WS=66.27MB Managed=199.97MB Threads=33
[21:17:58.401 INF] [T:7] [PerfMonitor] Time:2026-01-30 12:17:57.401Z CPU=0.0% WS=66.27MB Managed=200.42MB Threads=33
[21:18:37.219 INF] [T:7] [PerfMonitor] Time:2026-01-30 12:18:36.218Z CPU=0.0% WS=66.44MB Managed=193.15MB Threads=32
[21:19:07.219 INF] [T:7] [PerfMonitor] Time:2026-01-30 12:19:06.219Z CPU=0.0% WS=66.44MB Managed=193.61MB Threads=32
[21:19:42.427 INF] [T:7] [PerfMonitor] Time:2026-01-30 12:19:41.426Z CPU=0.0% WS=66.44MB Managed=194.06MB Threads=32
[21:20:12.427 INF] [T:7] [PerfMonitor] Time:2026-01-30 12:20:11.427Z CPU=0.0% WS=66.44MB Managed=194.49MB Threads=32
[21:20:55.250 INF] [T:7] [PerfMonitor] Time:2026-01-30 12:20:54.250Z CPU=0.0% WS=66.41MB Managed=194.94MB Threads=32
[21:21:25.250 INF] [T:7] [PerfMonitor] Time:2026-01-30 12:21:24.249Z CPU=0.0% WS=66.42MB Managed=195.37MB Threads=33
[21:22:02.958 INF] [T:7] [PerfMonitor] Time:2026-01-30 12:22:01.957Z CPU=0.0% WS=66.42MB Managed=195.81MB Threads=33
[21:23:50.925 INF] [T:7] [PerfMonitor] Time:2026-01-30 12:23:49.930Z CPU=0.0% WS=66.41MB Managed=196.27MB Threads=32
[21:24:20.924 INF] [T:7] [PerfMonitor] Time:2026-01-30 12:24:19.924Z CPU=0.0% WS=66.42MB Managed=196.73MB Threads=33
[21:24:57.115 INF] [T:7] [PerfMonitor] Time:2026-01-30 12:24:56.115Z CPU=0.0% WS=66.41MB Managed=197.17MB Threads=32
[21:25:27.116 INF] [T:7] [PerfMonitor] Time:2026-01-30 12:25:26.115Z CPU=0.0% WS=66.42MB Managed=197.61MB Threads=33
[21:25:57.117 INF] [T:7] [PerfMonitor] Time:2026-01-30 12:25:56.117Z CPU=0.0% WS=66.41MB Managed=198.04MB Threads=32
[21:26:27.116 INF] [T:7] [PerfMonitor] Time:2026-01-30 12:26:26.116Z CPU=0.0% WS=66.41MB Managed=198.48MB Threads=32
[21:26:57.116 INF] [T:7] [PerfMonitor] Time:2026-01-30 12:26:56.117Z CPU=0.0% WS=66.44MB Managed=198.91MB Threads=32
[21:27:27.117 INF] [T:7] [PerfMonitor] Time:2026-01-30 12:27:26.116Z CPU=0.0% WS=66.45MB Managed=199.36MB Threads=33
[21:27:57.116 INF] [T:7] [PerfMonitor] Time:2026-01-30 12:27:56.117Z CPU=0.0% WS=66.44MB Managed=199.80MB Threads=32
[21:28:27.117 INF] [T:7] [PerfMonitor] Time:2026-01-30 12:28:26.116Z CPU=0.0% WS=66.44MB Managed=200.26MB Threads=32
[21:28:57.118 INF] [T:7] [PerfMonitor] Time:2026-01-30 12:28:56.118Z CPU=0.0% WS=66.47MB Managed=192.96MB Threads=32
[21:29:27.118 INF] [T:7] [PerfMonitor] Time:2026-01-30 12:29:26.118Z CPU=0.0% WS=67.12MB Managed=193.42MB Threads=33
[21:29:57.118 INF] [T:7] [PerfMonitor] Time:2026-01-30 12:29:56.118Z CPU=0.0% WS=67.12MB Managed=193.88MB Threads=33
[21:30:27.118 INF] [T:7] [PerfMonitor] Time:2026-01-30 12:30:26.118Z CPU=0.0% WS=67.14MB Managed=194.34MB Threads=33
[21:30:57.118 INF] [T:7] [PerfMonitor] Time:2026-01-30 12:30:56.118Z CPU=0.0% WS=67.28MB Managed=194.78MB Threads=32
[21:31:27.119 INF] [T:7] [PerfMonitor] Time:2026-01-30 12:31:26.119Z CPU=0.0% WS=67.28MB Managed=195.21MB Threads=32
[21:31:57.119 INF] [T:7] [PerfMonitor] Time:2026-01-30 12:31:56.118Z CPU=0.0% WS=67.30MB Managed=195.66MB Threads=33
[21:32:27.117 INF] [T:7] [PerfMonitor] Time:2026-01-30 12:32:26.119Z CPU=0.0% WS=67.28MB Managed=196.10MB Threads=32
[21:32:57.119 INF] [T:7] [PerfMonitor] Time:2026-01-30 12:32:56.117Z CPU=0.0% WS=67.30MB Managed=196.56MB Threads=33
[21:33:27.118 INF] [T:7] [PerfMonitor] Time:2026-01-30 12:33:26.118Z CPU=0.0% WS=67.31MB Managed=197.01MB Threads=34
[21:33:57.120 INF] [T:7] [PerfMonitor] Time:2026-01-30 12:33:56.120Z CPU=0.0% WS=67.30MB Managed=197.45MB Threads=32
[21:34:27.119 INF] [T:7] [PerfMonitor] Time:2026-01-30 12:34:26.120Z CPU=0.0% WS=67.89MB Managed=197.93MB Threads=33
[21:34:57.119 INF] [T:7] [PerfMonitor] Time:2026-01-30 12:34:56.120Z CPU=0.0% WS=67.88MB Managed=198.35MB Threads=32
[21:35:27.120 INF] [T:7] [PerfMonitor] Time:2026-01-30 12:35:26.120Z CPU=0.0% WS=67.88MB Managed=198.77MB Threads=32
[21:35:57.118 INF] [T:7] [PerfMonitor] Time:2026-01-30 12:35:56.119Z CPU=0.0% WS=67.89MB Managed=199.22MB Threads=33
[21:36:27.120 INF] [T:7] [PerfMonitor] Time:2026-01-30 12:36:26.120Z CPU=0.0% WS=67.88MB Managed=199.67MB Threads=32
[21:36:57.120 INF] [T:7] [PerfMonitor] Time:2026-01-30 12:36:56.120Z CPU=0.0% WS=67.88MB Managed=200.10MB Threads=32
[21:37:27.120 INF] [T:7] [PerfMonitor] Time:2026-01-30 12:37:26.120Z CPU=0.0% WS=67.88MB Managed=200.52MB Threads=32
[21:37:57.120 INF] [T:7] [PerfMonitor] Time:2026-01-30 12:37:56.120Z CPU=0.0% WS=67.94MB Managed=193.28MB Threads=32
[21:38:27.120 INF] [T:7] [PerfMonitor] Time:2026-01-30 12:38:26.119Z CPU=0.0% WS=67.94MB Managed=193.72MB Threads=32
[21:38:57.121 INF] [T:7] [PerfMonitor] Time:2026-01-30 12:38:56.121Z CPU=0.0% WS=67.94MB Managed=194.15MB Threads=32
[21:39:27.121 INF] [T:7] [PerfMonitor] Time:2026-01-30 12:39:26.121Z CPU=0.0% WS=67.94MB Managed=194.58MB Threads=32
[21:39:57.120 INF] [T:7] [PerfMonitor] Time:2026-01-30 12:39:56.121Z CPU=0.0% WS=69.19MB Managed=195.03MB Threads=32
[21:40:27.121 INF] [T:7] [PerfMonitor] Time:2026-01-30 12:40:26.121Z CPU=0.0% WS=69.19MB Managed=195.46MB Threads=32
[21:40:57.121 INF] [T:7] [PerfMonitor] Time:2026-01-30 12:40:56.121Z CPU=0.0% WS=69.20MB Managed=195.93MB Threads=33
[21:41:27.122 INF] [T:7] [PerfMonitor] Time:2026-01-30 12:41:26.122Z CPU=0.0% WS=69.20MB Managed=196.39MB Threads=33
[21:41:57.122 INF] [T:7] [PerfMonitor] Time:2026-01-30 12:41:56.121Z CPU=0.0% WS=69.19MB Managed=196.82MB Threads=32
[21:42:27.122 INF] [T:7] [PerfMonitor] Time:2026-01-30 12:42:26.122Z CPU=0.0% WS=69.19MB Managed=197.25MB Threads=32
[21:42:57.122 INF] [T:7] [PerfMonitor] Time:2026-01-30 12:42:56.121Z CPU=0.0% WS=69.19MB Managed=197.68MB Threads=32
[21:43:27.122 INF] [T:7] [PerfMonitor] Time:2026-01-30 12:43:26.122Z CPU=0.0% WS=69.19MB Managed=198.11MB Threads=32
[21:43:57.122 INF] [T:7] [PerfMonitor] Time:2026-01-30 12:43:56.123Z CPU=0.0% WS=69.19MB Managed=198.55MB Threads=32
[21:44:27.121 INF] [T:7] [PerfMonitor] Time:2026-01-30 12:44:26.121Z CPU=0.0% WS=69.20MB Managed=199.00MB Threads=33
[21:44:57.123 INF] [T:7] [PerfMonitor] Time:2026-01-30 12:44:56.123Z CPU=0.0% WS=71.72MB Managed=199.48MB Threads=33
[21:45:27.123 INF] [T:7] [PerfMonitor] Time:2026-01-30 12:45:26.123Z CPU=0.0% WS=71.72MB Managed=199.92MB Threads=33
[21:45:57.124 INF] [T:7] [PerfMonitor] Time:2026-01-30 12:45:56.123Z CPU=0.0% WS=71.70MB Managed=200.36MB Threads=32
[21:46:27.124 INF] [T:7] [PerfMonitor] Time:2026-01-30 12:46:26.122Z CPU=0.0% WS=71.75MB Managed=193.08MB Threads=33
[21:46:57.122 INF] [T:7] [PerfMonitor] Time:2026-01-30 12:46:56.124Z CPU=0.0% WS=71.75MB Managed=193.54MB Threads=33
[21:47:27.124 INF] [T:7] [PerfMonitor] Time:2026-01-30 12:47:26.124Z CPU=0.0% WS=71.75MB Managed=194.00MB Threads=33
[21:47:59.869 INF] [T:7] [PerfMonitor] Time:2026-01-30 12:47:58.869Z CPU=0.0% WS=71.77MB Managed=194.45MB Threads=32
[21:48:29.868 INF] [T:7] [PerfMonitor] Time:2026-01-30 12:48:28.870Z CPU=0.0% WS=71.77MB Managed=194.87MB Threads=32
[21:49:36.964 INF] [T:7] [PerfMonitor] Time:2026-01-30 12:49:35.964Z CPU=0.0% WS=71.75MB Managed=195.31MB Threads=32
[21:50:06.964 INF] [T:7] [PerfMonitor] Time:2026-01-30 12:50:05.964Z CPU=0.0% WS=71.75MB Managed=195.76MB Threads=32
[21:50:38.627 INF] [T:7] [PerfMonitor] Time:2026-01-30 12:50:37.627Z CPU=0.0% WS=71.95MB Managed=196.24MB Threads=32
[21:51:20.425 INF] [T:7] [PerfMonitor] Time:2026-01-30 12:51:19.425Z CPU=0.0% WS=71.97MB Managed=196.67MB Threads=33
[21:51:50.425 INF] [T:7] [PerfMonitor] Time:2026-01-30 12:51:49.426Z CPU=0.0% WS=71.97MB Managed=197.13MB Threads=33
[21:52:37.332 INF] [T:7] [PerfMonitor] Time:2026-01-30 12:52:36.333Z CPU=0.0% WS=71.98MB Managed=197.58MB Threads=33
[21:53:07.334 INF] [T:7] [PerfMonitor] Time:2026-01-30 12:53:06.334Z CPU=0.0% WS=71.97MB Managed=198.03MB Threads=32
[21:53:45.040 INF] [T:7] [PerfMonitor] Time:2026-01-30 12:53:44.040Z CPU=0.0% WS=71.97MB Managed=198.46MB Threads=32
[21:54:15.040 INF] [T:7] [PerfMonitor] Time:2026-01-30 12:54:14.040Z CPU=0.0% WS=71.97MB Managed=198.88MB Threads=32
[21:54:48.046 INF] [T:7] [PerfMonitor] Time:2026-01-30 12:54:47.047Z CPU=0.0% WS=71.98MB Managed=199.34MB Threads=32
[21:55:18.046 INF] [T:7] [PerfMonitor] Time:2026-01-30 12:55:17.047Z CPU=0.0% WS=71.98MB Managed=199.79MB Threads=32
[21:56:03.415 INF] [T:7] [PerfMonitor] Time:2026-01-30 12:56:02.415Z CPU=0.0% WS=72.02MB Managed=200.22MB Threads=32
[21:56:33.415 INF] [T:7] [PerfMonitor] Time:2026-01-30 12:56:32.416Z CPU=0.0% WS=72.02MB Managed=200.67MB Threads=32
[21:57:20.873 INF] [T:7] [PerfMonitor] Time:2026-01-30 12:57:19.873Z CPU=0.0% WS=71.89MB Managed=193.42MB Threads=32
[21:57:50.873 INF] [T:7] [PerfMonitor] Time:2026-01-30 12:57:49.873Z CPU=0.0% WS=71.89MB Managed=193.88MB Threads=32
[21:59:07.647 INF] [T:7] [PerfMonitor] Time:2026-01-30 12:59:06.647Z CPU=0.0% WS=71.70MB Managed=194.32MB Threads=33
[21:59:37.647 INF] [T:7] [PerfMonitor] Time:2026-01-30 12:59:36.647Z CPU=0.0% WS=71.69MB Managed=194.75MB Threads=32
[22:00:11.354 INF] [T:7] [PerfMonitor] Time:2026-01-30 13:00:10.356Z CPU=0.0% WS=71.69MB Managed=195.18MB Threads=32
[22:00:41.355 INF] [T:7] [PerfMonitor] Time:2026-01-30 13:00:40.355Z CPU=0.0% WS=71.69MB Managed=195.62MB Threads=32
[22:01:34.622 INF] [T:7] [PerfMonitor] Time:2026-01-30 13:01:33.621Z CPU=0.0% WS=71.69MB Managed=196.05MB Threads=32
[22:02:04.622 INF] [T:7] [PerfMonitor] Time:2026-01-30 13:02:03.621Z CPU=0.0% WS=71.69MB Managed=196.48MB Threads=32
[22:02:49.509 INF] [T:7] [PerfMonitor] Time:2026-01-30 13:02:49.508Z CPU=0.0% WS=71.69MB Managed=196.91MB Threads=32
[22:03:19.511 INF] [T:7] [PerfMonitor] Time:2026-01-30 13:03:18.511Z CPU=0.0% WS=71.70MB Managed=197.37MB Threads=33
[22:03:57.213 INF] [T:7] [PerfMonitor] Time:2026-01-30 13:03:56.213Z CPU=0.0% WS=71.69MB Managed=197.83MB Threads=32
[22:04:27.213 INF] [T:7] [PerfMonitor] Time:2026-01-30 13:04:26.212Z CPU=0.0% WS=71.69MB Managed=198.26MB Threads=32
[22:05:04.435 INF] [T:7] [PerfMonitor] Time:2026-01-30 13:05:03.435Z CPU=0.0% WS=71.70MB Managed=198.70MB Threads=33
[22:05:34.435 INF] [T:7] [PerfMonitor] Time:2026-01-30 13:05:33.435Z CPU=0.0% WS=71.70MB Managed=199.16MB Threads=33
[22:06:32.123 INF] [T:7] [PerfMonitor] Time:2026-01-30 13:06:31.124Z CPU=0.0% WS=71.69MB Managed=199.58MB Threads=32
[22:07:02.124 INF] [T:7] [PerfMonitor] Time:2026-01-30 13:07:01.123Z CPU=0.0% WS=71.69MB Managed=200.02MB Threads=32
[22:08:03.544 INF] [T:7] [PerfMonitor] Time:2026-01-30 13:08:02.545Z CPU=0.0% WS=71.69MB Managed=200.45MB Threads=32
[22:08:42.370 INF] [T:7] [PerfMonitor] Time:2026-01-30 13:08:41.529Z CPU=0.0% WS=71.83MB Managed=192.76MB Threads=32
[22:09:12.371 INF] [T:7] [PerfMonitor] Time:2026-01-30 13:09:11.371Z CPU=0.0% WS=71.83MB Managed=193.19MB Threads=32
[22:09:50.802 INF] [T:7] [PerfMonitor] Time:2026-01-30 13:09:49.804Z CPU=0.0% WS=71.84MB Managed=193.63MB Threads=33
[22:10:20.804 INF] [T:7] [PerfMonitor] Time:2026-01-30 13:10:19.803Z CPU=0.0% WS=71.81MB Managed=194.09MB Threads=32
[22:11:00.660 INF] [T:7] [PerfMonitor] Time:2026-01-30 13:10:59.659Z CPU=0.0% WS=71.81MB Managed=194.56MB Threads=32
[22:11:30.661 INF] [T:7] [PerfMonitor] Time:2026-01-30 13:11:29.662Z CPU=0.0% WS=71.83MB Managed=195.00MB Threads=33
[22:12:14.100 INF] [T:7] [PerfMonitor] Time:2026-01-30 13:12:13.100Z CPU=0.0% WS=71.86MB Managed=195.44MB Threads=32
[22:12:44.099 INF] [T:7] [PerfMonitor] Time:2026-01-30 13:12:43.101Z CPU=0.0% WS=71.86MB Managed=195.86MB Threads=32
[22:13:21.398 INF] [T:7] [PerfMonitor] Time:2026-01-30 13:13:20.399Z CPU=0.0% WS=71.88MB Managed=196.34MB Threads=33
[22:13:51.398 INF] [T:7] [PerfMonitor] Time:2026-01-30 13:13:51.398Z CPU=0.0% WS=71.86MB Managed=196.78MB Threads=32
[22:15:19.787 INF] [T:7] [PerfMonitor] Time:2026-01-30 13:15:18.785Z CPU=0.0% WS=66.86MB Managed=197.19MB Threads=32
[22:15:49.787 INF] [T:7] [PerfMonitor] Time:2026-01-30 13:15:48.787Z CPU=0.0% WS=66.86MB Managed=197.63MB Threads=32
[22:16:26.826 INF] [T:7] [PerfMonitor] Time:2026-01-30 13:16:25.826Z CPU=0.0% WS=67.05MB Managed=198.08MB Threads=33
[22:16:56.827 INF] [T:7] [PerfMonitor] Time:2026-01-30 13:16:55.826Z CPU=0.0% WS=67.05MB Managed=198.52MB Threads=32
[22:18:42.019 INF] [T:7] [PerfMonitor] Time:2026-01-30 13:18:41.020Z CPU=0.0% WS=67.05MB Managed=198.97MB Threads=32
[22:19:12.019 INF] [T:7] [PerfMonitor] Time:2026-01-30 13:19:11.021Z CPU=0.0% WS=67.06MB Managed=199.43MB Threads=33
[22:20:03.777 INF] [T:7] [PerfMonitor] Time:2026-01-30 13:20:02.777Z CPU=0.0% WS=67.05MB Managed=199.89MB Threads=32
[22:20:33.777 INF] [T:7] [PerfMonitor] Time:2026-01-30 13:20:32.778Z CPU=0.0% WS=67.05MB Managed=200.35MB Threads=32
[22:21:15.609 INF] [T:7] [PerfMonitor] Time:2026-01-30 13:21:14.608Z CPU=0.0% WS=69.52MB Managed=193.09MB Threads=32
[22:21:45.609 INF] [T:7] [PerfMonitor] Time:2026-01-30 13:21:44.607Z CPU=0.0% WS=69.50MB Managed=193.53MB Threads=32
[22:22:31.519 INF] [T:7] [PerfMonitor] Time:2026-01-30 13:22:30.518Z CPU=0.0% WS=69.50MB Managed=193.97MB Threads=32
[22:23:01.517 INF] [T:7] [PerfMonitor] Time:2026-01-30 13:23:00.517Z CPU=0.0% WS=69.53MB Managed=194.43MB Threads=33
[22:25:08.451 INF] [T:7] [PerfMonitor] Time:2026-01-30 13:25:07.451Z CPU=0.0% WS=69.53MB Managed=194.88MB Threads=33
[22:25:38.451 INF] [T:7] [PerfMonitor] Time:2026-01-30 13:25:37.450Z CPU=0.0% WS=69.52MB Managed=195.30MB Threads=32
[22:27:01.734 INF] [T:7] [PerfMonitor] Time:2026-01-30 13:27:00.734Z CPU=0.0% WS=69.52MB Managed=195.79MB Threads=32
[22:27:31.735 INF] [T:7] [PerfMonitor] Time:2026-01-30 13:27:30.735Z CPU=0.0% WS=69.53MB Managed=196.24MB Threads=33
[22:41:54.087 INF] [T:7] [PerfMonitor] Time:2026-01-30 13:41:53.087Z CPU=0.0% WS=69.34MB Managed=196.69MB Threads=32
[22:42:24.087 INF] [T:7] [PerfMonitor] Time:2026-01-30 13:42:23.086Z CPU=0.0% WS=69.34MB Managed=197.11MB Threads=32
[22:48:24.927 INF] [T:7] [PerfMonitor] Time:2026-01-30 13:48:23.928Z CPU=0.0% WS=69.34MB Managed=197.56MB Threads=32
[22:48:54.929 INF] [T:7] [PerfMonitor] Time:2026-01-30 13:48:53.929Z CPU=0.0% WS=69.38MB Managed=197.99MB Threads=33
[23:01:01.290 INF] [T:7] [PerfMonitor] Time:2026-01-30 14:01:00.292Z CPU=0.0% WS=69.31MB Managed=198.45MB Threads=33
[23:01:31.290 INF] [T:7] [PerfMonitor] Time:2026-01-30 14:01:30.290Z CPU=0.0% WS=69.31MB Managed=198.89MB Threads=33
[23:17:19.800 INF] [T:7] [PerfMonitor] Time:2026-01-30 14:17:18.799Z CPU=0.0% WS=65.19MB Managed=199.37MB Threads=33
[23:17:49.799 INF] [T:7] [PerfMonitor] Time:2026-01-30 14:17:48.799Z CPU=0.0% WS=65.03MB Managed=199.82MB Threads=32
[23:18:19.799 INF] [T:7] [PerfMonitor] Time:2026-01-30 14:18:18.800Z CPU=0.0% WS=65.12MB Managed=200.27MB Threads=33
[23:18:49.800 INF] [T:7] [PerfMonitor] Time:2026-01-30 14:18:48.798Z CPU=0.0% WS=65.31MB Managed=193.05MB Threads=33
[23:19:19.800 INF] [T:7] [PerfMonitor] Time:2026-01-30 14:19:18.799Z CPU=0.0% WS=65.30MB Managed=193.52MB Threads=32
[23:19:49.800 INF] [T:7] [PerfMonitor] Time:2026-01-30 14:19:48.799Z CPU=0.0% WS=65.30MB Managed=193.97MB Threads=32
[23:20:19.799 INF] [T:7] [PerfMonitor] Time:2026-01-30 14:20:18.799Z CPU=0.0% WS=65.30MB Managed=194.40MB Threads=32
[23:20:49.800 INF] [T:7] [PerfMonitor] Time:2026-01-30 14:20:48.800Z CPU=0.0% WS=65.30MB Managed=194.84MB Threads=32
[23:21:19.800 INF] [T:7] [PerfMonitor] Time:2026-01-30 14:21:18.800Z CPU=0.0% WS=65.30MB Managed=195.27MB Threads=32
[23:21:49.801 INF] [T:7] [PerfMonitor] Time:2026-01-30 14:21:48.800Z CPU=0.0% WS=65.30MB Managed=195.70MB Threads=32
[23:22:19.799 INF] [T:7] [PerfMonitor] Time:2026-01-30 14:22:18.799Z CPU=0.0% WS=65.30MB Managed=196.15MB Threads=32
[23:22:49.799 INF] [T:7] [PerfMonitor] Time:2026-01-30 14:22:48.801Z CPU=0.0% WS=65.30MB Managed=196.60MB Threads=32
[23:23:19.801 INF] [T:7] [PerfMonitor] Time:2026-01-30 14:23:19.801Z CPU=0.0% WS=65.39MB Managed=197.05MB Threads=32
[23:23:49.800 INF] [T:7] [PerfMonitor] Time:2026-01-30 14:23:48.801Z CPU=0.0% WS=65.39MB Managed=197.51MB Threads=33
[23:24:19.800 INF] [T:7] [PerfMonitor] Time:2026-01-30 14:24:18.800Z CPU=0.0% WS=65.39MB Managed=197.94MB Threads=33
[23:24:49.800 INF] [T:7] [PerfMonitor] Time:2026-01-30 14:24:48.801Z CPU=0.0% WS=65.38MB Managed=198.38MB Threads=32
[23:25:19.801 INF] [T:7] [PerfMonitor] Time:2026-01-30 14:25:18.801Z CPU=0.0% WS=65.38MB Managed=198.82MB Threads=32
[23:25:49.801 INF] [T:7] [PerfMonitor] Time:2026-01-30 14:25:48.801Z CPU=0.0% WS=65.41MB Managed=199.26MB Threads=33
[23:26:19.802 INF] [T:7] [PerfMonitor] Time:2026-01-30 14:26:18.801Z CPU=0.0% WS=65.41MB Managed=199.71MB Threads=32
[23:26:49.802 INF] [T:7] [PerfMonitor] Time:2026-01-30 14:26:48.801Z CPU=0.0% WS=65.42MB Managed=200.16MB Threads=33
[23:27:19.799 INF] [T:7] [PerfMonitor] Time:2026-01-30 14:27:18.802Z CPU=0.0% WS=65.44MB Managed=192.93MB Threads=32
[23:27:49.802 INF] [T:7] [PerfMonitor] Time:2026-01-30 14:27:48.802Z CPU=0.0% WS=65.44MB Managed=193.39MB Threads=32
[23:28:19.801 INF] [T:7] [PerfMonitor] Time:2026-01-30 14:28:18.802Z CPU=0.0% WS=65.44MB Managed=193.82MB Threads=32
[23:28:49.802 INF] [T:7] [PerfMonitor] Time:2026-01-30 14:28:48.802Z CPU=0.0% WS=65.45MB Managed=194.27MB Threads=33
[23:29:19.802 INF] [T:7] [PerfMonitor] Time:2026-01-30 14:29:18.801Z CPU=0.0% WS=65.44MB Managed=194.73MB Threads=32
[23:29:49.803 INF] [T:7] [PerfMonitor] Time:2026-01-30 14:29:48.803Z CPU=0.0% WS=65.45MB Managed=195.17MB Threads=33
[23:30:19.803 INF] [T:7] [PerfMonitor] Time:2026-01-30 14:30:18.802Z CPU=0.0% WS=65.45MB Managed=195.63MB Threads=33
[23:30:49.801 INF] [T:7] [PerfMonitor] Time:2026-01-30 14:30:48.801Z CPU=0.0% WS=65.44MB Managed=196.05MB Threads=32
[23:31:19.801 INF] [T:7] [PerfMonitor] Time:2026-01-30 14:31:18.803Z CPU=0.0% WS=65.45MB Managed=196.51MB Threads=33
[23:31:49.803 INF] [T:7] [PerfMonitor] Time:2026-01-30 14:31:48.803Z CPU=0.0% WS=65.45MB Managed=196.96MB Threads=33
[23:32:19.803 INF] [T:7] [PerfMonitor] Time:2026-01-30 14:32:18.803Z CPU=0.0% WS=65.44MB Managed=197.40MB Threads=32
[23:32:49.803 INF] [T:7] [PerfMonitor] Time:2026-01-30 14:32:48.802Z CPU=0.0% WS=65.44MB Managed=197.82MB Threads=32
[23:33:19.802 INF] [T:7] [PerfMonitor] Time:2026-01-30 14:33:18.804Z CPU=0.0% WS=65.44MB Managed=198.25MB Threads=32
[23:33:49.804 INF] [T:7] [PerfMonitor] Time:2026-01-30 14:33:48.804Z CPU=0.0% WS=65.23MB Managed=198.70MB Threads=32
[23:34:19.804 INF] [T:7] [PerfMonitor] Time:2026-01-30 14:34:18.803Z CPU=0.0% WS=53.66MB Managed=199.16MB Threads=34
[23:34:49.804 INF] [T:7] [PerfMonitor] Time:2026-01-30 14:34:48.803Z CPU=0.0% WS=53.73MB Managed=199.61MB Threads=33
[23:35:19.804 INF] [T:7] [PerfMonitor] Time:2026-01-30 14:35:18.804Z CPU=0.0% WS=53.72MB Managed=200.05MB Threads=32
[23:35:49.804 INF] [T:7] [PerfMonitor] Time:2026-01-30 14:35:48.804Z CPU=0.0% WS=53.72MB Managed=200.47MB Threads=32
[23:36:19.805 INF] [T:7] [PerfMonitor] Time:2026-01-30 14:36:18.804Z CPU=0.0% WS=53.84MB Managed=193.22MB Threads=33
[23:36:49.805 INF] [T:7] [PerfMonitor] Time:2026-01-30 14:36:48.803Z CPU=0.0% WS=53.83MB Managed=193.67MB Threads=32
[23:37:19.805 INF] [T:7] [PerfMonitor] Time:2026-01-30 14:37:18.804Z CPU=0.0% WS=53.83MB Managed=194.12MB Threads=32
[23:37:49.805 INF] [T:7] [PerfMonitor] Time:2026-01-30 14:37:48.803Z CPU=0.0% WS=53.83MB Managed=194.55MB Threads=32
[23:38:19.803 INF] [T:7] [PerfMonitor] Time:2026-01-30 14:38:18.804Z CPU=0.0% WS=53.72MB Managed=194.97MB Threads=33
[23:38:49.804 INF] [T:7] [PerfMonitor] Time:2026-01-30 14:38:48.804Z CPU=0.0% WS=53.70MB Managed=195.41MB Threads=32
[23:39:19.804 INF] [T:7] [PerfMonitor] Time:2026-01-30 14:39:18.804Z CPU=0.0% WS=53.66MB Managed=195.88MB Threads=32
[23:39:49.804 INF] [T:7] [PerfMonitor] Time:2026-01-30 14:39:48.803Z CPU=0.0% WS=53.67MB Managed=196.33MB Threads=33
[23:40:19.805 INF] [T:7] [PerfMonitor] Time:2026-01-30 14:40:18.805Z CPU=0.0% WS=53.66MB Managed=196.77MB Threads=32
[23:40:49.806 INF] [T:7] [PerfMonitor] Time:2026-01-30 14:40:48.804Z CPU=0.0% WS=53.67MB Managed=197.21MB Threads=33
[23:41:19.805 INF] [T:7] [PerfMonitor] Time:2026-01-30 14:41:18.806Z CPU=0.0% WS=53.67MB Managed=197.67MB Threads=33
[23:41:49.805 INF] [T:7] [PerfMonitor] Time:2026-01-30 14:41:48.805Z CPU=0.0% WS=53.66MB Managed=198.11MB Threads=32
[23:42:19.806 INF] [T:7] [PerfMonitor] Time:2026-01-30 14:42:18.806Z CPU=0.0% WS=53.66MB Managed=198.55MB Threads=32
[23:42:49.806 INF] [T:7] [PerfMonitor] Time:2026-01-30 14:42:48.806Z CPU=0.0% WS=53.67MB Managed=199.00MB Threads=33
[23:43:19.805 INF] [T:7] [PerfMonitor] Time:2026-01-30 14:43:18.804Z CPU=0.0% WS=53.64MB Managed=199.43MB Threads=32
[23:43:49.806 INF] [T:7] [PerfMonitor] Time:2026-01-30 14:43:48.805Z CPU=0.0% WS=53.66MB Managed=199.88MB Threads=33
[23:44:19.806 INF] [T:7] [PerfMonitor] Time:2026-01-30 14:44:18.805Z CPU=0.0% WS=53.67MB Managed=200.34MB Threads=33
[23:44:49.806 INF] [T:7] [PerfMonitor] Time:2026-01-30 14:44:48.805Z CPU=0.0% WS=53.70MB Managed=193.06MB Threads=32
[23:45:19.805 INF] [T:7] [PerfMonitor] Time:2026-01-30 14:45:18.806Z CPU=0.0% WS=53.70MB Managed=193.51MB Threads=32
[23:45:49.807 INF] [T:7] [PerfMonitor] Time:2026-01-30 14:45:48.807Z CPU=0.0% WS=53.70MB Managed=193.94MB Threads=32
[23:46:19.806 INF] [T:7] [PerfMonitor] Time:2026-01-30 14:46:18.806Z CPU=0.0% WS=53.70MB Managed=194.40MB Threads=32
[23:46:49.806 INF] [T:7] [PerfMonitor] Time:2026-01-30 14:46:48.807Z CPU=0.0% WS=53.70MB Managed=194.84MB Threads=32
[23:47:19.807 INF] [T:7] [PerfMonitor] Time:2026-01-30 14:47:18.806Z CPU=0.0% WS=53.70MB Managed=195.31MB Threads=32
[23:47:49.806 INF] [T:7] [PerfMonitor] Time:2026-01-30 14:47:48.806Z CPU=0.0% WS=53.70MB Managed=195.75MB Threads=32
[23:48:19.808 INF] [T:7] [PerfMonitor] Time:2026-01-30 14:48:18.806Z CPU=0.0% WS=53.70MB Managed=196.19MB Threads=32
[23:48:49.806 INF] [T:7] [PerfMonitor] Time:2026-01-30 14:48:48.806Z CPU=0.0% WS=53.70MB Managed=196.61MB Threads=32
[23:49:19.808 INF] [T:7] [PerfMonitor] Time:2026-01-30 14:49:18.807Z CPU=0.0% WS=49.95MB Managed=197.08MB Threads=33
[23:49:49.812 INF] [T:7] [PerfMonitor] Time:2026-01-30 14:49:48.812Z CPU=0.0% WS=49.94MB Managed=197.51MB Threads=32
[23:50:19.817 INF] [T:7] [PerfMonitor] Time:2026-01-30 14:50:18.816Z CPU=0.0% WS=49.94MB Managed=197.96MB Threads=32
[23:50:49.817 INF] [T:7] [PerfMonitor] Time:2026-01-30 14:50:48.817Z CPU=0.0% WS=49.94MB Managed=198.39MB Threads=32
[23:51:19.817 INF] [T:7] [PerfMonitor] Time:2026-01-30 14:51:18.816Z CPU=0.0% WS=49.98MB Managed=198.84MB Threads=33
[23:51:49.816 INF] [T:7] [PerfMonitor] Time:2026-01-30 14:51:48.817Z CPU=0.0% WS=49.97MB Managed=199.29MB Threads=32
[23:52:19.818 INF] [T:7] [PerfMonitor] Time:2026-01-30 14:52:18.818Z CPU=0.0% WS=50.00MB Managed=199.74MB Threads=32
[23:52:49.818 INF] [T:7] [PerfMonitor] Time:2026-01-30 14:52:48.818Z CPU=0.0% WS=50.27MB Managed=200.19MB Threads=32
[23:53:19.818 INF] [T:7] [PerfMonitor] Time:2026-01-30 14:53:18.818Z CPU=0.0% WS=50.27MB Managed=200.65MB Threads=32
[23:53:49.818 INF] [T:7] [PerfMonitor] Time:2026-01-30 14:53:48.818Z CPU=0.0% WS=50.31MB Managed=193.38MB Threads=32
[23:54:19.818 INF] [T:7] [PerfMonitor] Time:2026-01-30 14:54:18.819Z CPU=0.0% WS=50.33MB Managed=193.82MB Threads=32
[23:54:49.819 INF] [T:7] [PerfMonitor] Time:2026-01-30 14:54:48.818Z CPU=0.0% WS=50.33MB Managed=194.27MB Threads=32
[23:55:19.817 INF] [T:7] [PerfMonitor] Time:2026-01-30 14:55:18.819Z CPU=0.0% WS=50.33MB Managed=194.71MB Threads=32
[23:55:49.818 INF] [T:7] [PerfMonitor] Time:2026-01-30 14:55:48.819Z CPU=0.0% WS=50.34MB Managed=195.17MB Threads=33
[23:56:19.820 INF] [T:7] [PerfMonitor] Time:2026-01-30 14:56:18.820Z CPU=0.0% WS=50.33MB Managed=195.60MB Threads=32
[23:56:49.819 INF] [T:7] [PerfMonitor] Time:2026-01-30 14:56:48.820Z CPU=0.0% WS=50.34MB Managed=196.04MB Threads=33
[23:57:19.820 INF] [T:7] [PerfMonitor] Time:2026-01-30 14:57:18.819Z CPU=0.0% WS=50.34MB Managed=196.51MB Threads=33
[23:57:49.820 INF] [T:7] [PerfMonitor] Time:2026-01-30 14:57:48.820Z CPU=0.0% WS=50.34MB Managed=196.96MB Threads=33
[23:58:19.821 INF] [T:7] [PerfMonitor] Time:2026-01-30 14:58:18.820Z CPU=0.0% WS=50.33MB Managed=197.39MB Threads=32
[23:58:49.820 INF] [T:7] [PerfMonitor] Time:2026-01-30 14:58:48.820Z CPU=0.0% WS=50.36MB Managed=197.85MB Threads=33
[23:59:19.820 INF] [T:7] [PerfMonitor] Time:2026-01-30 14:59:18.819Z CPU=0.0% WS=50.34MB Managed=198.29MB Threads=32
[23:59:49.820 INF] [T:7] [PerfMonitor] Time:2026-01-30 14:59:48.821Z CPU=0.0% WS=50.34MB Managed=198.73MB Threads=32
