[19:45:53.638 INF] [T:1] [Rank] Logger setup was successful: Rank
[19:45:53.779 DBG] [T:1] [Rank] Discover commands: [3003, 3002, 3001, 3000, 1000]
[19:45:53.781 INF] [T:1] [Rank] The server Rank is initialized.
[19:45:54.042 DBG] [T:1] [Rank] [Daily] Reward loaded. season="Daily"/1, uid=1, rank=2, score=30, isRewarded=false, item=[0:0:70]
[19:45:54.042 DBG] [T:1] [Rank] [Daily] Reward loaded. season="Daily"/1, uid=2, rank=1, score=40, isRewarded=false, item=[0:0:100]
[19:45:54.042 DBG] [T:1] [Rank] [Daily] Reward loaded. season="Daily"/1, uid=1000001, rank=3, score=10, isRewarded=false, item=[0:0:50]
[19:45:54.042 DBG] [T:1] [Rank] [Daily] Reward loaded. season="Daily"/12, uid=1000001, rank=1, score=30, isRewarded=false, item=[0:0:100]
[19:45:54.057 INF] [T:1] [Rank] [Daily] Season loaded. kind="Daily", num=66, state="Running", start="2026-01-25T15:00:00.0000000+09:00", end="2026-01-26T15:00:00.0000000+09:00"
[19:45:54.059 INF] [T:1] [Rank] Listener (0.0.0.0:20000:"Tcp") was started.
[19:45:54.062 INF] [T:1] [Rank] The server instance Rank was been started!
[19:45:54.099 DBG] [T:12] [Rank] [Daily] Reward loaded. season="Daily"/1, uid=1, rank=2, score=30, isRewarded=false, item=[0:0:70]
[19:45:54.099 DBG] [T:12] [Rank] [Daily] Reward loaded. season="Daily"/1, uid=2, rank=1, score=40, isRewarded=false, item=[0:0:100]
[19:45:54.099 DBG] [T:12] [Rank] [Daily] Reward loaded. season="Daily"/1, uid=1000001, rank=3, score=10, isRewarded=false, item=[0:0:50]
[19:45:54.099 DBG] [T:12] [Rank] [Daily] Reward loaded. season="Daily"/12, uid=1000001, rank=1, score=30, isRewarded=false, item=[0:0:100]
[19:45:54.190 INF] [T:12] [Rank] [Daily] Next season scheduled. kind="Daily", num=67, start="2026-01-27T00:00:00.0000000+00:00", end="2026-01-28T00:00:00.0000000+00:00"
[19:46:02.480 DBG] [T:26] [Rank] A new session connected. sessionId=abb63b5a-f5a0-46d8-bd52-ef42bc829b4e, remoteEndPoint=127.0.0.1:52594
[19:46:02.540 DBG] [T:26] [Rank] Session authentication succeeded. sessionId=abb63b5a-f5a0-46d8-bd52-ef42bc829b4e, peerId=1
[19:46:02.578 ERR] [T:25] [Rank] Invalid Padding
System.Security.Cryptography.CryptographicException: Invalid Padding
   at SP.Engine.Runtime.Security.AesCbcEncryptor.Decrypt(ReadOnlySpan`1 source, Span`1 destination) in /Users/sangpil/GitHub/SP.Engine/Engine/SP.Engine.Runtime/Security/AesCbcEncryptor.cs:line 114
   at SP.Engine.Runtime.Networking.BaseMessage`1.Deserialize[TProtocol](IEncryptor encryptor, ICompressor compressor) in /Users/sangpil/GitHub/SP.Engine/Engine/SP.Engine.Runtime/Networking/BaseMessage.cs:line 112
   at SP.Engine.Server.BasePeer.SP.Engine.Runtime.Command.ICommandContext.Deserialize[TProtocol](IMessage message) in /Users/sangpil/GitHub/SP.Engine/Engine/SP.Engine.Server/BasePeer.cs:line 115
   at SP.Engine.Runtime.Command.BaseCommand`2.Execute(ICommandContext context, IMessage message) in /Users/sangpil/GitHub/SP.Engine/Engine/SP.Engine.Runtime/Command/BaseCommand.cs:line 20
[19:46:02.598 ERR] [T:25] [Rank] Invalid Padding
System.Security.Cryptography.CryptographicException: Invalid Padding
   at SP.Engine.Runtime.Security.AesCbcEncryptor.Decrypt(ReadOnlySpan`1 source, Span`1 destination) in /Users/sangpil/GitHub/SP.Engine/Engine/SP.Engine.Runtime/Security/AesCbcEncryptor.cs:line 114
   at SP.Engine.Runtime.Networking.BaseMessage`1.Deserialize[TProtocol](IEncryptor encryptor, ICompressor compressor) in /Users/sangpil/GitHub/SP.Engine/Engine/SP.Engine.Runtime/Networking/BaseMessage.cs:line 112
   at SP.Engine.Server.Session.SP.Engine.Runtime.Command.ICommandContext.Deserialize[TProtocol](IMessage message) in /Users/sangpil/GitHub/SP.Engine/Engine/SP.Engine.Server/Session.cs:line 45
   at SP.Engine.Runtime.Command.BaseCommand`2.Execute(ICommandContext context, IMessage message) in /Users/sangpil/GitHub/SP.Engine/Engine/SP.Engine.Runtime/Command/BaseCommand.cs:line 20
[19:46:04.607 ERR] [T:11] [Rank] Invalid Padding
System.Security.Cryptography.CryptographicException: Invalid Padding
   at SP.Engine.Runtime.Security.AesCbcEncryptor.Decrypt(ReadOnlySpan`1 source, Span`1 destination) in /Users/sangpil/GitHub/SP.Engine/Engine/SP.Engine.Runtime/Security/AesCbcEncryptor.cs:line 114
   at SP.Engine.Runtime.Networking.BaseMessage`1.Deserialize[TProtocol](IEncryptor encryptor, ICompressor compressor) in /Users/sangpil/GitHub/SP.Engine/Engine/SP.Engine.Runtime/Networking/BaseMessage.cs:line 112
   at SP.Engine.Server.Session.SP.Engine.Runtime.Command.ICommandContext.Deserialize[TProtocol](IMessage message) in /Users/sangpil/GitHub/SP.Engine/Engine/SP.Engine.Server/Session.cs:line 45
   at SP.Engine.Runtime.Command.BaseCommand`2.Execute(ICommandContext context, IMessage message) in /Users/sangpil/GitHub/SP.Engine/Engine/SP.Engine.Runtime/Command/BaseCommand.cs:line 20
[19:46:06.616 ERR] [T:26] [Rank] Invalid Padding
System.Security.Cryptography.CryptographicException: Invalid Padding
   at SP.Engine.Runtime.Security.AesCbcEncryptor.Decrypt(ReadOnlySpan`1 source, Span`1 destination) in /Users/sangpil/GitHub/SP.Engine/Engine/SP.Engine.Runtime/Security/AesCbcEncryptor.cs:line 114
   at SP.Engine.Runtime.Networking.BaseMessage`1.Deserialize[TProtocol](IEncryptor encryptor, ICompressor compressor) in /Users/sangpil/GitHub/SP.Engine/Engine/SP.Engine.Runtime/Networking/BaseMessage.cs:line 112
   at SP.Engine.Server.Session.SP.Engine.Runtime.Command.ICommandContext.Deserialize[TProtocol](IMessage message) in /Users/sangpil/GitHub/SP.Engine/Engine/SP.Engine.Server/Session.cs:line 45
   at SP.Engine.Runtime.Command.BaseCommand`2.Execute(ICommandContext context, IMessage message) in /Users/sangpil/GitHub/SP.Engine/Engine/SP.Engine.Runtime/Command/BaseCommand.cs:line 20
[19:46:08.625 ERR] [T:11] [Rank] Invalid Padding
System.Security.Cryptography.CryptographicException: Invalid Padding
   at SP.Engine.Runtime.Security.AesCbcEncryptor.Decrypt(ReadOnlySpan`1 source, Span`1 destination) in /Users/sangpil/GitHub/SP.Engine/Engine/SP.Engine.Runtime/Security/AesCbcEncryptor.cs:line 114
   at SP.Engine.Runtime.Networking.BaseMessage`1.Deserialize[TProtocol](IEncryptor encryptor, ICompressor compressor) in /Users/sangpil/GitHub/SP.Engine/Engine/SP.Engine.Runtime/Networking/BaseMessage.cs:line 112
   at SP.Engine.Server.Session.SP.Engine.Runtime.Command.ICommandContext.Deserialize[TProtocol](IMessage message) in /Users/sangpil/GitHub/SP.Engine/Engine/SP.Engine.Server/Session.cs:line 45
   at SP.Engine.Runtime.Command.BaseCommand`2.Execute(ICommandContext context, IMessage message) in /Users/sangpil/GitHub/SP.Engine/Engine/SP.Engine.Runtime/Command/BaseCommand.cs:line 20
[19:46:08.632 ERR] [T:26] [Rank] Invalid Padding
System.Security.Cryptography.CryptographicException: Invalid Padding
   at SP.Engine.Runtime.Security.AesCbcEncryptor.Decrypt(ReadOnlySpan`1 source, Span`1 destination) in /Users/sangpil/GitHub/SP.Engine/Engine/SP.Engine.Runtime/Security/AesCbcEncryptor.cs:line 114
   at SP.Engine.Runtime.Networking.BaseMessage`1.Deserialize[TProtocol](IEncryptor encryptor, ICompressor compressor) in /Users/sangpil/GitHub/SP.Engine/Engine/SP.Engine.Runtime/Networking/BaseMessage.cs:line 112
   at SP.Engine.Server.Session.SP.Engine.Runtime.Command.ICommandContext.Deserialize[TProtocol](IMessage message) in /Users/sangpil/GitHub/SP.Engine/Engine/SP.Engine.Server/Session.cs:line 45
   at SP.Engine.Runtime.Command.BaseCommand`2.Execute(ICommandContext context, IMessage message) in /Users/sangpil/GitHub/SP.Engine/Engine/SP.Engine.Runtime/Command/BaseCommand.cs:line 20
[20:16:56.633 INF] [T:1] [Rank] Logger setup was successful: Rank
[20:16:56.774 DBG] [T:1] [Rank] Discover commands: [3003, 3002, 3001, 3000, 1000]
[20:16:56.775 INF] [T:1] [Rank] The server Rank is initialized.
[20:16:57.026 DBG] [T:1] [Rank] [Daily] Reward loaded. season="Daily"/1, uid=1, rank=2, score=30, isRewarded=false, item=[0:0:70]
[20:16:57.026 DBG] [T:1] [Rank] [Daily] Reward loaded. season="Daily"/1, uid=2, rank=1, score=40, isRewarded=false, item=[0:0:100]
[20:16:57.026 DBG] [T:1] [Rank] [Daily] Reward loaded. season="Daily"/1, uid=1000001, rank=3, score=10, isRewarded=false, item=[0:0:50]
[20:16:57.026 DBG] [T:1] [Rank] [Daily] Reward loaded. season="Daily"/12, uid=1000001, rank=1, score=30, isRewarded=false, item=[0:0:100]
[20:16:57.033 INF] [T:1] [Rank] [Daily] Season loaded. kind="Daily", num=67, state="Running", start="2026-01-27T00:00:00.0000000+09:00", end="2026-01-28T00:00:00.0000000+09:00"
[20:16:57.035 INF] [T:1] [Rank] Listener (0.0.0.0:20000:"Tcp") was started.
[20:16:57.037 INF] [T:1] [Rank] The server instance Rank was been started!
[20:17:07.667 DBG] [T:26] [Rank] A new session connected. sessionId=142dc4bd-2a67-496b-ad8e-4f3f15799f8d, remoteEndPoint=127.0.0.1:52944
[20:17:07.727 DBG] [T:10] [Rank] Session authentication succeeded. sessionId=142dc4bd-2a67-496b-ad8e-4f3f15799f8d, peerId=1
[20:17:07.766 ERR] [T:10] [Rank] Invalid Padding value: 151
System.Security.Cryptography.CryptographicException: Invalid Padding value: 151
   at SP.Engine.Runtime.Security.AesCbcEncryptor.Decrypt(ReadOnlySpan`1 source, Span`1 destination) in /Users/sangpil/GitHub/SP.Engine/Engine/SP.Engine.Runtime/Security/AesCbcEncryptor.cs:line 96
   at SP.Engine.Runtime.Networking.BaseMessage`1.Deserialize[TProtocol](IEncryptor encryptor, ICompressor compressor) in /Users/sangpil/GitHub/SP.Engine/Engine/SP.Engine.Runtime/Networking/BaseMessage.cs:line 112
   at SP.Engine.Server.BasePeer.SP.Engine.Runtime.Command.ICommandContext.Deserialize[TProtocol](IMessage message) in /Users/sangpil/GitHub/SP.Engine/Engine/SP.Engine.Server/BasePeer.cs:line 115
   at SP.Engine.Runtime.Command.BaseCommand`2.Execute(ICommandContext context, IMessage message) in /Users/sangpil/GitHub/SP.Engine/Engine/SP.Engine.Runtime/Command/BaseCommand.cs:line 20
[20:17:07.785 ERR] [T:26] [Rank] Invalid Padding value: 64
System.Security.Cryptography.CryptographicException: Invalid Padding value: 64
   at SP.Engine.Runtime.Security.AesCbcEncryptor.Decrypt(ReadOnlySpan`1 source, Span`1 destination) in /Users/sangpil/GitHub/SP.Engine/Engine/SP.Engine.Runtime/Security/AesCbcEncryptor.cs:line 96
   at SP.Engine.Runtime.Networking.BaseMessage`1.Deserialize[TProtocol](IEncryptor encryptor, ICompressor compressor) in /Users/sangpil/GitHub/SP.Engine/Engine/SP.Engine.Runtime/Networking/BaseMessage.cs:line 112
   at SP.Engine.Server.Session.SP.Engine.Runtime.Command.ICommandContext.Deserialize[TProtocol](IMessage message) in /Users/sangpil/GitHub/SP.Engine/Engine/SP.Engine.Server/Session.cs:line 45
   at SP.Engine.Runtime.Command.BaseCommand`2.Execute(ICommandContext context, IMessage message) in /Users/sangpil/GitHub/SP.Engine/Engine/SP.Engine.Runtime/Command/BaseCommand.cs:line 20
[20:17:09.793 ERR] [T:10] [Rank] Invalid Padding value: 174
System.Security.Cryptography.CryptographicException: Invalid Padding value: 174
   at SP.Engine.Runtime.Security.AesCbcEncryptor.Decrypt(ReadOnlySpan`1 source, Span`1 destination) in /Users/sangpil/GitHub/SP.Engine/Engine/SP.Engine.Runtime/Security/AesCbcEncryptor.cs:line 96
   at SP.Engine.Runtime.Networking.BaseMessage`1.Deserialize[TProtocol](IEncryptor encryptor, ICompressor compressor) in /Users/sangpil/GitHub/SP.Engine/Engine/SP.Engine.Runtime/Networking/BaseMessage.cs:line 112
   at SP.Engine.Server.Session.SP.Engine.Runtime.Command.ICommandContext.Deserialize[TProtocol](IMessage message) in /Users/sangpil/GitHub/SP.Engine/Engine/SP.Engine.Server/Session.cs:line 45
   at SP.Engine.Runtime.Command.BaseCommand`2.Execute(ICommandContext context, IMessage message) in /Users/sangpil/GitHub/SP.Engine/Engine/SP.Engine.Runtime/Command/BaseCommand.cs:line 20
[20:17:11.803 ERR] [T:25] [Rank] Invalid Padding value: 98
System.Security.Cryptography.CryptographicException: Invalid Padding value: 98
   at SP.Engine.Runtime.Security.AesCbcEncryptor.Decrypt(ReadOnlySpan`1 source, Span`1 destination) in /Users/sangpil/GitHub/SP.Engine/Engine/SP.Engine.Runtime/Security/AesCbcEncryptor.cs:line 96
   at SP.Engine.Runtime.Networking.BaseMessage`1.Deserialize[TProtocol](IEncryptor encryptor, ICompressor compressor) in /Users/sangpil/GitHub/SP.Engine/Engine/SP.Engine.Runtime/Networking/BaseMessage.cs:line 112
   at SP.Engine.Server.Session.SP.Engine.Runtime.Command.ICommandContext.Deserialize[TProtocol](IMessage message) in /Users/sangpil/GitHub/SP.Engine/Engine/SP.Engine.Server/Session.cs:line 45
   at SP.Engine.Runtime.Command.BaseCommand`2.Execute(ICommandContext context, IMessage message) in /Users/sangpil/GitHub/SP.Engine/Engine/SP.Engine.Runtime/Command/BaseCommand.cs:line 20
[20:25:02.123 INF] [T:1] [Rank] Logger setup was successful: Rank
[20:25:02.264 DBG] [T:1] [Rank] Discover commands: [3003, 3002, 3001, 3000, 1000]
[20:25:02.265 INF] [T:1] [Rank] The server Rank is initialized.
[20:25:02.509 DBG] [T:1] [Rank] [Daily] Reward loaded. season="Daily"/1, uid=1, rank=2, score=30, isRewarded=false, item=[0:0:70]
[20:25:02.509 DBG] [T:1] [Rank] [Daily] Reward loaded. season="Daily"/1, uid=2, rank=1, score=40, isRewarded=false, item=[0:0:100]
[20:25:02.509 DBG] [T:1] [Rank] [Daily] Reward loaded. season="Daily"/1, uid=1000001, rank=3, score=10, isRewarded=false, item=[0:0:50]
[20:25:02.509 DBG] [T:1] [Rank] [Daily] Reward loaded. season="Daily"/12, uid=1000001, rank=1, score=30, isRewarded=false, item=[0:0:100]
[20:25:02.516 INF] [T:1] [Rank] [Daily] Season loaded. kind="Daily", num=67, state="Running", start="2026-01-26T15:00:00.0000000+09:00", end="2026-01-27T15:00:00.0000000+09:00"
[20:25:02.518 INF] [T:1] [Rank] Listener (0.0.0.0:20000:"Tcp") was started.
[20:25:02.520 INF] [T:1] [Rank] The server instance Rank was been started!
[20:25:02.576 DBG] [T:12] [Rank] [Daily] Reward loaded. season="Daily"/1, uid=1, rank=2, score=30, isRewarded=false, item=[0:0:70]
[20:25:02.576 DBG] [T:12] [Rank] [Daily] Reward loaded. season="Daily"/1, uid=2, rank=1, score=40, isRewarded=false, item=[0:0:100]
[20:25:02.576 DBG] [T:12] [Rank] [Daily] Reward loaded. season="Daily"/1, uid=1000001, rank=3, score=10, isRewarded=false, item=[0:0:50]
[20:25:02.576 DBG] [T:12] [Rank] [Daily] Reward loaded. season="Daily"/12, uid=1000001, rank=1, score=30, isRewarded=false, item=[0:0:100]
[20:25:02.674 INF] [T:12] [Rank] [Daily] Next season scheduled. kind="Daily", num=68, start="2026-01-27T00:00:00.0000000+00:00", end="2026-01-28T00:00:00.0000000+00:00"
[20:25:10.737 DBG] [T:11] [Rank] A new session connected. sessionId=488c7289-278c-4f93-a608-6280f2897259, remoteEndPoint=127.0.0.1:53058
[20:25:10.795 DBG] [T:11] [Rank] Session authentication succeeded. sessionId=488c7289-278c-4f93-a608-6280f2897259, peerId=1
[20:25:10.836 INF] [T:8] [Rank] Server Game registered.
