[14:59:23.509 INF] [T:1] [Rank] Logger setup was successful: Rank
[14:59:23.641 DBG] [T:1] [Rank] [Engine] Discovered '5' commands: [3003, 3002, 3001, 3000, 1000]
[14:59:23.642 INF] [T:1] [Rank] The server Rank is initialized.
[14:59:23.646 INF] [T:7] [PerfMonitor] Time:2026-03-27 05:59:23.644Z CPU=0.6% WS=63.36MB Managed=761.56KB Threads=17
[14:59:23.908 DBG] [T:1] [Rank] [Daily] Reward loaded. season="Daily"/1, uid=1, rank=2, score=30, isRewarded=false, item=[0:0:70]
[14:59:23.908 DBG] [T:1] [Rank] [Daily] Reward loaded. season="Daily"/1, uid=2, rank=1, score=40, isRewarded=false, item=[0:0:100]
[14:59:23.908 DBG] [T:1] [Rank] [Daily] Reward loaded. season="Daily"/1, uid=1000001, rank=3, score=10, isRewarded=false, item=[0:0:50]
[14:59:23.908 DBG] [T:1] [Rank] [Daily] Reward loaded. season="Daily"/12, uid=1000001, rank=1, score=30, isRewarded=false, item=[0:0:100]
[14:59:23.916 INF] [T:1] [Rank] [Daily] Season loaded. kind="Daily", num=96, state="Running", start="2026-03-23T00:00:00.0000000+09:00", end="2026-03-24T00:00:00.0000000+09:00"
[14:59:23.918 INF] [T:1] [Rank] Listener (0.0.0.0:20001:"Tcp") was started.
[14:59:23.920 INF] [T:1] [Rank] The server instance Rank was been started!
[14:59:23.957 DBG] [T:12] [Rank] [Daily] Reward loaded. season="Daily"/1, uid=1, rank=2, score=30, isRewarded=false, item=[0:0:70]
[14:59:23.957 DBG] [T:12] [Rank] [Daily] Reward loaded. season="Daily"/1, uid=2, rank=1, score=40, isRewarded=false, item=[0:0:100]
[14:59:23.957 DBG] [T:12] [Rank] [Daily] Reward loaded. season="Daily"/1, uid=1000001, rank=3, score=10, isRewarded=false, item=[0:0:50]
[14:59:23.957 DBG] [T:12] [Rank] [Daily] Reward loaded. season="Daily"/12, uid=1000001, rank=1, score=30, isRewarded=false, item=[0:0:100]
[14:59:24.049 INF] [T:12] [Rank] [Daily] Next season scheduled. kind="Daily", num=97, start="2026-03-27T00:00:00.0000000+00:00", end="2026-03-28T00:00:00.0000000+00:00"
[14:59:53.643 INF] [T:7] [PerfMonitor] Time:2026-03-27 05:59:52.643Z CPU=0.0% WS=104.48MB Managed=11.00MB Threads=35
[15:00:23.643 INF] [T:7] [PerfMonitor] Time:2026-03-27 06:00:22.642Z CPU=0.0% WS=106.53MB Managed=11.49MB Threads=34
[15:00:53.642 INF] [T:7] [PerfMonitor] Time:2026-03-27 06:00:52.641Z CPU=0.0% WS=107.12MB Managed=11.97MB Threads=35
[15:01:23.642 INF] [T:7] [PerfMonitor] Time:2026-03-27 06:01:22.641Z CPU=0.0% WS=107.67MB Managed=12.45MB Threads=34
[15:01:53.641 INF] [T:7] [PerfMonitor] Time:2026-03-27 06:01:52.641Z CPU=0.0% WS=108.59MB Managed=12.94MB Threads=36
[15:02:23.640 INF] [T:7] [PerfMonitor] Time:2026-03-27 06:02:22.640Z CPU=0.0% WS=109.09MB Managed=13.42MB Threads=33
[15:02:53.638 INF] [T:7] [PerfMonitor] Time:2026-03-27 06:02:52.638Z CPU=0.0% WS=109.78MB Managed=13.91MB Threads=33
[15:03:23.639 INF] [T:7] [PerfMonitor] Time:2026-03-27 06:03:22.638Z CPU=0.0% WS=110.34MB Managed=10.15MB Threads=35
[15:03:53.637 INF] [T:7] [PerfMonitor] Time:2026-03-27 06:03:52.638Z CPU=0.0% WS=110.33MB Managed=10.64MB Threads=34
[15:04:23.638 INF] [T:7] [PerfMonitor] Time:2026-03-27 06:04:22.637Z CPU=0.0% WS=110.38MB Managed=11.13MB Threads=35
[15:04:53.637 INF] [T:7] [PerfMonitor] Time:2026-03-27 06:04:52.637Z CPU=0.0% WS=111.92MB Managed=11.61MB Threads=34
[15:05:23.636 INF] [T:7] [PerfMonitor] Time:2026-03-27 06:05:22.636Z CPU=0.0% WS=111.94MB Managed=12.09MB Threads=35
[15:05:53.635 INF] [T:7] [PerfMonitor] Time:2026-03-27 06:05:52.635Z CPU=0.0% WS=111.92MB Managed=12.59MB Threads=35
[15:06:23.634 INF] [T:7] [PerfMonitor] Time:2026-03-27 06:06:22.634Z CPU=0.0% WS=111.92MB Managed=13.08MB Threads=35
[15:06:53.634 INF] [T:7] [PerfMonitor] Time:2026-03-27 06:06:53.634Z CPU=0.0% WS=111.92MB Managed=13.58MB Threads=35
[15:07:23.634 INF] [T:7] [PerfMonitor] Time:2026-03-27 06:07:22.633Z CPU=0.0% WS=112.52MB Managed=14.06MB Threads=36
[15:07:53.633 INF] [T:7] [PerfMonitor] Time:2026-03-27 06:07:52.632Z CPU=0.0% WS=112.48MB Managed=14.56MB Threads=36
[15:08:23.632 INF] [T:7] [PerfMonitor] Time:2026-03-27 06:08:22.631Z CPU=0.0% WS=75.42MB Managed=15.04MB Threads=35
[15:08:53.631 INF] [T:7] [PerfMonitor] Time:2026-03-27 06:08:53.631Z CPU=0.0% WS=75.47MB Managed=15.56MB Threads=35
[15:09:23.631 INF] [T:7] [PerfMonitor] Time:2026-03-27 06:09:22.631Z CPU=0.0% WS=75.69MB Managed=16.02MB Threads=34
[15:09:53.631 INF] [T:7] [PerfMonitor] Time:2026-03-27 06:09:53.630Z CPU=0.0% WS=77.80MB Managed=16.51MB Threads=34
[15:10:23.630 INF] [T:7] [PerfMonitor] Time:2026-03-27 06:10:22.629Z CPU=0.0% WS=78.31MB Managed=16.99MB Threads=35
[15:10:53.629 INF] [T:7] [PerfMonitor] Time:2026-03-27 06:10:52.628Z CPU=0.0% WS=77.42MB Managed=17.48MB Threads=35
[15:11:23.629 INF] [T:7] [PerfMonitor] Time:2026-03-27 06:11:22.628Z CPU=0.0% WS=77.48MB Managed=10.32MB Threads=34
[15:11:53.628 INF] [T:7] [PerfMonitor] Time:2026-03-27 06:11:52.628Z CPU=0.0% WS=77.50MB Managed=10.80MB Threads=35
[15:12:23.626 INF] [T:7] [PerfMonitor] Time:2026-03-27 06:12:22.626Z CPU=0.0% WS=77.50MB Managed=11.29MB Threads=35
[15:12:53.626 INF] [T:7] [PerfMonitor] Time:2026-03-27 06:12:52.626Z CPU=0.0% WS=77.52MB Managed=11.79MB Threads=36
[15:13:23.626 INF] [T:7] [PerfMonitor] Time:2026-03-27 06:13:22.626Z CPU=0.0% WS=77.48MB Managed=12.29MB Threads=34
[15:13:53.625 INF] [T:7] [PerfMonitor] Time:2026-03-27 06:13:53.625Z CPU=0.0% WS=77.52MB Managed=12.78MB Threads=34
[15:14:23.625 INF] [T:7] [PerfMonitor] Time:2026-03-27 06:14:22.624Z CPU=0.0% WS=77.62MB Managed=13.24MB Threads=35
[15:14:53.624 INF] [T:7] [PerfMonitor] Time:2026-03-27 06:14:52.623Z CPU=0.0% WS=77.89MB Managed=13.74MB Threads=34
[15:15:23.623 INF] [T:7] [PerfMonitor] Time:2026-03-27 06:15:22.623Z CPU=0.0% WS=77.89MB Managed=14.23MB Threads=34
[15:15:53.622 INF] [T:7] [PerfMonitor] Time:2026-03-27 06:15:52.622Z CPU=0.0% WS=77.89MB Managed=14.69MB Threads=34
[15:16:23.622 INF] [T:7] [PerfMonitor] Time:2026-03-27 06:16:22.622Z CPU=0.0% WS=77.91MB Managed=15.18MB Threads=35
[15:16:53.621 INF] [T:7] [PerfMonitor] Time:2026-03-27 06:16:52.621Z CPU=0.0% WS=77.89MB Managed=15.67MB Threads=34
[15:17:23.621 INF] [T:7] [PerfMonitor] Time:2026-03-27 06:17:22.621Z CPU=0.0% WS=77.89MB Managed=16.15MB Threads=34
[15:17:53.622 INF] [T:7] [PerfMonitor] Time:2026-03-27 06:17:53.622Z CPU=0.0% WS=77.91MB Managed=16.64MB Threads=35
[15:18:23.620 INF] [T:7] [PerfMonitor] Time:2026-03-27 06:18:22.619Z CPU=0.0% WS=77.89MB Managed=17.12MB Threads=34
[15:18:53.619 INF] [T:7] [PerfMonitor] Time:2026-03-27 06:18:52.618Z CPU=0.0% WS=77.92MB Managed=9.94MB Threads=34
[15:19:23.619 INF] [T:7] [PerfMonitor] Time:2026-03-27 06:19:22.618Z CPU=0.0% WS=77.92MB Managed=10.44MB Threads=34
[15:19:53.618 INF] [T:7] [PerfMonitor] Time:2026-03-27 06:19:52.617Z CPU=0.0% WS=77.94MB Managed=10.90MB Threads=35
[15:20:23.616 INF] [T:7] [PerfMonitor] Time:2026-03-27 06:20:22.617Z CPU=0.0% WS=77.92MB Managed=11.39MB Threads=34
[15:20:53.616 INF] [T:7] [PerfMonitor] Time:2026-03-27 06:20:52.615Z CPU=0.0% WS=77.92MB Managed=11.87MB Threads=34
[15:21:23.615 INF] [T:7] [PerfMonitor] Time:2026-03-27 06:21:22.616Z CPU=0.0% WS=77.95MB Managed=12.37MB Threads=36
[15:21:53.616 INF] [T:7] [PerfMonitor] Time:2026-03-27 06:21:52.615Z CPU=0.0% WS=77.95MB Managed=12.85MB Threads=36
[15:22:23.729 INF] [T:7] [PerfMonitor] Time:2026-03-27 06:22:22.728Z CPU=0.0% WS=77.94MB Managed=13.34MB Threads=34
[15:22:53.730 INF] [T:7] [PerfMonitor] Time:2026-03-27 06:22:52.728Z CPU=0.0% WS=77.95MB Managed=13.84MB Threads=35
[15:23:23.729 INF] [T:7] [PerfMonitor] Time:2026-03-27 06:23:22.730Z CPU=0.0% WS=78.02MB Managed=14.32MB Threads=36
[15:23:53.730 INF] [T:7] [PerfMonitor] Time:2026-03-27 06:23:52.730Z CPU=0.0% WS=77.97MB Managed=14.81MB Threads=34
[15:24:23.730 INF] [T:7] [PerfMonitor] Time:2026-03-27 06:24:22.730Z CPU=0.0% WS=77.97MB Managed=15.28MB Threads=34
[15:24:53.731 INF] [T:7] [PerfMonitor] Time:2026-03-27 06:24:52.731Z CPU=0.0% WS=77.97MB Managed=15.76MB Threads=34
[15:25:23.731 INF] [T:7] [PerfMonitor] Time:2026-03-27 06:25:22.730Z CPU=0.0% WS=77.97MB Managed=16.24MB Threads=34
[15:25:53.731 INF] [T:7] [PerfMonitor] Time:2026-03-27 06:25:52.730Z CPU=0.0% WS=77.97MB Managed=16.73MB Threads=34
[15:26:23.731 INF] [T:7] [PerfMonitor] Time:2026-03-27 06:26:22.732Z CPU=0.0% WS=77.97MB Managed=17.22MB Threads=34
[15:26:53.732 INF] [T:7] [PerfMonitor] Time:2026-03-27 06:26:52.732Z CPU=0.0% WS=77.98MB Managed=10.03MB Threads=35
[15:27:23.732 INF] [T:7] [PerfMonitor] Time:2026-03-27 06:27:22.732Z CPU=0.0% WS=77.98MB Managed=10.53MB Threads=35
[15:27:53.733 INF] [T:7] [PerfMonitor] Time:2026-03-27 06:27:52.733Z CPU=0.0% WS=77.97MB Managed=11.01MB Threads=34
[15:28:23.733 INF] [T:7] [PerfMonitor] Time:2026-03-27 06:28:22.733Z CPU=0.0% WS=77.97MB Managed=11.48MB Threads=34
[15:28:53.734 INF] [T:7] [PerfMonitor] Time:2026-03-27 06:28:52.733Z CPU=0.0% WS=77.98MB Managed=11.97MB Threads=35
[15:29:23.734 INF] [T:7] [PerfMonitor] Time:2026-03-27 06:29:22.733Z CPU=0.0% WS=77.97MB Managed=12.46MB Threads=34
[15:29:53.734 INF] [T:7] [PerfMonitor] Time:2026-03-27 06:29:52.734Z CPU=0.0% WS=78.38MB Managed=12.95MB Threads=35
[15:30:23.734 INF] [T:7] [PerfMonitor] Time:2026-03-27 06:30:22.734Z CPU=0.0% WS=78.39MB Managed=13.44MB Threads=35
[15:30:53.735 INF] [T:7] [PerfMonitor] Time:2026-03-27 06:30:52.734Z CPU=0.0% WS=78.42MB Managed=13.94MB Threads=36
[15:31:23.735 INF] [T:7] [PerfMonitor] Time:2026-03-27 06:31:22.735Z CPU=0.0% WS=78.39MB Managed=14.42MB Threads=34
[15:31:53.735 INF] [T:7] [PerfMonitor] Time:2026-03-27 06:31:52.735Z CPU=0.0% WS=78.41MB Managed=14.90MB Threads=35
[15:32:23.736 INF] [T:7] [PerfMonitor] Time:2026-03-27 06:32:22.735Z CPU=0.0% WS=78.41MB Managed=15.39MB Threads=35
[15:32:53.736 INF] [T:7] [PerfMonitor] Time:2026-03-27 06:32:52.736Z CPU=0.0% WS=78.38MB Managed=15.88MB Threads=34
[15:33:23.736 INF] [T:7] [PerfMonitor] Time:2026-03-27 06:33:22.736Z CPU=0.0% WS=78.38MB Managed=16.36MB Threads=34
[15:33:53.737 INF] [T:7] [PerfMonitor] Time:2026-03-27 06:33:52.736Z CPU=0.0% WS=78.41MB Managed=16.85MB Threads=36
[15:34:23.736 INF] [T:7] [PerfMonitor] Time:2026-03-27 06:34:23.736Z CPU=0.0% WS=78.38MB Managed=17.35MB Threads=34
[15:34:53.738 INF] [T:7] [PerfMonitor] Time:2026-03-27 06:34:52.736Z CPU=0.0% WS=78.45MB Managed=10.14MB Threads=35
[15:35:23.738 INF] [T:7] [PerfMonitor] Time:2026-03-27 06:35:22.737Z CPU=0.0% WS=78.44MB Managed=10.62MB Threads=34
[15:35:53.738 INF] [T:7] [PerfMonitor] Time:2026-03-27 06:35:52.738Z CPU=0.0% WS=78.44MB Managed=11.13MB Threads=34
[15:36:23.739 INF] [T:7] [PerfMonitor] Time:2026-03-27 06:36:22.738Z CPU=0.0% WS=78.45MB Managed=11.62MB Threads=35
[15:36:53.739 INF] [T:7] [PerfMonitor] Time:2026-03-27 06:36:52.739Z CPU=0.0% WS=78.44MB Managed=12.10MB Threads=34
[15:37:23.739 INF] [T:7] [PerfMonitor] Time:2026-03-27 06:37:22.739Z CPU=0.0% WS=78.44MB Managed=12.60MB Threads=34
[15:37:53.740 INF] [T:7] [PerfMonitor] Time:2026-03-27 06:37:53.740Z CPU=0.0% WS=78.45MB Managed=13.09MB Threads=35
[15:38:23.739 INF] [T:7] [PerfMonitor] Time:2026-03-27 06:38:22.740Z CPU=0.0% WS=78.44MB Managed=13.55MB Threads=34
[15:38:53.740 INF] [T:7] [PerfMonitor] Time:2026-03-27 06:38:52.740Z CPU=0.0% WS=78.45MB Managed=14.06MB Threads=35
[15:39:23.741 INF] [T:7] [PerfMonitor] Time:2026-03-27 06:39:22.740Z CPU=0.0% WS=78.44MB Managed=14.53MB Threads=34
[15:39:53.741 INF] [T:7] [PerfMonitor] Time:2026-03-27 06:39:52.741Z CPU=0.0% WS=78.47MB Managed=15.01MB Threads=35
[15:40:23.740 INF] [T:7] [PerfMonitor] Time:2026-03-27 06:40:22.741Z CPU=0.0% WS=78.47MB Managed=15.50MB Threads=35
[15:40:53.742 INF] [T:7] [PerfMonitor] Time:2026-03-27 06:40:52.741Z CPU=0.0% WS=78.48MB Managed=15.99MB Threads=36
[15:41:23.742 INF] [T:7] [PerfMonitor] Time:2026-03-27 06:41:22.742Z CPU=0.0% WS=78.48MB Managed=16.48MB Threads=36
[15:41:53.743 INF] [T:7] [PerfMonitor] Time:2026-03-27 06:41:52.742Z CPU=0.0% WS=78.45MB Managed=16.98MB Threads=34
[15:42:23.743 INF] [T:7] [PerfMonitor] Time:2026-03-27 06:42:22.743Z CPU=0.0% WS=78.50MB Managed=17.47MB Threads=36
[15:42:53.744 INF] [T:7] [PerfMonitor] Time:2026-03-27 06:42:52.742Z CPU=0.0% WS=78.48MB Managed=10.28MB Threads=34
[15:43:23.742 INF] [T:7] [PerfMonitor] Time:2026-03-27 06:43:22.743Z CPU=0.0% WS=78.50MB Managed=10.79MB Threads=35
[15:43:53.743 INF] [T:7] [PerfMonitor] Time:2026-03-27 06:43:52.744Z CPU=0.0% WS=78.50MB Managed=11.26MB Threads=36
[15:44:23.744 INF] [T:7] [PerfMonitor] Time:2026-03-27 06:44:22.743Z CPU=0.0% WS=78.48MB Managed=11.77MB Threads=35
[15:44:53.744 INF] [T:7] [PerfMonitor] Time:2026-03-27 06:44:52.743Z CPU=0.0% WS=78.48MB Managed=12.24MB Threads=35
[15:45:23.744 INF] [T:7] [PerfMonitor] Time:2026-03-27 06:45:22.743Z CPU=0.0% WS=78.48MB Managed=12.74MB Threads=35
[15:45:53.744 INF] [T:7] [PerfMonitor] Time:2026-03-27 06:45:52.744Z CPU=0.0% WS=78.47MB Managed=13.21MB Threads=34
[15:46:23.745 INF] [T:7] [PerfMonitor] Time:2026-03-27 06:46:22.745Z CPU=0.0% WS=78.47MB Managed=13.70MB Threads=34
[15:46:53.746 INF] [T:7] [PerfMonitor] Time:2026-03-27 06:46:52.745Z CPU=0.0% WS=78.48MB Managed=14.19MB Threads=35
[15:47:23.746 INF] [T:7] [PerfMonitor] Time:2026-03-27 06:47:22.745Z CPU=0.0% WS=78.47MB Managed=14.66MB Threads=34
[15:47:53.747 INF] [T:7] [PerfMonitor] Time:2026-03-27 06:47:52.746Z CPU=0.0% WS=78.47MB Managed=15.16MB Threads=34
[15:48:23.746 INF] [T:7] [PerfMonitor] Time:2026-03-27 06:48:23.746Z CPU=0.0% WS=78.47MB Managed=15.67MB Threads=34
[15:48:53.747 INF] [T:7] [PerfMonitor] Time:2026-03-27 06:48:52.747Z CPU=0.0% WS=78.47MB Managed=16.12MB Threads=34
[15:49:23.747 INF] [T:7] [PerfMonitor] Time:2026-03-27 06:49:22.747Z CPU=0.0% WS=78.47MB Managed=16.59MB Threads=34
[15:49:53.748 INF] [T:7] [PerfMonitor] Time:2026-03-27 06:49:52.747Z CPU=0.0% WS=78.47MB Managed=17.08MB Threads=34
[15:50:23.748 INF] [T:7] [PerfMonitor] Time:2026-03-27 06:50:22.748Z CPU=0.0% WS=78.47MB Managed=9.84MB Threads=34
[15:50:53.748 INF] [T:7] [PerfMonitor] Time:2026-03-27 06:50:52.748Z CPU=0.0% WS=78.47MB Managed=10.36MB Threads=34
[15:51:23.749 INF] [T:7] [PerfMonitor] Time:2026-03-27 06:51:22.748Z CPU=0.0% WS=78.47MB Managed=10.84MB Threads=34
[15:51:53.749 INF] [T:7] [PerfMonitor] Time:2026-03-27 06:51:52.748Z CPU=0.0% WS=78.47MB Managed=11.32MB Threads=34
[15:52:23.749 INF] [T:7] [PerfMonitor] Time:2026-03-27 06:52:22.749Z CPU=0.0% WS=78.47MB Managed=11.78MB Threads=34
[15:52:53.750 INF] [T:7] [PerfMonitor] Time:2026-03-27 06:52:52.749Z CPU=0.0% WS=78.48MB Managed=12.27MB Threads=35
[15:53:23.749 INF] [T:7] [PerfMonitor] Time:2026-03-27 06:53:22.749Z CPU=0.0% WS=78.47MB Managed=12.76MB Threads=34
[15:53:53.751 INF] [T:7] [PerfMonitor] Time:2026-03-27 06:53:52.750Z CPU=0.0% WS=78.47MB Managed=13.23MB Threads=34
[15:54:23.751 INF] [T:7] [PerfMonitor] Time:2026-03-27 06:54:22.750Z CPU=0.0% WS=78.45MB Managed=13.70MB Threads=33
[15:54:53.752 INF] [T:7] [PerfMonitor] Time:2026-03-27 06:54:52.751Z CPU=0.0% WS=78.47MB Managed=14.18MB Threads=34
[15:55:23.752 INF] [T:7] [PerfMonitor] Time:2026-03-27 06:55:22.751Z CPU=0.0% WS=78.48MB Managed=14.67MB Threads=35
[15:55:53.752 INF] [T:7] [PerfMonitor] Time:2026-03-27 06:55:52.753Z CPU=0.0% WS=78.48MB Managed=15.17MB Threads=35
[15:56:23.752 INF] [T:7] [PerfMonitor] Time:2026-03-27 06:56:22.753Z CPU=0.0% WS=76.88MB Managed=15.65MB Threads=34
[15:56:53.754 INF] [T:7] [PerfMonitor] Time:2026-03-27 06:56:52.753Z CPU=0.0% WS=76.88MB Managed=16.13MB Threads=34
[15:57:23.752 INF] [T:7] [PerfMonitor] Time:2026-03-27 06:57:22.753Z CPU=0.0% WS=76.89MB Managed=16.64MB Threads=35
[15:57:53.754 INF] [T:7] [PerfMonitor] Time:2026-03-27 06:57:52.753Z CPU=0.0% WS=76.88MB Managed=17.13MB Threads=34
[15:58:23.755 INF] [T:7] [PerfMonitor] Time:2026-03-27 06:58:22.755Z CPU=0.0% WS=76.92MB Managed=9.96MB Threads=35
[15:58:53.755 INF] [T:7] [PerfMonitor] Time:2026-03-27 06:58:53.755Z CPU=0.0% WS=76.92MB Managed=10.46MB Threads=35
[15:59:23.754 INF] [T:7] [PerfMonitor] Time:2026-03-27 06:59:22.754Z CPU=0.0% WS=76.88MB Managed=10.94MB Threads=34
[15:59:53.755 INF] [T:7] [PerfMonitor] Time:2026-03-27 06:59:52.754Z CPU=0.0% WS=76.88MB Managed=11.42MB Threads=34
[16:00:23.755 INF] [T:7] [PerfMonitor] Time:2026-03-27 07:00:22.755Z CPU=0.0% WS=76.88MB Managed=11.89MB Threads=34
[16:00:53.755 INF] [T:7] [PerfMonitor] Time:2026-03-27 07:00:52.755Z CPU=0.0% WS=76.89MB Managed=12.38MB Threads=34
[16:01:23.756 INF] [T:7] [PerfMonitor] Time:2026-03-27 07:01:22.755Z CPU=0.0% WS=76.89MB Managed=12.86MB Threads=34
[16:01:53.765 INF] [T:7] [PerfMonitor] Time:2026-03-27 07:01:52.764Z CPU=0.0% WS=76.94MB Managed=13.34MB Threads=33
[16:02:23.768 INF] [T:7] [PerfMonitor] Time:2026-03-27 07:02:22.767Z CPU=0.0% WS=76.95MB Managed=13.81MB Threads=34
[16:02:53.769 INF] [T:7] [PerfMonitor] Time:2026-03-27 07:02:52.767Z CPU=0.0% WS=76.97MB Managed=14.30MB Threads=35
[16:03:23.769 INF] [T:7] [PerfMonitor] Time:2026-03-27 07:03:22.768Z CPU=0.0% WS=76.95MB Managed=14.78MB Threads=34
[16:03:53.770 INF] [T:7] [PerfMonitor] Time:2026-03-27 07:03:52.769Z CPU=0.0% WS=76.98MB Managed=15.28MB Threads=36
[16:04:23.770 INF] [T:7] [PerfMonitor] Time:2026-03-27 07:04:22.769Z CPU=0.0% WS=76.97MB Managed=15.78MB Threads=35
[16:04:53.770 INF] [T:7] [PerfMonitor] Time:2026-03-27 07:04:52.770Z CPU=0.1% WS=76.95MB Managed=16.25MB Threads=34
[16:05:23.771 INF] [T:7] [PerfMonitor] Time:2026-03-27 07:05:22.770Z CPU=0.0% WS=76.95MB Managed=16.74MB Threads=34
[16:05:53.772 INF] [T:7] [PerfMonitor] Time:2026-03-27 07:05:52.771Z CPU=0.0% WS=76.95MB Managed=17.21MB Threads=34
[16:06:23.772 INF] [T:7] [PerfMonitor] Time:2026-03-27 07:06:22.771Z CPU=0.0% WS=76.97MB Managed=10.04MB Threads=34
[16:06:53.773 INF] [T:7] [PerfMonitor] Time:2026-03-27 07:06:52.771Z CPU=0.0% WS=76.97MB Managed=10.55MB Threads=34
[16:07:23.773 INF] [T:7] [PerfMonitor] Time:2026-03-27 07:07:22.772Z CPU=0.0% WS=76.95MB Managed=11.02MB Threads=34
[16:07:53.773 INF] [T:7] [PerfMonitor] Time:2026-03-27 07:07:52.772Z CPU=0.0% WS=76.97MB Managed=11.51MB Threads=35
[16:08:23.774 INF] [T:7] [PerfMonitor] Time:2026-03-27 07:08:22.773Z CPU=0.0% WS=76.95MB Managed=11.98MB Threads=34
[16:08:53.774 INF] [T:7] [PerfMonitor] Time:2026-03-27 07:08:52.773Z CPU=0.0% WS=76.97MB Managed=12.47MB Threads=34
[16:09:23.775 INF] [T:7] [PerfMonitor] Time:2026-03-27 07:09:22.774Z CPU=0.0% WS=76.95MB Managed=12.95MB Threads=34
[16:09:53.776 INF] [T:7] [PerfMonitor] Time:2026-03-27 07:09:52.775Z CPU=0.0% WS=76.95MB Managed=13.43MB Threads=34
[16:10:23.776 INF] [T:7] [PerfMonitor] Time:2026-03-27 07:10:22.775Z CPU=0.0% WS=76.95MB Managed=13.92MB Threads=34
[16:10:53.775 INF] [T:7] [PerfMonitor] Time:2026-03-27 07:10:52.776Z CPU=0.0% WS=76.95MB Managed=14.40MB Threads=34
[16:11:23.776 INF] [T:7] [PerfMonitor] Time:2026-03-27 07:11:22.777Z CPU=0.0% WS=76.97MB Managed=14.89MB Threads=35
[16:11:53.776 INF] [T:7] [PerfMonitor] Time:2026-03-27 07:11:52.777Z CPU=0.0% WS=76.95MB Managed=15.36MB Threads=34
[16:12:23.776 INF] [T:7] [PerfMonitor] Time:2026-03-27 07:12:22.778Z CPU=0.0% WS=76.97MB Managed=15.86MB Threads=35
[16:12:53.778 INF] [T:7] [PerfMonitor] Time:2026-03-27 07:12:52.778Z CPU=0.0% WS=76.97MB Managed=16.33MB Threads=35
[16:13:23.778 INF] [T:7] [PerfMonitor] Time:2026-03-27 07:13:22.778Z CPU=0.0% WS=76.97MB Managed=16.82MB Threads=35
[16:13:53.778 INF] [T:7] [PerfMonitor] Time:2026-03-27 07:13:52.778Z CPU=0.0% WS=76.97MB Managed=17.32MB Threads=35
[16:14:23.779 INF] [T:7] [PerfMonitor] Time:2026-03-27 07:14:22.780Z CPU=0.0% WS=76.94MB Managed=10.17MB Threads=34
[16:14:53.779 INF] [T:7] [PerfMonitor] Time:2026-03-27 07:14:52.781Z CPU=0.0% WS=76.95MB Managed=10.65MB Threads=35
[16:15:23.780 INF] [T:7] [PerfMonitor] Time:2026-03-27 07:15:22.781Z CPU=0.0% WS=76.94MB Managed=11.14MB Threads=34
[16:15:53.780 INF] [T:7] [PerfMonitor] Time:2026-03-27 07:15:52.781Z CPU=0.0% WS=76.94MB Managed=11.62MB Threads=34
[16:16:23.781 INF] [T:7] [PerfMonitor] Time:2026-03-27 07:16:22.782Z CPU=0.0% WS=76.95MB Managed=12.10MB Threads=35
[16:16:53.781 INF] [T:7] [PerfMonitor] Time:2026-03-27 07:16:52.781Z CPU=0.0% WS=76.95MB Managed=12.59MB Threads=35
[16:17:23.781 INF] [T:7] [PerfMonitor] Time:2026-03-27 07:17:22.783Z CPU=0.0% WS=76.95MB Managed=13.08MB Threads=35
[16:17:53.783 INF] [T:7] [PerfMonitor] Time:2026-03-27 07:17:52.783Z CPU=0.0% WS=76.94MB Managed=13.55MB Threads=34
[16:18:23.782 INF] [T:7] [PerfMonitor] Time:2026-03-27 07:18:22.783Z CPU=0.0% WS=76.94MB Managed=14.06MB Threads=36
[16:18:53.783 INF] [T:7] [PerfMonitor] Time:2026-03-27 07:18:52.784Z CPU=0.0% WS=76.94MB Managed=14.54MB Threads=36
[16:19:23.784 INF] [T:7] [PerfMonitor] Time:2026-03-27 07:19:22.785Z CPU=0.0% WS=76.91MB Managed=15.04MB Threads=34
[16:19:53.784 INF] [T:7] [PerfMonitor] Time:2026-03-27 07:19:52.785Z CPU=0.0% WS=76.91MB Managed=15.52MB Threads=34
[16:20:23.785 INF] [T:7] [PerfMonitor] Time:2026-03-27 07:20:22.786Z CPU=0.0% WS=76.91MB Managed=15.99MB Threads=34
[16:20:53.785 INF] [T:7] [PerfMonitor] Time:2026-03-27 07:20:52.786Z CPU=0.0% WS=76.91MB Managed=16.48MB Threads=34
[16:21:23.786 INF] [T:7] [PerfMonitor] Time:2026-03-27 07:21:22.787Z CPU=0.0% WS=76.92MB Managed=16.97MB Threads=35
[16:21:53.787 INF] [T:7] [PerfMonitor] Time:2026-03-27 07:21:52.788Z CPU=0.0% WS=76.94MB Managed=17.47MB Threads=35
[16:22:23.786 INF] [T:7] [PerfMonitor] Time:2026-03-27 07:22:22.788Z CPU=0.0% WS=76.94MB Managed=10.27MB Threads=35
[16:22:53.787 INF] [T:7] [PerfMonitor] Time:2026-03-27 07:22:52.789Z CPU=0.0% WS=76.95MB Managed=10.75MB Threads=36
[16:23:23.788 INF] [T:7] [PerfMonitor] Time:2026-03-27 07:23:23.787Z CPU=0.0% WS=76.92MB Managed=11.25MB Threads=34
[16:23:53.789 INF] [T:7] [PerfMonitor] Time:2026-03-27 07:23:52.789Z CPU=0.0% WS=76.92MB Managed=11.72MB Threads=34
[16:24:23.789 INF] [T:7] [PerfMonitor] Time:2026-03-27 07:24:22.790Z CPU=0.0% WS=76.94MB Managed=12.21MB Threads=35
[16:24:53.789 INF] [T:7] [PerfMonitor] Time:2026-03-27 07:24:52.790Z CPU=0.0% WS=76.94MB Managed=12.70MB Threads=35
[16:25:23.790 INF] [T:7] [PerfMonitor] Time:2026-03-27 07:25:22.791Z CPU=0.0% WS=76.94MB Managed=13.19MB Threads=35
[16:25:53.790 INF] [T:7] [PerfMonitor] Time:2026-03-27 07:25:52.791Z CPU=0.0% WS=76.92MB Managed=13.68MB Threads=34
[16:26:23.791 INF] [T:7] [PerfMonitor] Time:2026-03-27 07:26:22.792Z CPU=0.0% WS=76.92MB Managed=14.18MB Threads=34
[16:26:53.791 INF] [T:7] [PerfMonitor] Time:2026-03-27 07:26:52.793Z CPU=0.0% WS=76.94MB Managed=14.65MB Threads=34
[16:27:23.792 INF] [T:7] [PerfMonitor] Time:2026-03-27 07:27:22.793Z CPU=0.0% WS=76.94MB Managed=15.13MB Threads=34
[16:27:53.793 INF] [T:7] [PerfMonitor] Time:2026-03-27 07:27:52.794Z CPU=0.0% WS=76.94MB Managed=15.63MB Threads=34
[16:28:23.793 INF] [T:7] [PerfMonitor] Time:2026-03-27 07:28:22.793Z CPU=0.0% WS=76.94MB Managed=16.10MB Threads=34
[16:28:53.794 INF] [T:7] [PerfMonitor] Time:2026-03-27 07:28:52.795Z CPU=0.0% WS=76.95MB Managed=16.58MB Threads=35
[16:29:23.794 INF] [T:7] [PerfMonitor] Time:2026-03-27 07:29:22.795Z CPU=0.0% WS=76.95MB Managed=17.06MB Threads=35
[16:29:53.794 INF] [T:7] [PerfMonitor] Time:2026-03-27 07:29:52.795Z CPU=0.0% WS=77.00MB Managed=9.90MB Threads=35
[16:30:23.796 INF] [T:7] [PerfMonitor] Time:2026-03-27 07:30:22.796Z CPU=0.0% WS=76.98MB Managed=10.39MB Threads=35
[16:30:53.796 INF] [T:7] [PerfMonitor] Time:2026-03-27 07:30:52.796Z CPU=0.0% WS=76.98MB Managed=10.87MB Threads=35
[16:31:23.796 INF] [T:7] [PerfMonitor] Time:2026-03-27 07:31:22.797Z CPU=0.0% WS=77.02MB Managed=11.36MB Threads=36
[16:31:53.796 INF] [T:7] [PerfMonitor] Time:2026-03-27 07:31:52.797Z CPU=0.0% WS=76.97MB Managed=11.85MB Threads=34
[16:32:23.797 INF] [T:7] [PerfMonitor] Time:2026-03-27 07:32:22.798Z CPU=0.0% WS=76.97MB Managed=12.32MB Threads=34
[16:32:53.797 INF] [T:7] [PerfMonitor] Time:2026-03-27 07:32:52.799Z CPU=0.0% WS=76.98MB Managed=12.81MB Threads=34
[16:33:23.798 INF] [T:7] [PerfMonitor] Time:2026-03-27 07:33:22.798Z CPU=0.0% WS=77.00MB Managed=13.29MB Threads=35
[16:33:53.799 INF] [T:7] [PerfMonitor] Time:2026-03-27 07:33:52.799Z CPU=0.0% WS=76.98MB Managed=13.78MB Threads=34
[16:34:23.799 INF] [T:7] [PerfMonitor] Time:2026-03-27 07:34:22.800Z CPU=0.0% WS=77.00MB Managed=14.26MB Threads=35
[16:34:53.800 INF] [T:7] [PerfMonitor] Time:2026-03-27 07:34:52.800Z CPU=0.0% WS=77.02MB Managed=14.75MB Threads=36
[16:35:23.800 INF] [T:7] [PerfMonitor] Time:2026-03-27 07:35:22.801Z CPU=0.0% WS=77.00MB Managed=15.25MB Threads=35
[16:35:53.800 INF] [T:7] [PerfMonitor] Time:2026-03-27 07:35:52.802Z CPU=0.0% WS=76.98MB Managed=15.72MB Threads=34
[16:36:23.801 INF] [T:7] [PerfMonitor] Time:2026-03-27 07:36:22.802Z CPU=0.0% WS=77.00MB Managed=16.21MB Threads=35
[16:36:53.802 INF] [T:7] [PerfMonitor] Time:2026-03-27 07:36:52.802Z CPU=0.1% WS=77.00MB Managed=16.69MB Threads=35
[16:37:23.802 INF] [T:7] [PerfMonitor] Time:2026-03-27 07:37:22.803Z CPU=0.0% WS=77.00MB Managed=17.18MB Threads=35
[16:37:53.802 INF] [T:7] [PerfMonitor] Time:2026-03-27 07:37:52.803Z CPU=0.0% WS=77.09MB Managed=9.66MB Threads=34
[16:38:23.803 INF] [T:7] [PerfMonitor] Time:2026-03-27 07:38:22.804Z CPU=0.0% WS=77.09MB Managed=10.16MB Threads=34
[16:38:53.804 INF] [T:7] [PerfMonitor] Time:2026-03-27 07:38:52.805Z CPU=0.0% WS=77.12MB Managed=10.64MB Threads=36
[16:39:23.804 INF] [T:7] [PerfMonitor] Time:2026-03-27 07:39:22.805Z CPU=0.0% WS=77.08MB Managed=11.12MB Threads=34
[16:39:53.805 INF] [T:7] [PerfMonitor] Time:2026-03-27 07:39:52.805Z CPU=0.0% WS=77.08MB Managed=11.61MB Threads=34
[16:40:23.804 INF] [T:7] [PerfMonitor] Time:2026-03-27 07:40:22.806Z CPU=0.0% WS=77.08MB Managed=12.09MB Threads=34
[16:40:53.806 INF] [T:7] [PerfMonitor] Time:2026-03-27 07:40:52.805Z CPU=0.0% WS=77.08MB Managed=12.56MB Threads=34
[16:41:23.806 INF] [T:7] [PerfMonitor] Time:2026-03-27 07:41:22.806Z CPU=0.0% WS=77.08MB Managed=13.05MB Threads=34
[16:41:53.806 INF] [T:7] [PerfMonitor] Time:2026-03-27 07:41:52.807Z CPU=0.0% WS=77.08MB Managed=13.53MB Threads=34
[16:42:23.807 INF] [T:7] [PerfMonitor] Time:2026-03-27 07:42:22.808Z CPU=0.0% WS=77.08MB Managed=14.01MB Threads=34
[16:42:53.807 INF] [T:7] [PerfMonitor] Time:2026-03-27 07:42:52.807Z CPU=0.0% WS=77.08MB Managed=14.51MB Threads=34
[16:43:23.808 INF] [T:7] [PerfMonitor] Time:2026-03-27 07:43:22.809Z CPU=0.0% WS=77.08MB Managed=14.98MB Threads=34
[16:43:53.809 INF] [T:7] [PerfMonitor] Time:2026-03-27 07:43:52.810Z CPU=0.0% WS=77.08MB Managed=15.47MB Threads=34
[16:44:23.811 INF] [T:7] [PerfMonitor] Time:2026-03-27 07:44:22.809Z CPU=0.0% WS=77.16MB Managed=15.97MB Threads=38
[16:44:53.811 INF] [T:7] [PerfMonitor] Time:2026-03-27 07:44:52.810Z CPU=0.0% WS=77.11MB Managed=16.47MB Threads=35
[16:45:23.812 INF] [T:7] [PerfMonitor] Time:2026-03-27 07:45:22.825Z CPU=0.0% WS=77.09MB Managed=16.94MB Threads=34
[16:45:53.812 INF] [T:7] [PerfMonitor] Time:2026-03-27 07:45:52.812Z CPU=0.1% WS=77.14MB Managed=9.78MB Threads=37
[16:46:23.812 INF] [T:7] [PerfMonitor] Time:2026-03-27 07:46:22.812Z CPU=0.0% WS=77.09MB Managed=10.26MB Threads=34
[16:46:53.813 INF] [T:7] [PerfMonitor] Time:2026-03-27 07:46:52.813Z CPU=0.0% WS=77.11MB Managed=10.75MB Threads=35
[16:47:23.812 INF] [T:7] [PerfMonitor] Time:2026-03-27 07:47:22.813Z CPU=0.0% WS=77.09MB Managed=11.24MB Threads=34
[16:47:53.815 INF] [T:7] [PerfMonitor] Time:2026-03-27 07:47:52.814Z CPU=0.0% WS=77.09MB Managed=11.72MB Threads=34
[16:48:23.815 INF] [T:7] [PerfMonitor] Time:2026-03-27 07:48:22.814Z CPU=0.0% WS=77.08MB Managed=12.20MB Threads=33
[16:48:53.814 INF] [T:7] [PerfMonitor] Time:2026-03-27 07:48:52.813Z CPU=0.0% WS=77.09MB Managed=12.67MB Threads=34
[17:04:33.281 INF] [T:7] [PerfMonitor] Time:2026-03-27 08:04:32.282Z CPU=0.0% WS=77.11MB Managed=13.17MB Threads=35
[17:05:03.283 INF] [T:7] [PerfMonitor] Time:2026-03-27 08:05:02.283Z CPU=0.0% WS=77.09MB Managed=13.65MB Threads=34
[17:05:33.283 INF] [T:7] [PerfMonitor] Time:2026-03-27 08:05:32.283Z CPU=0.0% WS=77.09MB Managed=14.11MB Threads=34
[17:06:03.282 INF] [T:7] [PerfMonitor] Time:2026-03-27 08:06:02.284Z CPU=0.0% WS=77.09MB Managed=14.59MB Threads=34
[17:23:16.218 INF] [T:7] [PerfMonitor] Time:2026-03-27 08:23:15.218Z CPU=0.0% WS=77.09MB Managed=15.10MB Threads=34
[17:23:46.207 INF] [T:7] [PerfMonitor] Time:2026-03-27 08:23:45.208Z CPU=0.0% WS=77.09MB Managed=15.57MB Threads=34
[17:24:16.208 INF] [T:7] [PerfMonitor] Time:2026-03-27 08:24:15.208Z CPU=0.0% WS=77.11MB Managed=16.07MB Threads=35
[17:24:46.207 INF] [T:7] [PerfMonitor] Time:2026-03-27 08:24:45.218Z CPU=0.0% WS=77.12MB Managed=16.54MB Threads=36
[17:25:16.208 INF] [T:7] [PerfMonitor] Time:2026-03-27 08:25:15.206Z CPU=0.0% WS=77.11MB Managed=17.04MB Threads=35
[17:27:15.320 INF] [T:7] [PerfMonitor] Time:2026-03-27 08:27:14.320Z CPU=0.0% WS=77.11MB Managed=9.87MB Threads=34
[17:43:33.476 INF] [T:7] [PerfMonitor] Time:2026-03-27 08:43:32.475Z CPU=0.0% WS=77.11MB Managed=10.34MB Threads=34
[17:44:03.444 INF] [T:7] [PerfMonitor] Time:2026-03-27 08:44:02.446Z CPU=0.0% WS=77.11MB Managed=10.84MB Threads=34
[17:44:33.438 INF] [T:7] [PerfMonitor] Time:2026-03-27 08:44:32.445Z CPU=0.0% WS=77.12MB Managed=11.33MB Threads=35
[17:45:03.471 INF] [T:7] [PerfMonitor] Time:2026-03-27 08:45:02.437Z CPU=0.0% WS=77.19MB Managed=11.84MB Threads=37
[17:45:33.435 INF] [T:7] [PerfMonitor] Time:2026-03-27 08:45:32.436Z CPU=0.0% WS=77.14MB Managed=12.31MB Threads=34
[18:02:01.073 INF] [T:7] [PerfMonitor] Time:2026-03-27 09:02:00.074Z CPU=0.0% WS=77.16MB Managed=12.82MB Threads=34
[18:02:31.081 INF] [T:7] [PerfMonitor] Time:2026-03-27 09:02:30.072Z CPU=0.0% WS=77.19MB Managed=13.31MB Threads=36
[18:03:01.071 INF] [T:7] [PerfMonitor] Time:2026-03-27 09:03:00.073Z CPU=0.0% WS=77.19MB Managed=13.80MB Threads=36
[18:03:31.071 INF] [T:7] [PerfMonitor] Time:2026-03-27 09:03:30.072Z CPU=0.0% WS=77.16MB Managed=14.30MB Threads=34
[18:20:24.622 INF] [T:7] [PerfMonitor] Time:2026-03-27 09:20:23.621Z CPU=0.0% WS=77.17MB Managed=14.78MB Threads=34
[18:20:54.644 INF] [T:7] [PerfMonitor] Time:2026-03-27 09:20:53.644Z CPU=0.0% WS=77.22MB Managed=15.28MB Threads=35
[18:21:24.649 INF] [T:7] [PerfMonitor] Time:2026-03-27 09:21:23.692Z CPU=0.0% WS=77.23MB Managed=15.77MB Threads=36
[18:21:54.647 INF] [T:7] [PerfMonitor] Time:2026-03-27 09:21:53.647Z CPU=0.0% WS=77.23MB Managed=16.28MB Threads=36
[18:38:55.341 INF] [T:7] [PerfMonitor] Time:2026-03-27 09:38:54.342Z CPU=0.1% WS=77.22MB Managed=16.77MB Threads=35
[18:39:25.340 INF] [T:7] [PerfMonitor] Time:2026-03-27 09:39:24.342Z CPU=0.0% WS=77.20MB Managed=17.24MB Threads=34
[18:44:37.731 INF] [T:7] [PerfMonitor] Time:2026-03-27 09:44:36.721Z CPU=0.0% WS=77.28MB Managed=10.07MB Threads=34
[18:45:07.722 INF] [T:7] [PerfMonitor] Time:2026-03-27 09:45:06.726Z CPU=0.0% WS=43.36MB Managed=10.55MB Threads=34
[18:45:37.721 INF] [T:7] [PerfMonitor] Time:2026-03-27 09:45:36.722Z CPU=0.0% WS=44.66MB Managed=11.05MB Threads=36
[18:46:07.722 INF] [T:7] [PerfMonitor] Time:2026-03-27 09:46:06.722Z CPU=0.0% WS=45.28MB Managed=11.54MB Threads=35
[18:46:37.722 INF] [T:7] [PerfMonitor] Time:2026-03-27 09:46:36.721Z CPU=0.0% WS=46.00MB Managed=12.04MB Threads=36
[18:47:07.722 INF] [T:7] [PerfMonitor] Time:2026-03-27 09:47:06.722Z CPU=0.0% WS=46.62MB Managed=12.54MB Threads=36
[18:47:37.722 INF] [T:7] [PerfMonitor] Time:2026-03-27 09:47:36.722Z CPU=0.0% WS=47.17MB Managed=13.03MB Threads=36
[18:48:07.722 INF] [T:7] [PerfMonitor] Time:2026-03-27 09:48:06.722Z CPU=0.0% WS=47.67MB Managed=13.52MB Threads=34
[18:48:37.722 INF] [T:7] [PerfMonitor] Time:2026-03-27 09:48:36.722Z CPU=0.0% WS=48.19MB Managed=14.01MB Threads=34
[18:49:07.722 INF] [T:7] [PerfMonitor] Time:2026-03-27 09:49:07.722Z CPU=0.0% WS=48.72MB Managed=14.50MB Threads=34
[18:49:37.722 INF] [T:7] [PerfMonitor] Time:2026-03-27 09:49:36.722Z CPU=0.0% WS=49.19MB Managed=14.96MB Threads=34
[18:50:07.724 INF] [T:7] [PerfMonitor] Time:2026-03-27 09:50:06.723Z CPU=0.0% WS=49.69MB Managed=15.42MB Threads=34
[18:50:37.722 INF] [T:7] [PerfMonitor] Time:2026-03-27 09:50:36.723Z CPU=0.0% WS=49.98MB Managed=15.93MB Threads=34
[18:51:07.722 INF] [T:7] [PerfMonitor] Time:2026-03-27 09:51:06.722Z CPU=0.0% WS=50.02MB Managed=16.43MB Threads=35
[18:51:37.724 INF] [T:7] [PerfMonitor] Time:2026-03-27 09:51:36.724Z CPU=0.0% WS=50.02MB Managed=16.91MB Threads=35
[18:52:07.724 INF] [T:7] [PerfMonitor] Time:2026-03-27 09:52:06.723Z CPU=0.0% WS=51.89MB Managed=9.74MB Threads=34
[18:52:37.724 INF] [T:7] [PerfMonitor] Time:2026-03-27 09:52:36.723Z CPU=0.0% WS=51.97MB Managed=10.25MB Threads=36
[18:53:07.724 INF] [T:7] [PerfMonitor] Time:2026-03-27 09:53:06.724Z CPU=0.0% WS=51.94MB Managed=10.74MB Threads=34
[18:53:37.724 INF] [T:7] [PerfMonitor] Time:2026-03-27 09:53:36.723Z CPU=0.0% WS=51.94MB Managed=11.21MB Threads=34
[18:54:07.722 INF] [T:7] [PerfMonitor] Time:2026-03-27 09:54:06.722Z CPU=0.0% WS=51.95MB Managed=11.71MB Threads=35
[18:54:37.722 INF] [T:7] [PerfMonitor] Time:2026-03-27 09:54:36.723Z CPU=0.0% WS=51.94MB Managed=12.19MB Threads=34
[18:55:07.723 INF] [T:7] [PerfMonitor] Time:2026-03-27 09:55:06.723Z CPU=0.0% WS=51.94MB Managed=12.66MB Threads=34
[18:55:37.723 INF] [T:7] [PerfMonitor] Time:2026-03-27 09:55:36.721Z CPU=0.0% WS=51.95MB Managed=13.15MB Threads=35
[18:56:07.722 INF] [T:7] [PerfMonitor] Time:2026-03-27 09:56:06.722Z CPU=0.0% WS=51.95MB Managed=13.63MB Threads=35
[18:56:37.722 INF] [T:7] [PerfMonitor] Time:2026-03-27 09:56:36.722Z CPU=0.1% WS=52.00MB Managed=14.13MB Threads=36
[18:57:07.722 INF] [T:7] [PerfMonitor] Time:2026-03-27 09:57:06.723Z CPU=0.1% WS=51.97MB Managed=14.62MB Threads=34
[18:57:37.723 INF] [T:7] [PerfMonitor] Time:2026-03-27 09:57:36.723Z CPU=0.1% WS=52.00MB Managed=15.10MB Threads=34
[18:58:07.723 INF] [T:7] [PerfMonitor] Time:2026-03-27 09:58:06.723Z CPU=0.1% WS=52.08MB Managed=15.59MB Threads=35
[18:58:37.723 INF] [T:7] [PerfMonitor] Time:2026-03-27 09:58:36.723Z CPU=0.0% WS=52.19MB Managed=16.10MB Threads=35
[18:59:07.723 INF] [T:7] [PerfMonitor] Time:2026-03-27 09:59:06.723Z CPU=0.0% WS=52.20MB Managed=16.60MB Threads=35
[18:59:37.723 INF] [T:7] [PerfMonitor] Time:2026-03-27 09:59:36.723Z CPU=0.0% WS=52.20MB Managed=17.09MB Threads=35
[19:00:07.723 INF] [T:7] [PerfMonitor] Time:2026-03-27 10:00:06.724Z CPU=0.0% WS=52.20MB Managed=9.92MB Threads=34
[19:00:37.723 INF] [T:7] [PerfMonitor] Time:2026-03-27 10:00:36.723Z CPU=0.0% WS=52.20MB Managed=10.42MB Threads=34
[19:01:07.722 INF] [T:7] [PerfMonitor] Time:2026-03-27 10:01:06.723Z CPU=0.0% WS=52.20MB Managed=10.90MB Threads=34
[19:01:37.724 INF] [T:7] [PerfMonitor] Time:2026-03-27 10:01:36.723Z CPU=0.0% WS=52.22MB Managed=11.39MB Threads=35
[19:02:07.723 INF] [T:7] [PerfMonitor] Time:2026-03-27 10:02:07.723Z CPU=0.0% WS=52.22MB Managed=11.88MB Threads=35
[19:02:37.723 INF] [T:7] [PerfMonitor] Time:2026-03-27 10:02:36.723Z CPU=0.0% WS=52.20MB Managed=12.34MB Threads=34
[19:03:07.724 INF] [T:7] [PerfMonitor] Time:2026-03-27 10:03:06.724Z CPU=0.0% WS=52.22MB Managed=12.84MB Threads=35
[19:03:37.723 INF] [T:7] [PerfMonitor] Time:2026-03-27 10:03:36.724Z CPU=0.0% WS=53.45MB Managed=13.31MB Threads=34
[19:04:07.724 INF] [T:7] [PerfMonitor] Time:2026-03-27 10:04:06.723Z CPU=0.0% WS=53.45MB Managed=13.79MB Threads=34
[19:04:37.723 INF] [T:7] [PerfMonitor] Time:2026-03-27 10:04:36.723Z CPU=0.0% WS=53.45MB Managed=14.28MB Threads=34
[19:05:07.725 INF] [T:7] [PerfMonitor] Time:2026-03-27 10:05:06.723Z CPU=0.0% WS=53.45MB Managed=14.76MB Threads=34
[19:05:37.725 INF] [T:7] [PerfMonitor] Time:2026-03-27 10:05:36.724Z CPU=0.0% WS=53.47MB Managed=15.23MB Threads=35
[19:06:07.724 INF] [T:7] [PerfMonitor] Time:2026-03-27 10:06:06.724Z CPU=0.0% WS=53.47MB Managed=15.73MB Threads=35
[19:06:37.723 INF] [T:7] [PerfMonitor] Time:2026-03-27 10:06:36.723Z CPU=0.0% WS=53.45MB Managed=16.21MB Threads=34
[19:07:07.724 INF] [T:7] [PerfMonitor] Time:2026-03-27 10:07:07.724Z CPU=0.0% WS=53.47MB Managed=16.71MB Threads=35
[19:07:37.724 INF] [T:7] [PerfMonitor] Time:2026-03-27 10:07:36.724Z CPU=0.0% WS=53.45MB Managed=17.19MB Threads=34
[19:08:07.724 INF] [T:7] [PerfMonitor] Time:2026-03-27 10:08:06.724Z CPU=0.0% WS=53.45MB Managed=9.99MB Threads=34
[19:08:37.724 INF] [T:7] [PerfMonitor] Time:2026-03-27 10:08:36.724Z CPU=0.0% WS=53.47MB Managed=10.50MB Threads=35
[19:09:07.724 INF] [T:7] [PerfMonitor] Time:2026-03-27 10:09:07.724Z CPU=0.0% WS=53.52MB Managed=11.00MB Threads=37
[19:09:37.724 INF] [T:7] [PerfMonitor] Time:2026-03-27 10:09:37.724Z CPU=0.0% WS=53.47MB Managed=11.50MB Threads=34
[19:10:07.723 INF] [T:7] [PerfMonitor] Time:2026-03-27 10:10:07.723Z CPU=0.0% WS=53.50MB Managed=12.00MB Threads=36
[19:10:37.724 INF] [T:7] [PerfMonitor] Time:2026-03-27 10:10:36.723Z CPU=0.0% WS=53.52MB Managed=12.48MB Threads=36
[19:11:07.724 INF] [T:7] [PerfMonitor] Time:2026-03-27 10:11:06.723Z CPU=0.0% WS=53.52MB Managed=12.97MB Threads=35
[19:11:37.724 INF] [T:7] [PerfMonitor] Time:2026-03-27 10:11:36.723Z CPU=0.0% WS=52.75MB Managed=13.47MB Threads=35
[19:12:07.725 INF] [T:7] [PerfMonitor] Time:2026-03-27 10:12:06.723Z CPU=0.0% WS=52.73MB Managed=13.94MB Threads=34
[19:12:37.724 INF] [T:7] [PerfMonitor] Time:2026-03-27 10:12:36.723Z CPU=0.0% WS=52.72MB Managed=14.42MB Threads=34
[19:13:07.724 INF] [T:7] [PerfMonitor] Time:2026-03-27 10:13:06.724Z CPU=0.0% WS=52.73MB Managed=14.91MB Threads=35
[19:13:37.724 INF] [T:7] [PerfMonitor] Time:2026-03-27 10:13:36.723Z CPU=0.0% WS=52.72MB Managed=15.38MB Threads=34
[19:14:07.724 INF] [T:7] [PerfMonitor] Time:2026-03-27 10:14:06.723Z CPU=0.0% WS=52.72MB Managed=15.87MB Threads=34
[19:14:37.724 INF] [T:7] [PerfMonitor] Time:2026-03-27 10:14:36.724Z CPU=0.0% WS=52.72MB Managed=16.34MB Threads=34
[19:15:07.724 INF] [T:7] [PerfMonitor] Time:2026-03-27 10:15:06.723Z CPU=0.0% WS=52.72MB Managed=16.82MB Threads=34
[19:15:37.725 INF] [T:7] [PerfMonitor] Time:2026-03-27 10:15:36.724Z CPU=0.0% WS=52.73MB Managed=17.31MB Threads=35
[19:16:07.724 INF] [T:7] [PerfMonitor] Time:2026-03-27 10:16:06.723Z CPU=0.0% WS=52.73MB Managed=10.15MB Threads=34
[19:16:37.724 INF] [T:7] [PerfMonitor] Time:2026-03-27 10:16:36.723Z CPU=0.0% WS=52.73MB Managed=10.64MB Threads=34
[19:17:07.725 INF] [T:7] [PerfMonitor] Time:2026-03-27 10:17:06.724Z CPU=0.0% WS=52.75MB Managed=11.14MB Threads=35
[19:17:37.724 INF] [T:7] [PerfMonitor] Time:2026-03-27 10:17:36.724Z CPU=0.0% WS=52.73MB Managed=11.61MB Threads=34
[19:18:07.725 INF] [T:7] [PerfMonitor] Time:2026-03-27 10:18:06.724Z CPU=0.0% WS=52.75MB Managed=12.10MB Threads=35
[19:18:37.724 INF] [T:7] [PerfMonitor] Time:2026-03-27 10:18:36.724Z CPU=0.0% WS=52.73MB Managed=12.60MB Threads=34
[19:19:05.781 INF] [T:7] [PerfMonitor] Time:2026-03-27 10:19:04.781Z CPU=0.0% WS=52.75MB Managed=13.08MB Threads=35
[19:19:35.782 INF] [T:7] [PerfMonitor] Time:2026-03-27 10:19:34.781Z CPU=0.0% WS=52.73MB Managed=13.55MB Threads=34
[19:20:05.782 INF] [T:7] [PerfMonitor] Time:2026-03-27 10:20:05.782Z CPU=0.0% WS=52.73MB Managed=14.06MB Threads=34
[19:20:35.781 INF] [T:7] [PerfMonitor] Time:2026-03-27 10:20:34.781Z CPU=0.0% WS=52.73MB Managed=14.52MB Threads=34
[19:21:05.781 INF] [T:7] [PerfMonitor] Time:2026-03-27 10:21:04.781Z CPU=0.1% WS=52.73MB Managed=15.00MB Threads=34
[19:21:35.782 INF] [T:7] [PerfMonitor] Time:2026-03-27 10:21:34.782Z CPU=0.1% WS=52.77MB Managed=15.48MB Threads=36
[19:22:05.782 INF] [T:7] [PerfMonitor] Time:2026-03-27 10:22:04.781Z CPU=0.0% WS=52.73MB Managed=15.97MB Threads=34
[19:22:35.782 INF] [T:7] [PerfMonitor] Time:2026-03-27 10:22:34.781Z CPU=0.0% WS=52.75MB Managed=16.47MB Threads=35
[19:23:05.783 INF] [T:7] [PerfMonitor] Time:2026-03-27 10:23:04.782Z CPU=0.0% WS=52.77MB Managed=16.96MB Threads=36
[19:23:35.782 INF] [T:7] [PerfMonitor] Time:2026-03-27 10:23:34.782Z CPU=0.1% WS=52.78MB Managed=9.82MB Threads=34
[19:24:05.783 INF] [T:7] [PerfMonitor] Time:2026-03-27 10:24:04.781Z CPU=0.1% WS=52.80MB Managed=10.31MB Threads=35
[19:24:35.782 INF] [T:7] [PerfMonitor] Time:2026-03-27 10:24:34.781Z CPU=0.0% WS=52.78MB Managed=10.79MB Threads=34
[19:25:05.782 INF] [T:7] [PerfMonitor] Time:2026-03-27 10:25:04.781Z CPU=0.0% WS=52.78MB Managed=11.28MB Threads=34
[19:25:35.782 INF] [T:7] [PerfMonitor] Time:2026-03-27 10:25:34.782Z CPU=0.0% WS=52.81MB Managed=11.76MB Threads=35
[19:26:05.781 INF] [T:7] [PerfMonitor] Time:2026-03-27 10:26:04.782Z CPU=0.0% WS=52.80MB Managed=12.26MB Threads=34
[19:26:35.783 INF] [T:7] [PerfMonitor] Time:2026-03-27 10:26:34.782Z CPU=0.0% WS=52.83MB Managed=12.75MB Threads=35
[19:27:05.783 INF] [T:7] [PerfMonitor] Time:2026-03-27 10:27:04.782Z CPU=0.0% WS=52.81MB Managed=13.24MB Threads=34
[19:27:35.782 INF] [T:7] [PerfMonitor] Time:2026-03-27 10:27:34.782Z CPU=0.0% WS=52.84MB Managed=13.72MB Threads=35
[19:28:05.783 INF] [T:7] [PerfMonitor] Time:2026-03-27 10:28:04.781Z CPU=0.0% WS=52.83MB Managed=14.20MB Threads=34
[19:28:35.783 INF] [T:7] [PerfMonitor] Time:2026-03-27 10:28:34.781Z CPU=0.0% WS=52.83MB Managed=14.68MB Threads=34
[19:29:05.783 INF] [T:7] [PerfMonitor] Time:2026-03-27 10:29:05.783Z CPU=0.0% WS=52.86MB Managed=15.19MB Threads=35
[19:29:35.783 INF] [T:7] [PerfMonitor] Time:2026-03-27 10:29:34.782Z CPU=0.0% WS=52.77MB Managed=15.65MB Threads=34
[19:30:05.783 INF] [T:7] [PerfMonitor] Time:2026-03-27 10:30:04.782Z CPU=0.0% WS=52.78MB Managed=16.14MB Threads=35
[19:30:35.783 INF] [T:7] [PerfMonitor] Time:2026-03-27 10:30:34.782Z CPU=0.0% WS=52.77MB Managed=16.61MB Threads=34
[19:31:05.783 INF] [T:7] [PerfMonitor] Time:2026-03-27 10:31:04.782Z CPU=0.0% WS=52.78MB Managed=17.12MB Threads=35
[19:31:35.782 INF] [T:7] [PerfMonitor] Time:2026-03-27 10:31:34.782Z CPU=0.0% WS=54.06MB Managed=9.95MB Threads=34
[19:32:05.783 INF] [T:7] [PerfMonitor] Time:2026-03-27 10:32:04.783Z CPU=0.0% WS=54.06MB Managed=10.44MB Threads=34
[19:32:35.784 INF] [T:7] [PerfMonitor] Time:2026-03-27 10:32:34.783Z CPU=0.0% WS=54.06MB Managed=10.92MB Threads=34
[19:33:05.784 INF] [T:7] [PerfMonitor] Time:2026-03-27 10:33:04.782Z CPU=0.0% WS=54.06MB Managed=11.40MB Threads=34
[19:33:35.784 INF] [T:7] [PerfMonitor] Time:2026-03-27 10:33:34.783Z CPU=0.0% WS=54.06MB Managed=11.90MB Threads=34
[19:34:05.783 INF] [T:7] [PerfMonitor] Time:2026-03-27 10:34:04.783Z CPU=0.0% WS=54.08MB Managed=12.38MB Threads=35
[19:34:37.788 INF] [T:7] [PerfMonitor] Time:2026-03-27 10:34:37.788Z CPU=0.0% WS=54.09MB Managed=12.91MB Threads=36
[19:35:07.787 INF] [T:7] [PerfMonitor] Time:2026-03-27 10:35:06.786Z CPU=0.1% WS=54.08MB Managed=13.37MB Threads=35
[19:35:37.788 INF] [T:7] [PerfMonitor] Time:2026-03-27 10:35:36.787Z CPU=0.0% WS=54.06MB Managed=13.86MB Threads=34
[19:36:07.788 INF] [T:7] [PerfMonitor] Time:2026-03-27 10:36:06.787Z CPU=0.0% WS=54.08MB Managed=14.36MB Threads=35
[19:36:37.788 INF] [T:7] [PerfMonitor] Time:2026-03-27 10:36:36.787Z CPU=0.0% WS=54.09MB Managed=14.85MB Threads=35
[19:37:07.788 INF] [T:7] [PerfMonitor] Time:2026-03-27 10:37:06.787Z CPU=0.0% WS=54.09MB Managed=15.32MB Threads=35
[19:37:37.788 INF] [T:7] [PerfMonitor] Time:2026-03-27 10:37:36.787Z CPU=0.0% WS=54.08MB Managed=15.81MB Threads=34
[19:38:07.788 INF] [T:7] [PerfMonitor] Time:2026-03-27 10:38:06.788Z CPU=0.0% WS=54.08MB Managed=16.29MB Threads=34
[19:38:37.787 INF] [T:7] [PerfMonitor] Time:2026-03-27 10:38:36.787Z CPU=0.0% WS=54.09MB Managed=16.77MB Threads=34
[19:39:07.788 INF] [T:7] [PerfMonitor] Time:2026-03-27 10:39:06.787Z CPU=0.0% WS=54.09MB Managed=17.26MB Threads=34
[19:39:37.788 INF] [T:7] [PerfMonitor] Time:2026-03-27 10:39:36.787Z CPU=0.0% WS=54.31MB Managed=10.07MB Threads=34
[19:40:07.788 INF] [T:7] [PerfMonitor] Time:2026-03-27 10:40:06.787Z CPU=0.0% WS=54.31MB Managed=10.56MB Threads=34
[19:40:37.789 INF] [T:7] [PerfMonitor] Time:2026-03-27 10:40:36.788Z CPU=0.0% WS=54.31MB Managed=11.06MB Threads=34
[19:41:07.788 INF] [T:7] [PerfMonitor] Time:2026-03-27 10:41:06.788Z CPU=0.0% WS=54.31MB Managed=11.54MB Threads=34
[19:41:37.788 INF] [T:7] [PerfMonitor] Time:2026-03-27 10:41:36.788Z CPU=0.0% WS=54.31MB Managed=12.01MB Threads=34
[19:42:07.789 INF] [T:7] [PerfMonitor] Time:2026-03-27 10:42:06.787Z CPU=0.0% WS=54.31MB Managed=12.49MB Threads=34
[19:42:37.790 INF] [T:7] [PerfMonitor] Time:2026-03-27 10:42:36.790Z CPU=0.0% WS=55.17MB Managed=13.01MB Threads=36
[19:43:07.789 INF] [T:7] [PerfMonitor] Time:2026-03-27 10:43:06.789Z CPU=0.0% WS=55.14MB Managed=13.49MB Threads=34
[19:43:37.789 INF] [T:7] [PerfMonitor] Time:2026-03-27 10:43:36.790Z CPU=0.0% WS=55.14MB Managed=13.99MB Threads=34
[19:44:07.788 INF] [T:7] [PerfMonitor] Time:2026-03-27 10:44:06.789Z CPU=0.0% WS=55.14MB Managed=14.48MB Threads=34
[19:44:37.790 INF] [T:7] [PerfMonitor] Time:2026-03-27 10:44:36.790Z CPU=0.0% WS=55.17MB Managed=14.96MB Threads=35
[19:45:07.789 INF] [T:7] [PerfMonitor] Time:2026-03-27 10:45:06.790Z CPU=0.0% WS=55.16MB Managed=15.43MB Threads=34
[19:45:37.789 INF] [T:7] [PerfMonitor] Time:2026-03-27 10:45:36.790Z CPU=0.0% WS=57.94MB Managed=15.93MB Threads=34
[19:46:07.789 INF] [T:7] [PerfMonitor] Time:2026-03-27 10:46:06.789Z CPU=0.0% WS=57.94MB Managed=16.41MB Threads=34
[19:46:37.788 INF] [T:7] [PerfMonitor] Time:2026-03-27 10:46:36.790Z CPU=0.0% WS=57.94MB Managed=16.88MB Threads=34
[19:47:07.789 INF] [T:7] [PerfMonitor] Time:2026-03-27 10:47:06.790Z CPU=0.0% WS=57.97MB Managed=17.36MB Threads=35
[20:03:48.441 INF] [T:7] [PerfMonitor] Time:2026-03-27 11:03:47.439Z CPU=0.1% WS=57.78MB Managed=10.21MB Threads=34
[20:04:18.443 INF] [T:7] [PerfMonitor] Time:2026-03-27 11:04:17.443Z CPU=0.0% WS=57.78MB Managed=10.72MB Threads=34
[20:04:48.442 INF] [T:7] [PerfMonitor] Time:2026-03-27 11:04:47.443Z CPU=0.0% WS=57.83MB Managed=11.21MB Threads=34
[20:05:18.444 INF] [T:7] [PerfMonitor] Time:2026-03-27 11:05:17.443Z CPU=0.0% WS=57.86MB Managed=11.71MB Threads=36
[20:22:25.309 INF] [T:7] [PerfMonitor] Time:2026-03-27 11:22:24.309Z CPU=0.0% WS=57.88MB Managed=12.19MB Threads=36
[20:22:53.270 INF] [T:7] [PerfMonitor] Time:2026-03-27 11:22:52.268Z CPU=0.0% WS=57.69MB Managed=12.67MB Threads=34
[20:23:23.270 INF] [T:7] [PerfMonitor] Time:2026-03-27 11:23:23.270Z CPU=0.0% WS=57.78MB Managed=13.22MB Threads=38
[20:23:53.270 INF] [T:7] [PerfMonitor] Time:2026-03-27 11:23:52.268Z CPU=0.0% WS=60.09MB Managed=14.22MB Threads=34
[20:24:23.270 INF] [T:7] [PerfMonitor] Time:2026-03-27 11:24:22.269Z CPU=0.0% WS=60.08MB Managed=14.71MB Threads=34
[20:42:09.346 INF] [T:7] [PerfMonitor] Time:2026-03-27 11:42:08.342Z CPU=0.1% WS=60.06MB Managed=15.19MB Threads=33
[20:42:39.360 INF] [T:7] [PerfMonitor] Time:2026-03-27 11:42:38.358Z CPU=0.0% WS=60.06MB Managed=15.65MB Threads=33
[20:59:53.639 INF] [T:7] [PerfMonitor] Time:2026-03-27 11:59:52.639Z CPU=0.0% WS=60.08MB Managed=16.13MB Threads=34
[21:00:23.643 INF] [T:7] [PerfMonitor] Time:2026-03-27 12:00:22.640Z CPU=0.0% WS=59.88MB Managed=16.60MB Threads=33
[21:00:53.640 INF] [T:7] [PerfMonitor] Time:2026-03-27 12:00:52.641Z CPU=0.0% WS=59.88MB Managed=17.06MB Threads=33
[21:01:23.643 INF] [T:7] [PerfMonitor] Time:2026-03-27 12:01:22.640Z CPU=0.0% WS=59.91MB Managed=17.55MB Threads=34
[21:01:53.643 INF] [T:7] [PerfMonitor] Time:2026-03-27 12:01:52.642Z CPU=0.0% WS=60.42MB Managed=18.03MB Threads=35
[21:18:06.360 INF] [T:7] [PerfMonitor] Time:2026-03-27 12:18:05.358Z CPU=0.0% WS=60.45MB Managed=9.99MB Threads=34
[21:18:36.371 INF] [T:7] [PerfMonitor] Time:2026-03-27 12:18:35.372Z CPU=0.1% WS=53.62MB Managed=10.46MB Threads=33
[21:19:06.374 INF] [T:7] [PerfMonitor] Time:2026-03-27 12:19:05.375Z CPU=0.1% WS=52.50MB Managed=10.94MB Threads=33
[21:19:36.376 INF] [T:7] [PerfMonitor] Time:2026-03-27 12:19:35.376Z CPU=0.1% WS=50.72MB Managed=11.41MB Threads=33
[21:20:06.376 INF] [T:7] [PerfMonitor] Time:2026-03-27 12:20:05.377Z CPU=0.1% WS=50.72MB Managed=11.88MB Threads=33
[21:20:36.377 INF] [T:7] [PerfMonitor] Time:2026-03-27 12:20:35.378Z CPU=0.1% WS=50.72MB Managed=12.35MB Threads=33
[21:21:06.378 INF] [T:7] [PerfMonitor] Time:2026-03-27 12:21:05.377Z CPU=0.1% WS=50.72MB Managed=12.81MB Threads=33
[21:21:36.379 INF] [T:7] [PerfMonitor] Time:2026-03-27 12:21:35.380Z CPU=0.1% WS=50.72MB Managed=13.29MB Threads=33
[21:22:06.380 INF] [T:7] [PerfMonitor] Time:2026-03-27 12:22:05.381Z CPU=0.1% WS=50.72MB Managed=13.79MB Threads=33
[21:22:36.381 INF] [T:7] [PerfMonitor] Time:2026-03-27 12:22:35.381Z CPU=0.1% WS=50.72MB Managed=14.26MB Threads=33
[21:39:32.164 INF] [T:7] [PerfMonitor] Time:2026-03-27 12:39:31.165Z CPU=0.0% WS=50.72MB Managed=14.72MB Threads=33
[21:40:02.141 INF] [T:7] [PerfMonitor] Time:2026-03-27 12:40:01.140Z CPU=0.0% WS=50.73MB Managed=15.19MB Threads=34
[21:40:32.136 INF] [T:7] [PerfMonitor] Time:2026-03-27 12:40:31.134Z CPU=0.0% WS=50.72MB Managed=15.66MB Threads=33
[21:43:30.960 INF] [T:7] [PerfMonitor] Time:2026-03-27 12:43:29.959Z CPU=0.0% WS=50.75MB Managed=16.15MB Threads=35
[21:44:00.960 INF] [T:7] [PerfMonitor] Time:2026-03-27 12:43:59.958Z CPU=0.0% WS=50.73MB Managed=16.63MB Threads=34
[22:01:00.118 INF] [T:7] [PerfMonitor] Time:2026-03-27 13:00:59.118Z CPU=0.0% WS=50.72MB Managed=17.11MB Threads=33
[22:01:30.117 INF] [T:7] [PerfMonitor] Time:2026-03-27 13:01:29.117Z CPU=0.0% WS=50.75MB Managed=9.95MB Threads=33
[22:02:00.116 INF] [T:7] [PerfMonitor] Time:2026-03-27 13:01:59.117Z CPU=0.0% WS=50.75MB Managed=10.43MB Threads=33
[22:02:30.118 INF] [T:7] [PerfMonitor] Time:2026-03-27 13:02:29.117Z CPU=0.0% WS=50.77MB Managed=10.90MB Threads=34
[22:19:33.968 INF] [T:7] [PerfMonitor] Time:2026-03-27 13:19:32.967Z CPU=0.0% WS=50.77MB Managed=11.38MB Threads=34
[22:20:03.968 INF] [T:7] [PerfMonitor] Time:2026-03-27 13:20:02.968Z CPU=0.1% WS=50.75MB Managed=11.85MB Threads=33
[22:37:03.722 INF] [T:7] [PerfMonitor] Time:2026-03-27 13:37:02.722Z CPU=0.0% WS=50.75MB Managed=12.32MB Threads=33
[22:37:33.722 INF] [T:7] [PerfMonitor] Time:2026-03-27 13:37:32.722Z CPU=0.0% WS=50.75MB Managed=12.79MB Threads=33
[22:38:03.723 INF] [T:7] [PerfMonitor] Time:2026-03-27 13:38:02.721Z CPU=0.0% WS=50.75MB Managed=13.27MB Threads=33
[22:53:31.539 INF] [T:7] [PerfMonitor] Time:2026-03-27 13:53:30.538Z CPU=0.0% WS=50.77MB Managed=13.75MB Threads=34
[23:09:49.689 INF] [T:7] [PerfMonitor] Time:2026-03-27 14:09:48.688Z CPU=0.0% WS=50.75MB Managed=14.22MB Threads=33
[23:10:19.688 INF] [T:7] [PerfMonitor] Time:2026-03-27 14:10:18.687Z CPU=0.0% WS=50.77MB Managed=14.69MB Threads=34
[23:10:49.687 INF] [T:7] [PerfMonitor] Time:2026-03-27 14:10:48.688Z CPU=0.0% WS=50.77MB Managed=15.17MB Threads=34
[23:11:19.687 INF] [T:7] [PerfMonitor] Time:2026-03-27 14:11:18.694Z CPU=0.0% WS=50.73MB Managed=15.63MB Threads=33
[23:26:55.172 INF] [T:7] [PerfMonitor] Time:2026-03-27 14:26:54.172Z CPU=0.1% WS=50.75MB Managed=16.10MB Threads=34
[23:27:25.174 INF] [T:7] [PerfMonitor] Time:2026-03-27 14:27:24.174Z CPU=0.0% WS=50.73MB Managed=16.58MB Threads=33
[23:43:40.625 INF] [T:7] [PerfMonitor] Time:2026-03-27 14:43:39.627Z CPU=0.0% WS=50.75MB Managed=17.07MB Threads=34
[23:44:10.623 INF] [T:7] [PerfMonitor] Time:2026-03-27 14:44:09.625Z CPU=0.0% WS=50.73MB Managed=9.90MB Threads=33
