[00:08:45.120 INF] [T:7] [PerfMonitor] Time:2026-01-14 15:08:44.122Z CPU=0.0% WS=32.56MB Managed=197.93MB Threads=33
[00:09:15.126 INF] [T:7] [PerfMonitor] Time:2026-01-14 15:09:14.129Z CPU=0.0% WS=35.23MB Managed=198.41MB Threads=33
[00:26:11.490 INF] [T:7] [PerfMonitor] Time:2026-01-14 15:26:10.493Z CPU=0.0% WS=35.25MB Managed=198.88MB Threads=34
[00:26:41.486 INF] [T:7] [PerfMonitor] Time:2026-01-14 15:26:40.490Z CPU=0.0% WS=35.23MB Managed=199.32MB Threads=33
[00:42:51.055 INF] [T:7] [PerfMonitor] Time:2026-01-14 15:42:50.058Z CPU=0.0% WS=35.27MB Managed=199.77MB Threads=33
[00:43:21.055 INF] [T:7] [PerfMonitor] Time:2026-01-14 15:43:20.059Z CPU=0.0% WS=35.27MB Managed=200.22MB Threads=33
[00:59:11.645 INF] [T:7] [PerfMonitor] Time:2026-01-14 15:59:10.648Z CPU=0.0% WS=35.25MB Managed=200.67MB Threads=32
[00:59:41.645 INF] [T:7] [PerfMonitor] Time:2026-01-14 15:59:40.648Z CPU=0.0% WS=35.69MB Managed=192.82MB Threads=33
[01:15:16.179 INF] [T:7] [PerfMonitor] Time:2026-01-14 16:15:15.181Z CPU=0.0% WS=35.64MB Managed=193.27MB Threads=33
[01:15:46.172 INF] [T:7] [PerfMonitor] Time:2026-01-14 16:15:45.173Z CPU=0.0% WS=35.64MB Managed=193.70MB Threads=33
[01:33:32.710 INF] [T:7] [PerfMonitor] Time:2026-01-14 16:33:31.711Z CPU=0.0% WS=35.64MB Managed=194.17MB Threads=33
[01:34:02.707 INF] [T:7] [PerfMonitor] Time:2026-01-14 16:34:01.709Z CPU=0.0% WS=35.64MB Managed=194.63MB Threads=33
[01:51:13.300 INF] [T:7] [PerfMonitor] Time:2026-01-14 16:51:12.303Z CPU=0.0% WS=35.64MB Managed=195.09MB Threads=33
[01:51:43.299 INF] [T:7] [PerfMonitor] Time:2026-01-14 16:51:42.303Z CPU=0.0% WS=35.62MB Managed=195.51MB Threads=32
[02:07:17.869 INF] [T:7] [PerfMonitor] Time:2026-01-14 17:07:16.872Z CPU=0.0% WS=35.33MB Managed=195.97MB Threads=33
[02:07:47.870 INF] [T:7] [PerfMonitor] Time:2026-01-14 17:07:46.871Z CPU=0.0% WS=35.34MB Managed=196.40MB Threads=32
[02:21:30.360 INF] [T:7] [PerfMonitor] Time:2026-01-14 17:21:29.361Z CPU=0.0% WS=35.41MB Managed=196.86MB Threads=34
[02:22:00.360 INF] [T:7] [PerfMonitor] Time:2026-01-14 17:21:59.361Z CPU=0.0% WS=35.41MB Managed=197.30MB Threads=33
[02:38:37.740 INF] [T:7] [PerfMonitor] Time:2026-01-14 17:38:36.741Z CPU=0.0% WS=35.42MB Managed=197.75MB Threads=33
[02:39:07.740 INF] [T:7] [PerfMonitor] Time:2026-01-14 17:39:06.742Z CPU=0.0% WS=35.48MB Managed=198.21MB Threads=34
[02:54:45.798 INF] [T:7] [PerfMonitor] Time:2026-01-14 17:54:44.805Z CPU=0.0% WS=35.50MB Managed=198.67MB Threads=35
[02:55:15.798 INF] [T:7] [PerfMonitor] Time:2026-01-14 17:55:14.800Z CPU=0.0% WS=35.47MB Managed=199.13MB Threads=33
[03:12:20.320 INF] [T:7] [PerfMonitor] Time:2026-01-14 18:12:19.321Z CPU=0.0% WS=35.12MB Managed=199.60MB Threads=33
[03:12:50.320 INF] [T:7] [PerfMonitor] Time:2026-01-14 18:12:49.322Z CPU=0.0% WS=35.06MB Managed=200.04MB Threads=33
[03:28:49.081 INF] [T:7] [PerfMonitor] Time:2026-01-14 18:28:48.083Z CPU=0.0% WS=35.06MB Managed=192.84MB Threads=34
[03:29:19.079 INF] [T:7] [PerfMonitor] Time:2026-01-14 18:29:18.083Z CPU=0.0% WS=34.91MB Managed=193.31MB Threads=34
[03:42:46.424 INF] [T:7] [PerfMonitor] Time:2026-01-14 18:42:45.426Z CPU=0.0% WS=34.88MB Managed=193.76MB Threads=32
[03:43:16.424 INF] [T:7] [PerfMonitor] Time:2026-01-14 18:43:15.425Z CPU=0.0% WS=34.91MB Managed=194.23MB Threads=34
[03:59:56.241 INF] [T:7] [PerfMonitor] Time:2026-01-14 18:59:55.244Z CPU=0.0% WS=34.89MB Managed=194.67MB Threads=33
[04:00:26.241 INF] [T:7] [PerfMonitor] Time:2026-01-14 19:00:25.244Z CPU=0.0% WS=34.89MB Managed=195.12MB Threads=33
[04:16:11.789 INF] [T:7] [PerfMonitor] Time:2026-01-14 19:16:10.791Z CPU=0.0% WS=34.91MB Managed=195.59MB Threads=34
[04:16:41.794 INF] [T:7] [PerfMonitor] Time:2026-01-14 19:16:40.795Z CPU=0.0% WS=34.89MB Managed=196.02MB Threads=33
[04:32:37.383 INF] [T:7] [PerfMonitor] Time:2026-01-14 19:32:36.376Z CPU=0.0% WS=34.78MB Managed=196.51MB Threads=33
[04:33:07.380 INF] [T:7] [PerfMonitor] Time:2026-01-14 19:33:06.383Z CPU=0.0% WS=34.78MB Managed=196.95MB Threads=33
[04:33:37.382 INF] [T:7] [PerfMonitor] Time:2026-01-14 19:33:36.384Z CPU=0.0% WS=34.81MB Managed=197.42MB Threads=33
[04:34:07.383 INF] [T:7] [PerfMonitor] Time:2026-01-14 19:34:06.384Z CPU=0.0% WS=34.83MB Managed=197.86MB Threads=33
[04:34:37.383 INF] [T:7] [PerfMonitor] Time:2026-01-14 19:34:36.386Z CPU=0.0% WS=34.86MB Managed=198.30MB Threads=33
[04:35:07.384 INF] [T:7] [PerfMonitor] Time:2026-01-14 19:35:06.386Z CPU=0.0% WS=34.84MB Managed=198.73MB Threads=32
[04:35:37.385 INF] [T:7] [PerfMonitor] Time:2026-01-14 19:35:36.387Z CPU=0.0% WS=34.84MB Managed=199.19MB Threads=32
[04:36:07.385 INF] [T:7] [PerfMonitor] Time:2026-01-14 19:36:06.387Z CPU=0.0% WS=34.86MB Managed=199.66MB Threads=33
[04:36:37.385 INF] [T:7] [PerfMonitor] Time:2026-01-14 19:36:36.386Z CPU=0.0% WS=34.86MB Managed=200.09MB Threads=33
[04:37:07.385 INF] [T:7] [PerfMonitor] Time:2026-01-14 19:37:06.388Z CPU=0.0% WS=34.84MB Managed=192.84MB Threads=32
[04:37:37.386 INF] [T:7] [PerfMonitor] Time:2026-01-14 19:37:36.389Z CPU=0.0% WS=34.86MB Managed=193.30MB Threads=33
[04:38:07.387 INF] [T:7] [PerfMonitor] Time:2026-01-14 19:38:06.389Z CPU=0.0% WS=34.86MB Managed=193.74MB Threads=33
[04:38:37.388 INF] [T:7] [PerfMonitor] Time:2026-01-14 19:38:36.390Z CPU=0.0% WS=34.84MB Managed=194.20MB Threads=32
[04:39:07.387 INF] [T:7] [PerfMonitor] Time:2026-01-14 19:39:06.390Z CPU=0.0% WS=34.86MB Managed=194.63MB Threads=33
[04:39:37.388 INF] [T:7] [PerfMonitor] Time:2026-01-14 19:39:36.391Z CPU=0.0% WS=34.86MB Managed=195.09MB Threads=33
[04:40:07.389 INF] [T:7] [PerfMonitor] Time:2026-01-14 19:40:06.392Z CPU=0.0% WS=34.86MB Managed=195.54MB Threads=33
[04:40:37.389 INF] [T:7] [PerfMonitor] Time:2026-01-14 19:40:36.392Z CPU=0.0% WS=34.86MB Managed=195.99MB Threads=33
[04:41:07.390 INF] [T:7] [PerfMonitor] Time:2026-01-14 19:41:06.392Z CPU=0.0% WS=34.86MB Managed=196.43MB Threads=33
[04:41:37.390 INF] [T:7] [PerfMonitor] Time:2026-01-14 19:41:36.393Z CPU=0.0% WS=34.84MB Managed=196.87MB Threads=32
[04:42:07.390 INF] [T:7] [PerfMonitor] Time:2026-01-14 19:42:06.392Z CPU=0.0% WS=34.86MB Managed=197.32MB Threads=33
[04:42:37.392 INF] [T:7] [PerfMonitor] Time:2026-01-14 19:42:36.392Z CPU=0.0% WS=34.84MB Managed=197.77MB Threads=32
[04:43:07.392 INF] [T:7] [PerfMonitor] Time:2026-01-14 19:43:06.393Z CPU=0.0% WS=34.86MB Managed=198.22MB Threads=33
[04:43:37.393 INF] [T:7] [PerfMonitor] Time:2026-01-14 19:43:36.395Z CPU=0.0% WS=34.86MB Managed=198.68MB Threads=33
[04:44:07.393 INF] [T:7] [PerfMonitor] Time:2026-01-14 19:44:06.395Z CPU=0.0% WS=34.86MB Managed=199.13MB Threads=33
[04:44:37.393 INF] [T:7] [PerfMonitor] Time:2026-01-14 19:44:36.396Z CPU=0.0% WS=34.84MB Managed=199.56MB Threads=32
[04:45:07.394 INF] [T:7] [PerfMonitor] Time:2026-01-14 19:45:06.396Z CPU=0.0% WS=34.89MB Managed=200.02MB Threads=33
[04:45:37.394 INF] [T:7] [PerfMonitor] Time:2026-01-14 19:45:36.397Z CPU=0.0% WS=34.94MB Managed=192.75MB Threads=32
[04:46:07.394 INF] [T:7] [PerfMonitor] Time:2026-01-14 19:46:06.397Z CPU=0.0% WS=34.95MB Managed=193.19MB Threads=33
[04:46:37.395 INF] [T:7] [PerfMonitor] Time:2026-01-14 19:46:36.398Z CPU=0.0% WS=34.94MB Managed=193.63MB Threads=32
[04:47:07.396 INF] [T:7] [PerfMonitor] Time:2026-01-14 19:47:06.398Z CPU=0.0% WS=34.95MB Managed=194.07MB Threads=33
[04:47:37.397 INF] [T:7] [PerfMonitor] Time:2026-01-14 19:47:36.399Z CPU=0.0% WS=34.95MB Managed=194.52MB Threads=33
[04:48:07.397 INF] [T:7] [PerfMonitor] Time:2026-01-14 19:48:06.399Z CPU=0.0% WS=34.95MB Managed=194.99MB Threads=33
[04:48:37.397 INF] [T:7] [PerfMonitor] Time:2026-01-14 19:48:36.400Z CPU=0.0% WS=35.00MB Managed=195.46MB Threads=35
[04:49:07.397 INF] [T:7] [PerfMonitor] Time:2026-01-14 19:49:06.400Z CPU=0.0% WS=34.97MB Managed=195.89MB Threads=33
[04:49:37.398 INF] [T:7] [PerfMonitor] Time:2026-01-14 19:49:36.401Z CPU=0.0% WS=34.97MB Managed=196.37MB Threads=33
[04:50:07.399 INF] [T:7] [PerfMonitor] Time:2026-01-14 19:50:06.401Z CPU=0.0% WS=34.97MB Managed=196.80MB Threads=33
[04:50:37.399 INF] [T:7] [PerfMonitor] Time:2026-01-14 19:50:36.402Z CPU=0.0% WS=34.98MB Managed=197.25MB Threads=34
[04:51:07.399 INF] [T:7] [PerfMonitor] Time:2026-01-14 19:51:06.402Z CPU=0.0% WS=34.97MB Managed=197.70MB Threads=33
[04:51:37.401 INF] [T:7] [PerfMonitor] Time:2026-01-14 19:51:36.402Z CPU=0.0% WS=34.95MB Managed=198.16MB Threads=32
[04:52:07.400 INF] [T:7] [PerfMonitor] Time:2026-01-14 19:52:06.403Z CPU=0.0% WS=34.97MB Managed=198.59MB Threads=33
[04:52:37.409 INF] [T:7] [PerfMonitor] Time:2026-01-14 19:52:36.409Z CPU=0.0% WS=34.97MB Managed=199.03MB Threads=33
[04:53:07.439 INF] [T:7] [PerfMonitor] Time:2026-01-14 19:53:06.440Z CPU=0.0% WS=34.97MB Managed=199.49MB Threads=33
[04:53:37.444 INF] [T:7] [PerfMonitor] Time:2026-01-14 19:53:36.446Z CPU=0.0% WS=34.98MB Managed=199.95MB Threads=33
[04:54:07.447 INF] [T:7] [PerfMonitor] Time:2026-01-14 19:54:06.449Z CPU=0.0% WS=34.98MB Managed=200.39MB Threads=33
[04:54:37.447 INF] [T:7] [PerfMonitor] Time:2026-01-14 19:54:36.449Z CPU=0.0% WS=35.00MB Managed=193.09MB Threads=33
[04:55:07.448 INF] [T:7] [PerfMonitor] Time:2026-01-14 19:55:06.450Z CPU=0.0% WS=35.00MB Managed=193.55MB Threads=33
[04:55:37.448 INF] [T:7] [PerfMonitor] Time:2026-01-14 19:55:36.451Z CPU=0.0% WS=34.98MB Managed=193.99MB Threads=32
[04:56:07.448 INF] [T:7] [PerfMonitor] Time:2026-01-14 19:56:06.451Z CPU=0.0% WS=34.98MB Managed=194.45MB Threads=32
[04:56:37.450 INF] [T:7] [PerfMonitor] Time:2026-01-14 19:56:36.452Z CPU=0.0% WS=34.98MB Managed=194.87MB Threads=32
[04:57:07.451 INF] [T:7] [PerfMonitor] Time:2026-01-14 19:57:06.454Z CPU=0.0% WS=35.00MB Managed=195.33MB Threads=33
[04:57:37.452 INF] [T:7] [PerfMonitor] Time:2026-01-14 19:57:36.453Z CPU=0.0% WS=35.00MB Managed=195.78MB Threads=33
[05:15:17.869 INF] [T:7] [PerfMonitor] Time:2026-01-14 20:15:16.870Z CPU=0.0% WS=35.00MB Managed=196.21MB Threads=33
[05:15:47.870 INF] [T:7] [PerfMonitor] Time:2026-01-14 20:15:46.871Z CPU=0.0% WS=35.00MB Managed=196.67MB Threads=33
[05:32:19.199 INF] [T:7] [PerfMonitor] Time:2026-01-14 20:32:18.184Z CPU=0.0% WS=32.28MB Managed=197.11MB Threads=33
[05:32:49.175 INF] [T:7] [PerfMonitor] Time:2026-01-14 20:32:48.176Z CPU=0.0% WS=31.97MB Managed=197.59MB Threads=33
[05:33:19.172 INF] [T:7] [PerfMonitor] Time:2026-01-14 20:33:18.176Z CPU=0.0% WS=31.97MB Managed=198.04MB Threads=33
[05:49:18.234 INF] [T:7] [PerfMonitor] Time:2026-01-14 20:49:17.234Z CPU=0.0% WS=31.97MB Managed=198.48MB Threads=33
[06:06:23.773 INF] [T:7] [PerfMonitor] Time:2026-01-14 21:06:22.900Z CPU=0.0% WS=31.97MB Managed=198.93MB Threads=33
[06:06:53.750 INF] [T:7] [PerfMonitor] Time:2026-01-14 21:06:52.752Z CPU=0.0% WS=31.95MB Managed=199.40MB Threads=34
[06:07:23.748 INF] [T:7] [PerfMonitor] Time:2026-01-14 21:07:22.749Z CPU=0.0% WS=31.94MB Managed=199.85MB Threads=33
[06:07:53.748 INF] [T:7] [PerfMonitor] Time:2026-01-14 21:07:52.748Z CPU=0.0% WS=31.94MB Managed=200.30MB Threads=33
[06:08:23.748 INF] [T:7] [PerfMonitor] Time:2026-01-14 21:08:22.748Z CPU=0.0% WS=32.09MB Managed=193.07MB Threads=33
[06:08:53.748 INF] [T:7] [PerfMonitor] Time:2026-01-14 21:08:52.748Z CPU=0.0% WS=32.09MB Managed=193.54MB Threads=33
[06:09:23.748 INF] [T:7] [PerfMonitor] Time:2026-01-14 21:09:22.758Z CPU=0.0% WS=32.09MB Managed=193.99MB Threads=33
[06:09:53.748 INF] [T:7] [PerfMonitor] Time:2026-01-14 21:09:52.748Z CPU=0.0% WS=32.08MB Managed=194.43MB Threads=32
[06:10:23.747 INF] [T:7] [PerfMonitor] Time:2026-01-14 21:10:22.748Z CPU=0.0% WS=32.09MB Managed=194.87MB Threads=33
[06:10:53.748 INF] [T:7] [PerfMonitor] Time:2026-01-14 21:10:52.748Z CPU=0.0% WS=32.09MB Managed=195.33MB Threads=33
[06:11:23.748 INF] [T:7] [PerfMonitor] Time:2026-01-14 21:11:22.748Z CPU=0.0% WS=32.08MB Managed=195.77MB Threads=32
[06:11:53.747 INF] [T:7] [PerfMonitor] Time:2026-01-14 21:11:52.748Z CPU=0.0% WS=32.09MB Managed=196.21MB Threads=33
[06:12:23.748 INF] [T:7] [PerfMonitor] Time:2026-01-14 21:12:22.748Z CPU=0.0% WS=32.09MB Managed=196.67MB Threads=33
[06:29:17.999 INF] [T:7] [PerfMonitor] Time:2026-01-14 21:29:17.002Z CPU=0.0% WS=32.11MB Managed=197.12MB Threads=33
[06:29:47.998 INF] [T:7] [PerfMonitor] Time:2026-01-14 21:29:47.000Z CPU=0.0% WS=32.09MB Managed=197.56MB Threads=33
[06:45:59.506 INF] [T:7] [PerfMonitor] Time:2026-01-14 21:45:58.506Z CPU=0.0% WS=32.12MB Managed=198.01MB Threads=33
[06:46:29.499 INF] [T:7] [PerfMonitor] Time:2026-01-14 21:46:28.500Z CPU=0.0% WS=32.12MB Managed=198.47MB Threads=33
[06:49:44.033 INF] [T:7] [PerfMonitor] Time:2026-01-14 21:49:43.034Z CPU=0.0% WS=32.12MB Managed=198.92MB Threads=33
[06:50:14.031 INF] [T:7] [PerfMonitor] Time:2026-01-14 21:50:13.033Z CPU=0.0% WS=32.12MB Managed=199.36MB Threads=33
[07:00:53.241 INF] [T:7] [PerfMonitor] Time:2026-01-14 22:00:52.244Z CPU=0.0% WS=32.14MB Managed=199.82MB Threads=33
[07:01:23.241 INF] [T:7] [PerfMonitor] Time:2026-01-14 22:01:22.244Z CPU=0.0% WS=32.16MB Managed=200.27MB Threads=34
[07:17:23.512 INF] [T:7] [PerfMonitor] Time:2026-01-14 22:17:22.513Z CPU=0.0% WS=32.20MB Managed=193.03MB Threads=34
[07:17:53.513 INF] [T:7] [PerfMonitor] Time:2026-01-14 22:17:52.513Z CPU=0.0% WS=32.19MB Managed=193.48MB Threads=33
[07:34:06.510 INF] [T:7] [PerfMonitor] Time:2026-01-14 22:34:05.511Z CPU=0.0% WS=32.19MB Managed=193.95MB Threads=33
[07:34:36.509 INF] [T:7] [PerfMonitor] Time:2026-01-14 22:34:35.511Z CPU=0.0% WS=32.20MB Managed=194.41MB Threads=34
[07:50:25.887 INF] [T:7] [PerfMonitor] Time:2026-01-14 22:50:24.875Z CPU=0.0% WS=32.17MB Managed=194.87MB Threads=32
[07:50:55.893 INF] [T:7] [PerfMonitor] Time:2026-01-14 22:50:54.895Z CPU=0.0% WS=32.19MB Managed=195.31MB Threads=33
[08:07:38.435 INF] [T:7] [PerfMonitor] Time:2026-01-14 23:07:37.437Z CPU=0.0% WS=32.19MB Managed=195.77MB Threads=33
[08:08:08.432 INF] [T:7] [PerfMonitor] Time:2026-01-14 23:08:07.433Z CPU=0.0% WS=32.19MB Managed=196.21MB Threads=33
[08:24:06.750 INF] [T:7] [PerfMonitor] Time:2026-01-14 23:24:05.956Z CPU=0.0% WS=32.25MB Managed=196.70MB Threads=34
[08:24:36.750 INF] [T:7] [PerfMonitor] Time:2026-01-14 23:24:35.751Z CPU=0.0% WS=32.23MB Managed=197.16MB Threads=33
[08:41:29.300 INF] [T:7] [PerfMonitor] Time:2026-01-14 23:41:28.304Z CPU=0.0% WS=32.23MB Managed=197.61MB Threads=33
[08:41:59.277 INF] [T:7] [PerfMonitor] Time:2026-01-14 23:41:58.279Z CPU=0.0% WS=32.25MB Managed=198.06MB Threads=33
[08:51:21.833 INF] [T:7] [PerfMonitor] Time:2026-01-14 23:51:20.833Z CPU=0.0% WS=32.23MB Managed=198.52MB Threads=32
[08:51:51.833 INF] [T:7] [PerfMonitor] Time:2026-01-14 23:51:50.835Z CPU=0.0% WS=32.28MB Managed=198.98MB Threads=34
[09:07:36.210 DBG] [T:12] [Rank] [Daily] Reward loaded. season="Daily"/1, uid=1, rank=2, score=30, isRewarded=false, item=[0:0:70]
[09:07:36.210 DBG] [T:12] [Rank] [Daily] Reward loaded. season="Daily"/1, uid=2, rank=1, score=40, isRewarded=false, item=[0:0:100]
[09:07:36.210 DBG] [T:12] [Rank] [Daily] Reward loaded. season="Daily"/1, uid=1000001, rank=3, score=10, isRewarded=false, item=[0:0:50]
[09:07:36.210 DBG] [T:12] [Rank] [Daily] Reward loaded. season="Daily"/12, uid=1000001, rank=1, score=30, isRewarded=false, item=[0:0:100]
[09:07:44.395 INF] [T:7] [PerfMonitor] Time:2026-01-15 00:07:43.398Z CPU=0.0% WS=68.12MB Managed=200.56MB Threads=34
[09:08:14.393 INF] [T:7] [PerfMonitor] Time:2026-01-15 00:08:13.396Z CPU=0.0% WS=68.28MB Managed=193.42MB Threads=33
[09:08:44.393 INF] [T:7] [PerfMonitor] Time:2026-01-15 00:08:43.395Z CPU=0.0% WS=68.28MB Managed=193.89MB Threads=33
[09:25:50.429 INF] [T:7] [PerfMonitor] Time:2026-01-15 00:25:49.433Z CPU=0.0% WS=68.28MB Managed=194.33MB Threads=33
[09:26:20.429 INF] [T:7] [PerfMonitor] Time:2026-01-15 00:26:19.432Z CPU=0.0% WS=68.28MB Managed=194.79MB Threads=33
[09:41:27.202 INF] [T:7] [PerfMonitor] Time:2026-01-15 00:41:26.204Z CPU=0.0% WS=68.14MB Managed=195.25MB Threads=33
[09:52:17.520 INF] [T:7] [PerfMonitor] Time:2026-01-15 00:52:16.930Z CPU=0.0% WS=69.00MB Managed=195.72MB Threads=33
[09:52:47.511 INF] [T:7] [PerfMonitor] Time:2026-01-15 00:52:46.512Z CPU=0.0% WS=68.98MB Managed=196.15MB Threads=32
[09:58:21.917 INF] [T:7] [PerfMonitor] Time:2026-01-15 00:58:20.900Z CPU=0.0% WS=69.00MB Managed=196.60MB Threads=33
[09:58:51.906 INF] [T:7] [PerfMonitor] Time:2026-01-15 00:58:50.899Z CPU=0.0% WS=56.86MB Managed=197.08MB Threads=35
[09:59:22.177 INF] [T:7] [PerfMonitor] Time:2026-01-15 00:59:21.181Z CPU=0.0% WS=57.69MB Managed=197.53MB Threads=33
[09:59:52.178 INF] [T:7] [PerfMonitor] Time:2026-01-15 00:59:51.180Z CPU=0.0% WS=58.95MB Managed=198.01MB Threads=33
[10:07:29.264 INF] [T:7] [PerfMonitor] Time:2026-01-15 01:07:28.267Z CPU=0.0% WS=59.41MB Managed=198.45MB Threads=33
[10:07:59.264 INF] [T:7] [PerfMonitor] Time:2026-01-15 01:07:58.266Z CPU=0.0% WS=59.91MB Managed=198.90MB Threads=34
[10:24:27.578 INF] [T:7] [PerfMonitor] Time:2026-01-15 01:24:26.570Z CPU=0.0% WS=60.44MB Managed=199.39MB Threads=35
[10:24:57.567 INF] [T:7] [PerfMonitor] Time:2026-01-15 01:24:56.571Z CPU=0.0% WS=60.88MB Managed=199.83MB Threads=33
[10:30:52.691 INF] [T:7] [PerfMonitor] Time:2026-01-15 01:30:51.693Z CPU=0.0% WS=61.33MB Managed=200.28MB Threads=33
[10:31:22.692 INF] [T:7] [PerfMonitor] Time:2026-01-15 01:31:21.692Z CPU=0.0% WS=61.70MB Managed=200.71MB Threads=33
[10:34:19.702 INF] [T:7] [PerfMonitor] Time:2026-01-15 01:34:18.706Z CPU=0.0% WS=67.14MB Managed=193.48MB Threads=33
[10:34:49.704 INF] [T:7] [PerfMonitor] Time:2026-01-15 01:34:48.706Z CPU=0.0% WS=67.14MB Managed=193.93MB Threads=33
[10:42:19.501 INF] [T:7] [PerfMonitor] Time:2026-01-15 01:42:18.503Z CPU=0.0% WS=67.14MB Managed=194.37MB Threads=33
[10:42:49.499 INF] [T:7] [PerfMonitor] Time:2026-01-15 01:42:48.501Z CPU=0.0% WS=67.16MB Managed=194.83MB Threads=34
[10:48:40.621 INF] [T:7] [PerfMonitor] Time:2026-01-15 01:48:39.625Z CPU=0.0% WS=67.16MB Managed=195.28MB Threads=34
[10:49:00.217 DBG] [T:50] [Rank] The session 5a82abfd-51ce-4531-bb39-c136e096bbba has been closed. reason="ClientClosing"
[10:49:00.221 DBG] [T:50] [Rank] Peer waiting reconnect registered. peerId=1
[10:49:00.964 ERR] [T:15] [Rank] RpcException: HTTP request failed: Connection refused (localhost:5001), error=TransportError
