[00:00:15.993 INF] [T:7] [PerfMonitor] Time:2026-03-20 15:00:14.993Z CPU=0.0% WS=45.47MB Managed=16.93MB Threads=33
[00:00:45.993 INF] [T:7] [PerfMonitor] Time:2026-03-20 15:00:44.993Z CPU=0.1% WS=55.36MB Managed=17.46MB Threads=33
[00:18:40.408 INF] [T:7] [PerfMonitor] Time:2026-03-20 15:18:39.292Z CPU=0.0% WS=55.86MB Managed=17.96MB Threads=34
[00:19:10.267 INF] [T:7] [PerfMonitor] Time:2026-03-20 15:19:09.265Z CPU=0.1% WS=56.22MB Managed=10.28MB Threads=33
[00:36:37.338 INF] [T:7] [PerfMonitor] Time:2026-03-20 15:36:36.338Z CPU=0.1% WS=57.34MB Managed=10.82MB Threads=33
[00:37:07.338 INF] [T:7] [PerfMonitor] Time:2026-03-20 15:37:06.338Z CPU=0.1% WS=60.34MB Managed=11.39MB Threads=33
[00:54:36.480 INF] [T:7] [PerfMonitor] Time:2026-03-20 15:54:35.482Z CPU=0.1% WS=60.44MB Managed=11.88MB Threads=33
[01:12:10.917 INF] [T:7] [PerfMonitor] Time:2026-03-20 16:12:09.918Z CPU=0.1% WS=60.44MB Managed=12.37MB Threads=33
[01:12:40.918 INF] [T:7] [PerfMonitor] Time:2026-03-20 16:12:39.920Z CPU=0.1% WS=60.44MB Managed=12.87MB Threads=33
[01:28:52.411 INF] [T:7] [PerfMonitor] Time:2026-03-20 16:28:51.407Z CPU=0.0% WS=60.47MB Managed=13.36MB Threads=35
[01:29:22.400 INF] [T:7] [PerfMonitor] Time:2026-03-20 16:29:22.400Z CPU=0.0% WS=59.91MB Managed=13.87MB Threads=34
[01:29:52.399 INF] [T:7] [PerfMonitor] Time:2026-03-20 16:29:51.399Z CPU=0.0% WS=58.72MB Managed=14.36MB Threads=33
[01:30:22.398 INF] [T:7] [PerfMonitor] Time:2026-03-20 16:30:21.399Z CPU=0.0% WS=58.70MB Managed=14.86MB Threads=32
[01:48:19.075 INF] [T:7] [PerfMonitor] Time:2026-03-20 16:48:18.076Z CPU=0.1% WS=58.84MB Managed=15.34MB Threads=33
[01:48:49.077 INF] [T:7] [PerfMonitor] Time:2026-03-20 16:48:48.075Z CPU=0.1% WS=58.84MB Managed=15.83MB Threads=33
[01:49:19.077 INF] [T:7] [PerfMonitor] Time:2026-03-20 16:49:18.076Z CPU=0.1% WS=58.86MB Managed=16.35MB Threads=34
[01:49:49.075 INF] [T:7] [PerfMonitor] Time:2026-03-20 16:49:48.076Z CPU=0.1% WS=58.86MB Managed=16.85MB Threads=34
[01:50:19.078 INF] [T:7] [PerfMonitor] Time:2026-03-20 16:50:18.077Z CPU=0.1% WS=58.84MB Managed=17.33MB Threads=33
[01:50:49.075 INF] [T:7] [PerfMonitor] Time:2026-03-20 16:50:48.077Z CPU=0.0% WS=58.89MB Managed=17.84MB Threads=34
[01:51:19.077 INF] [T:7] [PerfMonitor] Time:2026-03-20 16:51:18.077Z CPU=0.1% WS=59.47MB Managed=10.71MB Threads=34
[01:51:49.076 INF] [T:7] [PerfMonitor] Time:2026-03-20 16:51:48.077Z CPU=0.1% WS=59.45MB Managed=11.23MB Threads=33
[01:52:19.078 INF] [T:7] [PerfMonitor] Time:2026-03-20 16:52:18.076Z CPU=0.1% WS=59.47MB Managed=11.75MB Threads=33
[01:52:49.076 INF] [T:7] [PerfMonitor] Time:2026-03-20 16:52:48.077Z CPU=0.1% WS=59.50MB Managed=12.24MB Threads=33
[01:53:19.078 INF] [T:7] [PerfMonitor] Time:2026-03-20 16:53:18.077Z CPU=0.1% WS=59.53MB Managed=12.76MB Threads=33
[01:53:49.079 INF] [T:7] [PerfMonitor] Time:2026-03-20 16:53:48.078Z CPU=0.1% WS=59.56MB Managed=13.25MB Threads=34
[01:54:19.079 INF] [T:7] [PerfMonitor] Time:2026-03-20 16:54:18.078Z CPU=0.1% WS=59.69MB Managed=13.78MB Threads=34
[01:54:49.078 INF] [T:7] [PerfMonitor] Time:2026-03-20 16:54:48.078Z CPU=0.1% WS=59.70MB Managed=14.26MB Threads=34
[01:55:19.079 INF] [T:7] [PerfMonitor] Time:2026-03-20 16:55:18.078Z CPU=0.1% WS=59.69MB Managed=14.77MB Threads=33
[01:55:49.079 INF] [T:7] [PerfMonitor] Time:2026-03-20 16:55:48.078Z CPU=0.1% WS=59.69MB Managed=15.27MB Threads=33
[01:56:19.079 INF] [T:7] [PerfMonitor] Time:2026-03-20 16:56:18.078Z CPU=0.1% WS=59.73MB Managed=15.76MB Threads=35
[01:56:49.078 INF] [T:7] [PerfMonitor] Time:2026-03-20 16:56:48.079Z CPU=0.1% WS=59.94MB Managed=16.28MB Threads=34
[01:57:19.080 INF] [T:7] [PerfMonitor] Time:2026-03-20 16:57:18.079Z CPU=0.1% WS=59.98MB Managed=16.79MB Threads=35
[01:57:49.080 INF] [T:7] [PerfMonitor] Time:2026-03-20 16:57:48.079Z CPU=0.1% WS=59.95MB Managed=17.29MB Threads=33
[01:58:19.080 INF] [T:7] [PerfMonitor] Time:2026-03-20 16:58:18.079Z CPU=0.1% WS=59.97MB Managed=17.78MB Threads=34
[01:58:49.080 INF] [T:7] [PerfMonitor] Time:2026-03-20 16:58:48.080Z CPU=0.1% WS=59.98MB Managed=10.68MB Threads=34
[01:59:19.079 INF] [T:7] [PerfMonitor] Time:2026-03-20 16:59:18.080Z CPU=0.1% WS=60.05MB Managed=11.20MB Threads=34
[01:59:49.081 INF] [T:7] [PerfMonitor] Time:2026-03-20 16:59:48.079Z CPU=0.1% WS=60.03MB Managed=11.69MB Threads=33
[02:00:19.079 INF] [T:7] [PerfMonitor] Time:2026-03-20 17:00:18.081Z CPU=0.1% WS=60.03MB Managed=12.21MB Threads=33
[02:00:49.081 INF] [T:7] [PerfMonitor] Time:2026-03-20 17:00:48.080Z CPU=0.1% WS=60.05MB Managed=12.70MB Threads=34
[02:01:19.081 INF] [T:7] [PerfMonitor] Time:2026-03-20 17:01:18.081Z CPU=0.0% WS=60.05MB Managed=13.21MB Threads=34
[02:01:49.081 INF] [T:7] [PerfMonitor] Time:2026-03-20 17:01:48.081Z CPU=0.0% WS=60.05MB Managed=13.71MB Threads=34
[02:02:19.081 INF] [T:7] [PerfMonitor] Time:2026-03-20 17:02:18.082Z CPU=0.0% WS=60.03MB Managed=14.21MB Threads=33
[02:02:49.081 INF] [T:7] [PerfMonitor] Time:2026-03-20 17:02:48.080Z CPU=0.1% WS=60.03MB Managed=14.70MB Threads=33
[02:03:19.082 INF] [T:7] [PerfMonitor] Time:2026-03-20 17:03:18.082Z CPU=0.1% WS=60.03MB Managed=15.22MB Threads=33
[02:03:49.080 INF] [T:7] [PerfMonitor] Time:2026-03-20 17:03:48.082Z CPU=0.0% WS=60.03MB Managed=15.70MB Threads=33
[02:04:19.082 INF] [T:7] [PerfMonitor] Time:2026-03-20 17:04:18.082Z CPU=0.1% WS=60.03MB Managed=16.20MB Threads=33
[02:04:49.082 INF] [T:7] [PerfMonitor] Time:2026-03-20 17:04:48.083Z CPU=0.0% WS=60.75MB Managed=16.70MB Threads=34
[02:05:19.082 INF] [T:7] [PerfMonitor] Time:2026-03-20 17:05:18.082Z CPU=0.1% WS=60.73MB Managed=17.21MB Threads=33
[02:05:49.083 INF] [T:7] [PerfMonitor] Time:2026-03-20 17:05:48.083Z CPU=0.1% WS=60.75MB Managed=17.70MB Threads=34
[02:06:19.083 INF] [T:7] [PerfMonitor] Time:2026-03-20 17:06:18.082Z CPU=0.1% WS=60.75MB Managed=10.52MB Threads=33
[02:06:49.083 INF] [T:7] [PerfMonitor] Time:2026-03-20 17:06:48.083Z CPU=0.0% WS=60.75MB Managed=11.04MB Threads=33
[02:07:19.082 INF] [T:7] [PerfMonitor] Time:2026-03-20 17:07:18.083Z CPU=0.1% WS=60.75MB Managed=11.55MB Threads=33
[02:07:49.083 INF] [T:7] [PerfMonitor] Time:2026-03-20 17:07:48.083Z CPU=0.1% WS=60.75MB Managed=12.03MB Threads=33
[02:08:19.083 INF] [T:7] [PerfMonitor] Time:2026-03-20 17:08:18.083Z CPU=0.0% WS=60.77MB Managed=12.55MB Threads=34
[02:08:49.084 INF] [T:7] [PerfMonitor] Time:2026-03-20 17:08:48.083Z CPU=0.1% WS=60.75MB Managed=13.04MB Threads=33
[02:09:19.084 INF] [T:7] [PerfMonitor] Time:2026-03-20 17:09:18.084Z CPU=0.1% WS=60.75MB Managed=13.57MB Threads=33
[02:09:49.083 INF] [T:7] [PerfMonitor] Time:2026-03-20 17:09:48.084Z CPU=0.0% WS=60.95MB Managed=14.08MB Threads=33
[02:10:19.083 INF] [T:7] [PerfMonitor] Time:2026-03-20 17:10:18.083Z CPU=0.1% WS=60.95MB Managed=14.56MB Threads=33
[02:10:49.084 INF] [T:7] [PerfMonitor] Time:2026-03-20 17:10:48.085Z CPU=0.1% WS=60.95MB Managed=15.05MB Threads=33
[02:11:19.084 INF] [T:7] [PerfMonitor] Time:2026-03-20 17:11:18.084Z CPU=0.1% WS=60.91MB Managed=15.56MB Threads=34
[02:11:49.085 INF] [T:7] [PerfMonitor] Time:2026-03-20 17:11:48.085Z CPU=0.1% WS=60.89MB Managed=16.06MB Threads=33
[02:12:19.085 INF] [T:7] [PerfMonitor] Time:2026-03-20 17:12:18.084Z CPU=0.1% WS=60.92MB Managed=16.56MB Threads=34
[02:12:49.085 INF] [T:7] [PerfMonitor] Time:2026-03-20 17:12:48.085Z CPU=0.1% WS=60.91MB Managed=17.06MB Threads=33
[02:13:19.085 INF] [T:7] [PerfMonitor] Time:2026-03-20 17:13:18.085Z CPU=0.1% WS=60.91MB Managed=17.54MB Threads=33
[02:13:49.086 INF] [T:7] [PerfMonitor] Time:2026-03-20 17:13:48.085Z CPU=0.1% WS=60.91MB Managed=18.04MB Threads=33
[02:14:19.085 INF] [T:7] [PerfMonitor] Time:2026-03-20 17:14:19.085Z CPU=0.1% WS=61.05MB Managed=10.96MB Threads=34
[02:14:49.086 INF] [T:7] [PerfMonitor] Time:2026-03-20 17:14:48.085Z CPU=0.1% WS=61.36MB Managed=11.45MB Threads=33
[02:15:19.086 INF] [T:7] [PerfMonitor] Time:2026-03-20 17:15:18.086Z CPU=0.1% WS=61.81MB Managed=11.97MB Threads=33
[02:15:49.084 INF] [T:7] [PerfMonitor] Time:2026-03-20 17:15:48.086Z CPU=0.1% WS=61.83MB Managed=12.46MB Threads=34
[02:16:19.085 INF] [T:7] [PerfMonitor] Time:2026-03-20 17:16:18.086Z CPU=0.1% WS=61.81MB Managed=12.96MB Threads=34
[02:16:49.085 INF] [T:7] [PerfMonitor] Time:2026-03-20 17:16:48.086Z CPU=0.1% WS=61.80MB Managed=13.46MB Threads=33
[02:17:19.085 INF] [T:7] [PerfMonitor] Time:2026-03-20 17:17:18.086Z CPU=0.1% WS=61.78MB Managed=13.94MB Threads=33
[02:17:49.085 INF] [T:7] [PerfMonitor] Time:2026-03-20 17:17:48.086Z CPU=0.1% WS=61.78MB Managed=14.44MB Threads=33
[02:18:19.085 INF] [T:7] [PerfMonitor] Time:2026-03-20 17:18:18.087Z CPU=0.1% WS=61.78MB Managed=14.94MB Threads=33
[02:18:49.086 INF] [T:7] [PerfMonitor] Time:2026-03-20 17:18:48.087Z CPU=0.1% WS=61.78MB Managed=15.44MB Threads=33
[02:19:19.085 INF] [T:7] [PerfMonitor] Time:2026-03-20 17:19:18.087Z CPU=0.1% WS=61.80MB Managed=15.95MB Threads=33
[02:19:49.086 INF] [T:7] [PerfMonitor] Time:2026-03-20 17:19:48.087Z CPU=0.1% WS=61.81MB Managed=16.45MB Threads=34
[02:20:19.086 INF] [T:7] [PerfMonitor] Time:2026-03-20 17:20:18.088Z CPU=0.1% WS=61.80MB Managed=16.95MB Threads=33
[02:36:06.881 INF] [T:7] [PerfMonitor] Time:2026-03-20 17:36:05.880Z CPU=0.1% WS=55.88MB Managed=17.43MB Threads=33
[02:36:36.883 INF] [T:7] [PerfMonitor] Time:2026-03-20 17:36:35.883Z CPU=0.1% WS=55.86MB Managed=17.95MB Threads=32
[02:53:25.159 INF] [T:7] [PerfMonitor] Time:2026-03-20 17:53:24.160Z CPU=0.1% WS=54.28MB Managed=10.87MB Threads=34
[02:53:55.159 INF] [T:7] [PerfMonitor] Time:2026-03-20 17:53:54.160Z CPU=0.1% WS=54.30MB Managed=11.38MB Threads=35
[03:10:26.672 INF] [T:7] [PerfMonitor] Time:2026-03-20 18:10:25.671Z CPU=0.0% WS=54.27MB Managed=11.86MB Threads=33
[03:10:56.670 INF] [T:7] [PerfMonitor] Time:2026-03-20 18:10:55.670Z CPU=0.1% WS=54.28MB Managed=12.38MB Threads=34
[03:28:13.733 INF] [T:7] [PerfMonitor] Time:2026-03-20 18:28:12.735Z CPU=0.1% WS=54.17MB Managed=12.88MB Threads=33
[03:44:08.122 INF] [T:7] [PerfMonitor] Time:2026-03-20 18:28:42.734Z CPU=0.1% WS=54.17MB Managed=13.36MB Threads=33
[03:44:38.123 INF] [T:7] [PerfMonitor] Time:2026-03-20 18:44:37.124Z CPU=0.1% WS=54.17MB Managed=13.86MB Threads=33
[03:45:08.123 INF] [T:7] [PerfMonitor] Time:2026-03-20 18:45:07.123Z CPU=0.1% WS=54.59MB Managed=14.41MB Threads=35
[04:01:30.931 INF] [T:7] [PerfMonitor] Time:2026-03-20 19:01:29.930Z CPU=0.1% WS=54.55MB Managed=14.90MB Threads=33
[04:02:00.931 INF] [T:7] [PerfMonitor] Time:2026-03-20 19:01:59.930Z CPU=0.1% WS=54.55MB Managed=15.39MB Threads=33
[04:19:07.962 INF] [T:7] [PerfMonitor] Time:2026-03-20 19:19:06.963Z CPU=0.0% WS=54.58MB Managed=15.90MB Threads=34
[04:19:37.963 INF] [T:7] [PerfMonitor] Time:2026-03-20 19:19:36.964Z CPU=0.1% WS=54.56MB Managed=16.40MB Threads=33
[04:36:02.103 INF] [T:7] [PerfMonitor] Time:2026-03-20 19:36:01.104Z CPU=0.1% WS=54.59MB Managed=16.90MB Threads=34
[04:51:38.151 INF] [T:7] [PerfMonitor] Time:2026-03-20 19:51:37.152Z CPU=0.1% WS=54.58MB Managed=17.38MB Threads=33
[04:52:08.151 INF] [T:7] [PerfMonitor] Time:2026-03-20 19:52:07.151Z CPU=0.1% WS=54.61MB Managed=17.88MB Threads=34
[05:08:00.124 INF] [T:7] [PerfMonitor] Time:2026-03-20 20:07:59.124Z CPU=0.1% WS=54.62MB Managed=10.81MB Threads=34
[05:08:30.124 INF] [T:7] [PerfMonitor] Time:2026-03-20 20:08:29.124Z CPU=0.1% WS=54.62MB Managed=11.32MB Threads=33
[05:23:57.474 INF] [T:7] [PerfMonitor] Time:2026-03-20 20:23:56.474Z CPU=0.0% WS=54.88MB Managed=11.84MB Threads=34
[05:24:27.474 INF] [T:7] [PerfMonitor] Time:2026-03-20 20:24:26.473Z CPU=0.1% WS=54.86MB Managed=12.32MB Threads=33
[05:40:21.842 INF] [T:7] [PerfMonitor] Time:2026-03-20 20:40:20.840Z CPU=0.1% WS=54.86MB Managed=12.84MB Threads=33
[05:40:51.842 INF] [T:7] [PerfMonitor] Time:2026-03-20 20:40:50.840Z CPU=0.1% WS=52.83MB Managed=13.36MB Threads=35
[05:49:52.453 INF] [T:7] [PerfMonitor] Time:2026-03-20 20:49:51.452Z CPU=0.1% WS=52.81MB Managed=13.86MB Threads=34
[05:50:22.454 INF] [T:7] [PerfMonitor] Time:2026-03-20 20:50:21.454Z CPU=0.1% WS=53.05MB Managed=14.36MB Threads=33
[06:06:40.812 INF] [T:7] [PerfMonitor] Time:2026-03-20 21:06:39.811Z CPU=0.1% WS=53.12MB Managed=14.87MB Threads=34
[06:07:10.812 INF] [T:7] [PerfMonitor] Time:2026-03-20 21:07:09.812Z CPU=0.1% WS=53.11MB Managed=15.37MB Threads=33
[06:23:37.884 INF] [T:7] [PerfMonitor] Time:2026-03-20 21:23:36.884Z CPU=0.0% WS=53.14MB Managed=15.85MB Threads=34
[06:39:58.944 INF] [T:7] [PerfMonitor] Time:2026-03-20 21:39:57.952Z CPU=0.0% WS=53.14MB Managed=16.36MB Threads=34
[06:40:28.945 INF] [T:7] [PerfMonitor] Time:2026-03-20 21:40:27.945Z CPU=0.1% WS=53.30MB Managed=16.86MB Threads=34
[06:40:58.945 INF] [T:7] [PerfMonitor] Time:2026-03-20 21:40:57.945Z CPU=0.1% WS=53.30MB Managed=17.37MB Threads=33
[06:56:48.300 INF] [T:7] [PerfMonitor] Time:2026-03-20 21:56:47.301Z CPU=0.1% WS=53.31MB Managed=17.86MB Threads=34
[06:57:18.301 INF] [T:7] [PerfMonitor] Time:2026-03-20 21:57:17.301Z CPU=0.1% WS=53.36MB Managed=10.75MB Threads=34
[07:13:09.663 INF] [T:7] [PerfMonitor] Time:2026-03-20 22:13:08.662Z CPU=0.0% WS=53.36MB Managed=11.28MB Threads=34
[07:24:42.142 INF] [T:7] [PerfMonitor] Time:2026-03-20 22:24:42.142Z CPU=0.1% WS=53.36MB Managed=11.80MB Threads=34
[07:25:12.141 INF] [T:7] [PerfMonitor] Time:2026-03-20 22:25:11.140Z CPU=0.1% WS=53.34MB Managed=12.27MB Threads=33
[07:42:01.381 INF] [T:7] [PerfMonitor] Time:2026-03-20 22:42:00.381Z CPU=0.0% WS=53.36MB Managed=12.77MB Threads=34
[07:42:31.381 INF] [T:7] [PerfMonitor] Time:2026-03-20 22:42:30.381Z CPU=0.1% WS=53.36MB Managed=13.28MB Threads=33
[07:43:01.382 INF] [T:7] [PerfMonitor] Time:2026-03-20 22:43:00.381Z CPU=0.1% WS=53.36MB Managed=13.76MB Threads=33
[07:59:33.907 INF] [T:7] [PerfMonitor] Time:2026-03-20 22:59:32.907Z CPU=0.1% WS=53.38MB Managed=14.26MB Threads=34
[08:01:03.642 INF] [T:7] [PerfMonitor] Time:2026-03-20 23:01:02.643Z CPU=0.1% WS=53.38MB Managed=14.79MB Threads=34
[08:01:33.643 INF] [T:7] [PerfMonitor] Time:2026-03-20 23:01:32.643Z CPU=0.1% WS=53.38MB Managed=15.29MB Threads=34
[08:17:43.028 INF] [T:7] [PerfMonitor] Time:2026-03-20 23:17:42.027Z CPU=0.0% WS=53.36MB Managed=15.77MB Threads=33
[08:18:13.028 INF] [T:7] [PerfMonitor] Time:2026-03-20 23:18:12.026Z CPU=0.1% WS=53.36MB Managed=16.27MB Threads=33
[08:25:55.191 INF] [T:7] [PerfMonitor] Time:2026-03-20 23:25:54.192Z CPU=0.1% WS=53.36MB Managed=16.76MB Threads=33
[08:26:25.191 INF] [T:7] [PerfMonitor] Time:2026-03-20 23:26:24.192Z CPU=0.1% WS=53.36MB Managed=17.26MB Threads=33
[08:43:30.537 INF] [T:7] [PerfMonitor] Time:2026-03-20 23:43:29.536Z CPU=0.1% WS=53.38MB Managed=17.75MB Threads=34
[08:44:00.538 INF] [T:7] [PerfMonitor] Time:2026-03-20 23:43:59.537Z CPU=0.1% WS=53.36MB Managed=18.25MB Threads=33
[09:00:18.875 DBG] [T:12] [Rank] [Daily] Reward loaded. season="Daily"/1, uid=1, rank=2, score=30, isRewarded=false, item=[0:0:70]
[09:00:18.875 DBG] [T:12] [Rank] [Daily] Reward loaded. season="Daily"/1, uid=2, rank=1, score=40, isRewarded=false, item=[0:0:100]
[09:00:18.875 DBG] [T:12] [Rank] [Daily] Reward loaded. season="Daily"/1, uid=1000001, rank=3, score=10, isRewarded=false, item=[0:0:50]
[09:00:18.875 DBG] [T:12] [Rank] [Daily] Reward loaded. season="Daily"/12, uid=1000001, rank=1, score=30, isRewarded=false, item=[0:0:100]
[09:00:27.953 INF] [T:7] [PerfMonitor] Time:2026-03-21 00:00:27.952Z CPU=0.0% WS=73.09MB Managed=12.31MB Threads=35
[09:00:57.942 INF] [T:7] [PerfMonitor] Time:2026-03-21 00:00:56.941Z CPU=0.1% WS=73.06MB Managed=12.79MB Threads=34
[09:16:29.415 INF] [T:7] [PerfMonitor] Time:2026-03-21 00:16:28.413Z CPU=0.0% WS=73.03MB Managed=13.33MB Threads=34
[09:16:59.416 INF] [T:7] [PerfMonitor] Time:2026-03-21 00:16:58.415Z CPU=0.1% WS=73.05MB Managed=13.82MB Threads=34
[09:26:57.022 INF] [T:7] [PerfMonitor] Time:2026-03-21 00:26:56.023Z CPU=0.1% WS=73.05MB Managed=14.32MB Threads=34
[09:27:27.023 INF] [T:7] [PerfMonitor] Time:2026-03-21 00:27:26.023Z CPU=0.1% WS=73.03MB Managed=14.82MB Threads=33
[09:44:44.401 INF] [T:7] [PerfMonitor] Time:2026-03-21 00:44:43.399Z CPU=0.1% WS=73.09MB Managed=15.33MB Threads=34
[09:45:14.401 INF] [T:7] [PerfMonitor] Time:2026-03-21 00:45:13.400Z CPU=0.1% WS=73.11MB Managed=15.81MB Threads=34
[10:00:48.135 INF] [T:7] [PerfMonitor] Time:2026-03-21 01:00:47.135Z CPU=0.1% WS=73.09MB Managed=16.31MB Threads=33
[10:01:18.136 INF] [T:7] [PerfMonitor] Time:2026-03-21 01:01:17.134Z CPU=0.1% WS=73.09MB Managed=16.81MB Threads=33
[10:06:51.498 INF] [T:7] [PerfMonitor] Time:2026-03-21 01:06:50.497Z CPU=0.0% WS=36.95MB Managed=17.31MB Threads=35
[10:07:21.497 INF] [T:7] [PerfMonitor] Time:2026-03-21 01:07:20.497Z CPU=0.0% WS=38.36MB Managed=17.82MB Threads=33
[10:07:51.498 INF] [T:7] [PerfMonitor] Time:2026-03-21 01:07:50.497Z CPU=0.0% WS=39.52MB Managed=18.31MB Threads=34
[10:08:21.498 INF] [T:7] [PerfMonitor] Time:2026-03-21 01:08:20.498Z CPU=0.1% WS=49.94MB Managed=11.29MB Threads=34
[10:08:51.498 INF] [T:7] [PerfMonitor] Time:2026-03-21 01:08:50.498Z CPU=0.0% WS=45.73MB Managed=11.82MB Threads=34
[10:09:21.497 INF] [T:7] [PerfMonitor] Time:2026-03-21 01:09:20.498Z CPU=0.0% WS=45.97MB Managed=12.34MB Threads=37
[10:09:51.498 INF] [T:7] [PerfMonitor] Time:2026-03-21 01:09:50.498Z CPU=0.1% WS=45.97MB Managed=12.86MB Threads=34
[10:10:21.498 INF] [T:7] [PerfMonitor] Time:2026-03-21 01:10:20.498Z CPU=0.0% WS=46.05MB Managed=13.35MB Threads=34
[10:10:51.499 INF] [T:7] [PerfMonitor] Time:2026-03-21 01:10:51.499Z CPU=0.1% WS=46.17MB Managed=13.86MB Threads=34
[10:11:21.499 INF] [T:7] [PerfMonitor] Time:2026-03-21 01:11:20.500Z CPU=0.0% WS=46.22MB Managed=14.35MB Threads=34
[10:11:51.500 INF] [T:7] [PerfMonitor] Time:2026-03-21 01:11:50.500Z CPU=0.0% WS=46.28MB Managed=14.87MB Threads=34
[10:12:21.501 INF] [T:7] [PerfMonitor] Time:2026-03-21 01:12:20.501Z CPU=0.1% WS=46.31MB Managed=15.35MB Threads=33
[10:12:51.500 INF] [T:7] [PerfMonitor] Time:2026-03-21 01:12:50.500Z CPU=0.1% WS=46.44MB Managed=15.85MB Threads=33
[10:13:21.500 INF] [T:7] [PerfMonitor] Time:2026-03-21 01:13:20.500Z CPU=0.1% WS=46.50MB Managed=16.39MB Threads=34
[10:13:51.500 INF] [T:7] [PerfMonitor] Time:2026-03-21 01:13:50.501Z CPU=0.1% WS=46.56MB Managed=16.88MB Threads=33
[10:14:21.501 INF] [T:7] [PerfMonitor] Time:2026-03-21 01:14:21.501Z CPU=0.1% WS=46.64MB Managed=17.42MB Threads=35
[10:14:51.500 INF] [T:7] [PerfMonitor] Time:2026-03-21 01:14:50.501Z CPU=0.1% WS=46.62MB Managed=17.91MB Threads=34
[10:15:21.501 INF] [T:7] [PerfMonitor] Time:2026-03-21 01:15:20.500Z CPU=0.1% WS=46.61MB Managed=18.41MB Threads=33
[10:15:51.502 INF] [T:7] [PerfMonitor] Time:2026-03-21 01:15:50.501Z CPU=0.1% WS=46.95MB Managed=10.70MB Threads=34
[10:16:21.500 INF] [T:7] [PerfMonitor] Time:2026-03-21 01:16:20.501Z CPU=0.1% WS=46.97MB Managed=11.21MB Threads=34
[10:16:51.501 INF] [T:7] [PerfMonitor] Time:2026-03-21 01:16:50.501Z CPU=0.1% WS=46.97MB Managed=11.72MB Threads=34
[10:17:21.502 INF] [T:7] [PerfMonitor] Time:2026-03-21 01:17:20.501Z CPU=0.1% WS=46.98MB Managed=12.23MB Threads=34
[10:17:51.503 INF] [T:7] [PerfMonitor] Time:2026-03-21 01:17:50.502Z CPU=0.1% WS=46.94MB Managed=12.73MB Threads=34
[10:18:21.503 INF] [T:7] [PerfMonitor] Time:2026-03-21 01:18:20.503Z CPU=0.1% WS=46.92MB Managed=13.26MB Threads=33
[10:18:51.503 INF] [T:7] [PerfMonitor] Time:2026-03-21 01:18:50.503Z CPU=0.1% WS=46.94MB Managed=13.73MB Threads=34
[10:19:21.503 INF] [T:7] [PerfMonitor] Time:2026-03-21 01:19:20.503Z CPU=0.1% WS=46.94MB Managed=14.24MB Threads=34
[10:19:51.504 INF] [T:7] [PerfMonitor] Time:2026-03-21 01:19:50.503Z CPU=0.1% WS=46.92MB Managed=14.73MB Threads=33
[10:20:21.504 INF] [T:7] [PerfMonitor] Time:2026-03-21 01:20:20.504Z CPU=0.1% WS=46.92MB Managed=15.25MB Threads=33
[10:20:51.503 INF] [T:7] [PerfMonitor] Time:2026-03-21 01:20:50.504Z CPU=0.1% WS=46.92MB Managed=15.76MB Threads=33
[10:21:21.505 INF] [T:7] [PerfMonitor] Time:2026-03-21 01:21:20.504Z CPU=0.1% WS=46.94MB Managed=16.25MB Threads=34
[10:21:51.505 INF] [T:7] [PerfMonitor] Time:2026-03-21 01:21:50.505Z CPU=0.1% WS=46.94MB Managed=16.75MB Threads=34
[10:22:21.504 INF] [T:7] [PerfMonitor] Time:2026-03-21 01:22:20.503Z CPU=0.1% WS=46.92MB Managed=17.25MB Threads=33
[10:39:59.204 INF] [T:7] [PerfMonitor] Time:2026-03-21 01:22:50.505Z CPU=0.0% WS=46.77MB Managed=17.77MB Threads=35
[10:40:29.204 INF] [T:7] [PerfMonitor] Time:2026-03-21 01:40:28.204Z CPU=0.0% WS=35.94MB Managed=10.66MB Threads=36
[10:40:59.204 INF] [T:7] [PerfMonitor] Time:2026-03-21 01:40:58.204Z CPU=0.1% WS=40.69MB Managed=11.19MB Threads=34
[10:41:29.203 INF] [T:7] [PerfMonitor] Time:2026-03-21 01:41:28.204Z CPU=0.1% WS=41.00MB Managed=11.69MB Threads=34
[10:41:59.204 INF] [T:7] [PerfMonitor] Time:2026-03-21 01:41:58.204Z CPU=0.0% WS=34.75MB Managed=12.19MB Threads=33
[10:42:29.205 INF] [T:7] [PerfMonitor] Time:2026-03-21 01:42:28.205Z CPU=0.0% WS=35.33MB Managed=12.70MB Threads=34
[10:42:59.205 INF] [T:7] [PerfMonitor] Time:2026-03-21 01:42:58.204Z CPU=0.1% WS=35.86MB Managed=13.21MB Threads=34
[10:43:29.205 INF] [T:7] [PerfMonitor] Time:2026-03-21 01:43:28.204Z CPU=0.1% WS=36.47MB Managed=13.71MB Threads=34
[10:43:59.206 INF] [T:7] [PerfMonitor] Time:2026-03-21 01:43:58.205Z CPU=0.1% WS=36.98MB Managed=14.20MB Threads=34
[10:44:29.206 INF] [T:7] [PerfMonitor] Time:2026-03-21 01:44:28.205Z CPU=0.0% WS=37.48MB Managed=14.70MB Threads=33
[10:44:59.206 INF] [T:7] [PerfMonitor] Time:2026-03-21 01:44:58.205Z CPU=0.1% WS=38.03MB Managed=15.20MB Threads=34
[10:45:29.206 INF] [T:7] [PerfMonitor] Time:2026-03-21 01:45:28.206Z CPU=0.0% WS=38.53MB Managed=15.70MB Threads=34
[10:45:59.205 INF] [T:7] [PerfMonitor] Time:2026-03-21 01:45:58.206Z CPU=0.1% WS=39.12MB Managed=16.21MB Threads=33
[10:46:29.206 INF] [T:7] [PerfMonitor] Time:2026-03-21 01:46:29.205Z CPU=0.0% WS=39.67MB Managed=16.73MB Threads=33
[10:46:59.206 INF] [T:7] [PerfMonitor] Time:2026-03-21 01:46:59.206Z CPU=0.0% WS=40.22MB Managed=17.24MB Threads=34
[10:47:29.207 INF] [T:7] [PerfMonitor] Time:2026-03-21 01:47:28.207Z CPU=0.0% WS=40.70MB Managed=17.71MB Threads=33
[10:47:59.206 INF] [T:7] [PerfMonitor] Time:2026-03-21 01:47:58.207Z CPU=0.0% WS=43.00MB Managed=10.55MB Threads=33
[10:48:29.207 INF] [T:7] [PerfMonitor] Time:2026-03-21 01:48:28.207Z CPU=0.0% WS=43.27MB Managed=11.08MB Threads=33
[10:48:59.208 INF] [T:7] [PerfMonitor] Time:2026-03-21 01:48:58.207Z CPU=0.1% WS=43.27MB Managed=11.55MB Threads=33
[10:49:29.207 INF] [T:7] [PerfMonitor] Time:2026-03-21 01:49:28.207Z CPU=0.0% WS=43.28MB Managed=12.07MB Threads=34
[10:49:59.208 INF] [T:7] [PerfMonitor] Time:2026-03-21 01:49:58.208Z CPU=0.0% WS=43.28MB Managed=12.57MB Threads=34
[10:50:29.208 INF] [T:7] [PerfMonitor] Time:2026-03-21 01:50:28.208Z CPU=0.1% WS=43.28MB Managed=13.07MB Threads=34
[10:50:59.207 INF] [T:7] [PerfMonitor] Time:2026-03-21 01:50:58.208Z CPU=0.1% WS=43.28MB Managed=13.57MB Threads=34
[10:51:29.208 INF] [T:7] [PerfMonitor] Time:2026-03-21 01:51:28.208Z CPU=0.1% WS=43.27MB Managed=14.05MB Threads=33
[10:51:59.208 INF] [T:7] [PerfMonitor] Time:2026-03-21 01:51:58.209Z CPU=0.0% WS=43.28MB Managed=14.57MB Threads=34
[10:52:29.209 INF] [T:7] [PerfMonitor] Time:2026-03-21 01:52:28.208Z CPU=0.1% WS=43.27MB Managed=15.05MB Threads=33
[10:52:59.210 INF] [T:7] [PerfMonitor] Time:2026-03-21 01:52:58.208Z CPU=0.0% WS=43.27MB Managed=15.57MB Threads=33
[10:53:29.209 INF] [T:7] [PerfMonitor] Time:2026-03-21 01:53:28.209Z CPU=0.1% WS=43.27MB Managed=16.05MB Threads=33
[10:53:59.209 INF] [T:7] [PerfMonitor] Time:2026-03-21 01:53:58.209Z CPU=0.1% WS=43.27MB Managed=16.55MB Threads=33
[10:54:29.210 INF] [T:7] [PerfMonitor] Time:2026-03-21 01:54:28.209Z CPU=0.0% WS=43.27MB Managed=17.04MB Threads=33
[10:54:59.210 INF] [T:7] [PerfMonitor] Time:2026-03-21 01:54:58.210Z CPU=0.1% WS=43.28MB Managed=17.53MB Threads=33
[10:55:29.210 INF] [T:7] [PerfMonitor] Time:2026-03-21 01:55:28.210Z CPU=0.1% WS=43.25MB Managed=18.04MB Threads=34
[10:55:59.210 INF] [T:7] [PerfMonitor] Time:2026-03-21 01:55:58.210Z CPU=0.0% WS=43.53MB Managed=10.89MB Threads=34
[10:56:29.211 INF] [T:7] [PerfMonitor] Time:2026-03-21 01:56:28.211Z CPU=0.0% WS=43.53MB Managed=11.42MB Threads=34
[10:56:59.211 INF] [T:7] [PerfMonitor] Time:2026-03-21 01:56:58.210Z CPU=0.1% WS=43.53MB Managed=11.92MB Threads=34
[10:57:29.211 INF] [T:7] [PerfMonitor] Time:2026-03-21 01:57:28.211Z CPU=0.0% WS=43.52MB Managed=12.40MB Threads=33
[10:57:59.211 INF] [T:7] [PerfMonitor] Time:2026-03-21 01:57:59.211Z CPU=0.0% WS=43.53MB Managed=12.91MB Threads=33
[10:58:29.211 INF] [T:7] [PerfMonitor] Time:2026-03-21 01:58:28.211Z CPU=0.1% WS=43.53MB Managed=13.39MB Threads=33
[10:58:59.211 INF] [T:7] [PerfMonitor] Time:2026-03-21 01:58:58.211Z CPU=0.0% WS=43.55MB Managed=13.90MB Threads=34
[10:59:29.212 INF] [T:7] [PerfMonitor] Time:2026-03-21 01:59:28.212Z CPU=0.0% WS=43.53MB Managed=14.40MB Threads=33
[10:59:59.212 INF] [T:7] [PerfMonitor] Time:2026-03-21 01:59:58.211Z CPU=0.0% WS=43.53MB Managed=14.88MB Threads=33
[11:00:00.080 INF] [T:12] [Rank] [Daily] Next season scheduled. kind="Daily", num=91, start="2026-03-21T00:00:00.0000000+00:00", end="2026-03-22T00:00:00.0000000+00:00"
[11:00:29.212 INF] [T:7] [PerfMonitor] Time:2026-03-21 02:00:28.212Z CPU=0.0% WS=63.12MB Managed=16.40MB Threads=34
[11:00:59.212 INF] [T:7] [PerfMonitor] Time:2026-03-21 02:00:58.212Z CPU=0.0% WS=63.11MB Managed=16.90MB Threads=33
[11:01:29.212 INF] [T:7] [PerfMonitor] Time:2026-03-21 02:01:28.213Z CPU=0.1% WS=63.11MB Managed=17.44MB Threads=33
[11:01:59.212 INF] [T:7] [PerfMonitor] Time:2026-03-21 02:01:58.212Z CPU=0.0% WS=63.14MB Managed=17.94MB Threads=35
[11:02:29.212 INF] [T:7] [PerfMonitor] Time:2026-03-21 02:02:28.213Z CPU=0.0% WS=63.22MB Managed=10.91MB Threads=33
[11:02:59.213 INF] [T:7] [PerfMonitor] Time:2026-03-21 02:02:58.213Z CPU=0.0% WS=63.23MB Managed=11.42MB Threads=34
[11:03:29.213 INF] [T:7] [PerfMonitor] Time:2026-03-21 02:03:28.213Z CPU=0.1% WS=63.25MB Managed=11.93MB Threads=34
[11:03:59.213 INF] [T:7] [PerfMonitor] Time:2026-03-21 02:03:58.213Z CPU=0.0% WS=63.25MB Managed=12.43MB Threads=34
[11:04:29.213 INF] [T:7] [PerfMonitor] Time:2026-03-21 02:04:28.213Z CPU=0.0% WS=63.31MB Managed=12.93MB Threads=34
[11:04:59.213 INF] [T:7] [PerfMonitor] Time:2026-03-21 02:04:58.214Z CPU=0.0% WS=63.28MB Managed=13.41MB Threads=33
[11:05:29.214 INF] [T:7] [PerfMonitor] Time:2026-03-21 02:05:28.214Z CPU=0.1% WS=63.30MB Managed=13.92MB Threads=34
[11:05:59.214 INF] [T:7] [PerfMonitor] Time:2026-03-21 02:05:58.214Z CPU=0.1% WS=63.28MB Managed=14.42MB Threads=33
[11:06:29.215 INF] [T:7] [PerfMonitor] Time:2026-03-21 02:06:28.214Z CPU=0.0% WS=63.28MB Managed=14.91MB Threads=33
[11:06:59.214 INF] [T:7] [PerfMonitor] Time:2026-03-21 02:06:58.214Z CPU=0.1% WS=63.28MB Managed=15.41MB Threads=33
[11:07:29.214 INF] [T:7] [PerfMonitor] Time:2026-03-21 02:07:28.214Z CPU=0.0% WS=63.28MB Managed=15.92MB Threads=33
[11:07:59.215 INF] [T:7] [PerfMonitor] Time:2026-03-21 02:07:58.215Z CPU=0.0% WS=63.31MB Managed=16.42MB Threads=34
[11:08:29.215 INF] [T:7] [PerfMonitor] Time:2026-03-21 02:08:28.215Z CPU=0.0% WS=63.30MB Managed=16.90MB Threads=33
[11:08:59.216 INF] [T:7] [PerfMonitor] Time:2026-03-21 02:08:58.215Z CPU=0.0% WS=62.64MB Managed=17.40MB Threads=33
[11:09:29.216 INF] [T:7] [PerfMonitor] Time:2026-03-21 02:09:28.215Z CPU=0.1% WS=58.69MB Managed=17.88MB Threads=34
[11:09:59.221 INF] [T:7] [PerfMonitor] Time:2026-03-21 02:09:58.216Z CPU=0.0% WS=55.97MB Managed=18.40MB Threads=34
[11:10:29.216 INF] [T:7] [PerfMonitor] Time:2026-03-21 02:10:28.216Z CPU=0.1% WS=43.67MB Managed=11.31MB Threads=34
[11:10:59.216 INF] [T:7] [PerfMonitor] Time:2026-03-21 02:10:58.216Z CPU=0.1% WS=43.69MB Managed=11.81MB Threads=34
[11:11:29.217 INF] [T:7] [PerfMonitor] Time:2026-03-21 02:11:28.216Z CPU=0.1% WS=44.31MB Managed=12.33MB Threads=36
[11:11:59.217 INF] [T:7] [PerfMonitor] Time:2026-03-21 02:11:59.217Z CPU=0.1% WS=44.25MB Managed=12.88MB Threads=34
[11:12:29.216 INF] [T:7] [PerfMonitor] Time:2026-03-21 02:12:28.217Z CPU=0.1% WS=44.41MB Managed=13.35MB Threads=33
[11:12:59.217 INF] [T:7] [PerfMonitor] Time:2026-03-21 02:12:58.217Z CPU=0.0% WS=44.48MB Managed=13.83MB Threads=33
[11:13:29.217 INF] [T:7] [PerfMonitor] Time:2026-03-21 02:13:28.217Z CPU=0.0% WS=44.55MB Managed=14.34MB Threads=34
[11:13:59.217 INF] [T:7] [PerfMonitor] Time:2026-03-21 02:13:58.217Z CPU=0.1% WS=43.98MB Managed=14.84MB Threads=33
[11:14:29.218 INF] [T:7] [PerfMonitor] Time:2026-03-21 02:14:28.217Z CPU=0.1% WS=44.16MB Managed=15.34MB Threads=34
[11:14:59.217 INF] [T:7] [PerfMonitor] Time:2026-03-21 02:14:58.217Z CPU=0.0% WS=44.28MB Managed=15.83MB Threads=33
[11:15:29.217 INF] [T:7] [PerfMonitor] Time:2026-03-21 02:15:28.218Z CPU=0.1% WS=44.45MB Managed=16.34MB Threads=34
[11:15:59.217 INF] [T:7] [PerfMonitor] Time:2026-03-21 02:15:58.218Z CPU=0.0% WS=44.66MB Managed=16.85MB Threads=35
[11:16:29.218 INF] [T:7] [PerfMonitor] Time:2026-03-21 02:16:28.218Z CPU=0.0% WS=44.92MB Managed=17.35MB Threads=33
[11:16:59.219 INF] [T:7] [PerfMonitor] Time:2026-03-21 02:16:58.219Z CPU=0.1% WS=45.31MB Managed=17.86MB Threads=34
[11:17:29.219 INF] [T:7] [PerfMonitor] Time:2026-03-21 02:17:28.218Z CPU=0.1% WS=45.30MB Managed=18.34MB Threads=33
[11:17:59.219 INF] [T:7] [PerfMonitor] Time:2026-03-21 02:17:58.219Z CPU=0.1% WS=45.45MB Managed=11.22MB Threads=33
[11:18:29.219 INF] [T:7] [PerfMonitor] Time:2026-03-21 02:18:28.219Z CPU=0.0% WS=45.45MB Managed=11.73MB Threads=33
[11:18:59.219 INF] [T:7] [PerfMonitor] Time:2026-03-21 02:18:58.220Z CPU=0.1% WS=45.45MB Managed=12.22MB Threads=33
[11:19:29.219 INF] [T:7] [PerfMonitor] Time:2026-03-21 02:19:28.219Z CPU=0.1% WS=45.52MB Managed=12.73MB Threads=33
[11:19:59.219 INF] [T:7] [PerfMonitor] Time:2026-03-21 02:19:58.219Z CPU=0.1% WS=45.52MB Managed=13.21MB Threads=33
[11:20:29.219 INF] [T:7] [PerfMonitor] Time:2026-03-21 02:20:28.219Z CPU=0.1% WS=45.52MB Managed=13.70MB Threads=33
[11:20:59.220 INF] [T:7] [PerfMonitor] Time:2026-03-21 02:20:58.219Z CPU=0.1% WS=45.55MB Managed=14.19MB Threads=34
[11:21:29.219 INF] [T:7] [PerfMonitor] Time:2026-03-21 02:21:28.219Z CPU=0.1% WS=45.55MB Managed=14.70MB Threads=34
[11:21:59.221 INF] [T:7] [PerfMonitor] Time:2026-03-21 02:21:59.221Z CPU=0.1% WS=45.53MB Managed=15.22MB Threads=33
[11:22:29.221 INF] [T:7] [PerfMonitor] Time:2026-03-21 02:22:28.221Z CPU=0.1% WS=45.56MB Managed=15.70MB Threads=34
[11:22:59.221 INF] [T:7] [PerfMonitor] Time:2026-03-21 02:22:58.221Z CPU=0.1% WS=45.66MB Managed=16.20MB Threads=33
[11:23:29.220 INF] [T:7] [PerfMonitor] Time:2026-03-21 02:23:28.219Z CPU=0.0% WS=45.67MB Managed=16.71MB Threads=34
[11:23:59.220 INF] [T:7] [PerfMonitor] Time:2026-03-21 02:23:58.219Z CPU=0.1% WS=45.66MB Managed=17.21MB Threads=33
[11:24:29.221 INF] [T:7] [PerfMonitor] Time:2026-03-21 02:24:28.219Z CPU=0.0% WS=45.66MB Managed=17.72MB Threads=33
[11:24:59.221 INF] [T:7] [PerfMonitor] Time:2026-03-21 02:24:58.220Z CPU=0.0% WS=45.67MB Managed=18.22MB Threads=34
[11:25:29.221 INF] [T:7] [PerfMonitor] Time:2026-03-21 02:25:28.220Z CPU=0.0% WS=45.69MB Managed=11.09MB Threads=33
[11:25:59.221 INF] [T:7] [PerfMonitor] Time:2026-03-21 02:25:58.221Z CPU=0.0% WS=45.70MB Managed=11.60MB Threads=33
[11:26:29.221 INF] [T:7] [PerfMonitor] Time:2026-03-21 02:26:28.221Z CPU=0.1% WS=45.70MB Managed=12.09MB Threads=33
[11:26:59.222 INF] [T:7] [PerfMonitor] Time:2026-03-21 02:26:58.220Z CPU=0.1% WS=45.00MB Managed=12.60MB Threads=33
[11:27:29.221 INF] [T:7] [PerfMonitor] Time:2026-03-21 02:27:28.222Z CPU=0.1% WS=45.00MB Managed=13.10MB Threads=33
[11:27:59.222 INF] [T:7] [PerfMonitor] Time:2026-03-21 02:27:58.221Z CPU=0.1% WS=45.09MB Managed=13.58MB Threads=33
[11:28:29.222 INF] [T:7] [PerfMonitor] Time:2026-03-21 02:28:28.222Z CPU=0.1% WS=45.12MB Managed=14.08MB Threads=33
[11:28:59.222 INF] [T:7] [PerfMonitor] Time:2026-03-21 02:28:58.222Z CPU=0.1% WS=45.12MB Managed=14.57MB Threads=33
[11:29:29.222 INF] [T:7] [PerfMonitor] Time:2026-03-21 02:29:28.222Z CPU=0.1% WS=45.09MB Managed=15.08MB Threads=33
[11:29:59.222 INF] [T:7] [PerfMonitor] Time:2026-03-21 02:29:58.222Z CPU=0.0% WS=45.09MB Managed=15.57MB Threads=33
[11:30:29.223 INF] [T:7] [PerfMonitor] Time:2026-03-21 02:30:28.223Z CPU=0.0% WS=43.73MB Managed=16.06MB Threads=34
[11:30:59.222 INF] [T:7] [PerfMonitor] Time:2026-03-21 02:30:58.223Z CPU=0.1% WS=43.72MB Managed=16.55MB Threads=33
[11:31:29.223 INF] [T:7] [PerfMonitor] Time:2026-03-21 02:31:28.223Z CPU=0.0% WS=43.73MB Managed=17.08MB Threads=34
[11:31:59.223 INF] [T:7] [PerfMonitor] Time:2026-03-21 02:31:58.223Z CPU=0.1% WS=43.72MB Managed=17.56MB Threads=33
[11:32:29.224 INF] [T:7] [PerfMonitor] Time:2026-03-21 02:32:28.223Z CPU=0.1% WS=44.00MB Managed=18.08MB Threads=34
[11:32:59.224 INF] [T:7] [PerfMonitor] Time:2026-03-21 02:32:59.224Z CPU=0.0% WS=45.11MB Managed=11.00MB Threads=34
[11:33:29.223 INF] [T:7] [PerfMonitor] Time:2026-03-21 02:33:28.224Z CPU=0.0% WS=45.16MB Managed=11.51MB Threads=34
[11:33:59.224 INF] [T:7] [PerfMonitor] Time:2026-03-21 02:33:58.224Z CPU=0.0% WS=45.22MB Managed=12.00MB Threads=33
[11:34:29.225 INF] [T:7] [PerfMonitor] Time:2026-03-21 02:34:28.225Z CPU=0.0% WS=45.19MB Managed=12.51MB Threads=34
[11:34:59.225 INF] [T:7] [PerfMonitor] Time:2026-03-21 02:34:58.224Z CPU=0.0% WS=45.20MB Managed=12.98MB Threads=33
[11:35:29.225 INF] [T:7] [PerfMonitor] Time:2026-03-21 02:35:28.224Z CPU=0.1% WS=45.25MB Managed=13.49MB Threads=34
[11:35:59.225 INF] [T:7] [PerfMonitor] Time:2026-03-21 02:35:58.224Z CPU=0.0% WS=45.27MB Managed=13.98MB Threads=33
[11:36:29.225 INF] [T:7] [PerfMonitor] Time:2026-03-21 02:36:28.224Z CPU=0.1% WS=45.30MB Managed=14.50MB Threads=34
[11:36:59.225 INF] [T:7] [PerfMonitor] Time:2026-03-21 02:36:58.225Z CPU=0.1% WS=45.28MB Managed=14.99MB Threads=33
[11:37:29.226 INF] [T:7] [PerfMonitor] Time:2026-03-21 02:37:28.225Z CPU=0.1% WS=45.08MB Managed=15.51MB Threads=34
[11:37:59.225 INF] [T:7] [PerfMonitor] Time:2026-03-21 02:37:58.225Z CPU=0.1% WS=45.20MB Managed=16.00MB Threads=33
[11:38:29.225 INF] [T:7] [PerfMonitor] Time:2026-03-21 02:38:28.226Z CPU=0.1% WS=45.20MB Managed=16.48MB Threads=33
[11:38:59.225 INF] [T:7] [PerfMonitor] Time:2026-03-21 02:38:59.225Z CPU=0.0% WS=45.20MB Managed=17.01MB Threads=33
[11:39:29.226 INF] [T:7] [PerfMonitor] Time:2026-03-21 02:39:28.226Z CPU=0.0% WS=45.20MB Managed=17.47MB Threads=33
[11:39:59.226 INF] [T:7] [PerfMonitor] Time:2026-03-21 02:39:58.228Z CPU=0.0% WS=45.23MB Managed=18.00MB Threads=34
[11:40:29.225 INF] [T:7] [PerfMonitor] Time:2026-03-21 02:40:28.226Z CPU=0.1% WS=45.14MB Managed=18.50MB Threads=35
[11:40:59.226 INF] [T:7] [PerfMonitor] Time:2026-03-21 02:40:58.227Z CPU=0.1% WS=45.38MB Managed=11.33MB Threads=33
[11:41:29.227 INF] [T:7] [PerfMonitor] Time:2026-03-21 02:41:28.226Z CPU=0.1% WS=45.38MB Managed=11.84MB Threads=33
[11:41:59.227 INF] [T:7] [PerfMonitor] Time:2026-03-21 02:41:58.227Z CPU=0.0% WS=45.39MB Managed=12.34MB Threads=34
[11:42:29.228 INF] [T:7] [PerfMonitor] Time:2026-03-21 02:42:29.227Z CPU=0.0% WS=45.39MB Managed=12.86MB Threads=33
[11:42:59.227 INF] [T:7] [PerfMonitor] Time:2026-03-21 02:42:58.227Z CPU=0.1% WS=45.42MB Managed=13.37MB Threads=33
[11:43:29.228 INF] [T:7] [PerfMonitor] Time:2026-03-21 02:43:28.227Z CPU=0.1% WS=45.42MB Managed=13.86MB Threads=33
[11:43:59.228 INF] [T:7] [PerfMonitor] Time:2026-03-21 02:43:58.232Z CPU=0.1% WS=45.42MB Managed=14.36MB Threads=33
[11:44:29.228 INF] [T:7] [PerfMonitor] Time:2026-03-21 02:44:28.228Z CPU=0.1% WS=45.45MB Managed=14.84MB Threads=33
[11:44:59.227 INF] [T:7] [PerfMonitor] Time:2026-03-21 02:44:58.228Z CPU=0.0% WS=45.45MB Managed=15.35MB Threads=33
[11:45:29.228 INF] [T:7] [PerfMonitor] Time:2026-03-21 02:45:28.228Z CPU=0.1% WS=45.50MB Managed=15.85MB Threads=33
[11:45:59.228 INF] [T:7] [PerfMonitor] Time:2026-03-21 02:45:58.229Z CPU=0.0% WS=45.52MB Managed=16.35MB Threads=34
[11:46:29.228 INF] [T:7] [PerfMonitor] Time:2026-03-21 02:46:28.229Z CPU=0.1% WS=45.50MB Managed=16.84MB Threads=33
[11:46:59.228 INF] [T:7] [PerfMonitor] Time:2026-03-21 02:46:58.229Z CPU=0.0% WS=37.55MB Managed=17.34MB Threads=33
[11:47:29.229 INF] [T:7] [PerfMonitor] Time:2026-03-21 02:47:29.229Z CPU=0.1% WS=36.12MB Managed=17.86MB Threads=33
[11:47:59.229 INF] [T:7] [PerfMonitor] Time:2026-03-21 02:47:58.229Z CPU=0.1% WS=36.98MB Managed=18.32MB Threads=33
[11:48:29.229 INF] [T:7] [PerfMonitor] Time:2026-03-21 02:48:28.230Z CPU=0.1% WS=43.23MB Managed=11.28MB Threads=34
[11:48:59.229 INF] [T:7] [PerfMonitor] Time:2026-03-21 02:48:58.229Z CPU=0.1% WS=41.77MB Managed=11.79MB Threads=34
[11:49:29.230 INF] [T:7] [PerfMonitor] Time:2026-03-21 02:49:28.230Z CPU=0.1% WS=42.83MB Managed=12.27MB Threads=33
[11:49:59.229 INF] [T:7] [PerfMonitor] Time:2026-03-21 02:49:58.230Z CPU=0.0% WS=42.92MB Managed=12.77MB Threads=33
[11:50:29.230 INF] [T:7] [PerfMonitor] Time:2026-03-21 02:50:28.229Z CPU=0.1% WS=43.02MB Managed=13.26MB Threads=34
[11:50:59.230 INF] [T:7] [PerfMonitor] Time:2026-03-21 02:50:59.230Z CPU=0.0% WS=43.14MB Managed=13.79MB Threads=34
[11:51:29.230 INF] [T:7] [PerfMonitor] Time:2026-03-21 02:51:29.230Z CPU=0.1% WS=31.56MB Managed=14.29MB Threads=34
[11:51:59.230 INF] [T:7] [PerfMonitor] Time:2026-03-21 02:51:58.230Z CPU=0.1% WS=32.98MB Managed=14.76MB Threads=33
[11:52:29.231 INF] [T:7] [PerfMonitor] Time:2026-03-21 02:52:28.231Z CPU=0.0% WS=33.69MB Managed=15.26MB Threads=33
[11:52:59.231 INF] [T:7] [PerfMonitor] Time:2026-03-21 02:52:58.230Z CPU=0.0% WS=35.47MB Managed=15.77MB Threads=34
[11:53:29.231 INF] [T:7] [PerfMonitor] Time:2026-03-21 02:53:29.231Z CPU=0.1% WS=36.19MB Managed=16.28MB Threads=34
[11:53:52.638 INF] [T:1] [Rank] Logger setup was successful: Rank
[11:53:52.774 DBG] [T:1] [Rank] [Engine] Discovered '5' commands: [3003, 3002, 3001, 3000, 1000]
[11:53:52.777 INF] [T:1] [Rank] The server Rank is initialized.
[11:53:53.105 DBG] [T:1] [Rank] [Daily] Reward loaded. season="Daily"/1, uid=1, rank=2, score=30, isRewarded=false, item=[0:0:70]
[11:53:53.105 DBG] [T:1] [Rank] [Daily] Reward loaded. season="Daily"/1, uid=2, rank=1, score=40, isRewarded=false, item=[0:0:100]
[11:53:53.105 DBG] [T:1] [Rank] [Daily] Reward loaded. season="Daily"/1, uid=1000001, rank=3, score=10, isRewarded=false, item=[0:0:50]
[11:53:53.105 DBG] [T:1] [Rank] [Daily] Reward loaded. season="Daily"/12, uid=1000001, rank=1, score=30, isRewarded=false, item=[0:0:100]
[11:53:53.111 INF] [T:1] [Rank] [Daily] Season loaded. kind="Daily", num=91, state="Running", start="2026-03-21T00:00:00.0000000+09:00", end="2026-03-22T00:00:00.0000000+09:00"
[11:53:53.114 INF] [T:1] [Rank] Listener (0.0.0.0:20001:"Tcp") was started.
[11:53:53.116 INF] [T:1] [Rank] The server instance Rank was been started!
[11:54:01.097 DBG] [T:11] [Rank] A new session connected. sessionId=f6a7657e-afe6-4724-b0f0-76471957b965, remoteEndPoint=127.0.0.1:62760
[11:54:01.157 DBG] [T:27] [Rank] Session authentication succeeded. sessionId=f6a7657e-afe6-4724-b0f0-76471957b965, peerId=1
[11:54:01.198 INF] [T:11] [Rank] Server Game registered: 192.168.0.191:10001
[11:54:22.783 INF] [T:7] [PerfMonitor] Time:2026-03-21 02:54:21.777Z CPU=0.0% WS=79.69MB Managed=11.73MB Threads=35
[11:54:52.778 INF] [T:7] [PerfMonitor] Time:2026-03-21 02:54:52.778Z CPU=0.1% WS=82.25MB Managed=12.20MB Threads=34
[11:55:22.778 INF] [T:7] [PerfMonitor] Time:2026-03-21 02:55:21.778Z CPU=0.0% WS=83.78MB Managed=12.64MB Threads=34
[11:55:52.779 INF] [T:7] [PerfMonitor] Time:2026-03-21 02:55:51.778Z CPU=0.0% WS=71.38MB Managed=13.08MB Threads=35
[11:56:22.778 INF] [T:7] [PerfMonitor] Time:2026-03-21 02:56:21.778Z CPU=0.0% WS=72.17MB Managed=13.61MB Threads=33
[11:56:52.779 INF] [T:7] [PerfMonitor] Time:2026-03-21 02:56:51.778Z CPU=0.0% WS=77.61MB Managed=14.04MB Threads=33
[11:57:22.779 INF] [T:7] [PerfMonitor] Time:2026-03-21 02:57:21.778Z CPU=0.0% WS=83.31MB Managed=10.60MB Threads=34
[11:57:52.779 INF] [T:7] [PerfMonitor] Time:2026-03-21 02:57:51.778Z CPU=0.1% WS=83.47MB Managed=11.05MB Threads=33
[11:58:22.779 INF] [T:7] [PerfMonitor] Time:2026-03-21 02:58:21.778Z CPU=0.1% WS=83.95MB Managed=11.49MB Threads=33
[11:58:52.779 INF] [T:7] [PerfMonitor] Time:2026-03-21 02:58:51.778Z CPU=0.0% WS=84.11MB Managed=11.93MB Threads=33
[11:59:22.779 INF] [T:7] [PerfMonitor] Time:2026-03-21 02:59:21.778Z CPU=0.0% WS=87.84MB Managed=12.38MB Threads=32
[11:59:52.779 INF] [T:7] [PerfMonitor] Time:2026-03-21 02:59:51.779Z CPU=0.0% WS=88.11MB Managed=12.92MB Threads=33
[12:00:22.779 INF] [T:7] [PerfMonitor] Time:2026-03-21 03:00:21.779Z CPU=0.0% WS=88.27MB Managed=13.36MB Threads=33
[12:00:52.779 INF] [T:7] [PerfMonitor] Time:2026-03-21 03:00:51.779Z CPU=0.0% WS=88.30MB Managed=13.81MB Threads=33
[12:01:22.780 INF] [T:7] [PerfMonitor] Time:2026-03-21 03:01:21.780Z CPU=0.0% WS=88.33MB Managed=14.24MB Threads=34
[12:01:52.780 INF] [T:7] [PerfMonitor] Time:2026-03-21 03:01:51.780Z CPU=0.0% WS=88.36MB Managed=14.69MB Threads=33
[12:02:22.781 INF] [T:7] [PerfMonitor] Time:2026-03-21 03:02:21.779Z CPU=0.0% WS=88.38MB Managed=15.14MB Threads=34
[12:02:52.781 INF] [T:7] [PerfMonitor] Time:2026-03-21 03:02:51.780Z CPU=0.0% WS=88.39MB Managed=15.58MB Threads=33
[12:03:22.780 INF] [T:7] [PerfMonitor] Time:2026-03-21 03:03:21.779Z CPU=0.0% WS=88.47MB Managed=16.02MB Threads=33
[12:03:52.780 INF] [T:7] [PerfMonitor] Time:2026-03-21 03:03:51.779Z CPU=0.0% WS=88.89MB Managed=16.47MB Threads=33
[12:04:22.781 INF] [T:7] [PerfMonitor] Time:2026-03-21 03:04:21.780Z CPU=0.0% WS=89.66MB Managed=16.91MB Threads=33
[12:04:52.780 INF] [T:7] [PerfMonitor] Time:2026-03-21 03:04:51.781Z CPU=0.0% WS=90.20MB Managed=17.37MB Threads=35
[12:05:22.780 INF] [T:7] [PerfMonitor] Time:2026-03-21 03:05:21.781Z CPU=0.0% WS=90.62MB Managed=17.82MB Threads=33
[12:05:52.782 INF] [T:7] [PerfMonitor] Time:2026-03-21 03:05:51.781Z CPU=0.0% WS=90.83MB Managed=10.47MB Threads=35
[12:06:22.782 INF] [T:7] [PerfMonitor] Time:2026-03-21 03:06:21.780Z CPU=0.0% WS=90.83MB Managed=10.93MB Threads=34
[12:06:52.783 INF] [T:7] [PerfMonitor] Time:2026-03-21 03:06:51.780Z CPU=0.0% WS=90.83MB Managed=11.39MB Threads=34
[12:07:22.782 INF] [T:7] [PerfMonitor] Time:2026-03-21 03:07:21.781Z CPU=0.0% WS=90.81MB Managed=11.83MB Threads=34
[12:07:52.781 INF] [T:7] [PerfMonitor] Time:2026-03-21 03:07:51.782Z CPU=0.0% WS=90.91MB Managed=12.28MB Threads=34
[12:08:22.783 INF] [T:7] [PerfMonitor] Time:2026-03-21 03:08:21.782Z CPU=0.0% WS=90.91MB Managed=12.74MB Threads=34
[12:08:52.782 INF] [T:7] [PerfMonitor] Time:2026-03-21 03:08:51.782Z CPU=0.0% WS=90.91MB Managed=13.16MB Threads=33
[12:09:22.783 INF] [T:7] [PerfMonitor] Time:2026-03-21 03:09:21.781Z CPU=0.0% WS=91.00MB Managed=13.63MB Threads=34
[12:09:52.782 INF] [T:7] [PerfMonitor] Time:2026-03-21 03:09:51.783Z CPU=0.0% WS=91.03MB Managed=14.06MB Threads=33
[12:10:22.782 INF] [T:7] [PerfMonitor] Time:2026-03-21 03:10:21.782Z CPU=0.1% WS=91.06MB Managed=14.53MB Threads=34
[12:10:52.782 INF] [T:7] [PerfMonitor] Time:2026-03-21 03:10:51.781Z CPU=0.0% WS=91.05MB Managed=14.96MB Threads=33
[12:11:22.782 INF] [T:7] [PerfMonitor] Time:2026-03-21 03:11:21.782Z CPU=0.0% WS=91.08MB Managed=15.43MB Threads=35
[12:11:52.782 INF] [T:7] [PerfMonitor] Time:2026-03-21 03:11:51.782Z CPU=0.0% WS=91.05MB Managed=15.88MB Threads=33
[12:12:22.782 INF] [T:7] [PerfMonitor] Time:2026-03-21 03:12:21.783Z CPU=0.1% WS=91.06MB Managed=16.32MB Threads=33
[12:12:52.782 INF] [T:7] [PerfMonitor] Time:2026-03-21 03:12:51.782Z CPU=0.1% WS=91.05MB Managed=16.76MB Threads=33
[12:13:22.782 INF] [T:7] [PerfMonitor] Time:2026-03-21 03:13:21.782Z CPU=0.1% WS=91.05MB Managed=17.19MB Threads=33
[12:13:52.782 INF] [T:7] [PerfMonitor] Time:2026-03-21 03:13:51.783Z CPU=0.1% WS=91.11MB Managed=17.64MB Threads=36
[12:14:22.783 INF] [T:7] [PerfMonitor] Time:2026-03-21 03:14:21.783Z CPU=0.1% WS=91.08MB Managed=10.52MB Threads=34
[12:14:52.783 INF] [T:7] [PerfMonitor] Time:2026-03-21 03:14:51.783Z CPU=0.1% WS=91.06MB Managed=11.00MB Threads=33
[12:15:22.784 INF] [T:7] [PerfMonitor] Time:2026-03-21 03:15:21.783Z CPU=0.1% WS=91.09MB Managed=11.43MB Threads=34
[12:15:52.783 INF] [T:7] [PerfMonitor] Time:2026-03-21 03:15:51.784Z CPU=0.1% WS=91.09MB Managed=11.88MB Threads=34
[12:16:22.783 INF] [T:7] [PerfMonitor] Time:2026-03-21 03:16:21.784Z CPU=0.0% WS=91.11MB Managed=12.33MB Threads=34
[12:16:52.783 INF] [T:7] [PerfMonitor] Time:2026-03-21 03:16:51.783Z CPU=0.1% WS=91.09MB Managed=12.77MB Threads=33
[12:17:22.784 INF] [T:7] [PerfMonitor] Time:2026-03-21 03:17:21.785Z CPU=0.1% WS=91.09MB Managed=13.21MB Threads=33
[12:17:52.784 INF] [T:7] [PerfMonitor] Time:2026-03-21 03:17:51.785Z CPU=0.1% WS=91.11MB Managed=13.67MB Threads=34
[12:18:22.785 INF] [T:7] [PerfMonitor] Time:2026-03-21 03:18:21.785Z CPU=0.1% WS=91.09MB Managed=14.10MB Threads=33
[12:18:52.786 INF] [T:7] [PerfMonitor] Time:2026-03-21 03:18:51.786Z CPU=0.1% WS=91.09MB Managed=14.54MB Threads=33
[12:19:22.785 INF] [T:7] [PerfMonitor] Time:2026-03-21 03:19:21.785Z CPU=0.1% WS=91.11MB Managed=14.98MB Threads=34
[12:19:52.785 INF] [T:7] [PerfMonitor] Time:2026-03-21 03:19:51.784Z CPU=0.1% WS=91.11MB Managed=15.43MB Threads=34
[12:20:22.786 INF] [T:7] [PerfMonitor] Time:2026-03-21 03:20:21.785Z CPU=0.1% WS=91.11MB Managed=15.89MB Threads=34
[12:20:52.785 INF] [T:7] [PerfMonitor] Time:2026-03-21 03:20:51.785Z CPU=0.1% WS=91.12MB Managed=16.34MB Threads=33
[12:21:22.786 INF] [T:7] [PerfMonitor] Time:2026-03-21 03:21:21.786Z CPU=0.1% WS=91.12MB Managed=16.77MB Threads=33
[12:21:52.785 INF] [T:7] [PerfMonitor] Time:2026-03-21 03:21:51.786Z CPU=0.1% WS=91.12MB Managed=17.20MB Threads=33
[12:22:22.786 INF] [T:7] [PerfMonitor] Time:2026-03-21 03:22:21.786Z CPU=0.1% WS=91.17MB Managed=17.68MB Threads=33
[12:22:52.786 INF] [T:7] [PerfMonitor] Time:2026-03-21 03:22:51.786Z CPU=0.1% WS=91.25MB Managed=10.50MB Threads=34
[12:23:22.786 INF] [T:7] [PerfMonitor] Time:2026-03-21 03:23:21.786Z CPU=0.1% WS=91.25MB Managed=10.96MB Threads=33
[12:23:52.787 INF] [T:7] [PerfMonitor] Time:2026-03-21 03:23:51.786Z CPU=0.1% WS=91.28MB Managed=11.42MB Threads=34
[12:24:22.787 INF] [T:7] [PerfMonitor] Time:2026-03-21 03:24:21.786Z CPU=0.1% WS=91.28MB Managed=11.87MB Threads=34
[12:24:52.788 INF] [T:7] [PerfMonitor] Time:2026-03-21 03:24:51.788Z CPU=0.1% WS=91.31MB Managed=12.30MB Threads=33
[12:25:22.788 INF] [T:7] [PerfMonitor] Time:2026-03-21 03:25:22.788Z CPU=0.1% WS=91.31MB Managed=12.78MB Threads=33
[12:25:52.787 INF] [T:7] [PerfMonitor] Time:2026-03-21 03:25:51.787Z CPU=0.1% WS=91.34MB Managed=13.23MB Threads=34
[12:26:22.787 INF] [T:7] [PerfMonitor] Time:2026-03-21 03:26:21.788Z CPU=0.1% WS=91.38MB Managed=13.69MB Threads=35
[12:26:52.788 INF] [T:7] [PerfMonitor] Time:2026-03-21 03:26:51.787Z CPU=0.1% WS=91.34MB Managed=14.12MB Threads=33
[12:27:22.787 INF] [T:7] [PerfMonitor] Time:2026-03-21 03:27:22.787Z CPU=0.0% WS=91.34MB Managed=14.57MB Threads=33
[12:27:52.788 INF] [T:7] [PerfMonitor] Time:2026-03-21 03:27:51.788Z CPU=0.1% WS=91.38MB Managed=15.01MB Threads=34
[12:28:22.788 INF] [T:7] [PerfMonitor] Time:2026-03-21 03:28:21.788Z CPU=0.1% WS=91.38MB Managed=15.47MB Threads=34
[12:28:52.788 INF] [T:7] [PerfMonitor] Time:2026-03-21 03:28:51.788Z CPU=0.0% WS=91.38MB Managed=15.90MB Threads=34
[12:29:22.788 INF] [T:7] [PerfMonitor] Time:2026-03-21 03:29:21.788Z CPU=0.1% WS=91.36MB Managed=16.33MB Threads=33
[12:29:52.788 INF] [T:7] [PerfMonitor] Time:2026-03-21 03:29:51.788Z CPU=0.1% WS=91.38MB Managed=16.77MB Threads=34
[12:30:22.789 INF] [T:7] [PerfMonitor] Time:2026-03-21 03:30:21.789Z CPU=0.1% WS=91.41MB Managed=17.26MB Threads=33
[12:30:52.788 INF] [T:7] [PerfMonitor] Time:2026-03-21 03:30:51.789Z CPU=0.0% WS=91.41MB Managed=17.70MB Threads=33
[12:31:22.789 INF] [T:7] [PerfMonitor] Time:2026-03-21 03:31:21.789Z CPU=0.1% WS=91.42MB Managed=10.55MB Threads=34
[12:31:52.789 INF] [T:7] [PerfMonitor] Time:2026-03-21 03:31:51.789Z CPU=0.1% WS=91.41MB Managed=10.99MB Threads=33
[12:32:22.790 INF] [T:7] [PerfMonitor] Time:2026-03-21 03:32:21.789Z CPU=0.1% WS=91.41MB Managed=11.44MB Threads=33
[12:32:52.789 INF] [T:7] [PerfMonitor] Time:2026-03-21 03:32:51.789Z CPU=0.1% WS=91.41MB Managed=11.88MB Threads=33
[12:33:22.789 INF] [T:7] [PerfMonitor] Time:2026-03-21 03:33:21.789Z CPU=0.1% WS=91.41MB Managed=12.33MB Threads=33
[12:33:52.790 INF] [T:7] [PerfMonitor] Time:2026-03-21 03:33:51.790Z CPU=0.1% WS=91.41MB Managed=12.78MB Threads=33
[12:34:22.790 INF] [T:7] [PerfMonitor] Time:2026-03-21 03:34:21.790Z CPU=0.1% WS=91.42MB Managed=13.21MB Threads=33
[12:34:52.792 INF] [T:7] [PerfMonitor] Time:2026-03-21 03:34:52.791Z CPU=0.1% WS=91.44MB Managed=13.67MB Threads=34
[12:35:22.790 INF] [T:7] [PerfMonitor] Time:2026-03-21 03:35:21.791Z CPU=0.0% WS=91.44MB Managed=14.08MB Threads=34
[12:35:52.790 INF] [T:7] [PerfMonitor] Time:2026-03-21 03:35:51.790Z CPU=0.1% WS=91.42MB Managed=14.55MB Threads=33
[12:36:22.791 INF] [T:7] [PerfMonitor] Time:2026-03-21 03:36:22.790Z CPU=0.1% WS=90.88MB Managed=15.01MB Threads=34
[12:36:52.791 INF] [T:7] [PerfMonitor] Time:2026-03-21 03:36:52.791Z CPU=0.1% WS=90.88MB Managed=15.46MB Threads=34
[12:37:22.792 INF] [T:7] [PerfMonitor] Time:2026-03-21 03:37:21.791Z CPU=0.0% WS=90.86MB Managed=15.89MB Threads=33
[12:37:52.791 INF] [T:7] [PerfMonitor] Time:2026-03-21 03:37:51.792Z CPU=0.0% WS=90.88MB Managed=16.34MB Threads=33
[12:38:22.792 INF] [T:7] [PerfMonitor] Time:2026-03-21 03:38:21.791Z CPU=0.0% WS=90.88MB Managed=16.78MB Threads=33
[12:38:52.792 INF] [T:7] [PerfMonitor] Time:2026-03-21 03:38:51.791Z CPU=0.0% WS=90.91MB Managed=17.23MB Threads=35
[12:39:22.793 INF] [T:7] [PerfMonitor] Time:2026-03-21 03:39:21.792Z CPU=0.1% WS=90.88MB Managed=17.68MB Threads=33
[12:39:52.793 INF] [T:7] [PerfMonitor] Time:2026-03-21 03:39:51.792Z CPU=0.1% WS=90.91MB Managed=10.49MB Threads=34
[12:40:22.793 INF] [T:7] [PerfMonitor] Time:2026-03-21 03:40:22.793Z CPU=0.1% WS=90.91MB Managed=10.99MB Threads=34
[12:40:52.793 INF] [T:7] [PerfMonitor] Time:2026-03-21 03:40:51.793Z CPU=0.0% WS=90.91MB Managed=11.42MB Threads=34
[12:41:22.794 INF] [T:7] [PerfMonitor] Time:2026-03-21 03:41:21.794Z CPU=0.1% WS=90.92MB Managed=11.88MB Threads=34
[12:41:52.794 INF] [T:7] [PerfMonitor] Time:2026-03-21 03:41:51.794Z CPU=0.0% WS=90.92MB Managed=12.33MB Threads=33
[12:42:22.794 INF] [T:7] [PerfMonitor] Time:2026-03-21 03:42:21.794Z CPU=0.0% WS=91.00MB Managed=12.78MB Threads=33
[12:42:52.794 INF] [T:7] [PerfMonitor] Time:2026-03-21 03:42:51.794Z CPU=0.1% WS=91.02MB Managed=13.23MB Threads=34
[12:43:22.794 INF] [T:7] [PerfMonitor] Time:2026-03-21 03:43:21.794Z CPU=0.1% WS=91.03MB Managed=13.67MB Threads=34
[12:43:52.793 INF] [T:7] [PerfMonitor] Time:2026-03-21 03:43:51.794Z CPU=0.0% WS=91.03MB Managed=14.12MB Threads=34
[12:44:22.794 INF] [T:7] [PerfMonitor] Time:2026-03-21 03:44:21.794Z CPU=0.0% WS=91.02MB Managed=14.56MB Threads=33
[12:44:52.794 INF] [T:7] [PerfMonitor] Time:2026-03-21 03:44:51.794Z CPU=0.1% WS=91.03MB Managed=15.01MB Threads=34
[12:45:22.794 INF] [T:7] [PerfMonitor] Time:2026-03-21 03:45:21.795Z CPU=0.0% WS=91.03MB Managed=15.45MB Threads=34
[12:45:52.795 INF] [T:7] [PerfMonitor] Time:2026-03-21 03:45:51.793Z CPU=0.1% WS=91.06MB Managed=15.91MB Threads=34
[12:46:22.795 INF] [T:7] [PerfMonitor] Time:2026-03-21 03:46:21.796Z CPU=0.0% WS=91.05MB Managed=16.35MB Threads=33
[12:46:52.796 INF] [T:7] [PerfMonitor] Time:2026-03-21 03:46:52.795Z CPU=0.1% WS=91.08MB Managed=16.83MB Threads=35
[12:47:22.795 INF] [T:7] [PerfMonitor] Time:2026-03-21 03:47:21.796Z CPU=0.0% WS=91.05MB Managed=17.26MB Threads=33
[12:47:52.796 INF] [T:7] [PerfMonitor] Time:2026-03-21 03:47:51.796Z CPU=0.1% WS=91.06MB Managed=17.72MB Threads=33
[12:48:22.796 INF] [T:7] [PerfMonitor] Time:2026-03-21 03:48:21.795Z CPU=0.0% WS=91.12MB Managed=10.57MB Threads=33
[12:48:52.796 INF] [T:7] [PerfMonitor] Time:2026-03-21 03:48:51.796Z CPU=0.1% WS=91.12MB Managed=11.02MB Threads=33
[12:49:22.796 INF] [T:7] [PerfMonitor] Time:2026-03-21 03:49:21.796Z CPU=0.0% WS=91.14MB Managed=11.46MB Threads=34
[12:49:52.796 INF] [T:7] [PerfMonitor] Time:2026-03-21 03:49:52.796Z CPU=0.1% WS=91.14MB Managed=11.92MB Threads=34
[12:50:22.795 INF] [T:7] [PerfMonitor] Time:2026-03-21 03:50:21.795Z CPU=0.0% WS=91.14MB Managed=12.37MB Threads=33
[12:50:52.797 INF] [T:7] [PerfMonitor] Time:2026-03-21 03:50:51.797Z CPU=0.0% WS=91.16MB Managed=12.81MB Threads=34
[12:51:22.797 INF] [T:7] [PerfMonitor] Time:2026-03-21 03:51:21.796Z CPU=0.0% WS=91.14MB Managed=13.27MB Threads=33
[12:51:52.797 INF] [T:7] [PerfMonitor] Time:2026-03-21 03:51:51.797Z CPU=0.0% WS=90.06MB Managed=13.70MB Threads=33
[12:52:22.797 INF] [T:7] [PerfMonitor] Time:2026-03-21 03:52:21.797Z CPU=0.0% WS=88.05MB Managed=14.15MB Threads=34
[12:52:52.798 INF] [T:7] [PerfMonitor] Time:2026-03-21 03:52:51.798Z CPU=0.1% WS=88.03MB Managed=14.59MB Threads=33
[12:53:22.798 INF] [T:7] [PerfMonitor] Time:2026-03-21 03:53:21.798Z CPU=0.1% WS=88.05MB Managed=15.03MB Threads=34
[12:53:52.796 INF] [T:7] [PerfMonitor] Time:2026-03-21 03:53:51.797Z CPU=0.1% WS=88.03MB Managed=15.46MB Threads=33
[12:54:22.797 INF] [T:7] [PerfMonitor] Time:2026-03-21 03:54:22.797Z CPU=0.1% WS=88.06MB Managed=15.93MB Threads=35
[12:54:52.798 INF] [T:7] [PerfMonitor] Time:2026-03-21 03:54:51.798Z CPU=0.0% WS=88.05MB Managed=16.36MB Threads=34
[12:55:22.798 INF] [T:7] [PerfMonitor] Time:2026-03-21 03:55:21.798Z CPU=0.1% WS=88.06MB Managed=16.81MB Threads=34
[12:55:52.798 INF] [T:7] [PerfMonitor] Time:2026-03-21 03:55:51.799Z CPU=0.0% WS=88.05MB Managed=17.25MB Threads=33
[12:56:22.799 INF] [T:7] [PerfMonitor] Time:2026-03-21 03:56:22.799Z CPU=0.0% WS=88.17MB Managed=17.72MB Threads=33
[12:56:52.799 INF] [T:7] [PerfMonitor] Time:2026-03-21 03:56:51.799Z CPU=0.0% WS=88.20MB Managed=10.57MB Threads=34
[12:57:22.798 INF] [T:7] [PerfMonitor] Time:2026-03-21 03:57:21.799Z CPU=0.1% WS=88.20MB Managed=11.03MB Threads=34
[12:57:52.798 INF] [T:7] [PerfMonitor] Time:2026-03-21 03:57:51.798Z CPU=0.0% WS=88.19MB Managed=11.47MB Threads=33
[12:58:22.800 INF] [T:7] [PerfMonitor] Time:2026-03-21 03:58:22.799Z CPU=0.1% WS=88.20MB Managed=11.93MB Threads=34
[12:58:52.800 INF] [T:7] [PerfMonitor] Time:2026-03-21 03:58:51.799Z CPU=0.0% WS=88.20MB Managed=12.37MB Threads=34
[12:59:22.799 INF] [T:7] [PerfMonitor] Time:2026-03-21 03:59:21.798Z CPU=0.0% WS=88.20MB Managed=12.81MB Threads=34
[12:59:52.800 INF] [T:7] [PerfMonitor] Time:2026-03-21 03:59:51.799Z CPU=0.0% WS=88.22MB Managed=13.26MB Threads=35
[13:00:22.800 INF] [T:7] [PerfMonitor] Time:2026-03-21 04:00:21.800Z CPU=0.1% WS=88.20MB Managed=13.72MB Threads=34
[13:00:52.802 INF] [T:7] [PerfMonitor] Time:2026-03-21 04:00:51.801Z CPU=0.0% WS=88.20MB Managed=14.17MB Threads=34
[13:01:22.801 INF] [T:7] [PerfMonitor] Time:2026-03-21 04:01:21.801Z CPU=0.1% WS=88.20MB Managed=14.62MB Threads=34
[13:01:52.801 INF] [T:7] [PerfMonitor] Time:2026-03-21 04:01:51.801Z CPU=0.0% WS=87.89MB Managed=15.06MB Threads=33
[13:02:22.802 INF] [T:7] [PerfMonitor] Time:2026-03-21 04:02:21.802Z CPU=0.0% WS=87.89MB Managed=15.49MB Threads=33
[13:02:52.800 INF] [T:7] [PerfMonitor] Time:2026-03-21 04:02:51.801Z CPU=0.1% WS=87.89MB Managed=15.93MB Threads=33
[13:03:22.801 INF] [T:7] [PerfMonitor] Time:2026-03-21 04:03:21.801Z CPU=0.1% WS=87.91MB Managed=16.38MB Threads=34
[13:03:52.801 INF] [T:7] [PerfMonitor] Time:2026-03-21 04:03:51.801Z CPU=0.1% WS=87.91MB Managed=16.82MB Threads=34
[13:04:22.801 INF] [T:7] [PerfMonitor] Time:2026-03-21 04:04:21.800Z CPU=0.1% WS=87.88MB Managed=17.28MB Threads=33
[13:04:52.801 INF] [T:7] [PerfMonitor] Time:2026-03-21 04:04:51.802Z CPU=0.1% WS=87.88MB Managed=17.70MB Threads=33
[13:05:22.802 INF] [T:7] [PerfMonitor] Time:2026-03-21 04:05:21.802Z CPU=0.1% WS=87.91MB Managed=18.14MB Threads=34
[13:05:52.801 INF] [T:7] [PerfMonitor] Time:2026-03-21 04:05:52.801Z CPU=0.1% WS=87.94MB Managed=11.03MB Threads=33
[13:06:22.802 INF] [T:7] [PerfMonitor] Time:2026-03-21 04:06:21.802Z CPU=0.1% WS=87.94MB Managed=11.47MB Threads=33
[13:06:52.803 INF] [T:7] [PerfMonitor] Time:2026-03-21 04:06:51.802Z CPU=0.1% WS=87.98MB Managed=11.90MB Threads=33
[13:07:22.802 INF] [T:7] [PerfMonitor] Time:2026-03-21 04:07:21.802Z CPU=0.1% WS=87.98MB Managed=12.35MB Threads=33
[13:07:52.802 INF] [T:7] [PerfMonitor] Time:2026-03-21 04:07:52.802Z CPU=0.0% WS=87.98MB Managed=12.80MB Threads=33
[13:08:22.804 INF] [T:7] [PerfMonitor] Time:2026-03-21 04:08:22.804Z CPU=0.0% WS=87.98MB Managed=13.25MB Threads=33
[13:08:52.803 INF] [T:7] [PerfMonitor] Time:2026-03-21 04:08:51.803Z CPU=0.0% WS=88.00MB Managed=13.69MB Threads=34
[13:09:22.803 INF] [T:7] [PerfMonitor] Time:2026-03-21 04:09:21.817Z CPU=0.0% WS=88.03MB Managed=14.14MB Threads=34
[13:09:52.803 INF] [T:7] [PerfMonitor] Time:2026-03-21 04:09:51.803Z CPU=0.0% WS=88.03MB Managed=14.58MB Threads=34
[13:10:22.803 INF] [T:7] [PerfMonitor] Time:2026-03-21 04:10:21.805Z CPU=0.0% WS=88.02MB Managed=15.02MB Threads=34
[13:10:52.804 INF] [T:7] [PerfMonitor] Time:2026-03-21 04:10:51.804Z CPU=0.0% WS=88.02MB Managed=15.46MB Threads=34
[13:11:22.804 INF] [T:7] [PerfMonitor] Time:2026-03-21 04:11:21.804Z CPU=0.0% WS=88.00MB Managed=15.90MB Threads=33
[13:11:52.804 INF] [T:7] [PerfMonitor] Time:2026-03-21 04:11:51.805Z CPU=0.0% WS=88.06MB Managed=16.35MB Threads=33
[13:12:22.804 INF] [T:7] [PerfMonitor] Time:2026-03-21 04:12:21.805Z CPU=0.0% WS=88.09MB Managed=16.80MB Threads=34
[13:12:52.806 INF] [T:7] [PerfMonitor] Time:2026-03-21 04:12:51.804Z CPU=0.0% WS=87.75MB Managed=17.25MB Threads=33
[13:29:03.224 INF] [T:7] [PerfMonitor] Time:2026-03-21 04:29:02.224Z CPU=0.1% WS=48.67MB Managed=17.71MB Threads=33
[13:29:33.224 INF] [T:7] [PerfMonitor] Time:2026-03-21 04:29:32.223Z CPU=0.1% WS=49.62MB Managed=18.14MB Threads=33
[13:30:03.223 INF] [T:7] [PerfMonitor] Time:2026-03-21 04:30:02.223Z CPU=0.1% WS=58.00MB Managed=10.98MB Threads=34
[13:30:33.224 INF] [T:7] [PerfMonitor] Time:2026-03-21 04:30:32.223Z CPU=0.1% WS=57.98MB Managed=11.43MB Threads=33
[13:31:03.224 INF] [T:7] [PerfMonitor] Time:2026-03-21 04:31:02.223Z CPU=0.1% WS=58.45MB Managed=11.87MB Threads=33
[13:31:33.223 INF] [T:7] [PerfMonitor] Time:2026-03-21 04:31:32.223Z CPU=0.1% WS=58.47MB Managed=12.32MB Threads=33
[13:32:03.224 INF] [T:7] [PerfMonitor] Time:2026-03-21 04:32:02.224Z CPU=0.1% WS=58.53MB Managed=12.75MB Threads=33
[13:32:33.224 INF] [T:7] [PerfMonitor] Time:2026-03-21 04:32:32.224Z CPU=0.1% WS=63.52MB Managed=13.21MB Threads=33
[13:33:03.224 INF] [T:7] [PerfMonitor] Time:2026-03-21 04:33:02.224Z CPU=0.1% WS=63.58MB Managed=13.64MB Threads=33
[13:33:33.225 INF] [T:7] [PerfMonitor] Time:2026-03-21 04:33:32.224Z CPU=0.1% WS=63.59MB Managed=14.07MB Threads=33
[13:34:03.225 INF] [T:7] [PerfMonitor] Time:2026-03-21 04:34:03.225Z CPU=0.1% WS=63.62MB Managed=14.53MB Threads=34
[13:34:33.225 INF] [T:7] [PerfMonitor] Time:2026-03-21 04:34:32.225Z CPU=0.1% WS=63.69MB Managed=14.95MB Threads=33
[13:35:03.226 INF] [T:7] [PerfMonitor] Time:2026-03-21 04:35:02.225Z CPU=0.1% WS=63.72MB Managed=15.39MB Threads=33
[13:35:33.225 INF] [T:7] [PerfMonitor] Time:2026-03-21 04:35:33.225Z CPU=0.1% WS=63.73MB Managed=15.84MB Threads=33
[13:36:03.225 INF] [T:7] [PerfMonitor] Time:2026-03-21 04:36:02.225Z CPU=0.1% WS=63.80MB Managed=16.28MB Threads=34
[13:36:33.225 INF] [T:7] [PerfMonitor] Time:2026-03-21 04:36:32.225Z CPU=0.1% WS=63.77MB Managed=16.71MB Threads=33
[13:37:03.225 INF] [T:7] [PerfMonitor] Time:2026-03-21 04:37:02.225Z CPU=0.1% WS=64.03MB Managed=17.16MB Threads=34
[13:37:33.225 INF] [T:7] [PerfMonitor] Time:2026-03-21 04:37:33.225Z CPU=0.1% WS=64.11MB Managed=17.64MB Threads=35
[13:38:03.225 INF] [T:7] [PerfMonitor] Time:2026-03-21 04:38:02.226Z CPU=0.1% WS=63.95MB Managed=18.09MB Threads=33
[13:38:33.225 INF] [T:7] [PerfMonitor] Time:2026-03-21 04:38:32.225Z CPU=0.1% WS=63.94MB Managed=10.89MB Threads=33
[13:39:03.225 INF] [T:7] [PerfMonitor] Time:2026-03-21 04:39:02.226Z CPU=0.1% WS=63.94MB Managed=11.33MB Threads=33
[13:39:33.225 INF] [T:7] [PerfMonitor] Time:2026-03-21 04:39:32.225Z CPU=0.0% WS=63.97MB Managed=11.77MB Threads=34
[13:40:03.227 INF] [T:7] [PerfMonitor] Time:2026-03-21 04:40:02.226Z CPU=0.1% WS=64.61MB Managed=12.22MB Threads=33
[13:40:33.226 INF] [T:7] [PerfMonitor] Time:2026-03-21 04:40:32.226Z CPU=0.1% WS=64.61MB Managed=12.67MB Threads=33
[13:41:03.226 INF] [T:7] [PerfMonitor] Time:2026-03-21 04:41:02.225Z CPU=0.1% WS=64.62MB Managed=13.10MB Threads=34
[13:41:33.226 INF] [T:7] [PerfMonitor] Time:2026-03-21 04:41:32.226Z CPU=0.0% WS=64.61MB Managed=13.53MB Threads=33
[13:42:03.226 INF] [T:7] [PerfMonitor] Time:2026-03-21 04:42:03.226Z CPU=0.1% WS=64.66MB Managed=14.01MB Threads=33
[13:42:33.227 INF] [T:7] [PerfMonitor] Time:2026-03-21 04:42:32.227Z CPU=0.1% WS=64.61MB Managed=14.44MB Threads=33
[13:43:03.227 INF] [T:7] [PerfMonitor] Time:2026-03-21 04:43:02.227Z CPU=0.0% WS=66.05MB Managed=14.89MB Threads=33
[13:43:33.227 INF] [T:7] [PerfMonitor] Time:2026-03-21 04:43:32.227Z CPU=0.0% WS=66.05MB Managed=15.33MB Threads=33
[13:44:03.227 INF] [T:7] [PerfMonitor] Time:2026-03-21 04:44:02.227Z CPU=0.1% WS=66.11MB Managed=15.76MB Threads=32
[13:44:33.227 INF] [T:7] [PerfMonitor] Time:2026-03-21 04:44:32.228Z CPU=0.1% WS=66.12MB Managed=16.20MB Threads=33
[13:45:03.227 INF] [T:7] [PerfMonitor] Time:2026-03-21 04:45:02.227Z CPU=0.1% WS=66.14MB Managed=16.63MB Threads=33
[13:45:33.227 INF] [T:7] [PerfMonitor] Time:2026-03-21 04:45:32.227Z CPU=0.1% WS=66.14MB Managed=17.07MB Threads=33
[13:46:03.228 INF] [T:7] [PerfMonitor] Time:2026-03-21 04:46:02.228Z CPU=0.1% WS=66.17MB Managed=17.53MB Threads=33
[13:46:33.228 INF] [T:7] [PerfMonitor] Time:2026-03-21 04:46:32.228Z CPU=0.1% WS=66.20MB Managed=17.96MB Threads=34
[13:47:03.228 INF] [T:7] [PerfMonitor] Time:2026-03-21 04:47:02.228Z CPU=0.0% WS=66.22MB Managed=10.77MB Threads=33
[13:47:33.228 INF] [T:7] [PerfMonitor] Time:2026-03-21 04:47:33.228Z CPU=0.1% WS=66.23MB Managed=11.25MB Threads=34
[13:48:03.229 INF] [T:7] [PerfMonitor] Time:2026-03-21 04:48:02.229Z CPU=0.1% WS=66.41MB Managed=11.68MB Threads=33
[13:48:33.228 INF] [T:7] [PerfMonitor] Time:2026-03-21 04:48:33.228Z CPU=0.1% WS=66.41MB Managed=12.13MB Threads=33
[13:49:03.228 INF] [T:7] [PerfMonitor] Time:2026-03-21 04:49:02.228Z CPU=0.1% WS=66.34MB Managed=12.56MB Threads=33
[13:49:33.229 INF] [T:7] [PerfMonitor] Time:2026-03-21 04:49:32.229Z CPU=0.1% WS=66.28MB Managed=13.00MB Threads=33
[13:50:03.228 INF] [T:7] [PerfMonitor] Time:2026-03-21 04:50:02.229Z CPU=0.1% WS=66.28MB Managed=13.43MB Threads=33
[13:50:33.229 INF] [T:7] [PerfMonitor] Time:2026-03-21 04:50:32.230Z CPU=0.1% WS=66.30MB Managed=13.89MB Threads=34
[13:51:03.229 INF] [T:7] [PerfMonitor] Time:2026-03-21 04:51:02.229Z CPU=0.1% WS=66.27MB Managed=14.33MB Threads=33
[13:51:33.229 INF] [T:7] [PerfMonitor] Time:2026-03-21 04:51:32.230Z CPU=0.1% WS=66.27MB Managed=14.77MB Threads=33
[13:52:03.230 INF] [T:7] [PerfMonitor] Time:2026-03-21 04:52:03.230Z CPU=0.1% WS=66.36MB Managed=15.22MB Threads=33
[13:52:33.229 INF] [T:7] [PerfMonitor] Time:2026-03-21 04:52:32.230Z CPU=0.1% WS=66.38MB Managed=15.65MB Threads=34
[13:53:03.229 INF] [T:7] [PerfMonitor] Time:2026-03-21 04:53:02.229Z CPU=0.0% WS=66.36MB Managed=16.08MB Threads=33
[13:53:33.229 INF] [T:7] [PerfMonitor] Time:2026-03-21 04:53:32.230Z CPU=0.0% WS=68.97MB Managed=16.53MB Threads=33
[13:54:03.230 INF] [T:7] [PerfMonitor] Time:2026-03-21 04:54:02.230Z CPU=0.0% WS=68.98MB Managed=16.98MB Threads=34
[13:54:33.230 INF] [T:7] [PerfMonitor] Time:2026-03-21 04:54:32.230Z CPU=0.1% WS=69.00MB Managed=17.44MB Threads=34
[13:55:03.230 INF] [T:7] [PerfMonitor] Time:2026-03-21 04:55:02.230Z CPU=0.1% WS=69.03MB Managed=17.88MB Threads=35
[13:55:33.231 INF] [T:7] [PerfMonitor] Time:2026-03-21 04:55:32.230Z CPU=0.0% WS=69.02MB Managed=18.32MB Threads=33
[13:56:03.231 INF] [T:7] [PerfMonitor] Time:2026-03-21 04:56:03.230Z CPU=0.1% WS=69.09MB Managed=11.22MB Threads=33
[13:56:33.231 INF] [T:7] [PerfMonitor] Time:2026-03-21 04:56:33.231Z CPU=0.1% WS=69.09MB Managed=11.68MB Threads=33
[13:57:03.231 INF] [T:7] [PerfMonitor] Time:2026-03-21 04:57:02.231Z CPU=0.1% WS=69.09MB Managed=12.10MB Threads=33
[13:57:33.232 INF] [T:7] [PerfMonitor] Time:2026-03-21 04:57:32.231Z CPU=0.1% WS=69.09MB Managed=12.52MB Threads=33
[13:58:03.232 INF] [T:7] [PerfMonitor] Time:2026-03-21 04:58:02.231Z CPU=0.1% WS=69.09MB Managed=12.98MB Threads=33
[13:58:33.231 INF] [T:7] [PerfMonitor] Time:2026-03-21 04:58:32.231Z CPU=0.0% WS=69.14MB Managed=13.42MB Threads=33
[13:59:03.232 INF] [T:7] [PerfMonitor] Time:2026-03-21 04:59:03.231Z CPU=0.1% WS=69.17MB Managed=13.87MB Threads=34
[13:59:33.232 INF] [T:7] [PerfMonitor] Time:2026-03-21 04:59:32.232Z CPU=0.0% WS=69.19MB Managed=14.31MB Threads=34
[14:00:03.231 INF] [T:7] [PerfMonitor] Time:2026-03-21 05:00:02.232Z CPU=0.1% WS=69.25MB Managed=14.74MB Threads=33
[14:00:33.232 INF] [T:7] [PerfMonitor] Time:2026-03-21 05:00:32.232Z CPU=0.1% WS=69.25MB Managed=15.19MB Threads=33
[14:01:03.232 INF] [T:7] [PerfMonitor] Time:2026-03-21 05:01:02.232Z CPU=0.1% WS=69.25MB Managed=15.61MB Threads=33
[14:01:33.232 INF] [T:7] [PerfMonitor] Time:2026-03-21 05:01:32.232Z CPU=0.0% WS=69.28MB Managed=16.07MB Threads=34
[14:02:03.232 INF] [T:7] [PerfMonitor] Time:2026-03-21 05:02:02.232Z CPU=0.0% WS=69.28MB Managed=16.51MB Threads=34
[14:02:33.233 INF] [T:7] [PerfMonitor] Time:2026-03-21 05:02:32.233Z CPU=0.0% WS=69.27MB Managed=16.95MB Threads=33
[14:03:03.233 INF] [T:7] [PerfMonitor] Time:2026-03-21 05:03:02.233Z CPU=0.0% WS=69.27MB Managed=17.40MB Threads=33
[14:03:33.233 INF] [T:7] [PerfMonitor] Time:2026-03-21 05:03:32.233Z CPU=0.0% WS=69.28MB Managed=17.83MB Threads=33
[14:04:03.233 INF] [T:7] [PerfMonitor] Time:2026-03-21 05:04:02.233Z CPU=0.0% WS=69.39MB Managed=18.28MB Threads=33
[14:04:33.233 INF] [T:7] [PerfMonitor] Time:2026-03-21 05:04:32.233Z CPU=0.0% WS=71.25MB Managed=10.43MB Threads=33
[14:05:03.236 INF] [T:7] [PerfMonitor] Time:2026-03-21 05:05:02.235Z CPU=0.0% WS=71.25MB Managed=10.88MB Threads=33
[14:05:33.237 INF] [T:7] [PerfMonitor] Time:2026-03-21 05:05:32.237Z CPU=0.0% WS=71.27MB Managed=11.33MB Threads=34
[14:06:03.237 INF] [T:7] [PerfMonitor] Time:2026-03-21 05:06:02.237Z CPU=0.1% WS=71.12MB Managed=11.79MB Threads=33
[14:06:33.237 INF] [T:7] [PerfMonitor] Time:2026-03-21 05:06:32.237Z CPU=0.0% WS=69.69MB Managed=12.21MB Threads=34
[14:07:03.238 INF] [T:7] [PerfMonitor] Time:2026-03-21 05:07:02.237Z CPU=0.1% WS=69.47MB Managed=12.65MB Threads=33
[14:07:33.237 INF] [T:7] [PerfMonitor] Time:2026-03-21 05:07:32.237Z CPU=0.1% WS=69.52MB Managed=13.10MB Threads=34
[14:08:03.238 INF] [T:7] [PerfMonitor] Time:2026-03-21 05:08:02.237Z CPU=0.1% WS=69.72MB Managed=13.56MB Threads=33
[14:08:33.238 INF] [T:7] [PerfMonitor] Time:2026-03-21 05:08:32.238Z CPU=0.0% WS=68.66MB Managed=14.01MB Threads=34
[14:09:03.238 INF] [T:7] [PerfMonitor] Time:2026-03-21 05:09:02.238Z CPU=0.0% WS=68.78MB Managed=14.46MB Threads=34
[14:09:33.239 INF] [T:7] [PerfMonitor] Time:2026-03-21 05:09:32.238Z CPU=0.0% WS=68.80MB Managed=14.93MB Threads=35
[14:10:03.238 INF] [T:7] [PerfMonitor] Time:2026-03-21 05:10:02.238Z CPU=0.0% WS=60.08MB Managed=15.37MB Threads=34
[14:10:33.238 INF] [T:7] [PerfMonitor] Time:2026-03-21 05:10:32.239Z CPU=0.0% WS=60.20MB Managed=15.83MB Threads=34
[14:11:03.239 INF] [T:7] [PerfMonitor] Time:2026-03-21 05:11:02.238Z CPU=0.0% WS=60.23MB Managed=16.26MB Threads=34
[14:11:33.240 INF] [T:7] [PerfMonitor] Time:2026-03-21 05:11:32.240Z CPU=0.0% WS=60.44MB Managed=16.70MB Threads=34
[14:12:03.240 INF] [T:7] [PerfMonitor] Time:2026-03-21 05:12:02.239Z CPU=0.0% WS=64.83MB Managed=17.16MB Threads=34
[14:12:33.240 INF] [T:7] [PerfMonitor] Time:2026-03-21 05:12:33.240Z CPU=0.0% WS=65.00MB Managed=17.61MB Threads=33
[14:13:03.240 INF] [T:7] [PerfMonitor] Time:2026-03-21 05:13:02.240Z CPU=0.0% WS=66.31MB Managed=10.47MB Threads=33
[14:13:33.239 INF] [T:7] [PerfMonitor] Time:2026-03-21 05:13:32.240Z CPU=0.0% WS=66.33MB Managed=10.92MB Threads=34
[14:14:03.241 INF] [T:7] [PerfMonitor] Time:2026-03-21 05:14:02.241Z CPU=0.0% WS=66.56MB Managed=11.39MB Threads=33
[14:14:33.239 INF] [T:7] [PerfMonitor] Time:2026-03-21 05:14:32.240Z CPU=0.0% WS=66.58MB Managed=11.83MB Threads=33
[14:15:03.240 INF] [T:7] [PerfMonitor] Time:2026-03-21 05:15:02.241Z CPU=0.0% WS=66.59MB Managed=12.26MB Threads=34
[14:15:33.241 INF] [T:7] [PerfMonitor] Time:2026-03-21 05:15:32.241Z CPU=0.0% WS=66.14MB Managed=12.72MB Threads=34
[14:16:03.242 INF] [T:7] [PerfMonitor] Time:2026-03-21 05:16:02.242Z CPU=0.0% WS=66.20MB Managed=13.17MB Threads=35
[14:16:33.242 INF] [T:7] [PerfMonitor] Time:2026-03-21 05:16:32.242Z CPU=0.0% WS=66.19MB Managed=13.61MB Threads=33
[14:17:03.242 INF] [T:7] [PerfMonitor] Time:2026-03-21 05:17:02.241Z CPU=0.0% WS=66.25MB Managed=14.06MB Threads=33
[14:17:33.242 INF] [T:7] [PerfMonitor] Time:2026-03-21 05:17:32.241Z CPU=0.0% WS=66.33MB Managed=14.52MB Threads=35
[14:18:03.243 INF] [T:7] [PerfMonitor] Time:2026-03-21 05:18:02.242Z CPU=0.0% WS=66.36MB Managed=14.99MB Threads=35
[14:18:33.243 INF] [T:7] [PerfMonitor] Time:2026-03-21 05:18:32.243Z CPU=0.0% WS=66.34MB Managed=15.43MB Threads=34
[14:19:03.243 INF] [T:7] [PerfMonitor] Time:2026-03-21 05:19:02.242Z CPU=0.0% WS=66.50MB Managed=15.90MB Threads=34
[14:35:11.641 INF] [T:7] [PerfMonitor] Time:2026-03-21 05:35:10.642Z CPU=0.0% WS=66.41MB Managed=16.35MB Threads=36
[14:35:41.642 INF] [T:7] [PerfMonitor] Time:2026-03-21 05:35:40.643Z CPU=0.0% WS=66.36MB Managed=16.80MB Threads=33
[14:52:26.317 INF] [T:7] [PerfMonitor] Time:2026-03-21 05:52:26.317Z CPU=0.0% WS=66.36MB Managed=17.25MB Threads=34
[14:52:56.318 INF] [T:7] [PerfMonitor] Time:2026-03-21 05:52:55.317Z CPU=0.0% WS=65.64MB Managed=17.68MB Threads=33
[15:08:31.698 INF] [T:7] [PerfMonitor] Time:2026-03-21 06:08:30.699Z CPU=0.0% WS=65.72MB Managed=10.53MB Threads=34
[15:09:01.696 INF] [T:7] [PerfMonitor] Time:2026-03-21 06:09:00.698Z CPU=0.0% WS=65.77MB Managed=11.02MB Threads=35
[15:25:17.650 INF] [T:7] [PerfMonitor] Time:2026-03-21 06:25:17.650Z CPU=0.0% WS=65.75MB Managed=11.45MB Threads=34
[15:25:47.651 INF] [T:7] [PerfMonitor] Time:2026-03-21 06:25:46.651Z CPU=0.0% WS=65.77MB Managed=11.91MB Threads=35
[15:41:27.824 INF] [T:7] [PerfMonitor] Time:2026-03-21 06:41:26.823Z CPU=0.0% WS=65.73MB Managed=12.34MB Threads=33
[15:57:27.893 INF] [T:7] [PerfMonitor] Time:2026-03-21 06:57:27.893Z CPU=0.0% WS=65.73MB Managed=12.79MB Threads=33
[15:57:57.716 INF] [T:7] [PerfMonitor] Time:2026-03-21 06:57:56.718Z CPU=0.0% WS=65.89MB Managed=13.22MB Threads=33
[16:14:23.991 INF] [T:7] [PerfMonitor] Time:2026-03-21 07:14:22.992Z CPU=0.0% WS=65.89MB Managed=13.67MB Threads=33
[16:14:53.991 INF] [T:7] [PerfMonitor] Time:2026-03-21 07:14:52.990Z CPU=0.0% WS=66.00MB Managed=14.11MB Threads=34
[16:32:41.403 INF] [T:7] [PerfMonitor] Time:2026-03-21 07:32:40.402Z CPU=0.0% WS=65.98MB Managed=14.57MB Threads=33
[16:33:11.402 INF] [T:7] [PerfMonitor] Time:2026-03-21 07:33:10.402Z CPU=0.0% WS=66.00MB Managed=15.01MB Threads=34
[16:49:40.561 INF] [T:7] [PerfMonitor] Time:2026-03-21 07:49:39.562Z CPU=0.0% WS=65.88MB Managed=15.45MB Threads=34
[16:50:10.563 INF] [T:7] [PerfMonitor] Time:2026-03-21 07:50:09.564Z CPU=0.0% WS=65.88MB Managed=15.88MB Threads=34
[17:07:47.823 INF] [T:7] [PerfMonitor] Time:2026-03-21 08:07:46.822Z CPU=0.0% WS=65.88MB Managed=16.33MB Threads=33
[17:15:23.089 INF] [T:7] [PerfMonitor] Time:2026-03-21 08:15:22.088Z CPU=0.0% WS=65.89MB Managed=16.78MB Threads=34
[17:15:53.089 INF] [T:7] [PerfMonitor] Time:2026-03-21 08:15:52.090Z CPU=0.0% WS=65.89MB Managed=17.23MB Threads=34
[17:32:09.249 INF] [T:7] [PerfMonitor] Time:2026-03-21 08:32:08.250Z CPU=0.0% WS=66.31MB Managed=17.67MB Threads=33
[17:32:39.250 INF] [T:7] [PerfMonitor] Time:2026-03-21 08:32:38.250Z CPU=0.0% WS=66.70MB Managed=10.51MB Threads=33
[17:45:48.929 INF] [T:7] [PerfMonitor] Time:2026-03-21 08:45:47.928Z CPU=0.0% WS=31.23MB Managed=10.96MB Threads=34
[17:46:18.932 INF] [T:7] [PerfMonitor] Time:2026-03-21 08:46:17.929Z CPU=0.0% WS=34.94MB Managed=11.41MB Threads=34
[17:46:48.929 INF] [T:7] [PerfMonitor] Time:2026-03-21 08:46:47.928Z CPU=0.0% WS=35.58MB Managed=11.86MB Threads=34
[17:47:18.928 INF] [T:7] [PerfMonitor] Time:2026-03-21 08:47:17.929Z CPU=0.1% WS=36.31MB Managed=12.31MB Threads=33
[17:47:48.929 INF] [T:7] [PerfMonitor] Time:2026-03-21 08:47:47.929Z CPU=0.1% WS=36.77MB Managed=12.74MB Threads=33
[17:48:18.928 INF] [T:7] [PerfMonitor] Time:2026-03-21 08:48:17.929Z CPU=0.0% WS=37.28MB Managed=13.19MB Threads=34
[17:48:48.929 INF] [T:7] [PerfMonitor] Time:2026-03-21 08:48:47.929Z CPU=0.1% WS=37.73MB Managed=13.62MB Threads=33
[17:49:18.929 INF] [T:7] [PerfMonitor] Time:2026-03-21 08:49:17.929Z CPU=0.0% WS=38.28MB Managed=14.06MB Threads=34
[17:49:48.930 INF] [T:7] [PerfMonitor] Time:2026-03-21 08:49:47.929Z CPU=0.1% WS=47.42MB Managed=14.53MB Threads=33
[17:50:18.930 INF] [T:7] [PerfMonitor] Time:2026-03-21 08:50:17.930Z CPU=0.0% WS=47.88MB Managed=14.96MB Threads=33
[17:50:48.929 INF] [T:7] [PerfMonitor] Time:2026-03-21 08:50:47.930Z CPU=0.1% WS=48.36MB Managed=15.40MB Threads=34
[17:51:18.930 INF] [T:7] [PerfMonitor] Time:2026-03-21 08:51:17.930Z CPU=0.1% WS=48.83MB Managed=15.85MB Threads=33
[17:51:48.930 INF] [T:7] [PerfMonitor] Time:2026-03-21 08:51:48.929Z CPU=0.1% WS=49.31MB Managed=16.30MB Threads=33
[17:52:18.930 INF] [T:7] [PerfMonitor] Time:2026-03-21 08:52:17.931Z CPU=0.0% WS=49.78MB Managed=16.72MB Threads=33
[17:52:48.931 INF] [T:7] [PerfMonitor] Time:2026-03-21 08:52:47.932Z CPU=0.0% WS=50.23MB Managed=17.15MB Threads=33
[17:53:18.930 INF] [T:7] [PerfMonitor] Time:2026-03-21 08:53:17.932Z CPU=0.0% WS=50.69MB Managed=17.58MB Threads=33
[17:53:48.931 INF] [T:7] [PerfMonitor] Time:2026-03-21 08:53:47.931Z CPU=0.1% WS=52.48MB Managed=10.46MB Threads=33
[17:54:18.931 INF] [T:7] [PerfMonitor] Time:2026-03-21 08:54:17.932Z CPU=0.1% WS=52.55MB Managed=10.90MB Threads=33
[17:54:48.931 INF] [T:7] [PerfMonitor] Time:2026-03-21 08:54:47.932Z CPU=0.1% WS=52.55MB Managed=11.34MB Threads=33
[17:55:18.932 INF] [T:7] [PerfMonitor] Time:2026-03-21 08:55:17.933Z CPU=0.1% WS=56.09MB Managed=11.81MB Threads=33
[17:55:48.932 INF] [T:7] [PerfMonitor] Time:2026-03-21 08:55:47.932Z CPU=0.1% WS=56.09MB Managed=12.25MB Threads=33
[17:56:18.933 INF] [T:7] [PerfMonitor] Time:2026-03-21 08:56:17.932Z CPU=0.1% WS=56.09MB Managed=12.69MB Threads=33
[17:56:48.932 INF] [T:7] [PerfMonitor] Time:2026-03-21 08:56:47.933Z CPU=0.1% WS=56.11MB Managed=13.12MB Threads=33
[17:57:18.932 INF] [T:7] [PerfMonitor] Time:2026-03-21 08:57:17.934Z CPU=0.1% WS=55.97MB Managed=13.57MB Threads=33
[17:57:48.932 INF] [T:7] [PerfMonitor] Time:2026-03-21 08:57:47.934Z CPU=0.1% WS=55.97MB Managed=14.01MB Threads=33
[17:58:18.933 INF] [T:7] [PerfMonitor] Time:2026-03-21 08:58:17.934Z CPU=0.1% WS=55.97MB Managed=14.43MB Threads=33
[17:58:48.933 INF] [T:7] [PerfMonitor] Time:2026-03-21 08:58:47.933Z CPU=0.0% WS=55.97MB Managed=14.87MB Threads=33
[17:59:18.933 INF] [T:7] [PerfMonitor] Time:2026-03-21 08:59:17.935Z CPU=0.1% WS=55.97MB Managed=15.32MB Threads=33
[17:59:48.933 INF] [T:7] [PerfMonitor] Time:2026-03-21 08:59:47.935Z CPU=0.1% WS=55.97MB Managed=15.75MB Threads=33
[18:00:18.933 INF] [T:7] [PerfMonitor] Time:2026-03-21 09:00:17.934Z CPU=0.0% WS=60.27MB Managed=16.20MB Threads=33
[18:00:48.933 INF] [T:7] [PerfMonitor] Time:2026-03-21 09:00:47.934Z CPU=0.1% WS=60.27MB Managed=16.65MB Threads=33
[18:01:18.934 INF] [T:7] [PerfMonitor] Time:2026-03-21 09:01:17.934Z CPU=0.1% WS=60.27MB Managed=17.08MB Threads=33
[18:01:48.934 INF] [T:7] [PerfMonitor] Time:2026-03-21 09:01:47.934Z CPU=0.1% WS=60.23MB Managed=17.52MB Threads=33
[18:02:18.934 INF] [T:7] [PerfMonitor] Time:2026-03-21 09:02:17.935Z CPU=0.1% WS=60.23MB Managed=17.95MB Threads=33
[18:02:48.934 INF] [T:7] [PerfMonitor] Time:2026-03-21 09:02:47.934Z CPU=0.1% WS=60.30MB Managed=10.76MB Threads=33
[18:03:18.935 INF] [T:7] [PerfMonitor] Time:2026-03-21 09:03:17.935Z CPU=0.1% WS=60.30MB Managed=11.21MB Threads=33
[18:03:48.935 INF] [T:7] [PerfMonitor] Time:2026-03-21 09:03:47.935Z CPU=0.1% WS=60.30MB Managed=11.64MB Threads=33
[18:04:18.934 INF] [T:7] [PerfMonitor] Time:2026-03-21 09:04:17.935Z CPU=0.1% WS=60.30MB Managed=12.07MB Threads=33
[18:04:48.935 INF] [T:7] [PerfMonitor] Time:2026-03-21 09:04:47.936Z CPU=0.1% WS=60.31MB Managed=12.52MB Threads=34
[18:05:18.935 INF] [T:7] [PerfMonitor] Time:2026-03-21 09:05:17.936Z CPU=0.1% WS=60.38MB Managed=12.97MB Threads=33
[18:05:48.936 INF] [T:7] [PerfMonitor] Time:2026-03-21 09:05:47.936Z CPU=0.0% WS=60.38MB Managed=13.41MB Threads=33
[18:06:18.936 INF] [T:7] [PerfMonitor] Time:2026-03-21 09:06:17.935Z CPU=0.1% WS=60.39MB Managed=13.86MB Threads=34
[18:06:48.936 INF] [T:7] [PerfMonitor] Time:2026-03-21 09:06:47.936Z CPU=0.1% WS=60.38MB Managed=14.30MB Threads=33
[18:07:18.936 INF] [T:7] [PerfMonitor] Time:2026-03-21 09:07:17.937Z CPU=0.1% WS=60.38MB Managed=14.72MB Threads=33
[18:07:48.936 INF] [T:7] [PerfMonitor] Time:2026-03-21 09:07:47.937Z CPU=0.1% WS=60.38MB Managed=15.16MB Threads=33
[18:08:18.937 INF] [T:7] [PerfMonitor] Time:2026-03-21 09:08:17.937Z CPU=0.0% WS=60.39MB Managed=15.61MB Threads=34
[18:08:48.937 INF] [T:7] [PerfMonitor] Time:2026-03-21 09:08:47.937Z CPU=0.1% WS=60.38MB Managed=16.05MB Threads=33
[18:09:18.937 INF] [T:7] [PerfMonitor] Time:2026-03-21 09:09:17.937Z CPU=0.1% WS=60.39MB Managed=16.49MB Threads=34
[18:09:48.936 INF] [T:7] [PerfMonitor] Time:2026-03-21 09:09:47.937Z CPU=0.1% WS=60.41MB Managed=16.96MB Threads=34
[18:10:18.937 INF] [T:7] [PerfMonitor] Time:2026-03-21 09:10:17.938Z CPU=0.0% WS=60.39MB Managed=17.39MB Threads=33
[18:10:48.937 INF] [T:7] [PerfMonitor] Time:2026-03-21 09:10:47.938Z CPU=0.0% WS=60.48MB Managed=17.84MB Threads=34
[18:11:18.938 INF] [T:7] [PerfMonitor] Time:2026-03-21 09:11:17.938Z CPU=0.0% WS=60.50MB Managed=10.63MB Threads=33
[18:11:48.938 INF] [T:7] [PerfMonitor] Time:2026-03-21 09:11:47.938Z CPU=0.0% WS=60.50MB Managed=11.09MB Threads=33
[18:12:18.938 INF] [T:7] [PerfMonitor] Time:2026-03-21 09:12:17.939Z CPU=0.0% WS=60.50MB Managed=11.54MB Threads=33
[18:12:48.938 INF] [T:7] [PerfMonitor] Time:2026-03-21 09:12:47.938Z CPU=0.0% WS=60.52MB Managed=11.98MB Threads=34
[18:13:18.938 INF] [T:7] [PerfMonitor] Time:2026-03-21 09:13:17.939Z CPU=0.0% WS=60.50MB Managed=12.42MB Threads=33
[18:13:48.938 INF] [T:7] [PerfMonitor] Time:2026-03-21 09:13:47.939Z CPU=0.0% WS=60.52MB Managed=12.85MB Threads=34
[18:14:18.938 INF] [T:7] [PerfMonitor] Time:2026-03-21 09:14:17.939Z CPU=0.1% WS=60.52MB Managed=13.30MB Threads=34
[18:14:48.939 INF] [T:7] [PerfMonitor] Time:2026-03-21 09:14:48.939Z CPU=0.0% WS=60.50MB Managed=13.76MB Threads=33
[18:15:18.940 INF] [T:7] [PerfMonitor] Time:2026-03-21 09:15:17.940Z CPU=0.0% WS=60.52MB Managed=14.19MB Threads=34
[18:15:48.940 INF] [T:7] [PerfMonitor] Time:2026-03-21 09:15:48.940Z CPU=0.0% WS=60.52MB Managed=14.66MB Threads=34
[18:16:18.941 INF] [T:7] [PerfMonitor] Time:2026-03-21 09:16:17.940Z CPU=0.0% WS=60.50MB Managed=15.09MB Threads=33
[18:16:48.941 INF] [T:7] [PerfMonitor] Time:2026-03-21 09:16:47.941Z CPU=0.0% WS=60.50MB Managed=15.52MB Threads=33
[18:17:18.941 INF] [T:7] [PerfMonitor] Time:2026-03-21 09:17:17.941Z CPU=0.0% WS=60.50MB Managed=15.97MB Threads=33
[18:17:48.940 INF] [T:7] [PerfMonitor] Time:2026-03-21 09:17:47.941Z CPU=0.0% WS=60.50MB Managed=16.39MB Threads=33
[18:18:18.941 INF] [T:7] [PerfMonitor] Time:2026-03-21 09:18:18.941Z CPU=0.1% WS=60.52MB Managed=16.86MB Threads=34
[18:18:48.941 INF] [T:7] [PerfMonitor] Time:2026-03-21 09:18:47.941Z CPU=0.1% WS=60.50MB Managed=17.28MB Threads=33
[18:19:18.941 INF] [T:7] [PerfMonitor] Time:2026-03-21 09:19:17.941Z CPU=0.1% WS=60.50MB Managed=17.72MB Threads=33
[18:19:48.942 INF] [T:7] [PerfMonitor] Time:2026-03-21 09:19:48.941Z CPU=0.1% WS=60.58MB Managed=10.53MB Threads=34
[18:20:18.942 INF] [T:7] [PerfMonitor] Time:2026-03-21 09:20:17.943Z CPU=0.0% WS=60.59MB Managed=10.98MB Threads=34
[18:20:48.944 INF] [T:7] [PerfMonitor] Time:2026-03-21 09:20:47.943Z CPU=0.1% WS=60.61MB Managed=11.45MB Threads=34
[18:21:18.943 INF] [T:7] [PerfMonitor] Time:2026-03-21 09:21:17.942Z CPU=0.1% WS=60.59MB Managed=11.88MB Threads=33
[18:21:48.943 INF] [T:7] [PerfMonitor] Time:2026-03-21 09:21:47.942Z CPU=0.0% WS=60.62MB Managed=12.34MB Threads=34
[18:22:18.942 INF] [T:7] [PerfMonitor] Time:2026-03-21 09:22:17.941Z CPU=0.1% WS=60.75MB Managed=12.79MB Threads=34
[18:22:48.938 INF] [T:7] [PerfMonitor] Time:2026-03-21 09:22:47.939Z CPU=0.1% WS=60.73MB Managed=13.24MB Threads=33
[18:23:18.937 INF] [T:7] [PerfMonitor] Time:2026-03-21 09:23:17.938Z CPU=0.1% WS=60.80MB Managed=13.70MB Threads=34
[18:23:48.939 INF] [T:7] [PerfMonitor] Time:2026-03-21 09:23:47.939Z CPU=0.0% WS=60.81MB Managed=14.14MB Threads=34
[18:24:18.939 INF] [T:7] [PerfMonitor] Time:2026-03-21 09:24:17.939Z CPU=0.0% WS=60.81MB Managed=14.58MB Threads=34
[18:24:48.939 INF] [T:7] [PerfMonitor] Time:2026-03-21 09:24:47.938Z CPU=0.1% WS=60.83MB Managed=15.03MB Threads=34
[18:25:18.939 INF] [T:7] [PerfMonitor] Time:2026-03-21 09:25:17.939Z CPU=0.1% WS=60.20MB Managed=15.49MB Threads=34
[18:25:48.939 INF] [T:7] [PerfMonitor] Time:2026-03-21 09:25:47.938Z CPU=0.1% WS=60.17MB Managed=15.92MB Threads=33
[18:26:18.939 INF] [T:7] [PerfMonitor] Time:2026-03-21 09:26:17.940Z CPU=0.1% WS=60.17MB Managed=16.37MB Threads=33
[18:26:48.940 INF] [T:7] [PerfMonitor] Time:2026-03-21 09:26:47.940Z CPU=0.0% WS=60.03MB Managed=16.81MB Threads=33
[18:27:18.939 INF] [T:7] [PerfMonitor] Time:2026-03-21 09:27:17.940Z CPU=0.0% WS=60.08MB Managed=17.29MB Threads=34
[18:27:48.940 INF] [T:7] [PerfMonitor] Time:2026-03-21 09:27:47.940Z CPU=0.0% WS=60.06MB Managed=17.73MB Threads=33
[18:28:18.940 INF] [T:7] [PerfMonitor] Time:2026-03-21 09:28:17.939Z CPU=0.0% WS=61.20MB Managed=10.56MB Threads=34
[18:28:48.940 INF] [T:7] [PerfMonitor] Time:2026-03-21 09:28:47.940Z CPU=0.1% WS=61.19MB Managed=11.01MB Threads=33
[18:29:18.941 INF] [T:7] [PerfMonitor] Time:2026-03-21 09:29:17.940Z CPU=0.1% WS=61.19MB Managed=11.48MB Threads=33
[18:29:48.941 INF] [T:7] [PerfMonitor] Time:2026-03-21 09:29:47.939Z CPU=0.1% WS=61.20MB Managed=11.93MB Threads=34
[18:30:18.940 INF] [T:7] [PerfMonitor] Time:2026-03-21 09:30:17.940Z CPU=0.1% WS=61.19MB Managed=12.37MB Threads=33
[18:30:48.941 INF] [T:7] [PerfMonitor] Time:2026-03-21 09:30:47.941Z CPU=0.0% WS=61.19MB Managed=12.82MB Threads=33
[18:31:18.941 INF] [T:7] [PerfMonitor] Time:2026-03-21 09:31:17.941Z CPU=0.1% WS=61.25MB Managed=13.29MB Threads=34
[18:31:48.941 INF] [T:7] [PerfMonitor] Time:2026-03-21 09:31:48.941Z CPU=0.1% WS=61.27MB Managed=13.75MB Threads=34
[18:32:18.941 INF] [T:7] [PerfMonitor] Time:2026-03-21 09:32:17.942Z CPU=0.0% WS=61.27MB Managed=14.18MB Threads=34
[18:32:48.941 INF] [T:7] [PerfMonitor] Time:2026-03-21 09:32:47.940Z CPU=0.1% WS=61.27MB Managed=14.64MB Threads=34
[18:33:18.942 INF] [T:7] [PerfMonitor] Time:2026-03-21 09:33:17.942Z CPU=0.1% WS=61.25MB Managed=15.08MB Threads=33
[18:33:48.942 INF] [T:7] [PerfMonitor] Time:2026-03-21 09:33:47.942Z CPU=0.1% WS=61.25MB Managed=15.52MB Threads=33
[18:34:18.942 INF] [T:7] [PerfMonitor] Time:2026-03-21 09:34:17.942Z CPU=0.1% WS=61.28MB Managed=15.96MB Threads=34
[18:34:48.941 INF] [T:7] [PerfMonitor] Time:2026-03-21 09:34:47.942Z CPU=0.1% WS=61.28MB Managed=16.41MB Threads=34
[18:35:18.942 INF] [T:7] [PerfMonitor] Time:2026-03-21 09:35:17.942Z CPU=0.1% WS=61.27MB Managed=16.86MB Threads=33
[18:35:48.942 INF] [T:7] [PerfMonitor] Time:2026-03-21 09:35:48.942Z CPU=0.1% WS=61.27MB Managed=17.30MB Threads=33
[18:36:18.942 INF] [T:7] [PerfMonitor] Time:2026-03-21 09:36:17.942Z CPU=0.1% WS=61.27MB Managed=17.74MB Threads=33
[18:36:48.942 INF] [T:7] [PerfMonitor] Time:2026-03-21 09:36:47.943Z CPU=0.1% WS=61.30MB Managed=18.19MB Threads=34
[18:37:18.943 INF] [T:7] [PerfMonitor] Time:2026-03-21 09:37:17.942Z CPU=0.1% WS=61.33MB Managed=11.04MB Threads=34
[18:37:48.942 INF] [T:7] [PerfMonitor] Time:2026-03-21 09:37:47.943Z CPU=0.0% WS=61.33MB Managed=11.49MB Threads=34
[18:38:18.943 INF] [T:7] [PerfMonitor] Time:2026-03-21 09:38:17.942Z CPU=0.0% WS=61.36MB Managed=11.95MB Threads=35
[18:38:48.943 INF] [T:7] [PerfMonitor] Time:2026-03-21 09:38:47.942Z CPU=0.0% WS=61.33MB Managed=12.39MB Threads=33
[18:39:18.944 INF] [T:7] [PerfMonitor] Time:2026-03-21 09:39:17.943Z CPU=0.0% WS=61.34MB Managed=12.84MB Threads=34
[18:39:48.943 INF] [T:7] [PerfMonitor] Time:2026-03-21 09:39:47.942Z CPU=0.0% WS=61.34MB Managed=13.28MB Threads=34
[18:40:18.943 INF] [T:7] [PerfMonitor] Time:2026-03-21 09:40:17.942Z CPU=0.0% WS=61.19MB Managed=13.74MB Threads=34
[18:40:48.944 INF] [T:7] [PerfMonitor] Time:2026-03-21 09:40:47.942Z CPU=0.1% WS=61.17MB Managed=14.20MB Threads=33
[18:41:18.945 INF] [T:7] [PerfMonitor] Time:2026-03-21 09:41:17.943Z CPU=0.0% WS=61.19MB Managed=14.64MB Threads=34
[18:41:48.945 INF] [T:7] [PerfMonitor] Time:2026-03-21 09:41:47.944Z CPU=0.0% WS=61.23MB Managed=15.11MB Threads=35
[18:42:18.945 INF] [T:7] [PerfMonitor] Time:2026-03-21 09:42:17.944Z CPU=0.0% WS=61.22MB Managed=15.55MB Threads=34
[18:57:52.924 INF] [T:7] [PerfMonitor] Time:2026-03-21 09:57:51.928Z CPU=0.0% WS=60.80MB Managed=16.00MB Threads=35
[18:58:22.926 INF] [T:7] [PerfMonitor] Time:2026-03-21 09:58:21.927Z CPU=0.1% WS=61.17MB Managed=16.46MB Threads=34
[19:15:41.030 INF] [T:7] [PerfMonitor] Time:2026-03-21 10:15:40.028Z CPU=0.0% WS=60.98MB Managed=16.90MB Threads=35
[19:16:11.029 INF] [T:7] [PerfMonitor] Time:2026-03-21 10:16:10.029Z CPU=0.1% WS=60.97MB Managed=17.35MB Threads=33
[19:31:54.916 INF] [T:7] [PerfMonitor] Time:2026-03-21 10:31:53.917Z CPU=0.1% WS=61.00MB Managed=17.78MB Threads=34
[19:48:30.282 INF] [T:7] [PerfMonitor] Time:2026-03-21 10:32:23.916Z CPU=0.1% WS=60.98MB Managed=18.24MB Threads=33
[19:49:00.262 INF] [T:7] [PerfMonitor] Time:2026-03-21 10:48:59.263Z CPU=0.1% WS=61.61MB Managed=11.08MB Threads=34
[19:49:30.262 INF] [T:7] [PerfMonitor] Time:2026-03-21 10:49:29.264Z CPU=0.1% WS=61.59MB Managed=11.53MB Threads=33
[20:07:07.100 INF] [T:7] [PerfMonitor] Time:2026-03-21 11:07:06.102Z CPU=0.1% WS=61.59MB Managed=11.97MB Threads=33
[20:07:37.100 INF] [T:7] [PerfMonitor] Time:2026-03-21 11:07:36.102Z CPU=0.1% WS=61.59MB Managed=12.43MB Threads=33
[20:23:45.357 INF] [T:7] [PerfMonitor] Time:2026-03-21 11:23:44.359Z CPU=0.0% WS=61.62MB Managed=12.86MB Threads=33
[20:38:20.476 INF] [T:7] [PerfMonitor] Time:2026-03-21 11:38:19.476Z CPU=0.0% WS=61.64MB Managed=13.29MB Threads=34
[20:38:50.477 INF] [T:7] [PerfMonitor] Time:2026-03-21 11:38:49.475Z CPU=0.1% WS=61.62MB Managed=13.74MB Threads=33
[20:54:48.843 INF] [T:7] [PerfMonitor] Time:2026-03-21 11:54:48.843Z CPU=0.0% WS=61.64MB Managed=14.21MB Threads=34
[20:55:18.836 INF] [T:7] [PerfMonitor] Time:2026-03-21 11:55:17.839Z CPU=0.1% WS=49.62MB Managed=14.63MB Threads=33
[20:55:48.838 INF] [T:7] [PerfMonitor] Time:2026-03-21 11:55:47.838Z CPU=0.1% WS=49.55MB Managed=15.07MB Threads=33
[20:56:18.838 INF] [T:7] [PerfMonitor] Time:2026-03-21 11:56:17.837Z CPU=0.1% WS=49.56MB Managed=15.52MB Threads=33
[20:56:48.838 INF] [T:7] [PerfMonitor] Time:2026-03-21 11:56:47.838Z CPU=0.1% WS=49.61MB Managed=15.97MB Threads=34
[20:57:18.839 INF] [T:7] [PerfMonitor] Time:2026-03-21 11:57:17.839Z CPU=0.1% WS=49.80MB Managed=16.42MB Threads=33
[20:57:48.838 INF] [T:7] [PerfMonitor] Time:2026-03-21 11:57:48.838Z CPU=0.1% WS=49.83MB Managed=16.87MB Threads=34
[20:58:18.838 INF] [T:7] [PerfMonitor] Time:2026-03-21 11:58:17.839Z CPU=0.1% WS=49.81MB Managed=17.29MB Threads=33
[20:58:48.840 INF] [T:7] [PerfMonitor] Time:2026-03-21 11:58:47.837Z CPU=0.1% WS=49.81MB Managed=17.74MB Threads=33
[20:59:18.839 INF] [T:7] [PerfMonitor] Time:2026-03-21 11:59:17.839Z CPU=0.1% WS=49.83MB Managed=18.18MB Threads=34
[20:59:48.839 INF] [T:7] [PerfMonitor] Time:2026-03-21 11:59:47.839Z CPU=0.1% WS=53.77MB Managed=10.43MB Threads=34
[21:00:18.840 INF] [T:7] [PerfMonitor] Time:2026-03-21 12:00:17.839Z CPU=0.1% WS=53.77MB Managed=10.87MB Threads=34
[21:00:48.840 INF] [T:7] [PerfMonitor] Time:2026-03-21 12:00:47.838Z CPU=0.1% WS=53.75MB Managed=11.32MB Threads=33
[21:16:53.287 INF] [T:7] [PerfMonitor] Time:2026-03-21 12:16:52.286Z CPU=0.0% WS=53.77MB Managed=11.77MB Threads=34
[21:17:23.274 INF] [T:7] [PerfMonitor] Time:2026-03-21 12:17:22.275Z CPU=0.1% WS=53.80MB Managed=12.22MB Threads=34
[21:35:01.316 INF] [T:7] [PerfMonitor] Time:2026-03-21 12:35:00.315Z CPU=0.1% WS=53.80MB Managed=12.66MB Threads=34
[21:35:31.312 INF] [T:7] [PerfMonitor] Time:2026-03-21 12:35:30.311Z CPU=0.0% WS=53.78MB Managed=13.11MB Threads=33
[21:51:30.682 INF] [T:7] [PerfMonitor] Time:2026-03-21 12:51:29.682Z CPU=0.1% WS=53.78MB Managed=13.55MB Threads=33
[21:52:00.689 INF] [T:7] [PerfMonitor] Time:2026-03-21 12:51:59.687Z CPU=0.1% WS=53.80MB Managed=13.99MB Threads=33
[22:09:06.053 INF] [T:7] [PerfMonitor] Time:2026-03-21 13:09:05.053Z CPU=0.0% WS=53.80MB Managed=14.42MB Threads=33
[22:09:36.054 INF] [T:7] [PerfMonitor] Time:2026-03-21 13:09:35.054Z CPU=0.1% WS=53.80MB Managed=14.88MB Threads=33
[22:10:06.055 INF] [T:7] [PerfMonitor] Time:2026-03-21 13:10:05.053Z CPU=0.1% WS=53.80MB Managed=15.31MB Threads=33
[22:16:05.894 INF] [T:7] [PerfMonitor] Time:2026-03-21 13:16:04.893Z CPU=0.1% WS=53.81MB Managed=15.76MB Threads=34
[22:31:56.167 INF] [T:7] [PerfMonitor] Time:2026-03-21 13:16:34.893Z CPU=0.1% WS=53.80MB Managed=16.19MB Threads=33
[22:32:26.164 INF] [T:7] [PerfMonitor] Time:2026-03-21 13:32:25.164Z CPU=0.1% WS=53.80MB Managed=16.64MB Threads=34
[22:48:56.308 INF] [T:7] [PerfMonitor] Time:2026-03-21 13:48:55.307Z CPU=0.1% WS=53.81MB Managed=17.10MB Threads=35
[22:49:26.309 INF] [T:7] [PerfMonitor] Time:2026-03-21 13:49:25.307Z CPU=0.1% WS=53.70MB Managed=17.56MB Threads=33
[22:49:56.309 INF] [T:7] [PerfMonitor] Time:2026-03-21 13:49:55.307Z CPU=0.1% WS=53.70MB Managed=10.40MB Threads=33
[23:07:06.400 INF] [T:7] [PerfMonitor] Time:2026-03-21 14:07:05.398Z CPU=0.1% WS=53.72MB Managed=10.86MB Threads=34
[23:24:28.543 INF] [T:7] [PerfMonitor] Time:2026-03-21 14:07:35.399Z CPU=0.1% WS=53.70MB Managed=11.31MB Threads=33
[23:24:58.538 INF] [T:7] [PerfMonitor] Time:2026-03-21 14:24:57.539Z CPU=0.1% WS=53.70MB Managed=11.74MB Threads=33
[23:41:50.499 INF] [T:7] [PerfMonitor] Time:2026-03-21 14:41:49.500Z CPU=0.1% WS=53.73MB Managed=12.18MB Threads=35
[23:42:20.500 INF] [T:7] [PerfMonitor] Time:2026-03-21 14:42:19.502Z CPU=0.1% WS=53.72MB Managed=12.64MB Threads=34
[23:57:48.878 INF] [T:7] [PerfMonitor] Time:2026-03-21 14:57:47.880Z CPU=0.1% WS=53.72MB Managed=13.10MB Threads=34
[23:58:18.880 INF] [T:7] [PerfMonitor] Time:2026-03-21 14:58:17.880Z CPU=0.1% WS=53.70MB Managed=13.54MB Threads=33
