[10:54:07.916 INF] [T:1] [Rank] Logger setup was successful: Rank
[10:54:08.054 DBG] [T:1] [Rank] [Engine] Discovered '5' commands: [3003, 3002, 3001, 3000, 1000]
[10:54:08.055 INF] [T:1] [Rank] The server Rank is initialized.
[10:54:08.310 DBG] [T:1] [Rank] [Daily] Reward loaded. season="Daily"/1, uid=1, rank=2, score=30, isRewarded=false, item=[0:0:70]
[10:54:08.311 DBG] [T:1] [Rank] [Daily] Reward loaded. season="Daily"/1, uid=2, rank=1, score=40, isRewarded=false, item=[0:0:100]
[10:54:08.311 DBG] [T:1] [Rank] [Daily] Reward loaded. season="Daily"/1, uid=1000001, rank=3, score=10, isRewarded=false, item=[0:0:50]
[10:54:08.311 DBG] [T:1] [Rank] [Daily] Reward loaded. season="Daily"/12, uid=1000001, rank=1, score=30, isRewarded=false, item=[0:0:100]
[10:54:08.322 INF] [T:1] [Rank] [Daily] Season loaded. kind="Daily", num=82, state="Running", start="2026-02-10T00:00:00.0000000+09:00", end="2026-02-11T00:00:00.0000000+09:00"
[10:54:08.325 INF] [T:1] [Rank] Listener (0.0.0.0:20001:"Tcp") was started.
[10:54:08.326 INF] [T:1] [Rank] The server instance Rank was been started!
[10:54:08.369 DBG] [T:12] [Rank] [Daily] Reward loaded. season="Daily"/1, uid=1, rank=2, score=30, isRewarded=false, item=[0:0:70]
[10:54:08.369 DBG] [T:12] [Rank] [Daily] Reward loaded. season="Daily"/1, uid=2, rank=1, score=40, isRewarded=false, item=[0:0:100]
[10:54:08.369 DBG] [T:12] [Rank] [Daily] Reward loaded. season="Daily"/1, uid=1000001, rank=3, score=10, isRewarded=false, item=[0:0:50]
[10:54:08.369 DBG] [T:12] [Rank] [Daily] Reward loaded. season="Daily"/12, uid=1000001, rank=1, score=30, isRewarded=false, item=[0:0:100]
[10:54:08.464 INF] [T:12] [Rank] [Daily] Next season scheduled. kind="Daily", num=83, start="2026-03-20T00:00:00.0000000+00:00", end="2026-03-21T00:00:00.0000000+00:00"
[10:54:38.063 INF] [T:7] [PerfMonitor] Time:2026-03-20 01:54:37.056Z CPU=0.0% WS=61.06MB Managed=10.53MB Threads=35
[10:54:55.624 DBG] [T:10] [Rank] A new session connected. sessionId=b43017a5-0549-448e-a2bf-517d55b0cff9, remoteEndPoint=127.0.0.1:52271
[10:54:55.685 DBG] [T:10] [Rank] Session authentication succeeded. sessionId=b43017a5-0549-448e-a2bf-517d55b0cff9, peerId=1
[10:54:55.725 INF] [T:26] [Rank] Server Game registered.
[10:55:08.056 INF] [T:7] [PerfMonitor] Time:2026-03-20 01:55:07.056Z CPU=0.0% WS=68.69MB Managed=11.62MB Threads=35
[10:55:38.056 INF] [T:7] [PerfMonitor] Time:2026-03-20 01:55:37.056Z CPU=0.0% WS=69.75MB Managed=12.03MB Threads=35
[10:56:08.057 INF] [T:7] [PerfMonitor] Time:2026-03-20 01:56:07.056Z CPU=0.0% WS=69.52MB Managed=12.46MB Threads=35
[10:56:38.057 INF] [T:7] [PerfMonitor] Time:2026-03-20 01:56:37.056Z CPU=0.0% WS=50.11MB Managed=12.97MB Threads=34
[10:57:08.057 INF] [T:7] [PerfMonitor] Time:2026-03-20 01:57:07.057Z CPU=0.0% WS=57.80MB Managed=13.39MB Threads=34
[10:57:38.058 INF] [T:7] [PerfMonitor] Time:2026-03-20 01:57:38.057Z CPU=0.1% WS=56.81MB Managed=13.81MB Threads=33
[10:58:08.058 INF] [T:7] [PerfMonitor] Time:2026-03-20 01:58:07.057Z CPU=0.0% WS=65.58MB Managed=9.66MB Threads=34
[14:51:50.560 INF] [T:1] [Rank] Logger setup was successful: Rank
[14:51:50.699 DBG] [T:1] [Rank] [Engine] Discovered '5' commands: [3003, 3002, 3001, 3000, 1000]
[14:51:50.701 INF] [T:1] [Rank] The server Rank is initialized.
[14:51:50.706 INF] [T:7] [PerfMonitor] Time:2026-03-20 05:51:50.703Z CPU=0.4% WS=62.44MB Managed=754.77KB Threads=17
[14:51:51.052 DBG] [T:1] [Rank] [Daily] Reward loaded. season="Daily"/1, uid=1, rank=2, score=30, isRewarded=false, item=[0:0:70]
[14:51:51.052 DBG] [T:1] [Rank] [Daily] Reward loaded. season="Daily"/1, uid=2, rank=1, score=40, isRewarded=false, item=[0:0:100]
[14:51:51.052 DBG] [T:1] [Rank] [Daily] Reward loaded. season="Daily"/1, uid=1000001, rank=3, score=10, isRewarded=false, item=[0:0:50]
[14:51:51.052 DBG] [T:1] [Rank] [Daily] Reward loaded. season="Daily"/12, uid=1000001, rank=1, score=30, isRewarded=false, item=[0:0:100]
[14:51:51.063 INF] [T:1] [Rank] [Daily] Season loaded. kind="Daily", num=83, state="Running", start="2026-03-19T06:00:00.0000000+09:00", end="2026-03-20T06:00:00.0000000+09:00"
[14:51:51.069 ERR] [T:1] [Rank] Listener (0.0.0.0:20001) error: SocketException: Address already in use, ErrorCode: 48
stackTrace=
[14:51:51.069 ERR] [T:1] [Rank] Listener (0.0.0.0:20001:"Tcp") failed to start.
[14:51:51.069 FTL] [T:1] [Rank] Failed to start socket server.
[14:52:17.123 INF] [T:1] [Rank] Logger setup was successful: Rank
[14:52:17.261 DBG] [T:1] [Rank] [Engine] Discovered '5' commands: [3003, 3002, 3001, 3000, 1000]
[14:52:17.262 INF] [T:1] [Rank] The server Rank is initialized.
[14:52:17.509 DBG] [T:1] [Rank] [Daily] Reward loaded. season="Daily"/1, uid=1, rank=2, score=30, isRewarded=false, item=[0:0:70]
[14:52:17.509 DBG] [T:1] [Rank] [Daily] Reward loaded. season="Daily"/1, uid=2, rank=1, score=40, isRewarded=false, item=[0:0:100]
[14:52:17.509 DBG] [T:1] [Rank] [Daily] Reward loaded. season="Daily"/1, uid=1000001, rank=3, score=10, isRewarded=false, item=[0:0:50]
[14:52:17.509 DBG] [T:1] [Rank] [Daily] Reward loaded. season="Daily"/12, uid=1000001, rank=1, score=30, isRewarded=false, item=[0:0:100]
[14:52:17.514 INF] [T:1] [Rank] [Daily] Season loaded. kind="Daily", num=83, state="Running", start="2026-03-18T21:00:00.0000000+09:00", end="2026-03-19T21:00:00.0000000+09:00"
[14:52:17.516 INF] [T:1] [Rank] Listener (0.0.0.0:20001:"Tcp") was started.
[14:52:17.518 INF] [T:1] [Rank] The server instance Rank was been started!
[14:52:17.573 DBG] [T:12] [Rank] [Daily] Reward loaded. season="Daily"/1, uid=1, rank=2, score=30, isRewarded=false, item=[0:0:70]
[14:52:17.573 DBG] [T:12] [Rank] [Daily] Reward loaded. season="Daily"/1, uid=2, rank=1, score=40, isRewarded=false, item=[0:0:100]
[14:52:17.573 DBG] [T:12] [Rank] [Daily] Reward loaded. season="Daily"/1, uid=1000001, rank=3, score=10, isRewarded=false, item=[0:0:50]
[14:52:17.573 DBG] [T:12] [Rank] [Daily] Reward loaded. season="Daily"/12, uid=1000001, rank=1, score=30, isRewarded=false, item=[0:0:100]
[14:52:17.670 INF] [T:12] [Rank] [Daily] Next season scheduled. kind="Daily", num=84, start="2026-03-20T00:00:00.0000000+00:00", end="2026-03-21T00:00:00.0000000+00:00"
[14:52:47.273 INF] [T:7] [PerfMonitor] Time:2026-03-20 05:52:46.263Z CPU=0.1% WS=102.41MB Managed=10.51MB Threads=34
[14:53:17.263 INF] [T:7] [PerfMonitor] Time:2026-03-20 05:53:16.263Z CPU=0.0% WS=104.45MB Managed=10.84MB Threads=34
[14:53:47.265 INF] [T:7] [PerfMonitor] Time:2026-03-20 05:53:46.263Z CPU=0.0% WS=104.83MB Managed=11.18MB Threads=34
[14:54:17.264 INF] [T:7] [PerfMonitor] Time:2026-03-20 05:54:16.264Z CPU=0.0% WS=105.20MB Managed=11.51MB Threads=34
[14:54:47.265 INF] [T:7] [PerfMonitor] Time:2026-03-20 05:54:46.264Z CPU=0.0% WS=105.98MB Managed=11.84MB Threads=35
[14:55:17.265 INF] [T:7] [PerfMonitor] Time:2026-03-20 05:55:16.264Z CPU=0.0% WS=106.33MB Managed=12.17MB Threads=34
[14:55:47.265 INF] [T:7] [PerfMonitor] Time:2026-03-20 05:55:46.264Z CPU=0.0% WS=106.84MB Managed=12.49MB Threads=34
[14:56:14.072 DBG] [T:33] [Rank] A new session connected. sessionId=f9f22449-9414-491d-bb43-135622ebd635, remoteEndPoint=127.0.0.1:55461
[14:56:14.127 DBG] [T:33] [Rank] Session authentication succeeded. sessionId=f9f22449-9414-491d-bb43-135622ebd635, peerId=1
[14:56:14.168 INF] [T:33] [Rank] Server Game registered.
[14:56:17.265 INF] [T:7] [PerfMonitor] Time:2026-03-20 05:56:16.264Z CPU=0.0% WS=68.52MB Managed=13.67MB Threads=37
[14:56:47.265 INF] [T:7] [PerfMonitor] Time:2026-03-20 05:56:46.264Z CPU=0.0% WS=82.42MB Managed=10.86MB Threads=37
[14:57:17.265 INF] [T:7] [PerfMonitor] Time:2026-03-20 05:57:16.265Z CPU=0.0% WS=83.66MB Managed=11.34MB Threads=36
[14:57:47.266 INF] [T:7] [PerfMonitor] Time:2026-03-20 05:57:46.265Z CPU=0.0% WS=84.73MB Managed=11.80MB Threads=35
[14:58:17.265 INF] [T:7] [PerfMonitor] Time:2026-03-20 05:58:16.264Z CPU=0.0% WS=85.41MB Managed=12.33MB Threads=35
[14:58:47.267 INF] [T:7] [PerfMonitor] Time:2026-03-20 05:58:46.266Z CPU=0.0% WS=73.61MB Managed=12.80MB Threads=35
[14:59:17.267 INF] [T:7] [PerfMonitor] Time:2026-03-20 05:59:16.266Z CPU=0.0% WS=79.62MB Managed=13.26MB Threads=35
[14:59:47.267 INF] [T:7] [PerfMonitor] Time:2026-03-20 05:59:46.265Z CPU=0.0% WS=76.67MB Managed=13.72MB Threads=36
[15:00:17.267 INF] [T:7] [PerfMonitor] Time:2026-03-20 06:00:16.266Z CPU=0.0% WS=77.34MB Managed=14.19MB Threads=36
[15:00:47.267 INF] [T:7] [PerfMonitor] Time:2026-03-20 06:00:46.266Z CPU=0.0% WS=77.83MB Managed=14.66MB Threads=34
[15:01:17.267 INF] [T:7] [PerfMonitor] Time:2026-03-20 06:01:16.266Z CPU=0.0% WS=78.73MB Managed=15.11MB Threads=35
[15:01:47.267 INF] [T:7] [PerfMonitor] Time:2026-03-20 06:01:46.266Z CPU=0.0% WS=82.72MB Managed=15.58MB Threads=34
[15:02:17.268 INF] [T:7] [PerfMonitor] Time:2026-03-20 06:02:16.267Z CPU=0.0% WS=80.67MB Managed=16.02MB Threads=34
[15:02:47.267 INF] [T:7] [PerfMonitor] Time:2026-03-20 06:02:46.267Z CPU=0.0% WS=81.83MB Managed=16.47MB Threads=34
[15:03:17.267 INF] [T:7] [PerfMonitor] Time:2026-03-20 06:03:16.266Z CPU=0.1% WS=82.30MB Managed=16.92MB Threads=34
[15:03:47.267 INF] [T:7] [PerfMonitor] Time:2026-03-20 06:03:46.267Z CPU=0.0% WS=82.83MB Managed=17.40MB Threads=36
[15:04:17.268 INF] [T:7] [PerfMonitor] Time:2026-03-20 06:04:16.267Z CPU=0.0% WS=83.83MB Managed=10.34MB Threads=34
[15:04:47.268 INF] [T:7] [PerfMonitor] Time:2026-03-20 06:04:46.267Z CPU=0.0% WS=83.41MB Managed=10.81MB Threads=33
[15:05:17.268 INF] [T:7] [PerfMonitor] Time:2026-03-20 06:05:16.267Z CPU=0.0% WS=83.50MB Managed=11.25MB Threads=34
[15:05:47.269 INF] [T:7] [PerfMonitor] Time:2026-03-20 06:05:46.267Z CPU=0.0% WS=83.55MB Managed=11.72MB Threads=35
[15:06:17.268 INF] [T:7] [PerfMonitor] Time:2026-03-20 06:06:16.269Z CPU=0.0% WS=84.17MB Managed=12.16MB Threads=33
[15:06:47.268 INF] [T:7] [PerfMonitor] Time:2026-03-20 06:06:46.268Z CPU=0.0% WS=84.38MB Managed=12.63MB Threads=34
[15:07:08.957 DBG] [T:39] [Rank] The session f9f22449-9414-491d-bb43-135622ebd635 has been closed. reason="ClientClosing"
[15:07:08.957 DBG] [T:39] [Rank] Peer waiting reconnect registered. peerId=1
[15:07:46.177 INF] [T:1] [Rank] Logger setup was successful: Rank
[15:07:46.312 DBG] [T:1] [Rank] [Engine] Discovered '5' commands: [3003, 3002, 3001, 3000, 1000]
[15:07:46.313 INF] [T:1] [Rank] The server Rank is initialized.
[15:07:46.317 INF] [T:7] [PerfMonitor] Time:2026-03-20 06:07:46.315Z CPU=0.6% WS=62.33MB Managed=753.30KB Threads=17
[15:07:46.540 DBG] [T:1] [Rank] [Daily] Reward loaded. season="Daily"/1, uid=1, rank=2, score=30, isRewarded=false, item=[0:0:70]
[15:07:46.540 DBG] [T:1] [Rank] [Daily] Reward loaded. season="Daily"/1, uid=2, rank=1, score=40, isRewarded=false, item=[0:0:100]
[15:07:46.540 DBG] [T:1] [Rank] [Daily] Reward loaded. season="Daily"/1, uid=1000001, rank=3, score=10, isRewarded=false, item=[0:0:50]
[15:07:46.540 DBG] [T:1] [Rank] [Daily] Reward loaded. season="Daily"/12, uid=1000001, rank=1, score=30, isRewarded=false, item=[0:0:100]
[15:07:46.547 INF] [T:1] [Rank] [Daily] Season loaded. kind="Daily", num=84, state="Running", start="2026-03-20T00:00:00.0000000+09:00", end="2026-03-21T00:00:00.0000000+09:00"
[15:07:46.549 INF] [T:1] [Rank] Listener (0.0.0.0:20001:"Tcp") was started.
[15:07:46.551 INF] [T:1] [Rank] The server instance Rank was been started!
[15:08:05.487 DBG] [T:15] [Rank] A new session connected. sessionId=65080a67-ef14-4456-a66b-627f37923aff, remoteEndPoint=127.0.0.1:55609
[15:08:05.543 DBG] [T:15] [Rank] Session authentication succeeded. sessionId=65080a67-ef14-4456-a66b-627f37923aff, peerId=1
[15:08:05.583 INF] [T:15] [Rank] Server Game registered: 192.168.0.191:10001
[15:08:16.315 INF] [T:7] [PerfMonitor] Time:2026-03-20 06:08:15.315Z CPU=0.0% WS=64.91MB Managed=10.87MB Threads=35
[15:08:26.525 DBG] [T:11] [Rank] The session 65080a67-ef14-4456-a66b-627f37923aff has been closed. reason="ClientClosing"
[15:08:26.525 DBG] [T:11] [Rank] Peer waiting reconnect registered. peerId=1
[15:22:39.368 INF] [T:1] [Rank] Logger setup was successful: Rank
[15:22:39.493 DBG] [T:1] [Rank] [Engine] Discovered '5' commands: [3003, 3002, 3001, 3000, 1000]
[15:22:39.494 INF] [T:1] [Rank] The server Rank is initialized.
[15:22:39.720 DBG] [T:1] [Rank] [Daily] Reward loaded. season="Daily"/1, uid=1, rank=2, score=30, isRewarded=false, item=[0:0:70]
[15:22:39.720 DBG] [T:1] [Rank] [Daily] Reward loaded. season="Daily"/1, uid=2, rank=1, score=40, isRewarded=false, item=[0:0:100]
[15:22:39.720 DBG] [T:1] [Rank] [Daily] Reward loaded. season="Daily"/1, uid=1000001, rank=3, score=10, isRewarded=false, item=[0:0:50]
[15:22:39.720 DBG] [T:1] [Rank] [Daily] Reward loaded. season="Daily"/12, uid=1000001, rank=1, score=30, isRewarded=false, item=[0:0:100]
[15:22:39.729 INF] [T:1] [Rank] [Daily] Season loaded. kind="Daily", num=84, state="Running", start="2026-03-19T15:00:00.0000000+09:00", end="2026-03-20T15:00:00.0000000+09:00"
[15:22:39.731 INF] [T:1] [Rank] Listener (0.0.0.0:20001:"Tcp") was started.
[15:22:39.733 INF] [T:1] [Rank] The server instance Rank was been started!
[15:22:39.756 DBG] [T:12] [Rank] [Daily] Reward loaded. season="Daily"/1, uid=1, rank=2, score=30, isRewarded=false, item=[0:0:70]
[15:22:39.756 DBG] [T:12] [Rank] [Daily] Reward loaded. season="Daily"/1, uid=2, rank=1, score=40, isRewarded=false, item=[0:0:100]
[15:22:39.756 DBG] [T:12] [Rank] [Daily] Reward loaded. season="Daily"/1, uid=1000001, rank=3, score=10, isRewarded=false, item=[0:0:50]
[15:22:39.756 DBG] [T:12] [Rank] [Daily] Reward loaded. season="Daily"/12, uid=1000001, rank=1, score=30, isRewarded=false, item=[0:0:100]
[15:45:55.226 INF] [T:1] [Rank] Logger setup was successful: Rank
[15:45:55.365 DBG] [T:1] [Rank] [Engine] Discovered '5' commands: [3003, 3002, 3001, 3000, 1000]
[15:45:55.366 INF] [T:1] [Rank] The server Rank is initialized.
[15:45:55.615 DBG] [T:1] [Rank] [Daily] Reward loaded. season="Daily"/1, uid=1, rank=2, score=30, isRewarded=false, item=[0:0:70]
[15:45:55.615 DBG] [T:1] [Rank] [Daily] Reward loaded. season="Daily"/1, uid=2, rank=1, score=40, isRewarded=false, item=[0:0:100]
[15:45:55.615 DBG] [T:1] [Rank] [Daily] Reward loaded. season="Daily"/1, uid=1000001, rank=3, score=10, isRewarded=false, item=[0:0:50]
[15:45:55.615 DBG] [T:1] [Rank] [Daily] Reward loaded. season="Daily"/12, uid=1000001, rank=1, score=30, isRewarded=false, item=[0:0:100]
[15:45:55.621 INF] [T:1] [Rank] [Daily] Season loaded. kind="Daily", num=87, state="Break", start="2026-03-19T06:00:00.0000000+09:00", end="2026-03-20T06:00:00.0000000+09:00"
[15:45:55.623 INF] [T:1] [Rank] Listener (0.0.0.0:20001:"Tcp") was started.
[15:45:55.625 INF] [T:1] [Rank] The server instance Rank was been started!
[15:45:55.675 INF] [T:12] [Rank] [Daily] Next season scheduled. kind="Daily", num=88, start="2026-03-20T00:00:00.0000000+00:00", end="2026-03-21T00:00:00.0000000+00:00"
[15:46:11.737 DBG] [T:8] [Rank] A new session connected. sessionId=68dfe3bf-ffde-4281-97a3-80c5e997e4ac, remoteEndPoint=127.0.0.1:56015
[15:46:11.792 DBG] [T:8] [Rank] Session authentication succeeded. sessionId=68dfe3bf-ffde-4281-97a3-80c5e997e4ac, peerId=1
[15:46:11.833 INF] [T:8] [Rank] Server Game registered: 192.168.0.191:10001
[15:46:13.437 DBG] [T:15] [Rank] Received a termination request from the client. isClosing=false
[15:46:13.442 DBG] [T:15] [Rank] The session 68dfe3bf-ffde-4281-97a3-80c5e997e4ac has been closed. reason="ClientClosing"
[15:46:13.442 ERR] [T:15] [Rank] Object reference not set to an instance of an object.
System.NullReferenceException: Object reference not set to an instance of an object.
   at SP.Engine.Server.Engine.RemovePeer(BasePeer peer, CloseReason reason) in /Users/sangpil/GitHub/SP.Engine/Engine/SP.Engine.Server/Engine.cs:line 128
   at SP.Engine.Server.Engine.OnSessionClosed(Session session, CloseReason reason) in /Users/sangpil/GitHub/SP.Engine/Engine/SP.Engine.Server/Engine.cs:line 144
   at SP.Engine.Server.BaseEngine.OnNetworkSessionClosed(INetworkSession ns, CloseReason reason) in /Users/sangpil/GitHub/SP.Engine/Engine/SP.Engine.Server/BaseEngine.cs:line 352
   at SP.Engine.Server.BaseNetworkSession.OnClosed(CloseReason reason) in /Users/sangpil/GitHub/SP.Engine/Engine/SP.Engine.Server/BaseNetworkSession.cs:line 155
   at SP.Engine.Server.TcpNetworkSession.OnClosed(CloseReason reason) in /Users/sangpil/GitHub/SP.Engine/Engine/SP.Engine.Server/TcpNetworkSession.cs:line 85
   at SP.Engine.Server.BaseNetworkSession.InternalClose(Socket client, CloseReason reason, Boolean isSetCloseReason) in /Users/sangpil/GitHub/SP.Engine/Engine/SP.Engine.Server/BaseNetworkSession.cs:line 289
   at SP.Engine.Server.BaseNetworkSession.Close(CloseReason reason) in /Users/sangpil/GitHub/SP.Engine/Engine/SP.Engine.Server/BaseNetworkSession.cs:line 133
   at SP.Engine.Server.BaseSession.Close(CloseReason reason) in /Users/sangpil/GitHub/SP.Engine/Engine/SP.Engine.Server/BaseSession.cs:line 95
   at SP.Engine.Server.Session.Close(CloseReason reason) in /Users/sangpil/GitHub/SP.Engine/Engine/SP.Engine.Server/Session.cs:line 42
   at SP.Engine.Server.Command.Close.ExecuteCommand(Session session, Close protocol) in /Users/sangpil/GitHub/SP.Engine/Engine/SP.Engine.Server/Command/Close.cs:line 22
   at SP.Engine.Runtime.Command.BaseCommand`2.Execute(ICommandContext context, IMessage message) in /Users/sangpil/GitHub/SP.Engine/Engine/SP.Engine.Runtime/Command/BaseCommand.cs:line 20
   at SP.Engine.Server.Engine.ExecuteMessage(Session session, IMessage message) in /Users/sangpil/GitHub/SP.Engine/Engine/SP.Engine.Server/Engine.cs:line 316
   at SP.Engine.Server.Session.ExecuteMessage(IMessage message) in /Users/sangpil/GitHub/SP.Engine/Engine/SP.Engine.Server/Session.cs:line 286
   at SP.Engine.Server.BaseSession.OnReceivedMessage(IMessage message) in /Users/sangpil/GitHub/SP.Engine/Engine/SP.Engine.Server/BaseSession.cs:line 130
   at SP.Engine.Server.BaseSession.SP.Engine.Server.IBaseSession.ProcessTcpBuffer(Byte[] buffer, Int32 offset, Int32 length) in /Users/sangpil/GitHub/SP.Engine/Engine/SP.Engine.Server/BaseSession.cs:line 220
[15:46:25.374 INF] [T:7] [PerfMonitor] Time:2026-03-20 06:46:24.366Z CPU=0.0% WS=74.86MB Managed=11.27MB Threads=34
[15:46:55.367 INF] [T:7] [PerfMonitor] Time:2026-03-20 06:46:54.366Z CPU=0.0% WS=70.02MB Managed=11.66MB Threads=33
[15:47:25.367 INF] [T:7] [PerfMonitor] Time:2026-03-20 06:47:24.367Z CPU=0.0% WS=71.36MB Managed=12.03MB Threads=33
[15:47:55.368 INF] [T:7] [PerfMonitor] Time:2026-03-20 06:47:54.367Z CPU=0.0% WS=72.08MB Managed=12.42MB Threads=35
[15:48:25.367 INF] [T:7] [PerfMonitor] Time:2026-03-20 06:48:24.367Z CPU=0.0% WS=72.92MB Managed=12.81MB Threads=34
[15:48:55.369 INF] [T:7] [PerfMonitor] Time:2026-03-20 06:48:54.367Z CPU=0.0% WS=72.62MB Managed=13.18MB Threads=33
[15:49:25.368 INF] [T:7] [PerfMonitor] Time:2026-03-20 06:49:24.367Z CPU=0.0% WS=58.56MB Managed=13.55MB Threads=32
[15:49:40.116 INF] [T:1] [Rank] Logger setup was successful: Rank
[15:49:40.251 DBG] [T:1] [Rank] [Engine] Discovered '5' commands: [3003, 3002, 3001, 3000, 1000]
[15:49:40.253 INF] [T:1] [Rank] The server Rank is initialized.
[15:49:40.493 DBG] [T:1] [Rank] [Daily] Reward loaded. season="Daily"/1, uid=1, rank=2, score=30, isRewarded=false, item=[0:0:70]
[15:49:40.493 DBG] [T:1] [Rank] [Daily] Reward loaded. season="Daily"/1, uid=2, rank=1, score=40, isRewarded=false, item=[0:0:100]
[15:49:40.493 DBG] [T:1] [Rank] [Daily] Reward loaded. season="Daily"/1, uid=1000001, rank=3, score=10, isRewarded=false, item=[0:0:50]
[15:49:40.493 DBG] [T:1] [Rank] [Daily] Reward loaded. season="Daily"/12, uid=1000001, rank=1, score=30, isRewarded=false, item=[0:0:100]
[15:49:40.500 INF] [T:1] [Rank] [Daily] Season loaded. kind="Daily", num=88, state="Running", start="2026-03-20T00:00:00.0000000+09:00", end="2026-03-21T00:00:00.0000000+09:00"
[15:49:40.502 INF] [T:1] [Rank] Listener (0.0.0.0:20001:"Tcp") was started.
[15:49:40.504 INF] [T:1] [Rank] The server instance Rank was been started!
[15:49:50.170 DBG] [T:15] [Rank] A new session connected. sessionId=0476dcd1-2e78-420f-9f53-490090f57151, remoteEndPoint=127.0.0.1:56047
[15:49:50.191 DBG] [T:16] [Rank] [PeerFiber] 1 added
[15:49:50.223 DBG] [T:10] [Rank] Session authentication succeeded. sessionId=0476dcd1-2e78-420f-9f53-490090f57151, peerId=1
[15:49:50.263 INF] [T:26] [Rank] Server Game registered: 192.168.0.191:10001
[15:49:55.153 DBG] [T:10] [Rank] Received a termination request from the client. isClosing=false
[15:49:55.158 DBG] [T:10] [Rank] The session 0476dcd1-2e78-420f-9f53-490090f57151 has been closed. reason="ClientClosing"
[15:49:55.158 ERR] [T:10] [Rank] Object reference not set to an instance of an object.
System.NullReferenceException: Object reference not set to an instance of an object.
   at SP.Engine.Server.Engine.RemovePeer(BasePeer peer, CloseReason reason) in /Users/sangpil/GitHub/SP.Engine/Engine/SP.Engine.Server/Engine.cs:line 128
   at SP.Engine.Server.Engine.OnSessionClosed(Session session, CloseReason reason) in /Users/sangpil/GitHub/SP.Engine/Engine/SP.Engine.Server/Engine.cs:line 144
   at SP.Engine.Server.BaseEngine.OnNetworkSessionClosed(INetworkSession ns, CloseReason reason) in /Users/sangpil/GitHub/SP.Engine/Engine/SP.Engine.Server/BaseEngine.cs:line 352
   at SP.Engine.Server.BaseNetworkSession.OnClosed(CloseReason reason) in /Users/sangpil/GitHub/SP.Engine/Engine/SP.Engine.Server/BaseNetworkSession.cs:line 155
   at SP.Engine.Server.TcpNetworkSession.OnClosed(CloseReason reason) in /Users/sangpil/GitHub/SP.Engine/Engine/SP.Engine.Server/TcpNetworkSession.cs:line 85
   at SP.Engine.Server.BaseNetworkSession.InternalClose(Socket client, CloseReason reason, Boolean isSetCloseReason) in /Users/sangpil/GitHub/SP.Engine/Engine/SP.Engine.Server/BaseNetworkSession.cs:line 289
   at SP.Engine.Server.BaseNetworkSession.Close(CloseReason reason) in /Users/sangpil/GitHub/SP.Engine/Engine/SP.Engine.Server/BaseNetworkSession.cs:line 133
   at SP.Engine.Server.BaseSession.Close(CloseReason reason) in /Users/sangpil/GitHub/SP.Engine/Engine/SP.Engine.Server/BaseSession.cs:line 95
   at SP.Engine.Server.Session.Close(CloseReason reason) in /Users/sangpil/GitHub/SP.Engine/Engine/SP.Engine.Server/Session.cs:line 42
   at SP.Engine.Server.Command.Close.ExecuteCommand(Session session, Close protocol) in /Users/sangpil/GitHub/SP.Engine/Engine/SP.Engine.Server/Command/Close.cs:line 22
   at SP.Engine.Runtime.Command.BaseCommand`2.Execute(ICommandContext context, IMessage message) in /Users/sangpil/GitHub/SP.Engine/Engine/SP.Engine.Runtime/Command/BaseCommand.cs:line 20
   at SP.Engine.Server.Engine.ExecuteMessage(Session session, IMessage message) in /Users/sangpil/GitHub/SP.Engine/Engine/SP.Engine.Server/Engine.cs:line 316
   at SP.Engine.Server.Session.ExecuteMessage(IMessage message) in /Users/sangpil/GitHub/SP.Engine/Engine/SP.Engine.Server/Session.cs:line 286
   at SP.Engine.Server.BaseSession.OnReceivedMessage(IMessage message) in /Users/sangpil/GitHub/SP.Engine/Engine/SP.Engine.Server/BaseSession.cs:line 130
   at SP.Engine.Server.BaseSession.SP.Engine.Server.IBaseSession.ProcessTcpBuffer(Byte[] buffer, Int32 offset, Int32 length) in /Users/sangpil/GitHub/SP.Engine/Engine/SP.Engine.Server/BaseSession.cs:line 220
[15:52:13.348 INF] [T:1] [Rank] Logger setup was successful: Rank
[15:52:13.486 DBG] [T:1] [Rank] [Engine] Discovered '5' commands: [3003, 3002, 3001, 3000, 1000]
[15:52:13.488 INF] [T:1] [Rank] The server Rank is initialized.
[15:52:13.733 DBG] [T:1] [Rank] [Daily] Reward loaded. season="Daily"/1, uid=1, rank=2, score=30, isRewarded=false, item=[0:0:70]
[15:52:13.733 DBG] [T:1] [Rank] [Daily] Reward loaded. season="Daily"/1, uid=2, rank=1, score=40, isRewarded=false, item=[0:0:100]
[15:52:13.733 DBG] [T:1] [Rank] [Daily] Reward loaded. season="Daily"/1, uid=1000001, rank=3, score=10, isRewarded=false, item=[0:0:50]
[15:52:13.733 DBG] [T:1] [Rank] [Daily] Reward loaded. season="Daily"/12, uid=1000001, rank=1, score=30, isRewarded=false, item=[0:0:100]
[15:52:13.740 INF] [T:1] [Rank] [Daily] Season loaded. kind="Daily", num=88, state="Running", start="2026-03-19T15:00:00.0000000+09:00", end="2026-03-20T15:00:00.0000000+09:00"
[15:52:13.742 INF] [T:1] [Rank] Listener (0.0.0.0:20001:"Tcp") was started.
[15:52:13.744 INF] [T:1] [Rank] The server instance Rank was been started!
[15:52:13.800 DBG] [T:12] [Rank] [Daily] Reward loaded. season="Daily"/1, uid=1, rank=2, score=30, isRewarded=false, item=[0:0:70]
[15:52:13.800 DBG] [T:12] [Rank] [Daily] Reward loaded. season="Daily"/1, uid=2, rank=1, score=40, isRewarded=false, item=[0:0:100]
[15:52:13.800 DBG] [T:12] [Rank] [Daily] Reward loaded. season="Daily"/1, uid=1000001, rank=3, score=10, isRewarded=false, item=[0:0:50]
[15:52:13.800 DBG] [T:12] [Rank] [Daily] Reward loaded. season="Daily"/12, uid=1000001, rank=1, score=30, isRewarded=false, item=[0:0:100]
[15:52:23.741 DBG] [T:29] [Rank] A new session connected. sessionId=317a11cc-292b-4b51-9c03-6df188ab8ebf, remoteEndPoint=127.0.0.1:56078
[15:52:23.766 DBG] [T:15] [Rank] [PeerFiber] 1 added
[15:52:23.797 DBG] [T:29] [Rank] Session authentication succeeded. sessionId=317a11cc-292b-4b51-9c03-6df188ab8ebf, peerId=1
[15:52:23.837 INF] [T:25] [Rank] Server Game registered: 192.168.0.191:10001
[15:52:27.070 DBG] [T:11] [Rank] Received a termination request from the client. isClosing=false
[15:52:27.074 DBG] [T:11] [Rank] The session 317a11cc-292b-4b51-9c03-6df188ab8ebf has been closed. reason="ClientClosing"
[15:52:27.074 ERR] [T:11] [Rank] OwnerFiber is null. 1
[15:52:43.496 INF] [T:7] [PerfMonitor] Time:2026-03-20 06:52:42.488Z CPU=0.0% WS=66.38MB Managed=11.35MB Threads=34
[15:53:13.489 INF] [T:7] [PerfMonitor] Time:2026-03-20 06:53:12.488Z CPU=0.0% WS=67.95MB Managed=11.74MB Threads=34
[15:53:43.489 INF] [T:7] [PerfMonitor] Time:2026-03-20 06:53:42.488Z CPU=0.0% WS=67.53MB Managed=12.13MB Threads=34
[15:54:13.489 INF] [T:7] [PerfMonitor] Time:2026-03-20 06:54:12.488Z CPU=0.0% WS=66.52MB Managed=12.54MB Threads=35
[15:54:26.069 INF] [T:1] [Rank] Logger setup was successful: Rank
[15:54:26.201 DBG] [T:1] [Rank] [Engine] Discovered '5' commands: [3003, 3002, 3001, 3000, 1000]
[15:54:26.202 INF] [T:1] [Rank] The server Rank is initialized.
[15:54:26.478 DBG] [T:1] [Rank] [Daily] Reward loaded. season="Daily"/1, uid=1, rank=2, score=30, isRewarded=false, item=[0:0:70]
[15:54:26.478 DBG] [T:1] [Rank] [Daily] Reward loaded. season="Daily"/1, uid=2, rank=1, score=40, isRewarded=false, item=[0:0:100]
[15:54:26.478 DBG] [T:1] [Rank] [Daily] Reward loaded. season="Daily"/1, uid=1000001, rank=3, score=10, isRewarded=false, item=[0:0:50]
[15:54:26.478 DBG] [T:1] [Rank] [Daily] Reward loaded. season="Daily"/12, uid=1000001, rank=1, score=30, isRewarded=false, item=[0:0:100]
[15:54:26.484 INF] [T:1] [Rank] [Daily] Season loaded. kind="Daily", num=88, state="Break", start="2026-03-19T06:00:00.0000000+09:00", end="2026-03-20T06:00:00.0000000+09:00"
[15:54:26.487 INF] [T:1] [Rank] Listener (0.0.0.0:20001:"Tcp") was started.
[15:54:26.488 INF] [T:1] [Rank] The server instance Rank was been started!
[15:54:26.510 INF] [T:12] [Rank] [Daily] Next season scheduled. kind="Daily", num=89, start="2026-03-20T00:00:00.0000000+00:00", end="2026-03-21T00:00:00.0000000+00:00"
[16:03:49.657 INF] [T:1] [Rank] Logger setup was successful: Rank
[16:03:49.797 DBG] [T:1] [Rank] [Engine] Discovered '5' commands: [3003, 3002, 3001, 3000, 1000]
[16:03:49.798 INF] [T:1] [Rank] The server Rank is initialized.
[16:03:49.802 INF] [T:7] [PerfMonitor] Time:2026-03-20 07:03:49.799Z CPU=0.6% WS=62.83MB Managed=753.55KB Threads=17
[16:03:50.056 DBG] [T:1] [Rank] [Daily] Reward loaded. season="Daily"/1, uid=1, rank=2, score=30, isRewarded=false, item=[0:0:70]
[16:03:50.056 DBG] [T:1] [Rank] [Daily] Reward loaded. season="Daily"/1, uid=2, rank=1, score=40, isRewarded=false, item=[0:0:100]
[16:03:50.056 DBG] [T:1] [Rank] [Daily] Reward loaded. season="Daily"/1, uid=1000001, rank=3, score=10, isRewarded=false, item=[0:0:50]
[16:03:50.056 DBG] [T:1] [Rank] [Daily] Reward loaded. season="Daily"/12, uid=1000001, rank=1, score=30, isRewarded=false, item=[0:0:100]
[16:03:50.062 INF] [T:1] [Rank] [Daily] Season loaded. kind="Daily", num=89, state="Running", start="2026-03-19T15:00:00.0000000+09:00", end="2026-03-20T15:00:00.0000000+09:00"
[16:03:50.064 INF] [T:1] [Rank] Listener (0.0.0.0:20001:"Tcp") was started.
[16:03:50.066 INF] [T:1] [Rank] The server instance Rank was been started!
[16:03:50.111 DBG] [T:12] [Rank] [Daily] Reward loaded. season="Daily"/1, uid=1, rank=2, score=30, isRewarded=false, item=[0:0:70]
[16:03:50.111 DBG] [T:12] [Rank] [Daily] Reward loaded. season="Daily"/1, uid=2, rank=1, score=40, isRewarded=false, item=[0:0:100]
[16:03:50.111 DBG] [T:12] [Rank] [Daily] Reward loaded. season="Daily"/1, uid=1000001, rank=3, score=10, isRewarded=false, item=[0:0:50]
[16:03:50.111 DBG] [T:12] [Rank] [Daily] Reward loaded. season="Daily"/12, uid=1000001, rank=1, score=30, isRewarded=false, item=[0:0:100]
[16:04:19.551 DBG] [T:11] [Rank] A new session connected. sessionId=6ad6a954-2116-4903-b1e9-a8dc0c644236, remoteEndPoint=127.0.0.1:56160
[16:04:19.609 DBG] [T:26] [Rank] Session authentication succeeded. sessionId=6ad6a954-2116-4903-b1e9-a8dc0c644236, peerId=1
[16:04:19.650 INF] [T:26] [Rank] Server Game registered: 192.168.0.191:10001
[16:04:19.799 INF] [T:7] [PerfMonitor] Time:2026-03-20 07:04:18.798Z CPU=0.0% WS=57.73MB Managed=10.43MB Threads=35
[16:04:22.067 DBG] [T:11] [Rank] Received a termination request from the client. isClosing=false
[16:04:22.071 DBG] [T:11] [Rank] The session 6ad6a954-2116-4903-b1e9-a8dc0c644236 has been closed. reason="ClientClosing"
[16:04:29.730 DBG] [T:25] [Rank] A new session connected. sessionId=9c244314-2d14-4ae9-bb19-f5872b0e5eb2, remoteEndPoint=127.0.0.1:56163
[16:04:29.765 DBG] [T:26] [Rank] Session authentication succeeded. sessionId=9c244314-2d14-4ae9-bb19-f5872b0e5eb2, peerId=1
[16:04:29.794 INF] [T:25] [Rank] Server Game registered: 192.168.0.191:10001
[16:04:49.798 INF] [T:7] [PerfMonitor] Time:2026-03-20 07:04:48.799Z CPU=0.0% WS=79.20MB Managed=12.78MB Threads=34
[16:05:19.799 INF] [T:7] [PerfMonitor] Time:2026-03-20 07:05:18.799Z CPU=0.0% WS=65.58MB Managed=13.29MB Threads=35
[16:05:49.800 INF] [T:7] [PerfMonitor] Time:2026-03-20 07:05:48.800Z CPU=0.1% WS=74.55MB Managed=8.70MB Threads=35
[16:06:19.799 INF] [T:7] [PerfMonitor] Time:2026-03-20 07:06:18.800Z CPU=0.1% WS=76.81MB Managed=10.39MB Threads=34
[16:06:49.800 INF] [T:7] [PerfMonitor] Time:2026-03-20 07:06:48.801Z CPU=0.1% WS=77.66MB Managed=10.89MB Threads=33
[16:07:19.801 INF] [T:7] [PerfMonitor] Time:2026-03-20 07:07:18.801Z CPU=0.1% WS=83.33MB Managed=11.40MB Threads=33
[16:07:49.803 INF] [T:7] [PerfMonitor] Time:2026-03-20 07:07:48.801Z CPU=0.1% WS=83.52MB Managed=11.90MB Threads=34
[16:08:19.800 INF] [T:7] [PerfMonitor] Time:2026-03-20 07:08:18.800Z CPU=0.1% WS=83.69MB Managed=12.41MB Threads=33
[16:08:49.800 INF] [T:7] [PerfMonitor] Time:2026-03-20 07:08:48.801Z CPU=0.1% WS=83.77MB Managed=12.93MB Threads=33
[16:09:19.801 INF] [T:7] [PerfMonitor] Time:2026-03-20 07:09:18.801Z CPU=0.1% WS=83.91MB Managed=13.44MB Threads=34
[16:09:49.801 INF] [T:7] [PerfMonitor] Time:2026-03-20 07:09:48.801Z CPU=0.0% WS=83.59MB Managed=13.92MB Threads=33
[16:10:19.802 INF] [T:7] [PerfMonitor] Time:2026-03-20 07:10:18.802Z CPU=0.1% WS=81.59MB Managed=14.45MB Threads=34
[16:10:49.802 INF] [T:7] [PerfMonitor] Time:2026-03-20 07:10:48.801Z CPU=0.1% WS=82.70MB Managed=14.94MB Threads=34
[16:11:19.802 INF] [T:7] [PerfMonitor] Time:2026-03-20 07:11:18.802Z CPU=0.1% WS=82.77MB Managed=15.43MB Threads=33
[16:11:49.802 INF] [T:7] [PerfMonitor] Time:2026-03-20 07:11:49.802Z CPU=0.0% WS=83.77MB Managed=15.94MB Threads=34
[16:12:19.801 INF] [T:7] [PerfMonitor] Time:2026-03-20 07:12:18.802Z CPU=0.1% WS=84.38MB Managed=16.45MB Threads=33
[16:12:49.802 INF] [T:7] [PerfMonitor] Time:2026-03-20 07:12:48.802Z CPU=0.0% WS=81.39MB Managed=16.94MB Threads=33
[16:13:19.802 INF] [T:7] [PerfMonitor] Time:2026-03-20 07:13:18.802Z CPU=0.1% WS=81.92MB Managed=17.43MB Threads=33
[16:13:49.803 INF] [T:7] [PerfMonitor] Time:2026-03-20 07:13:48.803Z CPU=0.1% WS=86.31MB Managed=10.22MB Threads=34
[16:14:19.803 INF] [T:7] [PerfMonitor] Time:2026-03-20 07:14:18.802Z CPU=0.1% WS=86.36MB Managed=10.73MB Threads=33
[16:14:49.802 INF] [T:7] [PerfMonitor] Time:2026-03-20 07:14:48.802Z CPU=0.1% WS=86.84MB Managed=11.24MB Threads=34
[16:15:19.803 INF] [T:7] [PerfMonitor] Time:2026-03-20 07:15:18.803Z CPU=0.0% WS=87.02MB Managed=11.74MB Threads=34
[16:15:49.803 INF] [T:7] [PerfMonitor] Time:2026-03-20 07:15:48.803Z CPU=0.1% WS=86.98MB Managed=12.25MB Threads=33
[16:16:19.804 INF] [T:7] [PerfMonitor] Time:2026-03-20 07:16:18.803Z CPU=0.1% WS=87.02MB Managed=12.77MB Threads=34
[16:16:49.804 INF] [T:7] [PerfMonitor] Time:2026-03-20 07:16:48.803Z CPU=0.1% WS=87.00MB Managed=13.25MB Threads=33
[16:17:19.802 INF] [T:7] [PerfMonitor] Time:2026-03-20 07:17:18.802Z CPU=0.1% WS=87.02MB Managed=13.75MB Threads=33
[16:17:49.803 INF] [T:7] [PerfMonitor] Time:2026-03-20 07:17:48.802Z CPU=0.1% WS=87.03MB Managed=14.23MB Threads=33
[16:18:19.803 INF] [T:7] [PerfMonitor] Time:2026-03-20 07:18:18.802Z CPU=0.1% WS=87.05MB Managed=14.74MB Threads=34
[16:18:49.803 INF] [T:7] [PerfMonitor] Time:2026-03-20 07:18:48.803Z CPU=0.1% WS=87.08MB Managed=15.26MB Threads=34
[16:19:19.803 INF] [T:7] [PerfMonitor] Time:2026-03-20 07:19:18.802Z CPU=0.1% WS=87.16MB Managed=15.75MB Threads=33
[16:19:49.803 INF] [T:7] [PerfMonitor] Time:2026-03-20 07:19:48.803Z CPU=0.1% WS=87.17MB Managed=16.24MB Threads=33
[16:20:19.803 INF] [T:7] [PerfMonitor] Time:2026-03-20 07:20:18.803Z CPU=0.1% WS=87.20MB Managed=16.76MB Threads=33
[16:20:49.803 INF] [T:7] [PerfMonitor] Time:2026-03-20 07:20:48.802Z CPU=0.1% WS=87.23MB Managed=17.24MB Threads=33
[16:21:19.804 INF] [T:7] [PerfMonitor] Time:2026-03-20 07:21:18.803Z CPU=0.1% WS=87.25MB Managed=17.74MB Threads=33
[16:21:49.804 INF] [T:7] [PerfMonitor] Time:2026-03-20 07:21:48.804Z CPU=0.1% WS=87.27MB Managed=10.61MB Threads=33
[16:22:19.805 INF] [T:7] [PerfMonitor] Time:2026-03-20 07:22:18.805Z CPU=0.1% WS=87.27MB Managed=11.12MB Threads=33
[16:22:49.804 INF] [T:7] [PerfMonitor] Time:2026-03-20 07:22:48.805Z CPU=0.1% WS=87.27MB Managed=11.61MB Threads=33
[16:23:19.805 INF] [T:7] [PerfMonitor] Time:2026-03-20 07:23:18.805Z CPU=0.1% WS=87.27MB Managed=12.11MB Threads=33
[16:23:49.806 INF] [T:7] [PerfMonitor] Time:2026-03-20 07:23:48.804Z CPU=0.1% WS=87.28MB Managed=12.60MB Threads=34
[16:24:19.806 INF] [T:7] [PerfMonitor] Time:2026-03-20 07:24:18.804Z CPU=0.1% WS=87.27MB Managed=13.12MB Threads=33
[16:24:49.805 INF] [T:7] [PerfMonitor] Time:2026-03-20 07:24:48.805Z CPU=0.1% WS=87.27MB Managed=13.63MB Threads=33
[16:25:19.806 INF] [T:7] [PerfMonitor] Time:2026-03-20 07:25:18.806Z CPU=0.1% WS=87.27MB Managed=14.12MB Threads=33
[16:25:49.806 INF] [T:7] [PerfMonitor] Time:2026-03-20 07:25:48.806Z CPU=0.1% WS=87.30MB Managed=14.64MB Threads=33
[16:26:19.804 INF] [T:7] [PerfMonitor] Time:2026-03-20 07:26:18.806Z CPU=0.1% WS=87.31MB Managed=15.16MB Threads=34
[16:26:49.806 INF] [T:7] [PerfMonitor] Time:2026-03-20 07:26:48.807Z CPU=0.1% WS=87.31MB Managed=15.66MB Threads=33
[16:27:19.807 INF] [T:7] [PerfMonitor] Time:2026-03-20 07:27:18.812Z CPU=0.1% WS=86.92MB Managed=16.14MB Threads=34
[16:27:49.805 INF] [T:7] [PerfMonitor] Time:2026-03-20 07:27:48.805Z CPU=0.1% WS=74.45MB Managed=16.67MB Threads=34
[16:28:19.806 INF] [T:7] [PerfMonitor] Time:2026-03-20 07:28:18.806Z CPU=0.1% WS=76.09MB Managed=17.17MB Threads=33
[16:28:49.806 INF] [T:7] [PerfMonitor] Time:2026-03-20 07:28:48.806Z CPU=0.1% WS=76.19MB Managed=17.69MB Threads=34
[16:29:19.806 INF] [T:7] [PerfMonitor] Time:2026-03-20 07:29:18.806Z CPU=0.1% WS=75.16MB Managed=10.59MB Threads=33
[16:29:49.805 INF] [T:7] [PerfMonitor] Time:2026-03-20 07:29:48.807Z CPU=0.1% WS=75.19MB Managed=11.09MB Threads=33
[16:30:19.806 INF] [T:7] [PerfMonitor] Time:2026-03-20 07:30:18.807Z CPU=0.1% WS=76.67MB Managed=11.60MB Threads=33
[16:30:49.806 INF] [T:7] [PerfMonitor] Time:2026-03-20 07:30:48.806Z CPU=0.1% WS=77.34MB Managed=12.12MB Threads=34
[16:31:19.806 INF] [T:7] [PerfMonitor] Time:2026-03-20 07:31:18.807Z CPU=0.1% WS=77.33MB Managed=12.61MB Threads=33
[16:31:49.806 INF] [T:7] [PerfMonitor] Time:2026-03-20 07:31:48.807Z CPU=0.1% WS=77.34MB Managed=13.12MB Threads=34
[16:32:19.807 INF] [T:7] [PerfMonitor] Time:2026-03-20 07:32:18.807Z CPU=0.1% WS=77.44MB Managed=13.61MB Threads=34
[16:32:49.807 INF] [T:7] [PerfMonitor] Time:2026-03-20 07:32:48.807Z CPU=0.1% WS=77.45MB Managed=14.09MB Threads=33
[16:33:19.807 INF] [T:7] [PerfMonitor] Time:2026-03-20 07:33:18.808Z CPU=0.1% WS=77.45MB Managed=14.59MB Threads=33
[16:33:49.808 INF] [T:7] [PerfMonitor] Time:2026-03-20 07:33:48.807Z CPU=0.1% WS=77.53MB Managed=15.07MB Threads=33
[16:34:19.808 INF] [T:7] [PerfMonitor] Time:2026-03-20 07:34:19.808Z CPU=0.1% WS=77.78MB Managed=15.61MB Threads=33
[16:34:49.808 INF] [T:7] [PerfMonitor] Time:2026-03-20 07:34:48.808Z CPU=0.1% WS=73.56MB Managed=16.09MB Threads=34
[16:35:19.807 INF] [T:7] [PerfMonitor] Time:2026-03-20 07:35:18.806Z CPU=0.1% WS=73.80MB Managed=16.61MB Threads=34
[16:35:49.808 INF] [T:7] [PerfMonitor] Time:2026-03-20 07:35:48.808Z CPU=0.1% WS=72.20MB Managed=17.12MB Threads=33
[16:36:19.809 INF] [T:7] [PerfMonitor] Time:2026-03-20 07:36:19.808Z CPU=0.1% WS=71.09MB Managed=17.63MB Threads=33
[16:36:49.809 INF] [T:7] [PerfMonitor] Time:2026-03-20 07:36:48.809Z CPU=0.1% WS=72.23MB Managed=10.50MB Threads=33
[16:37:19.809 INF] [T:7] [PerfMonitor] Time:2026-03-20 07:37:18.808Z CPU=0.1% WS=72.27MB Managed=10.99MB Threads=33
[16:37:49.809 INF] [T:7] [PerfMonitor] Time:2026-03-20 07:37:49.809Z CPU=0.1% WS=72.27MB Managed=11.49MB Threads=33
[16:38:19.809 INF] [T:7] [PerfMonitor] Time:2026-03-20 07:38:18.809Z CPU=0.1% WS=72.42MB Managed=11.99MB Threads=34
[16:38:49.810 INF] [T:7] [PerfMonitor] Time:2026-03-20 07:38:48.809Z CPU=0.1% WS=72.48MB Managed=12.51MB Threads=35
[16:39:19.809 INF] [T:7] [PerfMonitor] Time:2026-03-20 07:39:18.809Z CPU=0.1% WS=72.55MB Managed=13.01MB Threads=34
[16:39:49.809 INF] [T:7] [PerfMonitor] Time:2026-03-20 07:39:48.808Z CPU=0.1% WS=72.91MB Managed=13.51MB Threads=34
[16:40:19.809 INF] [T:7] [PerfMonitor] Time:2026-03-20 07:40:18.810Z CPU=0.1% WS=72.89MB Managed=14.02MB Threads=33
[16:40:49.809 INF] [T:7] [PerfMonitor] Time:2026-03-20 07:40:48.810Z CPU=0.0% WS=71.72MB Managed=14.51MB Threads=33
[16:41:19.810 INF] [T:7] [PerfMonitor] Time:2026-03-20 07:41:18.810Z CPU=0.1% WS=69.08MB Managed=15.01MB Threads=33
[16:41:49.810 INF] [T:7] [PerfMonitor] Time:2026-03-20 07:41:48.810Z CPU=0.1% WS=69.41MB Managed=15.49MB Threads=33
[16:42:19.810 INF] [T:7] [PerfMonitor] Time:2026-03-20 07:42:18.810Z CPU=0.1% WS=69.58MB Managed=16.00MB Threads=33
[16:42:49.810 INF] [T:7] [PerfMonitor] Time:2026-03-20 07:42:48.810Z CPU=0.0% WS=69.66MB Managed=16.51MB Threads=34
[16:43:19.810 INF] [T:7] [PerfMonitor] Time:2026-03-20 07:43:18.811Z CPU=0.0% WS=69.67MB Managed=17.01MB Threads=34
[16:43:49.811 INF] [T:7] [PerfMonitor] Time:2026-03-20 07:43:48.811Z CPU=0.0% WS=39.84MB Managed=17.51MB Threads=33
[16:44:19.811 INF] [T:7] [PerfMonitor] Time:2026-03-20 07:44:18.811Z CPU=0.1% WS=54.11MB Managed=10.50MB Threads=33
[16:44:49.811 INF] [T:7] [PerfMonitor] Time:2026-03-20 07:44:48.811Z CPU=0.1% WS=54.73MB Managed=11.00MB Threads=33
[16:45:19.811 INF] [T:7] [PerfMonitor] Time:2026-03-20 07:45:18.811Z CPU=0.1% WS=54.77MB Managed=11.52MB Threads=33
[16:45:49.811 INF] [T:7] [PerfMonitor] Time:2026-03-20 07:45:48.811Z CPU=0.1% WS=54.86MB Managed=12.03MB Threads=35
[16:46:19.811 INF] [T:7] [PerfMonitor] Time:2026-03-20 07:46:18.811Z CPU=0.1% WS=62.09MB Managed=12.54MB Threads=33
[16:46:49.811 INF] [T:7] [PerfMonitor] Time:2026-03-20 07:46:48.811Z CPU=0.1% WS=62.48MB Managed=13.07MB Threads=37
[16:47:19.812 INF] [T:7] [PerfMonitor] Time:2026-03-20 07:47:18.811Z CPU=0.1% WS=62.45MB Managed=13.57MB Threads=34
[16:47:49.812 INF] [T:7] [PerfMonitor] Time:2026-03-20 07:47:48.811Z CPU=0.0% WS=62.30MB Managed=14.05MB Threads=33
[16:48:19.812 INF] [T:7] [PerfMonitor] Time:2026-03-20 07:48:18.812Z CPU=0.0% WS=61.91MB Managed=14.58MB Threads=33
[16:48:49.812 INF] [T:7] [PerfMonitor] Time:2026-03-20 07:48:48.812Z CPU=0.0% WS=48.64MB Managed=15.11MB Threads=35
[16:49:19.812 INF] [T:7] [PerfMonitor] Time:2026-03-20 07:49:18.812Z CPU=0.1% WS=49.97MB Managed=15.60MB Threads=34
[16:49:49.813 INF] [T:7] [PerfMonitor] Time:2026-03-20 07:49:48.812Z CPU=0.0% WS=51.45MB Managed=16.12MB Threads=34
[16:50:19.813 INF] [T:7] [PerfMonitor] Time:2026-03-20 07:50:18.813Z CPU=0.1% WS=52.11MB Managed=16.64MB Threads=35
[16:50:49.813 INF] [T:7] [PerfMonitor] Time:2026-03-20 07:50:48.812Z CPU=0.0% WS=52.50MB Managed=17.13MB Threads=33
[16:51:19.813 INF] [T:7] [PerfMonitor] Time:2026-03-20 07:51:19.813Z CPU=0.1% WS=55.88MB Managed=17.64MB Threads=34
[16:51:49.813 INF] [T:7] [PerfMonitor] Time:2026-03-20 07:51:48.812Z CPU=0.1% WS=60.36MB Managed=10.58MB Threads=34
[16:52:19.813 INF] [T:7] [PerfMonitor] Time:2026-03-20 07:52:18.813Z CPU=0.1% WS=60.86MB Managed=11.08MB Threads=33
[16:52:49.814 INF] [T:7] [PerfMonitor] Time:2026-03-20 07:52:48.813Z CPU=0.1% WS=61.16MB Managed=11.59MB Threads=34
[16:53:19.813 INF] [T:7] [PerfMonitor] Time:2026-03-20 07:53:18.813Z CPU=0.1% WS=60.39MB Managed=12.10MB Threads=35
[16:53:49.814 INF] [T:7] [PerfMonitor] Time:2026-03-20 07:53:48.814Z CPU=0.1% WS=60.44MB Managed=12.58MB Threads=33
[16:54:19.814 INF] [T:7] [PerfMonitor] Time:2026-03-20 07:54:18.814Z CPU=0.1% WS=61.14MB Managed=13.11MB Threads=35
[16:54:49.814 INF] [T:7] [PerfMonitor] Time:2026-03-20 07:54:48.814Z CPU=0.1% WS=58.09MB Managed=13.59MB Threads=33
[16:55:19.814 INF] [T:7] [PerfMonitor] Time:2026-03-20 07:55:18.814Z CPU=0.1% WS=56.70MB Managed=14.08MB Threads=33
[16:55:49.815 INF] [T:7] [PerfMonitor] Time:2026-03-20 07:55:48.814Z CPU=0.1% WS=56.66MB Managed=14.58MB Threads=33
[16:56:19.814 INF] [T:7] [PerfMonitor] Time:2026-03-20 07:56:18.814Z CPU=0.1% WS=56.08MB Managed=15.09MB Threads=33
[16:56:49.814 INF] [T:7] [PerfMonitor] Time:2026-03-20 07:56:48.815Z CPU=0.1% WS=56.84MB Managed=15.59MB Threads=33
[16:57:19.815 INF] [T:7] [PerfMonitor] Time:2026-03-20 07:57:18.815Z CPU=0.1% WS=57.36MB Managed=16.07MB Threads=33
[16:57:49.815 INF] [T:7] [PerfMonitor] Time:2026-03-20 07:57:48.815Z CPU=0.0% WS=57.77MB Managed=16.57MB Threads=33
[16:58:19.815 INF] [T:7] [PerfMonitor] Time:2026-03-20 07:58:18.814Z CPU=0.1% WS=57.95MB Managed=17.07MB Threads=33
[16:58:49.815 INF] [T:7] [PerfMonitor] Time:2026-03-20 07:58:48.815Z CPU=0.0% WS=58.33MB Managed=17.55MB Threads=33
[16:59:19.814 INF] [T:7] [PerfMonitor] Time:2026-03-20 07:59:18.815Z CPU=0.1% WS=57.09MB Managed=18.06MB Threads=34
[16:59:49.815 INF] [T:7] [PerfMonitor] Time:2026-03-20 07:59:48.815Z CPU=0.1% WS=61.11MB Managed=10.91MB Threads=33
[17:00:00.150 INF] [T:12] [Rank] [Daily] Next season scheduled. kind="Daily", num=90, start="2026-03-20T00:00:00.0000000+00:00", end="2026-03-21T00:00:00.0000000+00:00"
[17:00:19.815 INF] [T:7] [PerfMonitor] Time:2026-03-20 08:00:18.815Z CPU=0.1% WS=79.08MB Managed=12.51MB Threads=33
[17:00:49.816 INF] [T:7] [PerfMonitor] Time:2026-03-20 08:00:48.816Z CPU=0.1% WS=79.12MB Managed=12.99MB Threads=33
[17:01:19.817 INF] [T:7] [PerfMonitor] Time:2026-03-20 08:01:18.816Z CPU=0.1% WS=72.27MB Managed=13.49MB Threads=34
[17:01:49.816 INF] [T:7] [PerfMonitor] Time:2026-03-20 08:01:48.816Z CPU=0.0% WS=70.67MB Managed=14.03MB Threads=34
[17:02:19.815 INF] [T:7] [PerfMonitor] Time:2026-03-20 08:02:18.817Z CPU=0.0% WS=70.97MB Managed=14.54MB Threads=33
[17:02:49.817 INF] [T:7] [PerfMonitor] Time:2026-03-20 08:02:48.817Z CPU=0.1% WS=71.38MB Managed=15.04MB Threads=34
[17:03:19.816 INF] [T:7] [PerfMonitor] Time:2026-03-20 08:03:18.817Z CPU=0.0% WS=71.75MB Managed=15.54MB Threads=35
[17:03:49.816 INF] [T:7] [PerfMonitor] Time:2026-03-20 08:03:48.817Z CPU=0.0% WS=66.78MB Managed=16.02MB Threads=33
[17:04:19.817 INF] [T:7] [PerfMonitor] Time:2026-03-20 08:04:18.816Z CPU=0.1% WS=55.53MB Managed=16.53MB Threads=34
[17:04:49.817 INF] [T:7] [PerfMonitor] Time:2026-03-20 08:04:48.817Z CPU=0.0% WS=56.66MB Managed=17.03MB Threads=33
[17:05:19.817 INF] [T:7] [PerfMonitor] Time:2026-03-20 08:05:18.817Z CPU=0.1% WS=55.92MB Managed=17.54MB Threads=34
[17:05:49.817 INF] [T:7] [PerfMonitor] Time:2026-03-20 08:05:48.817Z CPU=0.1% WS=56.53MB Managed=18.04MB Threads=35
[17:06:19.817 INF] [T:7] [PerfMonitor] Time:2026-03-20 08:06:18.817Z CPU=0.1% WS=64.91MB Managed=11.06MB Threads=33
[17:06:49.818 INF] [T:7] [PerfMonitor] Time:2026-03-20 08:06:48.818Z CPU=0.1% WS=65.86MB Managed=11.57MB Threads=33
[17:07:19.817 INF] [T:7] [PerfMonitor] Time:2026-03-20 08:07:18.817Z CPU=0.1% WS=65.86MB Managed=12.05MB Threads=33
[17:07:49.815 INF] [T:7] [PerfMonitor] Time:2026-03-20 08:07:48.815Z CPU=0.1% WS=65.94MB Managed=12.55MB Threads=33
[17:08:19.815 INF] [T:7] [PerfMonitor] Time:2026-03-20 08:08:18.815Z CPU=0.1% WS=66.20MB Managed=13.05MB Threads=33
[17:08:49.815 INF] [T:7] [PerfMonitor] Time:2026-03-20 08:08:48.814Z CPU=0.1% WS=66.30MB Managed=13.54MB Threads=34
[17:09:19.815 INF] [T:7] [PerfMonitor] Time:2026-03-20 08:09:18.815Z CPU=0.1% WS=66.23MB Managed=14.06MB Threads=36
[17:09:49.816 INF] [T:7] [PerfMonitor] Time:2026-03-20 08:09:48.815Z CPU=0.1% WS=66.27MB Managed=14.56MB Threads=33
[17:10:19.814 INF] [T:7] [PerfMonitor] Time:2026-03-20 08:10:18.814Z CPU=0.1% WS=66.28MB Managed=15.05MB Threads=33
[17:10:49.816 INF] [T:7] [PerfMonitor] Time:2026-03-20 08:10:48.815Z CPU=0.1% WS=65.39MB Managed=15.55MB Threads=34
[17:11:19.815 INF] [T:7] [PerfMonitor] Time:2026-03-20 08:11:18.815Z CPU=0.1% WS=65.34MB Managed=16.05MB Threads=34
[17:11:49.819 INF] [T:7] [PerfMonitor] Time:2026-03-20 08:11:48.815Z CPU=0.1% WS=65.73MB Managed=16.57MB Threads=34
[17:12:19.815 INF] [T:7] [PerfMonitor] Time:2026-03-20 08:12:18.815Z CPU=0.1% WS=66.16MB Managed=17.08MB Threads=34
[17:12:49.816 INF] [T:7] [PerfMonitor] Time:2026-03-20 08:12:48.815Z CPU=0.1% WS=66.14MB Managed=17.57MB Threads=33
[17:13:19.816 INF] [T:7] [PerfMonitor] Time:2026-03-20 08:13:18.816Z CPU=0.1% WS=66.23MB Managed=18.07MB Threads=34
[17:13:49.816 INF] [T:7] [PerfMonitor] Time:2026-03-20 08:13:48.816Z CPU=0.1% WS=66.39MB Managed=10.94MB Threads=33
[17:14:19.817 INF] [T:7] [PerfMonitor] Time:2026-03-20 08:14:18.816Z CPU=0.1% WS=66.39MB Managed=11.44MB Threads=33
[17:14:49.816 INF] [T:7] [PerfMonitor] Time:2026-03-20 08:14:48.816Z CPU=0.1% WS=66.39MB Managed=11.93MB Threads=33
[17:15:19.817 INF] [T:7] [PerfMonitor] Time:2026-03-20 08:15:18.817Z CPU=0.1% WS=66.39MB Managed=12.42MB Threads=33
[17:15:49.817 INF] [T:7] [PerfMonitor] Time:2026-03-20 08:15:48.816Z CPU=0.1% WS=66.41MB Managed=12.92MB Threads=33
[17:19:52.564 INF] [T:7] [PerfMonitor] Time:2026-03-20 08:19:51.563Z CPU=0.0% WS=40.97MB Managed=13.44MB Threads=35
[17:20:22.564 INF] [T:7] [PerfMonitor] Time:2026-03-20 08:20:21.564Z CPU=0.0% WS=42.14MB Managed=13.95MB Threads=33
[17:20:52.565 INF] [T:7] [PerfMonitor] Time:2026-03-20 08:20:51.564Z CPU=0.1% WS=51.28MB Managed=14.48MB Threads=34
[17:21:22.564 INF] [T:7] [PerfMonitor] Time:2026-03-20 08:21:21.565Z CPU=0.1% WS=51.78MB Managed=14.96MB Threads=34
[17:21:52.565 INF] [T:7] [PerfMonitor] Time:2026-03-20 08:21:51.565Z CPU=0.1% WS=52.50MB Managed=15.48MB Threads=33
[17:22:22.565 INF] [T:7] [PerfMonitor] Time:2026-03-20 08:22:21.565Z CPU=0.0% WS=53.03MB Managed=15.97MB Threads=34
[17:22:52.565 INF] [T:7] [PerfMonitor] Time:2026-03-20 08:22:51.565Z CPU=0.0% WS=54.12MB Managed=16.47MB Threads=33
[17:23:22.566 INF] [T:7] [PerfMonitor] Time:2026-03-20 08:23:21.565Z CPU=0.0% WS=54.67MB Managed=16.96MB Threads=34
[17:23:52.566 INF] [T:7] [PerfMonitor] Time:2026-03-20 08:23:51.565Z CPU=0.0% WS=55.20MB Managed=17.46MB Threads=33
[17:24:22.566 INF] [T:7] [PerfMonitor] Time:2026-03-20 08:24:21.566Z CPU=0.0% WS=55.70MB Managed=17.95MB Threads=33
[17:24:52.566 INF] [T:7] [PerfMonitor] Time:2026-03-20 08:24:51.566Z CPU=0.0% WS=59.53MB Managed=10.80MB Threads=34
[17:25:22.566 INF] [T:7] [PerfMonitor] Time:2026-03-20 08:25:22.566Z CPU=0.0% WS=60.11MB Managed=11.33MB Threads=33
[17:25:52.567 INF] [T:7] [PerfMonitor] Time:2026-03-20 08:25:51.566Z CPU=0.0% WS=65.72MB Managed=11.84MB Threads=33
[17:26:22.566 INF] [T:7] [PerfMonitor] Time:2026-03-20 08:26:21.567Z CPU=0.0% WS=65.80MB Managed=12.35MB Threads=35
[17:26:52.566 INF] [T:7] [PerfMonitor] Time:2026-03-20 08:26:51.567Z CPU=0.0% WS=65.89MB Managed=12.84MB Threads=33
[17:27:22.567 INF] [T:7] [PerfMonitor] Time:2026-03-20 08:27:21.567Z CPU=0.0% WS=65.94MB Managed=13.34MB Threads=34
[17:27:52.568 INF] [T:7] [PerfMonitor] Time:2026-03-20 08:27:51.567Z CPU=0.0% WS=65.94MB Managed=13.86MB Threads=34
[17:28:22.568 INF] [T:7] [PerfMonitor] Time:2026-03-20 08:28:21.568Z CPU=0.0% WS=65.95MB Managed=14.35MB Threads=34
[17:28:52.567 INF] [T:7] [PerfMonitor] Time:2026-03-20 08:28:52.566Z CPU=0.1% WS=66.20MB Managed=14.88MB Threads=34
[17:29:22.567 INF] [T:7] [PerfMonitor] Time:2026-03-20 08:29:21.569Z CPU=0.0% WS=66.20MB Managed=15.35MB Threads=34
[17:29:52.568 INF] [T:7] [PerfMonitor] Time:2026-03-20 08:29:51.567Z CPU=0.0% WS=66.20MB Managed=15.88MB Threads=34
[17:30:22.567 INF] [T:7] [PerfMonitor] Time:2026-03-20 08:30:21.569Z CPU=0.0% WS=66.19MB Managed=16.36MB Threads=33
[17:30:52.569 INF] [T:7] [PerfMonitor] Time:2026-03-20 08:30:52.569Z CPU=0.0% WS=66.41MB Managed=16.89MB Threads=35
[17:31:22.570 INF] [T:7] [PerfMonitor] Time:2026-03-20 08:31:22.570Z CPU=0.0% WS=66.55MB Managed=17.39MB Threads=34
[17:31:52.568 INF] [T:7] [PerfMonitor] Time:2026-03-20 08:31:51.568Z CPU=0.0% WS=66.56MB Managed=17.90MB Threads=34
[17:32:22.569 INF] [T:7] [PerfMonitor] Time:2026-03-20 08:32:21.568Z CPU=0.1% WS=66.55MB Managed=18.39MB Threads=33
[17:32:52.569 INF] [T:7] [PerfMonitor] Time:2026-03-20 08:32:51.569Z CPU=0.0% WS=66.66MB Managed=11.30MB Threads=34
[17:33:22.570 INF] [T:7] [PerfMonitor] Time:2026-03-20 08:33:21.570Z CPU=0.0% WS=66.66MB Managed=11.81MB Threads=34
[17:33:52.569 INF] [T:7] [PerfMonitor] Time:2026-03-20 08:33:52.569Z CPU=0.0% WS=66.64MB Managed=12.33MB Threads=33
[17:34:22.570 INF] [T:7] [PerfMonitor] Time:2026-03-20 08:34:21.570Z CPU=0.1% WS=66.66MB Managed=12.83MB Threads=34
[17:34:52.570 INF] [T:7] [PerfMonitor] Time:2026-03-20 08:34:52.570Z CPU=0.0% WS=66.66MB Managed=13.35MB Threads=34
[17:35:22.571 INF] [T:7] [PerfMonitor] Time:2026-03-20 08:35:21.571Z CPU=0.1% WS=66.66MB Managed=13.83MB Threads=34
[17:35:52.570 INF] [T:7] [PerfMonitor] Time:2026-03-20 08:35:51.568Z CPU=0.0% WS=66.66MB Managed=14.33MB Threads=33
[17:36:22.570 INF] [T:7] [PerfMonitor] Time:2026-03-20 08:36:21.570Z CPU=0.1% WS=66.66MB Managed=14.83MB Threads=33
[17:36:52.569 INF] [T:7] [PerfMonitor] Time:2026-03-20 08:36:51.569Z CPU=0.0% WS=66.67MB Managed=15.35MB Threads=34
[17:37:22.570 INF] [T:7] [PerfMonitor] Time:2026-03-20 08:37:21.570Z CPU=0.1% WS=66.69MB Managed=15.84MB Threads=34
[17:37:52.570 INF] [T:7] [PerfMonitor] Time:2026-03-20 08:37:51.570Z CPU=0.1% WS=66.72MB Managed=16.35MB Threads=33
[17:38:22.570 INF] [T:7] [PerfMonitor] Time:2026-03-20 08:38:21.570Z CPU=0.1% WS=66.73MB Managed=16.85MB Threads=34
[17:38:52.571 INF] [T:7] [PerfMonitor] Time:2026-03-20 08:38:51.570Z CPU=0.1% WS=66.73MB Managed=17.36MB Threads=34
[17:39:22.570 INF] [T:7] [PerfMonitor] Time:2026-03-20 08:39:21.571Z CPU=0.1% WS=66.72MB Managed=17.84MB Threads=33
[17:39:52.571 INF] [T:7] [PerfMonitor] Time:2026-03-20 08:39:51.571Z CPU=0.1% WS=66.73MB Managed=18.34MB Threads=33
[17:40:22.571 INF] [T:7] [PerfMonitor] Time:2026-03-20 08:40:21.571Z CPU=0.1% WS=66.77MB Managed=11.24MB Threads=34
[17:40:52.571 INF] [T:7] [PerfMonitor] Time:2026-03-20 08:40:51.571Z CPU=0.1% WS=67.34MB Managed=11.74MB Threads=34
[17:41:22.572 INF] [T:7] [PerfMonitor] Time:2026-03-20 08:41:21.571Z CPU=0.1% WS=67.28MB Managed=12.27MB Threads=33
[17:41:52.572 INF] [T:7] [PerfMonitor] Time:2026-03-20 08:41:51.571Z CPU=0.0% WS=67.30MB Managed=12.78MB Threads=34
[17:42:22.571 INF] [T:7] [PerfMonitor] Time:2026-03-20 08:42:21.572Z CPU=0.1% WS=67.23MB Managed=13.27MB Threads=33
[17:42:52.572 INF] [T:7] [PerfMonitor] Time:2026-03-20 08:42:51.572Z CPU=0.1% WS=67.31MB Managed=13.77MB Threads=33
[17:43:22.573 INF] [T:7] [PerfMonitor] Time:2026-03-20 08:43:21.572Z CPU=0.1% WS=67.36MB Managed=14.28MB Threads=34
[17:43:52.572 INF] [T:7] [PerfMonitor] Time:2026-03-20 08:43:51.573Z CPU=0.1% WS=67.38MB Managed=14.79MB Threads=35
[17:44:22.573 INF] [T:7] [PerfMonitor] Time:2026-03-20 08:44:21.571Z CPU=0.1% WS=67.34MB Managed=15.28MB Threads=33
[17:44:52.573 INF] [T:7] [PerfMonitor] Time:2026-03-20 08:44:51.572Z CPU=0.1% WS=67.34MB Managed=15.77MB Threads=33
[17:45:22.573 INF] [T:7] [PerfMonitor] Time:2026-03-20 08:45:21.572Z CPU=0.1% WS=67.38MB Managed=16.27MB Threads=34
[17:45:52.573 INF] [T:7] [PerfMonitor] Time:2026-03-20 08:45:51.573Z CPU=0.1% WS=67.44MB Managed=16.78MB Threads=34
[17:46:22.573 INF] [T:7] [PerfMonitor] Time:2026-03-20 08:46:21.573Z CPU=0.1% WS=67.50MB Managed=17.28MB Threads=34
[17:46:52.573 INF] [T:7] [PerfMonitor] Time:2026-03-20 08:46:51.573Z CPU=0.1% WS=67.48MB Managed=17.78MB Threads=33
[17:47:22.573 INF] [T:7] [PerfMonitor] Time:2026-03-20 08:47:21.573Z CPU=0.1% WS=67.50MB Managed=18.29MB Threads=34
[17:47:52.573 INF] [T:7] [PerfMonitor] Time:2026-03-20 08:47:51.573Z CPU=0.1% WS=69.00MB Managed=10.52MB Threads=33
[17:48:22.574 INF] [T:7] [PerfMonitor] Time:2026-03-20 08:48:21.575Z CPU=0.1% WS=69.02MB Managed=11.02MB Threads=34
[17:48:52.575 INF] [T:7] [PerfMonitor] Time:2026-03-20 08:48:51.575Z CPU=0.1% WS=69.02MB Managed=11.52MB Threads=34
[17:49:22.575 INF] [T:7] [PerfMonitor] Time:2026-03-20 08:49:21.575Z CPU=0.1% WS=66.30MB Managed=12.03MB Threads=33
[17:49:52.574 INF] [T:7] [PerfMonitor] Time:2026-03-20 08:49:51.576Z CPU=0.1% WS=66.44MB Managed=12.53MB Threads=33
[17:50:22.575 INF] [T:7] [PerfMonitor] Time:2026-03-20 08:50:21.575Z CPU=0.1% WS=66.44MB Managed=13.00MB Threads=33
[17:50:52.574 INF] [T:7] [PerfMonitor] Time:2026-03-20 08:50:51.576Z CPU=0.1% WS=66.44MB Managed=13.50MB Threads=33
[17:51:22.575 INF] [T:7] [PerfMonitor] Time:2026-03-20 08:51:21.576Z CPU=0.1% WS=66.44MB Managed=13.99MB Threads=33
[17:51:52.576 INF] [T:7] [PerfMonitor] Time:2026-03-20 08:51:51.576Z CPU=0.1% WS=68.02MB Managed=14.52MB Threads=34
[17:52:22.576 INF] [T:7] [PerfMonitor] Time:2026-03-20 08:52:21.576Z CPU=0.1% WS=68.00MB Managed=15.01MB Threads=33
[17:52:52.576 INF] [T:7] [PerfMonitor] Time:2026-03-20 08:52:51.576Z CPU=0.1% WS=68.00MB Managed=15.51MB Threads=33
[17:53:22.576 INF] [T:7] [PerfMonitor] Time:2026-03-20 08:53:21.576Z CPU=0.1% WS=68.02MB Managed=16.00MB Threads=34
[17:53:52.576 INF] [T:7] [PerfMonitor] Time:2026-03-20 08:53:51.576Z CPU=0.1% WS=68.00MB Managed=16.50MB Threads=33
[17:55:19.486 INF] [T:7] [PerfMonitor] Time:2026-03-20 08:55:18.485Z CPU=0.1% WS=36.16MB Managed=17.01MB Threads=35
[17:55:49.485 INF] [T:7] [PerfMonitor] Time:2026-03-20 08:55:48.483Z CPU=0.1% WS=37.70MB Managed=17.51MB Threads=34
[17:56:19.484 INF] [T:7] [PerfMonitor] Time:2026-03-20 08:56:18.484Z CPU=0.1% WS=46.64MB Managed=10.50MB Threads=33
[17:56:49.484 INF] [T:7] [PerfMonitor] Time:2026-03-20 08:56:48.484Z CPU=0.1% WS=47.09MB Managed=11.02MB Threads=33
[17:57:19.485 INF] [T:7] [PerfMonitor] Time:2026-03-20 08:57:18.484Z CPU=0.1% WS=47.16MB Managed=11.52MB Threads=33
[17:57:49.485 INF] [T:7] [PerfMonitor] Time:2026-03-20 08:57:48.484Z CPU=0.1% WS=49.80MB Managed=12.00MB Threads=33
[17:58:19.485 INF] [T:7] [PerfMonitor] Time:2026-03-20 08:58:18.484Z CPU=0.1% WS=49.84MB Managed=12.52MB Threads=33
[17:58:49.486 INF] [T:7] [PerfMonitor] Time:2026-03-20 08:58:48.484Z CPU=0.1% WS=51.58MB Managed=13.01MB Threads=34
[17:59:19.485 INF] [T:7] [PerfMonitor] Time:2026-03-20 08:59:18.484Z CPU=0.1% WS=51.66MB Managed=13.52MB Threads=34
[17:59:49.486 INF] [T:7] [PerfMonitor] Time:2026-03-20 08:59:48.484Z CPU=0.1% WS=52.19MB Managed=14.01MB Threads=33
[18:00:19.485 INF] [T:7] [PerfMonitor] Time:2026-03-20 09:00:18.485Z CPU=0.1% WS=52.22MB Managed=14.53MB Threads=35
[18:00:49.485 INF] [T:7] [PerfMonitor] Time:2026-03-20 09:00:48.485Z CPU=0.1% WS=52.52MB Managed=15.03MB Threads=34
[18:01:19.486 INF] [T:7] [PerfMonitor] Time:2026-03-20 09:01:18.485Z CPU=0.1% WS=52.52MB Managed=15.53MB Threads=33
[18:01:49.486 INF] [T:7] [PerfMonitor] Time:2026-03-20 09:01:48.485Z CPU=0.1% WS=52.58MB Managed=16.03MB Threads=34
[18:02:19.486 INF] [T:7] [PerfMonitor] Time:2026-03-20 09:02:18.486Z CPU=0.1% WS=52.62MB Managed=16.51MB Threads=34
[18:02:49.487 INF] [T:7] [PerfMonitor] Time:2026-03-20 09:02:48.486Z CPU=0.0% WS=52.81MB Managed=17.05MB Threads=34
[18:03:19.487 INF] [T:7] [PerfMonitor] Time:2026-03-20 09:03:18.486Z CPU=0.1% WS=52.80MB Managed=17.54MB Threads=33
[18:03:49.487 INF] [T:7] [PerfMonitor] Time:2026-03-20 09:03:48.486Z CPU=0.1% WS=52.84MB Managed=10.38MB Threads=34
[18:04:19.487 INF] [T:7] [PerfMonitor] Time:2026-03-20 09:04:19.486Z CPU=0.0% WS=52.83MB Managed=10.90MB Threads=33
[18:04:49.486 INF] [T:7] [PerfMonitor] Time:2026-03-20 09:04:48.485Z CPU=0.1% WS=53.27MB Managed=11.43MB Threads=35
[18:05:19.487 INF] [T:7] [PerfMonitor] Time:2026-03-20 09:05:18.486Z CPU=0.1% WS=53.25MB Managed=11.93MB Threads=34
[18:05:49.487 INF] [T:7] [PerfMonitor] Time:2026-03-20 09:05:48.486Z CPU=0.1% WS=53.23MB Managed=12.43MB Threads=33
[18:06:19.487 INF] [T:7] [PerfMonitor] Time:2026-03-20 09:06:18.487Z CPU=0.1% WS=53.23MB Managed=12.91MB Threads=33
[18:06:49.487 INF] [T:7] [PerfMonitor] Time:2026-03-20 09:06:48.486Z CPU=0.1% WS=53.25MB Managed=13.44MB Threads=34
[18:07:19.488 INF] [T:7] [PerfMonitor] Time:2026-03-20 09:07:18.487Z CPU=0.1% WS=53.28MB Managed=13.96MB Threads=35
[18:07:49.487 INF] [T:7] [PerfMonitor] Time:2026-03-20 09:07:48.487Z CPU=0.1% WS=53.44MB Managed=14.45MB Threads=34
[18:08:19.487 INF] [T:7] [PerfMonitor] Time:2026-03-20 09:08:18.487Z CPU=0.1% WS=53.45MB Managed=14.96MB Threads=34
[18:08:49.487 INF] [T:7] [PerfMonitor] Time:2026-03-20 09:08:48.486Z CPU=0.1% WS=53.47MB Managed=15.49MB Threads=35
[18:09:19.487 INF] [T:7] [PerfMonitor] Time:2026-03-20 09:09:18.487Z CPU=0.1% WS=53.44MB Managed=15.97MB Threads=34
[18:09:49.487 INF] [T:7] [PerfMonitor] Time:2026-03-20 09:09:48.487Z CPU=0.1% WS=53.42MB Managed=16.48MB Threads=33
[18:10:19.490 INF] [T:7] [PerfMonitor] Time:2026-03-20 09:10:18.487Z CPU=0.0% WS=53.27MB Managed=16.98MB Threads=34
[18:10:49.488 INF] [T:7] [PerfMonitor] Time:2026-03-20 09:10:48.488Z CPU=0.1% WS=57.12MB Managed=17.49MB Threads=34
[18:11:19.488 INF] [T:7] [PerfMonitor] Time:2026-03-20 09:11:18.487Z CPU=0.1% WS=57.11MB Managed=17.98MB Threads=33
[18:11:49.488 INF] [T:7] [PerfMonitor] Time:2026-03-20 09:11:48.488Z CPU=0.0% WS=57.22MB Managed=10.90MB Threads=34
[18:12:19.488 INF] [T:7] [PerfMonitor] Time:2026-03-20 09:12:18.489Z CPU=0.1% WS=57.20MB Managed=11.40MB Threads=33
[18:12:49.488 INF] [T:7] [PerfMonitor] Time:2026-03-20 09:12:48.487Z CPU=0.0% WS=57.05MB Managed=11.91MB Threads=34
[18:13:19.489 INF] [T:7] [PerfMonitor] Time:2026-03-20 09:13:18.489Z CPU=0.1% WS=57.25MB Managed=12.42MB Threads=34
[18:13:49.489 INF] [T:7] [PerfMonitor] Time:2026-03-20 09:13:49.489Z CPU=0.1% WS=57.23MB Managed=12.94MB Threads=33
[18:14:19.489 INF] [T:7] [PerfMonitor] Time:2026-03-20 09:14:18.489Z CPU=0.1% WS=57.25MB Managed=13.41MB Threads=34
[18:14:49.488 INF] [T:7] [PerfMonitor] Time:2026-03-20 09:14:48.489Z CPU=0.0% WS=57.25MB Managed=13.92MB Threads=33
[18:15:19.489 INF] [T:7] [PerfMonitor] Time:2026-03-20 09:15:18.489Z CPU=0.1% WS=57.27MB Managed=14.41MB Threads=34
[18:15:49.489 INF] [T:7] [PerfMonitor] Time:2026-03-20 09:15:48.490Z CPU=0.0% WS=57.27MB Managed=14.92MB Threads=34
[18:16:19.489 INF] [T:7] [PerfMonitor] Time:2026-03-20 09:16:18.489Z CPU=0.1% WS=57.27MB Managed=15.42MB Threads=34
[18:16:49.489 INF] [T:7] [PerfMonitor] Time:2026-03-20 09:16:48.490Z CPU=0.1% WS=55.27MB Managed=15.92MB Threads=33
[18:17:19.490 INF] [T:7] [PerfMonitor] Time:2026-03-20 09:17:18.490Z CPU=0.1% WS=55.31MB Managed=16.42MB Threads=35
[18:17:49.489 INF] [T:7] [PerfMonitor] Time:2026-03-20 09:17:48.489Z CPU=0.1% WS=55.33MB Managed=16.93MB Threads=34
[18:18:19.489 INF] [T:7] [PerfMonitor] Time:2026-03-20 09:18:18.490Z CPU=0.0% WS=55.67MB Managed=17.43MB Threads=34
[18:18:49.490 INF] [T:7] [PerfMonitor] Time:2026-03-20 09:18:48.490Z CPU=0.1% WS=55.67MB Managed=10.43MB Threads=33
[18:19:19.490 INF] [T:7] [PerfMonitor] Time:2026-03-20 09:19:18.489Z CPU=0.1% WS=55.45MB Managed=10.98MB Threads=34
[18:19:49.490 INF] [T:7] [PerfMonitor] Time:2026-03-20 09:19:48.490Z CPU=0.0% WS=55.47MB Managed=11.49MB Threads=34
[18:20:19.491 INF] [T:7] [PerfMonitor] Time:2026-03-20 09:20:18.490Z CPU=0.1% WS=55.47MB Managed=11.99MB Threads=34
[18:20:49.491 INF] [T:7] [PerfMonitor] Time:2026-03-20 09:20:48.490Z CPU=0.1% WS=55.45MB Managed=12.48MB Threads=33
[18:21:19.490 INF] [T:7] [PerfMonitor] Time:2026-03-20 09:21:18.491Z CPU=0.1% WS=55.45MB Managed=12.97MB Threads=33
[18:21:49.490 INF] [T:7] [PerfMonitor] Time:2026-03-20 09:21:48.490Z CPU=0.1% WS=55.47MB Managed=13.47MB Threads=34
[18:22:19.491 INF] [T:7] [PerfMonitor] Time:2026-03-20 09:22:18.491Z CPU=0.1% WS=55.47MB Managed=13.96MB Threads=34
[18:22:49.491 INF] [T:7] [PerfMonitor] Time:2026-03-20 09:22:48.491Z CPU=0.1% WS=55.45MB Managed=14.48MB Threads=33
[18:23:19.491 INF] [T:7] [PerfMonitor] Time:2026-03-20 09:23:18.490Z CPU=0.1% WS=55.56MB Managed=14.96MB Threads=33
[18:23:49.491 INF] [T:7] [PerfMonitor] Time:2026-03-20 09:23:48.491Z CPU=0.1% WS=56.72MB Managed=15.48MB Threads=34
[18:24:19.497 INF] [T:7] [PerfMonitor] Time:2026-03-20 09:24:18.497Z CPU=0.1% WS=56.70MB Managed=15.95MB Threads=33
[18:24:49.499 INF] [T:7] [PerfMonitor] Time:2026-03-20 09:24:48.498Z CPU=0.1% WS=56.70MB Managed=16.45MB Threads=33
[18:25:19.499 INF] [T:7] [PerfMonitor] Time:2026-03-20 09:25:18.499Z CPU=0.1% WS=56.72MB Managed=16.95MB Threads=34
[18:25:49.500 INF] [T:7] [PerfMonitor] Time:2026-03-20 09:25:48.500Z CPU=0.1% WS=56.72MB Managed=17.45MB Threads=34
[18:26:19.500 INF] [T:7] [PerfMonitor] Time:2026-03-20 09:26:18.501Z CPU=0.1% WS=56.70MB Managed=17.95MB Threads=33
[18:26:49.500 INF] [T:7] [PerfMonitor] Time:2026-03-20 09:26:48.500Z CPU=0.1% WS=56.77MB Managed=10.79MB Threads=33
[18:27:19.500 INF] [T:7] [PerfMonitor] Time:2026-03-20 09:27:18.501Z CPU=0.1% WS=56.77MB Managed=11.30MB Threads=33
[18:27:49.500 INF] [T:7] [PerfMonitor] Time:2026-03-20 09:27:48.501Z CPU=0.1% WS=56.77MB Managed=11.79MB Threads=33
[18:28:19.500 INF] [T:7] [PerfMonitor] Time:2026-03-20 09:28:18.502Z CPU=0.1% WS=56.77MB Managed=12.28MB Threads=33
[18:28:49.500 INF] [T:7] [PerfMonitor] Time:2026-03-20 09:28:48.501Z CPU=0.1% WS=57.28MB Managed=12.79MB Threads=34
[18:29:19.501 INF] [T:7] [PerfMonitor] Time:2026-03-20 09:29:18.500Z CPU=0.1% WS=57.27MB Managed=13.30MB Threads=33
[18:29:49.501 INF] [T:7] [PerfMonitor] Time:2026-03-20 09:29:48.502Z CPU=0.1% WS=57.33MB Managed=13.77MB Threads=33
[18:30:19.502 INF] [T:7] [PerfMonitor] Time:2026-03-20 09:30:18.502Z CPU=0.1% WS=57.33MB Managed=14.27MB Threads=33
[18:31:15.517 INF] [T:7] [PerfMonitor] Time:2026-03-20 09:31:14.546Z CPU=0.1% WS=30.69MB Managed=14.78MB Threads=35
[18:31:45.517 INF] [T:7] [PerfMonitor] Time:2026-03-20 09:31:44.516Z CPU=0.1% WS=36.25MB Managed=15.26MB Threads=33
[18:32:15.515 INF] [T:7] [PerfMonitor] Time:2026-03-20 09:32:14.515Z CPU=0.1% WS=36.80MB Managed=15.75MB Threads=33
[18:32:45.515 INF] [T:7] [PerfMonitor] Time:2026-03-20 09:32:44.515Z CPU=0.1% WS=37.47MB Managed=16.27MB Threads=34
[18:33:15.515 INF] [T:7] [PerfMonitor] Time:2026-03-20 09:33:14.515Z CPU=0.1% WS=38.50MB Managed=16.77MB Threads=34
[18:33:45.515 INF] [T:7] [PerfMonitor] Time:2026-03-20 09:33:44.515Z CPU=0.1% WS=39.11MB Managed=17.28MB Threads=35
[18:34:15.515 INF] [T:7] [PerfMonitor] Time:2026-03-20 09:34:14.516Z CPU=0.1% WS=50.36MB Managed=17.78MB Threads=34
[18:34:45.515 INF] [T:7] [PerfMonitor] Time:2026-03-20 09:34:44.516Z CPU=0.1% WS=55.05MB Managed=10.72MB Threads=33
[18:35:15.515 INF] [T:7] [PerfMonitor] Time:2026-03-20 09:35:14.516Z CPU=0.0% WS=55.20MB Managed=11.24MB Threads=33
[18:35:45.516 INF] [T:7] [PerfMonitor] Time:2026-03-20 09:35:44.516Z CPU=0.1% WS=55.31MB Managed=11.72MB Threads=34
[18:36:15.516 INF] [T:7] [PerfMonitor] Time:2026-03-20 09:36:14.516Z CPU=0.1% WS=55.27MB Managed=12.22MB Threads=33
[18:36:45.516 INF] [T:7] [PerfMonitor] Time:2026-03-20 09:36:44.516Z CPU=0.1% WS=55.31MB Managed=12.71MB Threads=33
[18:37:15.516 INF] [T:7] [PerfMonitor] Time:2026-03-20 09:37:14.517Z CPU=0.1% WS=55.47MB Managed=13.22MB Threads=34
[18:37:45.516 INF] [T:7] [PerfMonitor] Time:2026-03-20 09:37:44.516Z CPU=0.1% WS=55.50MB Managed=13.74MB Threads=34
[18:38:15.517 INF] [T:7] [PerfMonitor] Time:2026-03-20 09:38:14.516Z CPU=0.1% WS=55.56MB Managed=14.23MB Threads=33
[18:38:45.516 INF] [T:7] [PerfMonitor] Time:2026-03-20 09:38:44.516Z CPU=0.1% WS=55.58MB Managed=14.73MB Threads=34
[18:39:15.517 INF] [T:7] [PerfMonitor] Time:2026-03-20 09:39:15.517Z CPU=0.0% WS=55.77MB Managed=15.25MB Threads=33
[18:39:45.517 INF] [T:7] [PerfMonitor] Time:2026-03-20 09:39:44.516Z CPU=0.1% WS=56.89MB Managed=15.74MB Threads=34
[18:40:15.517 INF] [T:7] [PerfMonitor] Time:2026-03-20 09:40:14.517Z CPU=0.0% WS=56.84MB Managed=16.23MB Threads=33
[18:40:45.517 INF] [T:7] [PerfMonitor] Time:2026-03-20 09:40:44.516Z CPU=0.1% WS=42.86MB Managed=16.73MB Threads=34
[18:41:15.516 INF] [T:7] [PerfMonitor] Time:2026-03-20 09:41:14.517Z CPU=0.1% WS=38.52MB Managed=17.23MB Threads=34
[18:41:45.517 INF] [T:7] [PerfMonitor] Time:2026-03-20 09:41:44.516Z CPU=0.1% WS=39.09MB Managed=17.74MB Threads=33
[18:42:15.517 INF] [T:7] [PerfMonitor] Time:2026-03-20 09:42:14.518Z CPU=0.1% WS=38.48MB Managed=18.24MB Threads=34
[18:42:45.517 INF] [T:7] [PerfMonitor] Time:2026-03-20 09:42:44.517Z CPU=0.0% WS=44.67MB Managed=11.10MB Threads=33
[18:43:15.517 INF] [T:7] [PerfMonitor] Time:2026-03-20 09:43:14.518Z CPU=0.1% WS=44.78MB Managed=11.62MB Threads=34
[18:43:45.517 INF] [T:7] [PerfMonitor] Time:2026-03-20 09:43:44.518Z CPU=0.1% WS=44.92MB Managed=12.13MB Threads=33
[18:44:15.517 INF] [T:7] [PerfMonitor] Time:2026-03-20 09:44:14.518Z CPU=0.1% WS=45.03MB Managed=12.62MB Threads=34
[18:44:45.518 INF] [T:7] [PerfMonitor] Time:2026-03-20 09:44:44.518Z CPU=0.0% WS=58.17MB Managed=13.14MB Threads=33
[18:45:15.518 INF] [T:7] [PerfMonitor] Time:2026-03-20 09:45:14.518Z CPU=0.1% WS=58.27MB Managed=13.64MB Threads=34
[18:45:45.517 INF] [T:7] [PerfMonitor] Time:2026-03-20 09:45:44.518Z CPU=0.1% WS=58.34MB Managed=14.13MB Threads=33
[18:46:15.518 INF] [T:7] [PerfMonitor] Time:2026-03-20 09:46:14.518Z CPU=0.1% WS=58.38MB Managed=14.61MB Threads=33
[18:46:45.518 INF] [T:7] [PerfMonitor] Time:2026-03-20 09:46:44.519Z CPU=0.1% WS=58.48MB Managed=15.13MB Threads=33
[18:47:15.518 INF] [T:7] [PerfMonitor] Time:2026-03-20 09:47:14.519Z CPU=0.1% WS=58.56MB Managed=15.60MB Threads=33
[18:47:45.519 INF] [T:7] [PerfMonitor] Time:2026-03-20 09:47:44.518Z CPU=0.1% WS=48.55MB Managed=16.12MB Threads=34
[18:48:15.519 INF] [T:7] [PerfMonitor] Time:2026-03-20 09:48:14.518Z CPU=0.0% WS=49.88MB Managed=16.61MB Threads=33
[18:48:45.519 INF] [T:7] [PerfMonitor] Time:2026-03-20 09:48:44.518Z CPU=0.1% WS=50.38MB Managed=17.09MB Threads=33
[18:49:15.519 INF] [T:7] [PerfMonitor] Time:2026-03-20 09:49:14.519Z CPU=0.0% WS=51.14MB Managed=17.61MB Threads=33
[18:49:45.519 INF] [T:7] [PerfMonitor] Time:2026-03-20 09:49:44.518Z CPU=0.1% WS=43.42MB Managed=18.10MB Threads=33
[18:50:15.519 INF] [T:7] [PerfMonitor] Time:2026-03-20 09:50:14.519Z CPU=0.1% WS=48.94MB Managed=10.97MB Threads=33
[18:50:45.519 INF] [T:7] [PerfMonitor] Time:2026-03-20 09:50:44.519Z CPU=0.1% WS=49.05MB Managed=11.48MB Threads=33
[18:51:15.519 INF] [T:7] [PerfMonitor] Time:2026-03-20 09:51:14.518Z CPU=0.1% WS=49.14MB Managed=11.97MB Threads=33
[18:51:45.519 INF] [T:7] [PerfMonitor] Time:2026-03-20 09:51:44.520Z CPU=0.1% WS=49.22MB Managed=12.48MB Threads=34
[18:52:15.519 INF] [T:7] [PerfMonitor] Time:2026-03-20 09:52:14.519Z CPU=0.1% WS=49.34MB Managed=12.98MB Threads=34
[18:52:45.519 INF] [T:7] [PerfMonitor] Time:2026-03-20 09:52:44.520Z CPU=0.1% WS=49.45MB Managed=13.46MB Threads=33
[18:53:15.520 INF] [T:7] [PerfMonitor] Time:2026-03-20 09:53:14.520Z CPU=0.1% WS=49.62MB Managed=13.99MB Threads=33
[18:53:45.520 INF] [T:7] [PerfMonitor] Time:2026-03-20 09:53:44.520Z CPU=0.1% WS=49.69MB Managed=14.47MB Threads=33
[18:54:15.520 INF] [T:7] [PerfMonitor] Time:2026-03-20 09:54:15.519Z CPU=0.1% WS=50.03MB Managed=14.96MB Threads=33
[18:54:45.520 INF] [T:7] [PerfMonitor] Time:2026-03-20 09:54:44.520Z CPU=0.1% WS=50.50MB Managed=15.44MB Threads=33
[18:55:15.520 INF] [T:7] [PerfMonitor] Time:2026-03-20 09:55:15.520Z CPU=0.0% WS=50.80MB Managed=15.99MB Threads=34
[18:55:45.520 INF] [T:7] [PerfMonitor] Time:2026-03-20 09:55:44.520Z CPU=0.1% WS=50.78MB Managed=16.47MB Threads=33
[18:56:15.521 INF] [T:7] [PerfMonitor] Time:2026-03-20 09:56:14.520Z CPU=0.1% WS=50.78MB Managed=16.98MB Threads=33
[18:56:45.520 INF] [T:7] [PerfMonitor] Time:2026-03-20 09:56:45.520Z CPU=0.0% WS=50.81MB Managed=17.49MB Threads=34
[18:57:15.520 INF] [T:7] [PerfMonitor] Time:2026-03-20 09:57:14.520Z CPU=0.0% WS=50.66MB Managed=17.97MB Threads=33
[18:57:45.521 INF] [T:7] [PerfMonitor] Time:2026-03-20 09:57:44.521Z CPU=0.1% WS=50.94MB Managed=10.90MB Threads=34
[18:58:15.521 INF] [T:7] [PerfMonitor] Time:2026-03-20 09:58:14.520Z CPU=0.0% WS=50.92MB Managed=11.39MB Threads=33
[18:58:45.521 INF] [T:7] [PerfMonitor] Time:2026-03-20 09:58:44.520Z CPU=0.1% WS=50.95MB Managed=11.90MB Threads=35
[18:59:15.521 INF] [T:7] [PerfMonitor] Time:2026-03-20 09:59:14.521Z CPU=0.0% WS=50.92MB Managed=12.40MB Threads=33
[18:59:45.521 INF] [T:7] [PerfMonitor] Time:2026-03-20 09:59:44.520Z CPU=0.1% WS=50.92MB Managed=12.91MB Threads=33
[19:00:15.521 INF] [T:7] [PerfMonitor] Time:2026-03-20 10:00:14.521Z CPU=0.1% WS=51.28MB Managed=13.40MB Threads=33
[19:00:45.522 INF] [T:7] [PerfMonitor] Time:2026-03-20 10:00:44.522Z CPU=0.1% WS=51.30MB Managed=13.89MB Threads=34
[19:01:15.522 INF] [T:7] [PerfMonitor] Time:2026-03-20 10:01:14.522Z CPU=0.1% WS=51.30MB Managed=14.40MB Threads=34
[19:01:45.522 INF] [T:7] [PerfMonitor] Time:2026-03-20 10:01:44.521Z CPU=0.0% WS=51.27MB Managed=14.88MB Threads=33
[19:02:15.521 INF] [T:7] [PerfMonitor] Time:2026-03-20 10:02:14.522Z CPU=0.1% WS=51.30MB Managed=15.38MB Threads=33
[19:02:45.521 INF] [T:7] [PerfMonitor] Time:2026-03-20 10:02:44.521Z CPU=0.1% WS=51.30MB Managed=15.88MB Threads=33
[19:03:15.522 INF] [T:7] [PerfMonitor] Time:2026-03-20 10:03:14.521Z CPU=0.1% WS=51.31MB Managed=16.38MB Threads=33
[19:03:45.522 INF] [T:7] [PerfMonitor] Time:2026-03-20 10:03:44.522Z CPU=0.1% WS=51.36MB Managed=16.86MB Threads=33
[19:04:15.522 INF] [T:7] [PerfMonitor] Time:2026-03-20 10:04:14.522Z CPU=0.1% WS=51.41MB Managed=17.35MB Threads=33
[19:04:45.522 INF] [T:7] [PerfMonitor] Time:2026-03-20 10:04:44.522Z CPU=0.1% WS=51.44MB Managed=17.84MB Threads=33
[19:05:15.522 INF] [T:7] [PerfMonitor] Time:2026-03-20 10:05:14.522Z CPU=0.1% WS=51.44MB Managed=18.36MB Threads=33
[19:05:45.522 INF] [T:7] [PerfMonitor] Time:2026-03-20 10:05:44.522Z CPU=0.1% WS=51.61MB Managed=11.26MB Threads=34
[19:06:15.523 INF] [T:7] [PerfMonitor] Time:2026-03-20 10:06:14.522Z CPU=0.1% WS=51.59MB Managed=11.76MB Threads=34
[19:06:45.523 INF] [T:7] [PerfMonitor] Time:2026-03-20 10:06:44.523Z CPU=0.1% WS=51.59MB Managed=12.27MB Threads=34
[19:07:15.523 INF] [T:7] [PerfMonitor] Time:2026-03-20 10:07:14.523Z CPU=0.1% WS=51.61MB Managed=12.77MB Threads=34
[19:07:45.522 INF] [T:7] [PerfMonitor] Time:2026-03-20 10:07:44.522Z CPU=0.1% WS=51.59MB Managed=13.26MB Threads=33
[19:08:15.523 INF] [T:7] [PerfMonitor] Time:2026-03-20 10:08:14.523Z CPU=0.1% WS=51.59MB Managed=13.77MB Threads=33
[19:08:45.524 INF] [T:7] [PerfMonitor] Time:2026-03-20 10:08:44.524Z CPU=0.1% WS=51.59MB Managed=14.27MB Threads=33
[19:09:15.523 INF] [T:7] [PerfMonitor] Time:2026-03-20 10:09:14.524Z CPU=0.1% WS=51.67MB Managed=14.76MB Threads=33
[19:09:45.527 INF] [T:7] [PerfMonitor] Time:2026-03-20 10:09:44.524Z CPU=0.1% WS=51.67MB Managed=15.24MB Threads=33
[19:10:15.523 INF] [T:7] [PerfMonitor] Time:2026-03-20 10:10:14.524Z CPU=0.0% WS=51.80MB Managed=15.74MB Threads=33
[19:10:45.524 INF] [T:7] [PerfMonitor] Time:2026-03-20 10:10:44.523Z CPU=0.1% WS=51.81MB Managed=16.25MB Threads=34
[19:11:15.524 INF] [T:7] [PerfMonitor] Time:2026-03-20 10:11:14.523Z CPU=0.0% WS=47.53MB Managed=16.76MB Threads=34
[19:11:45.529 INF] [T:7] [PerfMonitor] Time:2026-03-20 10:11:44.529Z CPU=0.0% WS=47.56MB Managed=17.26MB Threads=34
[19:12:15.531 INF] [T:7] [PerfMonitor] Time:2026-03-20 10:12:14.530Z CPU=0.0% WS=52.64MB Managed=17.75MB Threads=33
[19:12:45.531 INF] [T:7] [PerfMonitor] Time:2026-03-20 10:12:44.531Z CPU=0.0% WS=50.58MB Managed=18.25MB Threads=35
[19:13:15.531 INF] [T:7] [PerfMonitor] Time:2026-03-20 10:13:14.531Z CPU=0.0% WS=53.11MB Managed=11.09MB Threads=33
[19:13:45.532 INF] [T:7] [PerfMonitor] Time:2026-03-20 10:13:44.532Z CPU=0.0% WS=53.16MB Managed=11.60MB Threads=33
[19:14:15.531 INF] [T:7] [PerfMonitor] Time:2026-03-20 10:14:14.532Z CPU=0.0% WS=53.22MB Managed=12.09MB Threads=33
[19:14:45.532 INF] [T:7] [PerfMonitor] Time:2026-03-20 10:14:44.532Z CPU=0.1% WS=53.36MB Managed=12.59MB Threads=34
[19:15:15.532 INF] [T:7] [PerfMonitor] Time:2026-03-20 10:15:14.532Z CPU=0.1% WS=53.34MB Managed=13.08MB Threads=33
[19:15:45.532 INF] [T:7] [PerfMonitor] Time:2026-03-20 10:15:44.532Z CPU=0.0% WS=53.34MB Managed=13.61MB Threads=33
[19:16:15.532 INF] [T:7] [PerfMonitor] Time:2026-03-20 10:16:14.532Z CPU=0.0% WS=53.34MB Managed=14.10MB Threads=33
[19:16:45.532 INF] [T:7] [PerfMonitor] Time:2026-03-20 10:16:44.533Z CPU=0.1% WS=53.36MB Managed=14.59MB Threads=34
[19:17:15.533 INF] [T:7] [PerfMonitor] Time:2026-03-20 10:17:14.532Z CPU=0.1% WS=53.34MB Managed=15.11MB Threads=33
[19:17:45.533 INF] [T:7] [PerfMonitor] Time:2026-03-20 10:17:44.533Z CPU=0.1% WS=53.38MB Managed=15.59MB Threads=34
[19:18:15.533 INF] [T:7] [PerfMonitor] Time:2026-03-20 10:18:14.533Z CPU=0.1% WS=53.36MB Managed=16.10MB Threads=33
[19:18:45.534 INF] [T:7] [PerfMonitor] Time:2026-03-20 10:18:45.534Z CPU=0.1% WS=53.41MB Managed=16.62MB Threads=34
[19:19:15.533 INF] [T:7] [PerfMonitor] Time:2026-03-20 10:19:14.534Z CPU=0.1% WS=53.39MB Managed=17.10MB Threads=33
[19:19:45.533 INF] [T:7] [PerfMonitor] Time:2026-03-20 10:19:44.534Z CPU=0.1% WS=53.39MB Managed=17.61MB Threads=33
[19:20:15.534 INF] [T:7] [PerfMonitor] Time:2026-03-20 10:20:14.534Z CPU=0.1% WS=53.39MB Managed=18.10MB Threads=33
[19:20:45.534 INF] [T:7] [PerfMonitor] Time:2026-03-20 10:20:44.534Z CPU=0.0% WS=53.53MB Managed=10.39MB Threads=34
[19:21:15.535 INF] [T:7] [PerfMonitor] Time:2026-03-20 10:21:14.534Z CPU=0.1% WS=53.52MB Managed=10.90MB Threads=33
[19:21:45.535 INF] [T:7] [PerfMonitor] Time:2026-03-20 10:21:44.535Z CPU=0.1% WS=48.09MB Managed=11.41MB Threads=34
[19:22:15.534 INF] [T:7] [PerfMonitor] Time:2026-03-20 10:22:14.534Z CPU=0.1% WS=36.52MB Managed=11.90MB Threads=33
[19:22:45.534 INF] [T:7] [PerfMonitor] Time:2026-03-20 10:22:44.535Z CPU=0.1% WS=37.28MB Managed=12.40MB Threads=33
[19:23:15.535 INF] [T:7] [PerfMonitor] Time:2026-03-20 10:23:14.534Z CPU=0.0% WS=38.08MB Managed=12.91MB Threads=35
[19:23:45.535 INF] [T:7] [PerfMonitor] Time:2026-03-20 10:23:44.535Z CPU=0.1% WS=38.48MB Managed=13.41MB Threads=33
[19:24:15.536 INF] [T:7] [PerfMonitor] Time:2026-03-20 10:24:14.535Z CPU=0.0% WS=39.06MB Managed=13.92MB Threads=34
[19:24:45.535 INF] [T:7] [PerfMonitor] Time:2026-03-20 10:24:44.536Z CPU=0.0% WS=39.50MB Managed=14.42MB Threads=34
[19:25:15.536 INF] [T:7] [PerfMonitor] Time:2026-03-20 10:25:15.536Z CPU=0.0% WS=39.91MB Managed=14.92MB Threads=33
[19:25:45.536 INF] [T:7] [PerfMonitor] Time:2026-03-20 10:25:44.536Z CPU=0.0% WS=40.86MB Managed=15.43MB Threads=35
[19:26:15.536 INF] [T:7] [PerfMonitor] Time:2026-03-20 10:26:14.536Z CPU=0.1% WS=42.05MB Managed=15.93MB Threads=34
[19:26:45.537 INF] [T:7] [PerfMonitor] Time:2026-03-20 10:26:44.537Z CPU=0.1% WS=38.88MB Managed=16.41MB Threads=33
[19:27:15.536 INF] [T:7] [PerfMonitor] Time:2026-03-20 10:27:14.536Z CPU=0.1% WS=40.09MB Managed=16.91MB Threads=33
[19:27:45.536 INF] [T:7] [PerfMonitor] Time:2026-03-20 10:27:44.537Z CPU=0.1% WS=40.73MB Managed=17.42MB Threads=33
[19:28:15.537 INF] [T:7] [PerfMonitor] Time:2026-03-20 10:28:14.537Z CPU=0.1% WS=41.30MB Managed=17.93MB Threads=35
[19:28:45.537 INF] [T:7] [PerfMonitor] Time:2026-03-20 10:28:44.537Z CPU=0.1% WS=43.98MB Managed=10.79MB Threads=33
[19:29:15.538 INF] [T:7] [PerfMonitor] Time:2026-03-20 10:29:14.537Z CPU=0.1% WS=44.05MB Managed=11.29MB Threads=33
[19:29:45.537 INF] [T:7] [PerfMonitor] Time:2026-03-20 10:29:44.537Z CPU=0.1% WS=44.08MB Managed=11.80MB Threads=33
[19:30:15.538 INF] [T:7] [PerfMonitor] Time:2026-03-20 10:30:14.538Z CPU=0.1% WS=44.08MB Managed=12.30MB Threads=33
[19:30:45.538 INF] [T:7] [PerfMonitor] Time:2026-03-20 10:30:44.539Z CPU=0.1% WS=44.09MB Managed=12.78MB Threads=33
[19:31:15.539 INF] [T:7] [PerfMonitor] Time:2026-03-20 10:31:14.538Z CPU=0.1% WS=44.09MB Managed=13.28MB Threads=33
[19:31:45.540 INF] [T:7] [PerfMonitor] Time:2026-03-20 10:31:44.539Z CPU=0.1% WS=44.11MB Managed=13.79MB Threads=34
[19:32:15.538 INF] [T:7] [PerfMonitor] Time:2026-03-20 10:32:14.539Z CPU=0.1% WS=44.11MB Managed=14.28MB Threads=34
[19:32:45.539 INF] [T:7] [PerfMonitor] Time:2026-03-20 10:32:44.540Z CPU=0.1% WS=44.11MB Managed=14.78MB Threads=34
[19:33:15.540 INF] [T:7] [PerfMonitor] Time:2026-03-20 10:33:14.539Z CPU=0.1% WS=44.09MB Managed=15.28MB Threads=33
[19:33:45.539 INF] [T:7] [PerfMonitor] Time:2026-03-20 10:33:44.540Z CPU=0.1% WS=44.09MB Managed=15.76MB Threads=33
[19:34:15.539 INF] [T:7] [PerfMonitor] Time:2026-03-20 10:34:14.540Z CPU=0.1% WS=44.09MB Managed=16.26MB Threads=33
[19:34:45.541 INF] [T:7] [PerfMonitor] Time:2026-03-20 10:34:44.541Z CPU=0.1% WS=44.09MB Managed=16.76MB Threads=33
[19:35:15.541 INF] [T:7] [PerfMonitor] Time:2026-03-20 10:35:14.540Z CPU=0.1% WS=44.09MB Managed=17.25MB Threads=33
[19:35:45.541 INF] [T:7] [PerfMonitor] Time:2026-03-20 10:35:44.540Z CPU=0.1% WS=44.09MB Managed=17.74MB Threads=33
[19:36:15.541 INF] [T:7] [PerfMonitor] Time:2026-03-20 10:36:14.541Z CPU=0.1% WS=46.70MB Managed=10.74MB Threads=34
[19:36:45.541 INF] [T:7] [PerfMonitor] Time:2026-03-20 10:36:44.541Z CPU=0.1% WS=46.69MB Managed=11.23MB Threads=33
[19:53:34.465 INF] [T:7] [PerfMonitor] Time:2026-03-20 10:53:33.464Z CPU=0.1% WS=46.84MB Managed=11.73MB Threads=33
[20:11:11.544 INF] [T:7] [PerfMonitor] Time:2026-03-20 11:11:10.546Z CPU=0.0% WS=46.91MB Managed=12.24MB Threads=34
[20:11:41.546 INF] [T:7] [PerfMonitor] Time:2026-03-20 11:11:40.544Z CPU=0.1% WS=45.34MB Managed=12.74MB Threads=33
[20:28:44.622 INF] [T:7] [PerfMonitor] Time:2026-03-20 11:28:43.629Z CPU=0.0% WS=42.05MB Managed=13.22MB Threads=33
[20:29:14.616 INF] [T:7] [PerfMonitor] Time:2026-03-20 11:29:13.615Z CPU=0.1% WS=42.98MB Managed=13.72MB Threads=33
[20:45:54.997 INF] [T:7] [PerfMonitor] Time:2026-03-20 11:45:53.996Z CPU=0.0% WS=43.31MB Managed=14.22MB Threads=34
[20:46:24.997 INF] [T:7] [PerfMonitor] Time:2026-03-20 11:46:23.996Z CPU=0.1% WS=43.80MB Managed=14.71MB Threads=33
[20:46:54.997 INF] [T:7] [PerfMonitor] Time:2026-03-20 11:46:53.997Z CPU=0.1% WS=39.92MB Managed=15.20MB Threads=33
[20:47:24.997 INF] [T:7] [PerfMonitor] Time:2026-03-20 11:47:23.996Z CPU=0.1% WS=41.55MB Managed=15.76MB Threads=34
[20:47:54.997 INF] [T:7] [PerfMonitor] Time:2026-03-20 11:47:53.997Z CPU=0.1% WS=42.11MB Managed=16.27MB Threads=34
[20:48:24.998 INF] [T:7] [PerfMonitor] Time:2026-03-20 11:48:23.996Z CPU=0.1% WS=42.59MB Managed=16.75MB Threads=33
[20:48:54.997 INF] [T:7] [PerfMonitor] Time:2026-03-20 11:48:53.997Z CPU=0.1% WS=43.14MB Managed=17.24MB Threads=34
[20:49:24.998 INF] [T:7] [PerfMonitor] Time:2026-03-20 11:49:23.997Z CPU=0.1% WS=43.70MB Managed=17.76MB Threads=34
[20:49:54.998 INF] [T:7] [PerfMonitor] Time:2026-03-20 11:49:53.997Z CPU=0.1% WS=46.44MB Managed=10.62MB Threads=33
[20:50:24.996 INF] [T:7] [PerfMonitor] Time:2026-03-20 11:50:23.997Z CPU=0.1% WS=46.56MB Managed=11.11MB Threads=34
[20:50:54.998 INF] [T:7] [PerfMonitor] Time:2026-03-20 11:50:53.997Z CPU=0.1% WS=46.61MB Managed=11.61MB Threads=34
[20:51:24.999 INF] [T:7] [PerfMonitor] Time:2026-03-20 11:51:23.997Z CPU=0.1% WS=46.62MB Managed=12.12MB Threads=35
[20:51:54.997 INF] [T:7] [PerfMonitor] Time:2026-03-20 11:51:53.998Z CPU=0.1% WS=46.61MB Managed=12.64MB Threads=33
[20:52:24.999 INF] [T:7] [PerfMonitor] Time:2026-03-20 11:52:23.998Z CPU=0.1% WS=46.86MB Managed=13.13MB Threads=33
[20:52:54.999 INF] [T:7] [PerfMonitor] Time:2026-03-20 11:52:53.998Z CPU=0.1% WS=46.88MB Managed=13.64MB Threads=34
[21:09:46.081 INF] [T:7] [PerfMonitor] Time:2026-03-20 12:09:45.081Z CPU=0.0% WS=44.31MB Managed=14.16MB Threads=34
[21:10:16.080 INF] [T:7] [PerfMonitor] Time:2026-03-20 12:10:15.079Z CPU=0.1% WS=44.31MB Managed=14.66MB Threads=34
[21:27:16.525 INF] [T:7] [PerfMonitor] Time:2026-03-20 12:27:15.525Z CPU=0.1% WS=44.30MB Managed=15.16MB Threads=33
[21:27:46.525 INF] [T:7] [PerfMonitor] Time:2026-03-20 12:27:45.524Z CPU=0.1% WS=44.30MB Managed=15.65MB Threads=33
[21:33:00.696 INF] [T:7] [PerfMonitor] Time:2026-03-20 12:32:59.697Z CPU=0.1% WS=44.30MB Managed=16.16MB Threads=33
[21:36:44.959 INF] [T:7] [PerfMonitor] Time:2026-03-20 12:36:43.958Z CPU=0.1% WS=44.30MB Managed=16.65MB Threads=33
[21:37:14.960 INF] [T:7] [PerfMonitor] Time:2026-03-20 12:37:13.960Z CPU=0.1% WS=44.31MB Managed=17.15MB Threads=34
[21:53:25.830 INF] [T:7] [PerfMonitor] Time:2026-03-20 12:53:24.830Z CPU=0.0% WS=43.72MB Managed=17.63MB Threads=33
[21:53:55.830 INF] [T:7] [PerfMonitor] Time:2026-03-20 12:53:54.830Z CPU=0.1% WS=44.27MB Managed=10.51MB Threads=33
[22:12:18.103 INF] [T:7] [PerfMonitor] Time:2026-03-20 13:12:17.103Z CPU=0.0% WS=44.28MB Managed=11.05MB Threads=34
[22:12:48.102 INF] [T:7] [PerfMonitor] Time:2026-03-20 13:12:47.103Z CPU=0.1% WS=44.27MB Managed=11.54MB Threads=33
[22:13:18.103 INF] [T:7] [PerfMonitor] Time:2026-03-20 13:13:17.104Z CPU=0.1% WS=44.28MB Managed=12.03MB Threads=34
[22:13:48.103 INF] [T:7] [PerfMonitor] Time:2026-03-20 13:13:47.104Z CPU=0.1% WS=44.39MB Managed=12.53MB Threads=33
[22:14:18.103 INF] [T:7] [PerfMonitor] Time:2026-03-20 13:14:17.104Z CPU=0.1% WS=44.47MB Managed=13.02MB Threads=33
[22:14:48.108 INF] [T:7] [PerfMonitor] Time:2026-03-20 13:14:47.104Z CPU=0.1% WS=44.52MB Managed=13.52MB Threads=33
[22:15:18.103 INF] [T:7] [PerfMonitor] Time:2026-03-20 13:15:17.105Z CPU=0.1% WS=44.53MB Managed=14.01MB Threads=34
[22:15:48.103 INF] [T:7] [PerfMonitor] Time:2026-03-20 13:15:47.103Z CPU=0.1% WS=44.52MB Managed=14.52MB Threads=33
[22:16:18.104 INF] [T:7] [PerfMonitor] Time:2026-03-20 13:16:18.103Z CPU=0.1% WS=44.53MB Managed=15.03MB Threads=34
[22:16:48.103 INF] [T:7] [PerfMonitor] Time:2026-03-20 13:16:47.103Z CPU=0.1% WS=44.53MB Managed=15.51MB Threads=34
[22:17:18.104 INF] [T:7] [PerfMonitor] Time:2026-03-20 13:17:17.104Z CPU=0.1% WS=44.52MB Managed=16.03MB Threads=33
[22:17:48.105 INF] [T:7] [PerfMonitor] Time:2026-03-20 13:17:47.104Z CPU=0.1% WS=44.53MB Managed=16.55MB Threads=33
[22:18:18.105 INF] [T:7] [PerfMonitor] Time:2026-03-20 13:18:17.105Z CPU=0.1% WS=44.55MB Managed=17.06MB Threads=34
[22:18:48.104 INF] [T:7] [PerfMonitor] Time:2026-03-20 13:18:47.103Z CPU=0.1% WS=44.58MB Managed=17.57MB Threads=34
[22:19:18.105 INF] [T:7] [PerfMonitor] Time:2026-03-20 13:19:17.106Z CPU=0.1% WS=44.61MB Managed=18.06MB Threads=34
[22:19:48.105 INF] [T:7] [PerfMonitor] Time:2026-03-20 13:19:47.105Z CPU=0.1% WS=44.73MB Managed=10.92MB Threads=33
[22:20:18.106 INF] [T:7] [PerfMonitor] Time:2026-03-20 13:20:17.106Z CPU=0.1% WS=44.77MB Managed=11.43MB Threads=34
[22:20:48.105 INF] [T:7] [PerfMonitor] Time:2026-03-20 13:20:47.106Z CPU=0.1% WS=44.75MB Managed=11.93MB Threads=33
[22:21:18.106 INF] [T:7] [PerfMonitor] Time:2026-03-20 13:21:17.106Z CPU=0.1% WS=44.75MB Managed=12.41MB Threads=33
[22:21:48.106 INF] [T:7] [PerfMonitor] Time:2026-03-20 13:21:47.105Z CPU=0.1% WS=44.75MB Managed=12.91MB Threads=33
[22:22:18.106 INF] [T:7] [PerfMonitor] Time:2026-03-20 13:22:17.105Z CPU=0.1% WS=44.77MB Managed=13.41MB Threads=34
[22:22:48.106 INF] [T:7] [PerfMonitor] Time:2026-03-20 13:22:47.105Z CPU=0.1% WS=44.75MB Managed=13.90MB Threads=33
[22:23:18.106 INF] [T:7] [PerfMonitor] Time:2026-03-20 13:23:17.106Z CPU=0.1% WS=44.77MB Managed=14.41MB Threads=34
[22:23:48.106 INF] [T:7] [PerfMonitor] Time:2026-03-20 13:23:47.106Z CPU=0.1% WS=44.80MB Managed=14.94MB Threads=36
[22:24:18.106 INF] [T:7] [PerfMonitor] Time:2026-03-20 13:24:17.106Z CPU=0.1% WS=44.77MB Managed=15.43MB Threads=34
[22:24:48.107 INF] [T:7] [PerfMonitor] Time:2026-03-20 13:24:47.105Z CPU=0.1% WS=44.78MB Managed=15.94MB Threads=34
[22:25:18.108 INF] [T:7] [PerfMonitor] Time:2026-03-20 13:25:17.106Z CPU=0.1% WS=44.77MB Managed=16.43MB Threads=33
[22:25:48.107 INF] [T:7] [PerfMonitor] Time:2026-03-20 13:25:47.106Z CPU=0.1% WS=44.78MB Managed=16.96MB Threads=34
[22:26:18.108 INF] [T:7] [PerfMonitor] Time:2026-03-20 13:26:17.107Z CPU=0.1% WS=44.78MB Managed=17.45MB Threads=34
[22:26:48.106 INF] [T:7] [PerfMonitor] Time:2026-03-20 13:26:48.105Z CPU=0.1% WS=44.78MB Managed=17.98MB Threads=34
[22:27:18.108 INF] [T:7] [PerfMonitor] Time:2026-03-20 13:27:17.106Z CPU=0.1% WS=44.80MB Managed=10.86MB Threads=33
[22:27:48.106 INF] [T:7] [PerfMonitor] Time:2026-03-20 13:27:47.107Z CPU=0.1% WS=44.84MB Managed=11.36MB Threads=34
[22:28:18.117 INF] [T:7] [PerfMonitor] Time:2026-03-20 13:28:17.107Z CPU=0.1% WS=44.84MB Managed=11.88MB Threads=34
[22:28:48.108 INF] [T:7] [PerfMonitor] Time:2026-03-20 13:28:47.108Z CPU=0.1% WS=44.84MB Managed=12.37MB Threads=34
[22:29:18.109 INF] [T:7] [PerfMonitor] Time:2026-03-20 13:29:17.106Z CPU=0.1% WS=44.83MB Managed=12.85MB Threads=33
[22:29:48.109 INF] [T:7] [PerfMonitor] Time:2026-03-20 13:29:47.108Z CPU=0.1% WS=44.83MB Managed=13.36MB Threads=33
[22:30:18.107 INF] [T:7] [PerfMonitor] Time:2026-03-20 13:30:17.109Z CPU=0.1% WS=44.83MB Managed=13.83MB Threads=33
[22:30:48.109 INF] [T:7] [PerfMonitor] Time:2026-03-20 13:30:47.108Z CPU=0.1% WS=44.84MB Managed=14.35MB Threads=34
[22:31:18.109 INF] [T:7] [PerfMonitor] Time:2026-03-20 13:31:17.109Z CPU=0.1% WS=44.84MB Managed=14.86MB Threads=34
[22:31:48.109 INF] [T:7] [PerfMonitor] Time:2026-03-20 13:31:47.109Z CPU=0.1% WS=44.83MB Managed=15.35MB Threads=33
[22:32:18.108 INF] [T:7] [PerfMonitor] Time:2026-03-20 13:32:17.110Z CPU=0.1% WS=44.83MB Managed=15.85MB Threads=33
[22:32:48.108 INF] [T:7] [PerfMonitor] Time:2026-03-20 13:32:47.109Z CPU=0.1% WS=44.83MB Managed=16.34MB Threads=33
[22:33:18.109 INF] [T:7] [PerfMonitor] Time:2026-03-20 13:33:17.109Z CPU=0.1% WS=44.86MB Managed=16.84MB Threads=33
[22:33:48.109 INF] [T:7] [PerfMonitor] Time:2026-03-20 13:33:47.109Z CPU=0.1% WS=44.95MB Managed=17.34MB Threads=33
[22:34:18.110 INF] [T:7] [PerfMonitor] Time:2026-03-20 13:34:17.110Z CPU=0.1% WS=45.00MB Managed=17.84MB Threads=35
[22:34:48.110 INF] [T:7] [PerfMonitor] Time:2026-03-20 13:34:47.110Z CPU=0.1% WS=45.00MB Managed=10.65MB Threads=33
[22:35:18.110 INF] [T:7] [PerfMonitor] Time:2026-03-20 13:35:17.110Z CPU=0.1% WS=45.02MB Managed=11.19MB Threads=34
[22:35:48.109 INF] [T:7] [PerfMonitor] Time:2026-03-20 13:35:47.110Z CPU=0.1% WS=45.00MB Managed=11.70MB Threads=33
[22:36:18.110 INF] [T:7] [PerfMonitor] Time:2026-03-20 13:36:17.111Z CPU=0.1% WS=45.02MB Managed=12.19MB Threads=33
[22:36:48.110 INF] [T:7] [PerfMonitor] Time:2026-03-20 13:36:47.110Z CPU=0.1% WS=45.03MB Managed=12.70MB Threads=34
[22:37:18.111 INF] [T:7] [PerfMonitor] Time:2026-03-20 13:37:17.110Z CPU=0.1% WS=45.02MB Managed=13.18MB Threads=33
[22:37:48.111 INF] [T:7] [PerfMonitor] Time:2026-03-20 13:37:47.111Z CPU=0.1% WS=45.03MB Managed=13.71MB Threads=34
[22:38:18.111 INF] [T:7] [PerfMonitor] Time:2026-03-20 13:38:17.111Z CPU=0.1% WS=45.03MB Managed=14.22MB Threads=34
[22:38:48.111 INF] [T:7] [PerfMonitor] Time:2026-03-20 13:38:47.109Z CPU=0.1% WS=45.02MB Managed=14.70MB Threads=33
[22:39:18.111 INF] [T:7] [PerfMonitor] Time:2026-03-20 13:39:17.111Z CPU=0.1% WS=45.02MB Managed=15.18MB Threads=33
[22:39:48.112 INF] [T:7] [PerfMonitor] Time:2026-03-20 13:39:47.109Z CPU=0.1% WS=45.02MB Managed=15.70MB Threads=33
[22:40:18.112 INF] [T:7] [PerfMonitor] Time:2026-03-20 13:40:17.110Z CPU=0.1% WS=45.02MB Managed=16.18MB Threads=33
[22:40:48.112 INF] [T:7] [PerfMonitor] Time:2026-03-20 13:40:47.111Z CPU=0.1% WS=45.03MB Managed=16.68MB Threads=34
[22:41:18.112 INF] [T:7] [PerfMonitor] Time:2026-03-20 13:41:17.112Z CPU=0.1% WS=45.02MB Managed=17.17MB Threads=33
[22:41:48.112 INF] [T:7] [PerfMonitor] Time:2026-03-20 13:41:47.112Z CPU=0.1% WS=45.05MB Managed=17.67MB Threads=34
[22:42:18.111 INF] [T:7] [PerfMonitor] Time:2026-03-20 13:42:17.112Z CPU=0.1% WS=45.02MB Managed=18.16MB Threads=33
[22:42:48.113 INF] [T:7] [PerfMonitor] Time:2026-03-20 13:42:47.110Z CPU=0.1% WS=45.30MB Managed=11.03MB Threads=34
[22:43:18.113 INF] [T:7] [PerfMonitor] Time:2026-03-20 13:43:17.112Z CPU=0.1% WS=45.28MB Managed=11.55MB Threads=33
[22:43:48.111 INF] [T:7] [PerfMonitor] Time:2026-03-20 13:43:47.113Z CPU=0.1% WS=45.28MB Managed=12.04MB Threads=33
[22:44:18.113 INF] [T:7] [PerfMonitor] Time:2026-03-20 13:44:17.112Z CPU=0.1% WS=45.30MB Managed=12.53MB Threads=34
[22:44:48.113 INF] [T:7] [PerfMonitor] Time:2026-03-20 13:44:47.111Z CPU=0.1% WS=45.28MB Managed=13.02MB Threads=33
[22:45:18.112 INF] [T:7] [PerfMonitor] Time:2026-03-20 13:45:18.112Z CPU=0.1% WS=45.30MB Managed=13.53MB Threads=34
[22:45:48.113 INF] [T:7] [PerfMonitor] Time:2026-03-20 13:45:47.112Z CPU=0.1% WS=45.28MB Managed=14.02MB Threads=33
[22:46:18.114 INF] [T:7] [PerfMonitor] Time:2026-03-20 13:46:17.111Z CPU=0.1% WS=45.28MB Managed=14.51MB Threads=33
[22:46:48.114 INF] [T:7] [PerfMonitor] Time:2026-03-20 13:46:47.112Z CPU=0.1% WS=45.28MB Managed=14.99MB Threads=33
[22:47:18.119 INF] [T:7] [PerfMonitor] Time:2026-03-20 13:47:17.118Z CPU=0.1% WS=45.28MB Managed=15.49MB Threads=33
[22:47:48.121 INF] [T:7] [PerfMonitor] Time:2026-03-20 13:47:47.121Z CPU=0.1% WS=45.28MB Managed=15.98MB Threads=33
[22:48:18.122 INF] [T:7] [PerfMonitor] Time:2026-03-20 13:48:17.121Z CPU=0.1% WS=45.30MB Managed=16.51MB Threads=34
[22:48:48.122 INF] [T:7] [PerfMonitor] Time:2026-03-20 13:48:47.121Z CPU=0.1% WS=45.30MB Managed=17.01MB Threads=34
[22:49:18.122 INF] [T:7] [PerfMonitor] Time:2026-03-20 13:49:17.120Z CPU=0.1% WS=45.27MB Managed=17.50MB Threads=33
[22:49:48.123 INF] [T:7] [PerfMonitor] Time:2026-03-20 13:49:47.121Z CPU=0.1% WS=45.30MB Managed=18.00MB Threads=34
[22:50:18.123 INF] [T:7] [PerfMonitor] Time:2026-03-20 13:50:17.121Z CPU=0.1% WS=45.41MB Managed=10.88MB Threads=34
[22:50:48.122 INF] [T:7] [PerfMonitor] Time:2026-03-20 13:50:47.123Z CPU=0.1% WS=45.39MB Managed=11.39MB Threads=33
[22:51:18.123 INF] [T:7] [PerfMonitor] Time:2026-03-20 13:51:17.123Z CPU=0.1% WS=45.41MB Managed=11.89MB Threads=34
[22:51:48.124 INF] [T:7] [PerfMonitor] Time:2026-03-20 13:51:47.123Z CPU=0.1% WS=45.41MB Managed=12.39MB Threads=34
[22:52:18.123 INF] [T:7] [PerfMonitor] Time:2026-03-20 13:52:17.124Z CPU=0.1% WS=45.39MB Managed=12.89MB Threads=33
[22:52:48.124 INF] [T:7] [PerfMonitor] Time:2026-03-20 13:52:47.123Z CPU=0.1% WS=45.44MB Managed=13.39MB Threads=35
[23:08:18.662 INF] [T:7] [PerfMonitor] Time:2026-03-20 14:08:17.675Z CPU=0.0% WS=45.42MB Managed=13.89MB Threads=34
[23:08:48.661 INF] [T:7] [PerfMonitor] Time:2026-03-20 14:08:48.661Z CPU=0.1% WS=45.42MB Managed=14.44MB Threads=34
[23:25:02.031 INF] [T:7] [PerfMonitor] Time:2026-03-20 14:25:02.031Z CPU=0.0% WS=45.41MB Managed=14.94MB Threads=33
[23:25:32.032 INF] [T:7] [PerfMonitor] Time:2026-03-20 14:25:31.030Z CPU=0.1% WS=45.41MB Managed=15.43MB Threads=33
[23:43:43.488 INF] [T:7] [PerfMonitor] Time:2026-03-20 14:43:42.488Z CPU=0.1% WS=45.47MB Managed=15.93MB Threads=34
[23:44:13.489 INF] [T:7] [PerfMonitor] Time:2026-03-20 14:44:12.486Z CPU=0.1% WS=45.45MB Managed=16.43MB Threads=33
