[00:15:43.158 INF] [T:7] [PerfMonitor] Time:2026-04-11 15:15:42.158Z CPU=0.0% WS=18.06MB Managed=203.56MB Threads=63
[00:16:43.158 INF] [T:7] [PerfMonitor] Time:2026-04-11 15:16:42.159Z CPU=0.0% WS=22.97MB Managed=205.00MB Threads=63
[00:17:43.158 INF] [T:7] [PerfMonitor] Time:2026-04-11 15:17:42.158Z CPU=0.0% WS=25.44MB Managed=206.42MB Threads=64
[00:18:43.157 INF] [T:7] [PerfMonitor] Time:2026-04-11 15:18:42.157Z CPU=0.0% WS=42.55MB Managed=200.06MB Threads=62
[00:19:43.157 INF] [T:7] [PerfMonitor] Time:2026-04-11 15:19:42.158Z CPU=0.0% WS=41.12MB Managed=201.46MB Threads=62
[00:20:43.158 INF] [T:7] [PerfMonitor] Time:2026-04-11 15:20:42.157Z CPU=0.0% WS=23.66MB Managed=202.85MB Threads=63
[00:36:38.367 INF] [T:7] [PerfMonitor] Time:2026-04-11 15:36:37.367Z CPU=0.0% WS=16.12MB Managed=204.23MB Threads=62
[00:37:38.368 INF] [T:7] [PerfMonitor] Time:2026-04-11 15:37:37.369Z CPU=0.0% WS=20.05MB Managed=205.62MB Threads=63
[00:38:38.368 INF] [T:7] [PerfMonitor] Time:2026-04-11 15:38:37.368Z CPU=0.0% WS=20.97MB Managed=206.99MB Threads=62
[00:39:38.368 INF] [T:7] [PerfMonitor] Time:2026-04-11 15:39:37.369Z CPU=0.0% WS=28.22MB Managed=200.94MB Threads=63
[00:40:38.369 INF] [T:7] [PerfMonitor] Time:2026-04-11 15:40:38.369Z CPU=0.0% WS=26.28MB Managed=202.36MB Threads=62
[00:56:54.626 INF] [T:7] [PerfMonitor] Time:2026-04-11 15:56:53.625Z CPU=0.0% WS=19.03MB Managed=203.74MB Threads=62
[00:57:54.624 INF] [T:7] [PerfMonitor] Time:2026-04-11 15:57:53.626Z CPU=0.0% WS=20.47MB Managed=205.11MB Threads=62
[00:58:54.625 INF] [T:7] [PerfMonitor] Time:2026-04-11 15:58:53.626Z CPU=0.0% WS=20.83MB Managed=206.49MB Threads=63
[00:59:54.625 INF] [T:7] [PerfMonitor] Time:2026-04-11 15:59:53.625Z CPU=0.0% WS=26.22MB Managed=200.42MB Threads=62
[01:00:54.626 INF] [T:7] [PerfMonitor] Time:2026-04-11 16:00:53.625Z CPU=0.0% WS=25.00MB Managed=201.84MB Threads=63
[01:17:21.839 INF] [T:7] [PerfMonitor] Time:2026-04-11 16:17:20.838Z CPU=0.0% WS=17.31MB Managed=203.24MB Threads=64
[01:18:21.831 INF] [T:7] [PerfMonitor] Time:2026-04-11 16:18:20.830Z CPU=0.0% WS=17.41MB Managed=204.63MB Threads=63
[01:19:21.832 INF] [T:7] [PerfMonitor] Time:2026-04-11 16:19:20.831Z CPU=0.0% WS=20.02MB Managed=206.03MB Threads=62
[01:20:21.831 INF] [T:7] [PerfMonitor] Time:2026-04-11 16:20:20.831Z CPU=0.0% WS=25.34MB Managed=199.95MB Threads=63
[01:21:21.831 INF] [T:7] [PerfMonitor] Time:2026-04-11 16:21:20.830Z CPU=0.0% WS=25.84MB Managed=201.35MB Threads=64
[01:22:21.831 INF] [T:7] [PerfMonitor] Time:2026-04-11 16:22:20.830Z CPU=0.0% WS=25.00MB Managed=202.73MB Threads=62
[01:23:21.832 INF] [T:7] [PerfMonitor] Time:2026-04-11 16:23:20.830Z CPU=0.0% WS=19.94MB Managed=204.15MB Threads=64
[01:41:38.930 INF] [T:7] [PerfMonitor] Time:2026-04-11 16:41:38.227Z CPU=0.0% WS=16.39MB Managed=205.54MB Threads=63
[01:42:38.923 INF] [T:7] [PerfMonitor] Time:2026-04-11 16:42:38.222Z CPU=0.0% WS=17.39MB Managed=206.94MB Threads=62
[01:43:38.922 INF] [T:7] [PerfMonitor] Time:2026-04-11 16:43:38.222Z CPU=0.0% WS=25.41MB Managed=200.95MB Threads=62
[01:44:38.947 INF] [T:7] [PerfMonitor] Time:2026-04-11 16:44:38.221Z CPU=0.0% WS=15.83MB Managed=202.32MB Threads=62
[01:45:38.921 INF] [T:7] [PerfMonitor] Time:2026-04-11 16:45:38.221Z CPU=0.0% WS=20.14MB Managed=203.72MB Threads=64
[01:46:38.975 INF] [T:7] [PerfMonitor] Time:2026-04-11 16:46:38.220Z CPU=0.0% WS=17.89MB Managed=205.12MB Threads=63
[02:04:50.044 INF] [T:7] [PerfMonitor] Time:2026-04-11 17:04:49.344Z CPU=0.0% WS=16.27MB Managed=206.50MB Threads=63
[02:05:50.043 INF] [T:7] [PerfMonitor] Time:2026-04-11 17:05:49.343Z CPU=0.0% WS=30.52MB Managed=200.42MB Threads=62
[02:06:50.044 INF] [T:7] [PerfMonitor] Time:2026-04-11 17:06:49.342Z CPU=0.0% WS=26.34MB Managed=201.82MB Threads=62
[02:07:50.072 INF] [T:7] [PerfMonitor] Time:2026-04-11 17:07:49.341Z CPU=0.0% WS=21.72MB Managed=203.20MB Threads=62
[02:08:50.044 INF] [T:7] [PerfMonitor] Time:2026-04-11 17:08:49.343Z CPU=0.0% WS=19.42MB Managed=204.58MB Threads=62
[02:09:50.043 INF] [T:7] [PerfMonitor] Time:2026-04-11 17:09:49.342Z CPU=0.0% WS=22.11MB Managed=205.97MB Threads=62
[02:10:50.043 INF] [T:7] [PerfMonitor] Time:2026-04-11 17:10:49.340Z CPU=0.0% WS=28.67MB Managed=199.99MB Threads=62
[02:11:50.042 INF] [T:7] [PerfMonitor] Time:2026-04-11 17:11:49.341Z CPU=0.0% WS=29.12MB Managed=201.38MB Threads=63
[02:28:33.341 INF] [T:7] [PerfMonitor] Time:2026-04-11 17:28:32.641Z CPU=0.0% WS=19.97MB Managed=202.77MB Threads=62
[02:29:33.341 INF] [T:7] [PerfMonitor] Time:2026-04-11 17:29:32.647Z CPU=0.0% WS=19.75MB Managed=204.16MB Threads=62
[02:30:33.340 INF] [T:7] [PerfMonitor] Time:2026-04-11 17:30:32.640Z CPU=0.0% WS=22.50MB Managed=205.55MB Threads=64
[02:31:33.340 INF] [T:7] [PerfMonitor] Time:2026-04-11 17:31:32.639Z CPU=0.0% WS=21.77MB Managed=206.97MB Threads=63
[02:32:33.340 INF] [T:7] [PerfMonitor] Time:2026-04-11 17:32:32.638Z CPU=0.0% WS=28.02MB Managed=201.02MB Threads=62
[02:33:33.339 INF] [T:7] [PerfMonitor] Time:2026-04-11 17:33:32.639Z CPU=0.0% WS=18.89MB Managed=202.40MB Threads=62
[02:50:45.572 INF] [T:7] [PerfMonitor] Time:2026-04-11 17:50:44.870Z CPU=0.0% WS=18.88MB Managed=203.80MB Threads=64
[02:51:45.582 INF] [T:7] [PerfMonitor] Time:2026-04-11 17:51:44.880Z CPU=0.0% WS=22.09MB Managed=205.20MB Threads=62
[02:52:45.581 INF] [T:7] [PerfMonitor] Time:2026-04-11 17:52:44.880Z CPU=0.0% WS=21.42MB Managed=206.59MB Threads=63
[02:53:45.582 INF] [T:7] [PerfMonitor] Time:2026-04-11 17:53:44.881Z CPU=0.0% WS=29.33MB Managed=200.63MB Threads=63
[02:54:45.583 INF] [T:7] [PerfMonitor] Time:2026-04-11 17:54:44.881Z CPU=0.0% WS=20.25MB Managed=202.05MB Threads=64
[02:55:45.584 INF] [T:7] [PerfMonitor] Time:2026-04-11 17:55:44.882Z CPU=0.0% WS=23.11MB Managed=203.43MB Threads=62
[02:56:45.582 INF] [T:7] [PerfMonitor] Time:2026-04-11 17:56:44.882Z CPU=0.0% WS=23.97MB Managed=204.82MB Threads=63
[03:12:43.815 INF] [T:7] [PerfMonitor] Time:2026-04-11 18:12:43.113Z CPU=0.0% WS=19.44MB Managed=206.21MB Threads=63
[03:13:43.814 INF] [T:7] [PerfMonitor] Time:2026-04-11 18:13:43.115Z CPU=0.0% WS=26.81MB Managed=200.16MB Threads=62
[03:14:43.815 INF] [T:7] [PerfMonitor] Time:2026-04-11 18:14:43.113Z CPU=0.0% WS=16.36MB Managed=201.54MB Threads=62
[03:15:43.816 INF] [T:7] [PerfMonitor] Time:2026-04-11 18:15:43.115Z CPU=0.0% WS=19.52MB Managed=202.94MB Threads=63
[03:16:43.815 INF] [T:7] [PerfMonitor] Time:2026-04-11 18:16:43.115Z CPU=0.0% WS=18.69MB Managed=204.34MB Threads=65
[03:17:43.817 INF] [T:7] [PerfMonitor] Time:2026-04-11 18:17:43.128Z CPU=0.0% WS=20.44MB Managed=205.74MB Threads=63
[03:35:12.961 INF] [T:7] [PerfMonitor] Time:2026-04-11 18:35:12.266Z CPU=0.0% WS=15.88MB Managed=207.13MB Threads=62
[03:36:12.959 INF] [T:7] [PerfMonitor] Time:2026-04-11 18:36:12.258Z CPU=0.0% WS=26.20MB Managed=201.02MB Threads=62
[03:37:12.956 INF] [T:7] [PerfMonitor] Time:2026-04-11 18:37:12.257Z CPU=0.0% WS=24.88MB Managed=202.42MB Threads=63
[03:38:12.956 INF] [T:7] [PerfMonitor] Time:2026-04-11 18:38:12.254Z CPU=0.0% WS=20.16MB Managed=203.82MB Threads=62
[03:39:12.953 INF] [T:7] [PerfMonitor] Time:2026-04-11 18:39:12.252Z CPU=0.0% WS=26.72MB Managed=205.22MB Threads=62
[03:40:12.953 INF] [T:7] [PerfMonitor] Time:2026-04-11 18:40:12.250Z CPU=0.0% WS=20.72MB Managed=206.59MB Threads=63
[03:58:41.126 INF] [T:7] [PerfMonitor] Time:2026-04-11 18:58:40.414Z CPU=0.0% WS=28.73MB Managed=200.53MB Threads=62
[03:59:41.126 INF] [T:7] [PerfMonitor] Time:2026-04-11 18:59:40.411Z CPU=0.0% WS=19.12MB Managed=201.92MB Threads=62
[04:00:41.109 INF] [T:7] [PerfMonitor] Time:2026-04-11 19:00:40.408Z CPU=0.0% WS=23.22MB Managed=203.32MB Threads=63
[04:01:41.107 INF] [T:7] [PerfMonitor] Time:2026-04-11 19:01:40.405Z CPU=0.0% WS=23.86MB Managed=204.72MB Threads=63
[04:02:41.105 INF] [T:7] [PerfMonitor] Time:2026-04-11 19:02:40.405Z CPU=0.0% WS=23.58MB Managed=206.11MB Threads=63
[04:03:41.104 INF] [T:7] [PerfMonitor] Time:2026-04-11 19:03:40.402Z CPU=0.0% WS=23.73MB Managed=207.50MB Threads=62
[04:04:41.102 INF] [T:7] [PerfMonitor] Time:2026-04-11 19:04:40.401Z CPU=0.0% WS=38.62MB Managed=201.11MB Threads=63
[04:05:41.101 INF] [T:7] [PerfMonitor] Time:2026-04-11 19:05:40.399Z CPU=0.0% WS=36.98MB Managed=202.50MB Threads=62
[04:23:31.443 INF] [T:7] [PerfMonitor] Time:2026-04-11 19:23:30.743Z CPU=0.0% WS=19.97MB Managed=203.89MB Threads=64
[04:24:34.833 INF] [T:7] [PerfMonitor] Time:2026-04-11 19:24:34.132Z CPU=0.0% WS=22.08MB Managed=205.30MB Threads=63
[04:40:36.070 INF] [T:7] [PerfMonitor] Time:2026-04-11 19:40:35.369Z CPU=0.0% WS=21.73MB Managed=206.69MB Threads=62
[04:41:36.071 INF] [T:7] [PerfMonitor] Time:2026-04-11 19:41:35.369Z CPU=0.0% WS=30.34MB Managed=200.64MB Threads=63
[04:42:36.073 INF] [T:7] [PerfMonitor] Time:2026-04-11 19:42:35.371Z CPU=0.0% WS=21.91MB Managed=202.02MB Threads=62
[04:43:36.075 INF] [T:7] [PerfMonitor] Time:2026-04-11 19:43:35.373Z CPU=0.0% WS=20.55MB Managed=203.42MB Threads=62
[04:44:36.097 INF] [T:7] [PerfMonitor] Time:2026-04-11 19:44:35.374Z CPU=0.0% WS=21.73MB Managed=204.81MB Threads=62
[04:45:36.078 INF] [T:7] [PerfMonitor] Time:2026-04-11 19:45:35.377Z CPU=0.0% WS=20.78MB Managed=206.20MB Threads=63
[04:46:36.079 INF] [T:7] [PerfMonitor] Time:2026-04-11 19:46:35.379Z CPU=0.0% WS=26.53MB Managed=200.13MB Threads=63
[04:51:53.287 INF] [T:7] [PerfMonitor] Time:2026-04-11 19:51:52.587Z CPU=0.0% WS=21.52MB Managed=201.55MB Threads=62
[04:52:53.289 INF] [T:7] [PerfMonitor] Time:2026-04-11 19:52:52.588Z CPU=0.0% WS=19.44MB Managed=202.93MB Threads=63
[04:53:53.291 INF] [T:7] [PerfMonitor] Time:2026-04-11 19:53:52.591Z CPU=0.0% WS=21.27MB Managed=204.31MB Threads=62
[05:11:29.439 INF] [T:7] [PerfMonitor] Time:2026-04-11 20:11:28.738Z CPU=0.0% WS=17.14MB Managed=205.72MB Threads=63
[05:12:29.434 INF] [T:7] [PerfMonitor] Time:2026-04-11 20:12:28.734Z CPU=0.0% WS=19.62MB Managed=207.12MB Threads=62
[05:13:29.435 INF] [T:7] [PerfMonitor] Time:2026-04-11 20:13:28.734Z CPU=0.0% WS=24.83MB Managed=201.07MB Threads=64
[05:14:29.437 INF] [T:7] [PerfMonitor] Time:2026-04-11 20:14:28.735Z CPU=0.0% WS=18.44MB Managed=202.48MB Threads=63
[05:15:29.437 INF] [T:7] [PerfMonitor] Time:2026-04-11 20:15:28.735Z CPU=0.0% WS=21.22MB Managed=203.85MB Threads=62
[05:16:29.436 INF] [T:7] [PerfMonitor] Time:2026-04-11 20:16:28.736Z CPU=0.0% WS=21.73MB Managed=205.25MB Threads=63
[05:34:46.627 INF] [T:7] [PerfMonitor] Time:2026-04-11 20:34:45.923Z CPU=0.0% WS=17.17MB Managed=206.64MB Threads=64
[05:35:46.621 INF] [T:7] [PerfMonitor] Time:2026-04-11 20:35:45.920Z CPU=0.0% WS=26.19MB Managed=200.59MB Threads=64
[05:36:46.620 INF] [T:7] [PerfMonitor] Time:2026-04-11 20:36:45.919Z CPU=0.0% WS=18.64MB Managed=202.01MB Threads=63
[05:37:46.619 INF] [T:7] [PerfMonitor] Time:2026-04-11 20:37:45.952Z CPU=0.0% WS=19.02MB Managed=203.42MB Threads=63
[05:38:46.638 INF] [T:7] [PerfMonitor] Time:2026-04-11 20:38:45.918Z CPU=0.0% WS=19.12MB Managed=204.80MB Threads=62
[05:39:46.617 INF] [T:7] [PerfMonitor] Time:2026-04-11 20:39:45.916Z CPU=0.0% WS=16.94MB Managed=206.18MB Threads=62
[05:56:16.474 INF] [T:7] [PerfMonitor] Time:2026-04-11 20:56:15.772Z CPU=0.0% WS=24.03MB Managed=200.17MB Threads=63
[05:57:16.472 INF] [T:7] [PerfMonitor] Time:2026-04-11 20:57:15.773Z CPU=0.0% WS=17.45MB Managed=201.56MB Threads=62
[05:58:16.472 INF] [T:7] [PerfMonitor] Time:2026-04-11 20:58:15.771Z CPU=0.0% WS=18.31MB Managed=202.94MB Threads=62
[05:59:16.471 INF] [T:7] [PerfMonitor] Time:2026-04-11 20:59:15.771Z CPU=0.0% WS=18.05MB Managed=204.33MB Threads=63
[06:00:16.470 INF] [T:7] [PerfMonitor] Time:2026-04-11 21:00:15.768Z CPU=0.0% WS=17.88MB Managed=205.71MB Threads=62
[06:01:16.469 INF] [T:7] [PerfMonitor] Time:2026-04-11 21:01:15.769Z CPU=0.0% WS=17.48MB Managed=207.09MB Threads=62
[06:17:58.631 INF] [T:7] [PerfMonitor] Time:2026-04-11 21:17:57.930Z CPU=0.0% WS=16.53MB Managed=200.98MB Threads=63
[06:34:02.120 INF] [T:7] [PerfMonitor] Time:2026-04-11 21:34:01.417Z CPU=0.0% WS=17.30MB Managed=202.40MB Threads=64
[06:35:02.120 INF] [T:7] [PerfMonitor] Time:2026-04-11 21:35:01.419Z CPU=0.0% WS=19.03MB Managed=203.78MB Threads=62
[06:36:02.120 INF] [T:7] [PerfMonitor] Time:2026-04-11 21:36:01.418Z CPU=0.0% WS=19.47MB Managed=205.18MB Threads=62
[06:37:02.120 INF] [T:7] [PerfMonitor] Time:2026-04-11 21:37:01.418Z CPU=0.0% WS=16.98MB Managed=206.56MB Threads=62
[06:38:02.120 INF] [T:7] [PerfMonitor] Time:2026-04-11 21:38:01.418Z CPU=0.0% WS=25.89MB Managed=200.54MB Threads=62
[06:39:02.120 INF] [T:7] [PerfMonitor] Time:2026-04-11 21:39:01.418Z CPU=0.0% WS=16.92MB Managed=201.96MB Threads=62
[06:55:13.273 INF] [T:7] [PerfMonitor] Time:2026-04-11 21:55:12.572Z CPU=0.0% WS=16.20MB Managed=203.34MB Threads=63
[06:56:13.274 INF] [T:7] [PerfMonitor] Time:2026-04-11 21:56:12.571Z CPU=0.0% WS=19.03MB Managed=204.74MB Threads=62
[06:57:13.273 INF] [T:7] [PerfMonitor] Time:2026-04-11 21:57:12.570Z CPU=0.0% WS=20.50MB Managed=206.10MB Threads=62
[06:58:13.272 INF] [T:7] [PerfMonitor] Time:2026-04-11 21:58:12.570Z CPU=0.0% WS=26.23MB Managed=200.07MB Threads=63
[06:59:13.274 INF] [T:7] [PerfMonitor] Time:2026-04-11 21:59:12.570Z CPU=0.0% WS=24.53MB Managed=201.47MB Threads=62
[07:01:12.488 INF] [T:7] [PerfMonitor] Time:2026-04-11 22:00:12.572Z CPU=0.1% WS=16.77MB Managed=202.85MB Threads=62
[07:19:00.557 INF] [T:7] [PerfMonitor] Time:2026-04-11 22:18:59.854Z CPU=0.0% WS=18.92MB Managed=204.26MB Threads=63
[07:20:00.630 INF] [T:7] [PerfMonitor] Time:2026-04-11 22:19:59.927Z CPU=0.0% WS=17.59MB Managed=205.68MB Threads=64
[07:21:00.632 INF] [T:7] [PerfMonitor] Time:2026-04-11 22:20:59.929Z CPU=0.0% WS=19.98MB Managed=207.05MB Threads=62
[07:22:00.633 INF] [T:7] [PerfMonitor] Time:2026-04-11 22:21:59.930Z CPU=0.0% WS=22.58MB Managed=201.06MB Threads=63
[07:23:00.634 INF] [T:7] [PerfMonitor] Time:2026-04-11 22:22:59.932Z CPU=0.0% WS=24.11MB Managed=202.47MB Threads=63
[07:24:00.637 INF] [T:7] [PerfMonitor] Time:2026-04-11 22:23:59.934Z CPU=0.0% WS=19.73MB Managed=203.85MB Threads=63
[07:40:24.903 INF] [T:7] [PerfMonitor] Time:2026-04-11 22:40:24.202Z CPU=0.0% WS=15.91MB Managed=205.25MB Threads=62
[07:41:24.905 INF] [T:7] [PerfMonitor] Time:2026-04-11 22:41:24.203Z CPU=0.0% WS=18.48MB Managed=206.65MB Threads=62
[07:42:24.906 INF] [T:7] [PerfMonitor] Time:2026-04-11 22:42:24.205Z CPU=0.0% WS=25.75MB Managed=200.57MB Threads=63
[07:43:24.908 INF] [T:7] [PerfMonitor] Time:2026-04-11 22:43:24.206Z CPU=0.0% WS=25.64MB Managed=201.97MB Threads=62
[07:44:24.910 INF] [T:7] [PerfMonitor] Time:2026-04-11 22:44:24.208Z CPU=0.0% WS=15.47MB Managed=203.35MB Threads=62
[07:45:24.912 INF] [T:7] [PerfMonitor] Time:2026-04-11 22:45:24.210Z CPU=0.0% WS=19.12MB Managed=204.73MB Threads=62
[07:46:24.912 INF] [T:7] [PerfMonitor] Time:2026-04-11 22:46:24.211Z CPU=0.0% WS=18.17MB Managed=206.19MB Threads=63
[07:47:24.914 INF] [T:7] [PerfMonitor] Time:2026-04-11 22:47:24.212Z CPU=0.0% WS=25.88MB Managed=200.14MB Threads=62
[07:48:24.915 INF] [T:7] [PerfMonitor] Time:2026-04-11 22:48:24.214Z CPU=0.0% WS=24.94MB Managed=201.55MB Threads=63
[07:49:24.918 INF] [T:7] [PerfMonitor] Time:2026-04-11 22:49:24.216Z CPU=0.0% WS=17.80MB Managed=202.94MB Threads=63
[07:50:24.920 INF] [T:7] [PerfMonitor] Time:2026-04-11 22:50:24.218Z CPU=0.0% WS=18.05MB Managed=204.32MB Threads=62
[07:51:24.922 INF] [T:7] [PerfMonitor] Time:2026-04-11 22:51:24.220Z CPU=0.0% WS=19.86MB Managed=205.71MB Threads=62
[07:52:24.924 INF] [T:7] [PerfMonitor] Time:2026-04-11 22:52:24.222Z CPU=0.0% WS=16.97MB Managed=207.08MB Threads=62
[07:53:24.924 INF] [T:7] [PerfMonitor] Time:2026-04-11 22:53:24.224Z CPU=0.0% WS=35.77MB Managed=200.66MB Threads=63
[07:54:24.927 INF] [T:7] [PerfMonitor] Time:2026-04-11 22:54:24.226Z CPU=0.0% WS=35.34MB Managed=202.05MB Threads=62
[07:55:24.929 INF] [T:7] [PerfMonitor] Time:2026-04-11 22:55:24.227Z CPU=0.0% WS=16.62MB Managed=203.46MB Threads=62
[07:56:24.929 INF] [T:7] [PerfMonitor] Time:2026-04-11 22:56:24.228Z CPU=0.0% WS=19.09MB Managed=204.84MB Threads=62
[07:57:24.930 INF] [T:7] [PerfMonitor] Time:2026-04-11 22:57:24.229Z CPU=0.0% WS=17.64MB Managed=206.23MB Threads=62
[07:58:24.935 INF] [T:7] [PerfMonitor] Time:2026-04-11 22:58:24.231Z CPU=0.0% WS=27.22MB Managed=200.16MB Threads=62
[07:59:24.937 INF] [T:7] [PerfMonitor] Time:2026-04-11 22:59:24.232Z CPU=0.0% WS=25.88MB Managed=201.57MB Threads=62
[08:00:24.935 INF] [T:7] [PerfMonitor] Time:2026-04-11 23:00:24.234Z CPU=0.0% WS=17.28MB Managed=203.01MB Threads=65
[08:01:24.938 INF] [T:7] [PerfMonitor] Time:2026-04-11 23:01:24.235Z CPU=0.0% WS=16.72MB Managed=204.40MB Threads=64
[08:02:24.938 INF] [T:7] [PerfMonitor] Time:2026-04-11 23:02:24.236Z CPU=0.0% WS=19.02MB Managed=205.79MB Threads=62
[08:03:24.940 INF] [T:7] [PerfMonitor] Time:2026-04-11 23:03:24.238Z CPU=0.0% WS=19.92MB Managed=207.18MB Threads=62
[08:04:24.941 INF] [T:7] [PerfMonitor] Time:2026-04-11 23:04:24.239Z CPU=0.0% WS=23.78MB Managed=201.12MB Threads=62
[08:05:24.945 INF] [T:7] [PerfMonitor] Time:2026-04-11 23:05:24.241Z CPU=0.0% WS=16.91MB Managed=202.51MB Threads=62
[08:06:24.946 INF] [T:7] [PerfMonitor] Time:2026-04-11 23:06:24.243Z CPU=0.0% WS=19.64MB Managed=203.89MB Threads=62
[08:07:24.946 INF] [T:7] [PerfMonitor] Time:2026-04-11 23:07:24.246Z CPU=0.0% WS=17.05MB Managed=205.28MB Threads=63
[08:08:24.951 INF] [T:7] [PerfMonitor] Time:2026-04-11 23:08:24.246Z CPU=0.0% WS=18.80MB Managed=206.66MB Threads=62
[08:09:24.951 INF] [T:7] [PerfMonitor] Time:2026-04-11 23:09:24.249Z CPU=0.0% WS=23.69MB Managed=200.60MB Threads=63
[08:10:24.959 INF] [T:7] [PerfMonitor] Time:2026-04-11 23:10:24.273Z CPU=0.0% WS=16.34MB Managed=202.02MB Threads=62
[08:11:24.952 INF] [T:7] [PerfMonitor] Time:2026-04-11 23:11:24.252Z CPU=0.0% WS=17.72MB Managed=203.42MB Threads=62
[08:12:24.953 INF] [T:7] [PerfMonitor] Time:2026-04-11 23:12:24.254Z CPU=0.0% WS=18.30MB Managed=204.83MB Threads=63
[08:13:24.956 INF] [T:7] [PerfMonitor] Time:2026-04-11 23:13:24.256Z CPU=0.0% WS=18.66MB Managed=206.22MB Threads=63
[08:14:22.909 INF] [T:7] [PerfMonitor] Time:2026-04-11 23:14:22.210Z CPU=0.0% WS=23.81MB Managed=200.17MB Threads=62
[08:15:22.910 INF] [T:7] [PerfMonitor] Time:2026-04-11 23:15:22.210Z CPU=0.0% WS=17.47MB Managed=201.58MB Threads=62
[08:16:22.919 INF] [T:7] [PerfMonitor] Time:2026-04-11 23:16:22.251Z CPU=0.0% WS=17.73MB Managed=202.99MB Threads=62
[08:17:22.915 INF] [T:7] [PerfMonitor] Time:2026-04-11 23:17:22.222Z CPU=0.0% WS=18.48MB Managed=204.35MB Threads=63
[08:18:22.915 INF] [T:7] [PerfMonitor] Time:2026-04-11 23:18:22.216Z CPU=0.0% WS=16.88MB Managed=205.76MB Threads=62
[08:19:22.918 INF] [T:7] [PerfMonitor] Time:2026-04-11 23:19:22.218Z CPU=0.0% WS=17.17MB Managed=207.16MB Threads=64
[08:20:22.920 INF] [T:7] [PerfMonitor] Time:2026-04-11 23:20:22.219Z CPU=0.0% WS=24.75MB Managed=201.14MB Threads=62
[08:21:22.922 INF] [T:7] [PerfMonitor] Time:2026-04-11 23:21:22.221Z CPU=0.0% WS=16.62MB Managed=202.53MB Threads=63
[08:22:22.923 INF] [T:7] [PerfMonitor] Time:2026-04-11 23:22:22.222Z CPU=0.0% WS=19.64MB Managed=203.93MB Threads=63
[08:23:22.925 INF] [T:7] [PerfMonitor] Time:2026-04-11 23:23:22.224Z CPU=0.0% WS=20.22MB Managed=205.33MB Threads=63
[08:24:22.927 INF] [T:7] [PerfMonitor] Time:2026-04-11 23:24:22.225Z CPU=0.0% WS=19.12MB Managed=206.73MB Threads=63
[08:25:22.927 INF] [T:7] [PerfMonitor] Time:2026-04-11 23:25:22.227Z CPU=0.0% WS=24.03MB Managed=200.68MB Threads=64
[08:26:22.928 INF] [T:7] [PerfMonitor] Time:2026-04-11 23:26:22.227Z CPU=0.0% WS=18.33MB Managed=202.09MB Threads=63
[08:27:22.931 INF] [T:7] [PerfMonitor] Time:2026-04-11 23:27:22.230Z CPU=0.0% WS=17.78MB Managed=203.53MB Threads=65
[08:28:22.932 INF] [T:7] [PerfMonitor] Time:2026-04-11 23:28:22.231Z CPU=0.0% WS=18.45MB Managed=204.91MB Threads=63
[08:29:22.933 INF] [T:7] [PerfMonitor] Time:2026-04-11 23:29:22.232Z CPU=0.0% WS=17.91MB Managed=206.30MB Threads=63
[08:30:24.884 INF] [T:7] [PerfMonitor] Time:2026-04-11 23:30:24.182Z CPU=0.0% WS=25.20MB Managed=200.28MB Threads=63
[08:31:24.886 INF] [T:7] [PerfMonitor] Time:2026-04-11 23:31:24.184Z CPU=0.0% WS=15.66MB Managed=201.67MB Threads=62
[08:32:24.887 INF] [T:7] [PerfMonitor] Time:2026-04-11 23:32:24.186Z CPU=0.0% WS=18.98MB Managed=203.06MB Threads=63
[08:33:24.889 INF] [T:7] [PerfMonitor] Time:2026-04-11 23:33:24.188Z CPU=0.0% WS=17.53MB Managed=204.46MB Threads=63
[08:34:24.890 INF] [T:7] [PerfMonitor] Time:2026-04-11 23:34:24.190Z CPU=0.0% WS=20.56MB Managed=205.85MB Threads=63
[08:35:24.892 INF] [T:7] [PerfMonitor] Time:2026-04-11 23:35:24.190Z CPU=0.0% WS=20.23MB Managed=207.26MB Threads=63
[08:36:24.898 INF] [T:7] [PerfMonitor] Time:2026-04-11 23:36:24.193Z CPU=0.0% WS=23.91MB Managed=201.27MB Threads=63
[08:37:24.896 INF] [T:7] [PerfMonitor] Time:2026-04-11 23:37:24.194Z CPU=0.0% WS=17.00MB Managed=202.67MB Threads=62
[08:38:24.897 INF] [T:7] [PerfMonitor] Time:2026-04-11 23:38:24.197Z CPU=0.0% WS=17.36MB Managed=204.10MB Threads=63
[08:39:24.900 INF] [T:7] [PerfMonitor] Time:2026-04-11 23:39:24.198Z CPU=0.0% WS=18.36MB Managed=205.51MB Threads=63
[08:40:24.899 INF] [T:7] [PerfMonitor] Time:2026-04-11 23:40:24.200Z CPU=0.0% WS=18.11MB Managed=206.88MB Threads=62
[08:57:57.980 INF] [T:7] [PerfMonitor] Time:2026-04-11 23:57:57.279Z CPU=0.0% WS=22.41MB Managed=200.84MB Threads=62
[08:58:57.969 INF] [T:7] [PerfMonitor] Time:2026-04-11 23:58:57.268Z CPU=0.0% WS=18.30MB Managed=202.23MB Threads=64
[08:59:57.969 INF] [T:7] [PerfMonitor] Time:2026-04-11 23:59:57.267Z CPU=0.0% WS=18.05MB Managed=203.65MB Threads=62
[09:00:57.969 INF] [T:7] [PerfMonitor] Time:2026-04-12 00:00:57.267Z CPU=0.0% WS=20.36MB Managed=205.03MB Threads=62
[09:01:57.969 INF] [T:7] [PerfMonitor] Time:2026-04-12 00:01:57.267Z CPU=0.0% WS=20.98MB Managed=206.44MB Threads=63
[09:02:57.969 INF] [T:7] [PerfMonitor] Time:2026-04-12 00:02:57.268Z CPU=0.0% WS=25.69MB Managed=200.42MB Threads=62
[09:03:57.970 INF] [T:7] [PerfMonitor] Time:2026-04-12 00:03:57.284Z CPU=0.0% WS=23.02MB Managed=201.83MB Threads=64
[09:22:21.196 INF] [T:7] [PerfMonitor] Time:2026-04-12 00:22:20.495Z CPU=0.0% WS=17.20MB Managed=203.28MB Threads=63
[09:23:21.212 INF] [T:7] [PerfMonitor] Time:2026-04-12 00:23:20.510Z CPU=0.0% WS=17.17MB Managed=204.66MB Threads=62
[09:24:21.214 INF] [T:7] [PerfMonitor] Time:2026-04-12 00:24:20.512Z CPU=0.0% WS=15.44MB Managed=206.04MB Threads=62
[09:25:21.215 INF] [T:7] [PerfMonitor] Time:2026-04-12 00:25:20.514Z CPU=0.0% WS=19.56MB Managed=207.43MB Threads=62
[09:26:21.217 INF] [T:7] [PerfMonitor] Time:2026-04-12 00:26:20.515Z CPU=0.0% WS=26.14MB Managed=201.40MB Threads=62
[09:27:21.226 INF] [T:7] [PerfMonitor] Time:2026-04-12 00:27:20.516Z CPU=0.0% WS=24.66MB Managed=202.80MB Threads=62
[09:43:55.426 INF] [T:7] [PerfMonitor] Time:2026-04-12 00:43:54.726Z CPU=0.0% WS=17.00MB Managed=204.22MB Threads=64
[09:44:55.426 INF] [T:7] [PerfMonitor] Time:2026-04-12 00:44:54.725Z CPU=0.0% WS=19.31MB Managed=205.60MB Threads=62
[09:45:55.427 INF] [T:7] [PerfMonitor] Time:2026-04-12 00:45:54.727Z CPU=0.0% WS=20.17MB Managed=206.99MB Threads=62
[09:46:55.427 INF] [T:7] [PerfMonitor] Time:2026-04-12 00:46:54.726Z CPU=0.0% WS=36.14MB Managed=200.59MB Threads=62
[09:47:55.428 INF] [T:7] [PerfMonitor] Time:2026-04-12 00:47:54.728Z CPU=0.0% WS=35.14MB Managed=201.98MB Threads=63
[10:02:31.503 INF] [T:7] [PerfMonitor] Time:2026-04-12 01:02:30.804Z CPU=0.0% WS=14.75MB Managed=203.36MB Threads=62
[10:20:24.576 INF] [T:7] [PerfMonitor] Time:2026-04-12 01:20:23.877Z CPU=0.0% WS=17.94MB Managed=204.76MB Threads=63
[10:21:24.568 INF] [T:7] [PerfMonitor] Time:2026-04-12 01:21:23.867Z CPU=0.0% WS=17.31MB Managed=206.14MB Threads=62
[10:22:24.569 INF] [T:7] [PerfMonitor] Time:2026-04-12 01:22:23.866Z CPU=0.0% WS=25.98MB Managed=200.14MB Threads=62
[10:23:24.568 INF] [T:7] [PerfMonitor] Time:2026-04-12 01:23:23.867Z CPU=0.0% WS=25.59MB Managed=201.52MB Threads=62
[10:24:24.567 INF] [T:7] [PerfMonitor] Time:2026-04-12 01:24:23.866Z CPU=0.0% WS=16.39MB Managed=202.90MB Threads=63
[10:25:24.568 INF] [T:7] [PerfMonitor] Time:2026-04-12 01:25:23.867Z CPU=0.0% WS=18.94MB Managed=204.28MB Threads=63
[10:26:24.569 INF] [T:7] [PerfMonitor] Time:2026-04-12 01:26:23.867Z CPU=0.0% WS=18.06MB Managed=205.68MB Threads=63
[10:42:41.754 INF] [T:7] [PerfMonitor] Time:2026-04-12 01:42:41.400Z CPU=0.0% WS=18.83MB Managed=207.08MB Threads=63
[10:43:41.748 INF] [T:7] [PerfMonitor] Time:2026-04-12 01:43:41.047Z CPU=0.0% WS=24.28MB Managed=201.05MB Threads=63
[10:44:41.748 INF] [T:7] [PerfMonitor] Time:2026-04-12 01:44:41.047Z CPU=0.0% WS=16.52MB Managed=202.44MB Threads=62
[10:45:41.748 INF] [T:7] [PerfMonitor] Time:2026-04-12 01:45:41.047Z CPU=0.0% WS=19.00MB Managed=203.84MB Threads=63
[10:46:41.748 INF] [T:7] [PerfMonitor] Time:2026-04-12 01:46:41.047Z CPU=0.0% WS=20.31MB Managed=205.23MB Threads=63
[10:47:41.749 INF] [T:7] [PerfMonitor] Time:2026-04-12 01:47:41.047Z CPU=0.0% WS=19.59MB Managed=206.61MB Threads=62
[11:03:48.983 INF] [T:7] [PerfMonitor] Time:2026-04-12 02:03:48.281Z CPU=0.0% WS=13.67MB Managed=200.56MB Threads=62
[11:04:48.984 INF] [T:7] [PerfMonitor] Time:2026-04-12 02:04:48.283Z CPU=0.0% WS=18.31MB Managed=201.96MB Threads=63
[11:05:48.984 INF] [T:7] [PerfMonitor] Time:2026-04-12 02:05:48.283Z CPU=0.0% WS=20.06MB Managed=203.35MB Threads=63
[11:06:48.983 INF] [T:7] [PerfMonitor] Time:2026-04-12 02:06:48.283Z CPU=0.0% WS=21.14MB Managed=204.75MB Threads=63
[11:07:48.984 INF] [T:7] [PerfMonitor] Time:2026-04-12 02:07:48.283Z CPU=0.0% WS=21.83MB Managed=206.13MB Threads=63
[11:08:48.986 INF] [T:7] [PerfMonitor] Time:2026-04-12 02:08:48.292Z CPU=0.0% WS=24.75MB Managed=200.10MB Threads=63
[11:09:48.985 INF] [T:7] [PerfMonitor] Time:2026-04-12 02:09:48.284Z CPU=0.0% WS=22.53MB Managed=201.48MB Threads=62
[11:10:48.985 INF] [T:7] [PerfMonitor] Time:2026-04-12 02:10:48.284Z CPU=0.0% WS=18.77MB Managed=202.88MB Threads=62
[11:11:48.985 INF] [T:7] [PerfMonitor] Time:2026-04-12 02:11:48.283Z CPU=0.0% WS=18.94MB Managed=204.25MB Threads=62
[11:12:48.986 INF] [T:7] [PerfMonitor] Time:2026-04-12 02:12:48.284Z CPU=0.0% WS=19.48MB Managed=205.65MB Threads=62
[11:13:48.985 INF] [T:7] [PerfMonitor] Time:2026-04-12 02:13:48.284Z CPU=0.0% WS=17.17MB Managed=207.05MB Threads=63
[11:14:48.987 INF] [T:7] [PerfMonitor] Time:2026-04-12 02:14:48.284Z CPU=0.0% WS=23.02MB Managed=201.01MB Threads=64
[11:15:48.987 INF] [T:7] [PerfMonitor] Time:2026-04-12 02:15:48.285Z CPU=0.0% WS=18.44MB Managed=202.42MB Threads=63
[11:16:48.985 INF] [T:7] [PerfMonitor] Time:2026-04-12 02:16:48.285Z CPU=0.0% WS=18.50MB Managed=203.80MB Threads=62
[11:17:48.986 INF] [T:7] [PerfMonitor] Time:2026-04-12 02:17:48.285Z CPU=0.0% WS=16.28MB Managed=205.21MB Threads=63
[11:18:48.987 INF] [T:7] [PerfMonitor] Time:2026-04-12 02:18:48.286Z CPU=0.0% WS=18.52MB Managed=206.60MB Threads=62
[11:29:20.450 INF] [T:7] [PerfMonitor] Time:2026-04-12 02:29:19.748Z CPU=0.0% WS=13.80MB Managed=200.58MB Threads=64
[11:30:20.450 INF] [T:7] [PerfMonitor] Time:2026-04-12 02:30:19.747Z CPU=0.0% WS=18.31MB Managed=201.98MB Threads=63
[11:31:20.450 INF] [T:7] [PerfMonitor] Time:2026-04-12 02:31:19.748Z CPU=0.0% WS=19.77MB Managed=203.36MB Threads=62
[11:32:20.449 INF] [T:7] [PerfMonitor] Time:2026-04-12 02:32:19.748Z CPU=0.0% WS=20.80MB Managed=204.78MB Threads=63
[11:33:20.450 INF] [T:7] [PerfMonitor] Time:2026-04-12 02:33:19.748Z CPU=0.0% WS=21.81MB Managed=206.16MB Threads=63
[11:34:20.450 INF] [T:7] [PerfMonitor] Time:2026-04-12 02:34:19.749Z CPU=0.0% WS=26.19MB Managed=200.09MB Threads=62
[11:35:20.453 INF] [T:7] [PerfMonitor] Time:2026-04-12 02:35:19.751Z CPU=0.0% WS=19.19MB Managed=201.49MB Threads=63
[11:36:20.451 INF] [T:7] [PerfMonitor] Time:2026-04-12 02:36:19.750Z CPU=0.0% WS=17.31MB Managed=202.88MB Threads=62
[11:37:20.451 INF] [T:7] [PerfMonitor] Time:2026-04-12 02:37:19.751Z CPU=0.0% WS=18.47MB Managed=204.27MB Threads=63
[11:38:20.452 INF] [T:7] [PerfMonitor] Time:2026-04-12 02:38:19.750Z CPU=0.0% WS=19.62MB Managed=205.65MB Threads=62
[11:39:20.451 INF] [T:7] [PerfMonitor] Time:2026-04-12 02:39:19.750Z CPU=0.0% WS=15.36MB Managed=207.03MB Threads=62
[11:55:43.625 INF] [T:7] [PerfMonitor] Time:2026-04-12 02:55:42.923Z CPU=0.0% WS=13.86MB Managed=200.96MB Threads=62
[11:56:43.547 INF] [T:7] [PerfMonitor] Time:2026-04-12 02:56:42.847Z CPU=0.0% WS=16.91MB Managed=202.37MB Threads=63
[11:57:43.550 INF] [T:7] [PerfMonitor] Time:2026-04-12 02:57:42.845Z CPU=0.0% WS=18.84MB Managed=203.77MB Threads=63
[11:58:43.545 INF] [T:7] [PerfMonitor] Time:2026-04-12 02:58:42.844Z CPU=0.0% WS=17.91MB Managed=205.16MB Threads=62
[11:59:43.542 INF] [T:7] [PerfMonitor] Time:2026-04-12 02:59:42.843Z CPU=0.0% WS=19.50MB Managed=206.55MB Threads=62
[12:00:43.541 INF] [T:7] [PerfMonitor] Time:2026-04-12 03:00:42.841Z CPU=0.0% WS=24.42MB Managed=200.51MB Threads=62
[12:01:43.540 INF] [T:7] [PerfMonitor] Time:2026-04-12 03:01:42.839Z CPU=0.0% WS=14.89MB Managed=201.91MB Threads=63
[12:02:43.538 INF] [T:7] [PerfMonitor] Time:2026-04-12 03:02:42.837Z CPU=0.0% WS=17.84MB Managed=203.30MB Threads=64
[12:03:43.536 INF] [T:7] [PerfMonitor] Time:2026-04-12 03:03:42.835Z CPU=0.0% WS=19.91MB Managed=204.73MB Threads=63
[12:04:43.535 INF] [T:7] [PerfMonitor] Time:2026-04-12 03:04:42.834Z CPU=0.0% WS=14.77MB Managed=206.11MB Threads=62
[12:05:43.533 INF] [T:7] [PerfMonitor] Time:2026-04-12 03:05:42.832Z CPU=0.0% WS=24.80MB Managed=200.07MB Threads=63
[12:06:43.531 INF] [T:7] [PerfMonitor] Time:2026-04-12 03:06:42.830Z CPU=0.0% WS=25.03MB Managed=201.46MB Threads=63
[12:07:43.530 INF] [T:7] [PerfMonitor] Time:2026-04-12 03:07:42.828Z CPU=0.0% WS=23.64MB Managed=202.86MB Threads=63
[12:08:43.528 INF] [T:7] [PerfMonitor] Time:2026-04-12 03:08:42.827Z CPU=0.0% WS=18.59MB Managed=204.26MB Threads=63
[12:09:43.528 INF] [T:7] [PerfMonitor] Time:2026-04-12 03:09:42.826Z CPU=0.0% WS=17.88MB Managed=205.65MB Threads=64
[12:10:43.526 INF] [T:7] [PerfMonitor] Time:2026-04-12 03:10:42.825Z CPU=0.0% WS=15.75MB Managed=207.06MB Threads=63
[12:11:43.524 INF] [T:7] [PerfMonitor] Time:2026-04-12 03:11:42.823Z CPU=0.0% WS=24.52MB Managed=201.03MB Threads=62
[12:12:43.523 INF] [T:7] [PerfMonitor] Time:2026-04-12 03:12:42.821Z CPU=0.0% WS=15.36MB Managed=202.42MB Threads=62
[12:13:43.520 INF] [T:7] [PerfMonitor] Time:2026-04-12 03:13:42.820Z CPU=0.0% WS=15.73MB Managed=203.83MB Threads=63
[12:14:43.519 INF] [T:7] [PerfMonitor] Time:2026-04-12 03:14:42.817Z CPU=0.0% WS=17.64MB Managed=205.21MB Threads=63
[12:15:43.517 INF] [T:7] [PerfMonitor] Time:2026-04-12 03:15:42.816Z CPU=0.0% WS=16.64MB Managed=206.62MB Threads=64
[12:16:43.516 INF] [T:7] [PerfMonitor] Time:2026-04-12 03:16:42.815Z CPU=0.0% WS=39.41MB Managed=200.25MB Threads=62
[12:17:43.515 INF] [T:7] [PerfMonitor] Time:2026-04-12 03:17:42.813Z CPU=0.0% WS=37.27MB Managed=201.65MB Threads=63
[12:18:43.512 INF] [T:7] [PerfMonitor] Time:2026-04-12 03:18:42.811Z CPU=0.0% WS=20.31MB Managed=203.03MB Threads=63
[12:19:43.511 INF] [T:7] [PerfMonitor] Time:2026-04-12 03:19:42.810Z CPU=0.0% WS=20.88MB Managed=204.43MB Threads=62
[12:20:43.510 INF] [T:7] [PerfMonitor] Time:2026-04-12 03:20:42.808Z CPU=0.0% WS=20.58MB Managed=205.85MB Threads=63
[12:21:43.507 INF] [T:7] [PerfMonitor] Time:2026-04-12 03:21:42.807Z CPU=0.0% WS=28.03MB Managed=199.89MB Threads=63
[12:22:43.507 INF] [T:7] [PerfMonitor] Time:2026-04-12 03:22:42.805Z CPU=0.0% WS=16.38MB Managed=201.29MB Threads=62
[12:23:43.505 INF] [T:7] [PerfMonitor] Time:2026-04-12 03:23:42.803Z CPU=0.0% WS=17.61MB Managed=202.68MB Threads=62
[12:24:43.504 INF] [T:7] [PerfMonitor] Time:2026-04-12 03:24:42.801Z CPU=0.0% WS=20.84MB Managed=204.06MB Threads=62
[12:25:43.502 INF] [T:7] [PerfMonitor] Time:2026-04-12 03:25:42.801Z CPU=0.0% WS=21.91MB Managed=205.46MB Threads=64
[12:26:26.093 DBG] [T:105] [Game] A new session connected. sessionId=7823644170773331968, remoteEndPoint=192.168.0.125:59653
[12:26:26.135 DBG] [T:98] [Game] Session authentication succeeded. sessionId=7823644170773331968, peerId=1
[12:26:26.183 INF] [T:94] [Game] Session 7823644170773331968 UDP Socket Created: 192.168.0.125:58993
[12:26:26.183 DBG] [T:94] [Game] UDP hello OK - pid=1, sid=7823644170773331968, mtu=1200
[12:26:43.499 INF] [T:7] [PerfMonitor] Time:2026-04-12 03:26:42.799Z CPU=0.1% WS=42.52MB Managed=201.29MB Threads=71
[12:26:52.138 DBG] [T:94] [Game] Received a termination request from the client. isClosing=false
[12:26:52.139 DBG] [T:94] [Game] The session 0 has been closed. reason="ClientClosing"
[12:26:52.141 DBG] [T:94] [Game] Peer leaved. uid=0, reason="ClientClosing"
[12:27:10.143 DBG] [T:90] [Game] A new session connected. sessionId=1888286095423045632, remoteEndPoint=192.168.0.125:59752
[12:27:10.197 DBG] [T:90] [Game] Session authentication succeeded. sessionId=1888286095423045632, peerId=1
[12:27:10.243 INF] [T:100] [Game] Session 1888286095423045632 UDP Socket Created: 192.168.0.125:50152
[12:27:10.243 DBG] [T:100] [Game] UDP hello OK - pid=1, sid=1888286095423045632, mtu=1200
[12:27:43.498 INF] [T:7] [PerfMonitor] Time:2026-04-12 03:27:42.798Z CPU=0.1% WS=53.61MB Managed=203.11MB Threads=71
[12:28:41.008 DBG] [T:74] [Game] Received a termination request from the client. isClosing=false
[12:28:41.010 DBG] [T:74] [Game] The session 0 has been closed. reason="ClientClosing"
[12:28:41.010 DBG] [T:74] [Game] Peer leaved. uid=0, reason="ClientClosing"
[12:28:43.497 INF] [T:7] [PerfMonitor] Time:2026-04-12 03:28:42.796Z CPU=0.0% WS=49.38MB Managed=203.76MB Threads=73
[12:28:53.421 DBG] [T:98] [Game] A new session connected. sessionId=5960998248423358464, remoteEndPoint=192.168.0.125:59931
[12:28:53.479 DBG] [T:93] [Game] Session authentication succeeded. sessionId=5960998248423358464, peerId=1
[12:28:53.526 INF] [T:96] [Game] Session 5960998248423358464 UDP Socket Created: 192.168.0.125:64110
[12:28:53.526 DBG] [T:96] [Game] UDP hello OK - pid=1, sid=5960998248423358464, mtu=1200
[12:29:43.496 INF] [T:7] [PerfMonitor] Time:2026-04-12 03:29:42.793Z CPU=0.1% WS=51.14MB Managed=207.04MB Threads=71
[12:30:24.059 DBG] [T:67] [Game] Received a termination request from the client. isClosing=false
[12:30:24.060 DBG] [T:67] [Game] The session 0 has been closed. reason="ClientClosing"
[12:30:24.060 DBG] [T:67] [Game] Peer leaved. uid=0, reason="ClientClosing"
[12:30:43.493 INF] [T:7] [PerfMonitor] Time:2026-04-12 03:30:42.792Z CPU=0.0% WS=27.62MB Managed=204.55MB Threads=63
[12:31:43.492 INF] [T:7] [PerfMonitor] Time:2026-04-12 03:31:42.791Z CPU=0.0% WS=21.91MB Managed=205.93MB Threads=63
[12:32:43.491 INF] [T:7] [PerfMonitor] Time:2026-04-12 03:32:42.789Z CPU=0.0% WS=23.78MB Managed=207.33MB Threads=63
[12:33:43.489 INF] [T:7] [PerfMonitor] Time:2026-04-12 03:33:42.787Z CPU=0.0% WS=22.64MB Managed=208.72MB Threads=63
[12:34:43.487 INF] [T:7] [PerfMonitor] Time:2026-04-12 03:34:42.786Z CPU=0.0% WS=30.25MB Managed=202.56MB Threads=62
[12:35:43.485 INF] [T:7] [PerfMonitor] Time:2026-04-12 03:35:42.784Z CPU=0.0% WS=21.92MB Managed=203.96MB Threads=63
[12:36:43.483 INF] [T:7] [PerfMonitor] Time:2026-04-12 03:36:42.783Z CPU=0.0% WS=22.95MB Managed=205.35MB Threads=62
[12:37:43.482 INF] [T:7] [PerfMonitor] Time:2026-04-12 03:37:42.781Z CPU=0.0% WS=23.38MB Managed=206.76MB Threads=63
[12:38:43.480 INF] [T:7] [PerfMonitor] Time:2026-04-12 03:38:42.780Z CPU=0.0% WS=22.94MB Managed=208.15MB Threads=62
[12:39:43.479 INF] [T:7] [PerfMonitor] Time:2026-04-12 03:39:42.779Z CPU=0.0% WS=28.88MB Managed=202.12MB Threads=63
[12:40:43.478 INF] [T:7] [PerfMonitor] Time:2026-04-12 03:40:42.776Z CPU=0.0% WS=21.27MB Managed=203.49MB Threads=62
[12:41:43.476 INF] [T:7] [PerfMonitor] Time:2026-04-12 03:41:42.775Z CPU=0.0% WS=22.34MB Managed=204.87MB Threads=62
[12:42:43.475 INF] [T:7] [PerfMonitor] Time:2026-04-12 03:42:42.774Z CPU=0.0% WS=22.33MB Managed=206.27MB Threads=62
[12:43:43.473 INF] [T:7] [PerfMonitor] Time:2026-04-12 03:43:42.772Z CPU=0.0% WS=21.23MB Managed=207.67MB Threads=63
[12:44:43.471 INF] [T:7] [PerfMonitor] Time:2026-04-12 03:44:42.770Z CPU=0.0% WS=23.47MB Managed=209.07MB Threads=63
[12:45:43.470 INF] [T:7] [PerfMonitor] Time:2026-04-12 03:45:42.768Z CPU=0.0% WS=20.23MB Managed=203.06MB Threads=63
[12:46:43.468 INF] [T:7] [PerfMonitor] Time:2026-04-12 03:46:42.768Z CPU=0.0% WS=22.98MB Managed=204.48MB Threads=63
[12:47:43.467 INF] [T:7] [PerfMonitor] Time:2026-04-12 03:47:42.766Z CPU=0.0% WS=20.67MB Managed=205.86MB Threads=62
[12:48:43.465 INF] [T:7] [PerfMonitor] Time:2026-04-12 03:48:42.764Z CPU=0.0% WS=21.39MB Managed=207.24MB Threads=62
[12:49:43.463 INF] [T:7] [PerfMonitor] Time:2026-04-12 03:49:42.762Z CPU=0.0% WS=23.72MB Managed=208.63MB Threads=64
[12:50:43.621 INF] [T:7] [PerfMonitor] Time:2026-04-12 03:50:42.920Z CPU=0.0% WS=29.58MB Managed=202.58MB Threads=64
[12:51:43.620 INF] [T:7] [PerfMonitor] Time:2026-04-12 03:51:42.919Z CPU=0.0% WS=22.72MB Managed=204.00MB Threads=62
[12:52:43.618 INF] [T:7] [PerfMonitor] Time:2026-04-12 03:52:42.917Z CPU=0.0% WS=22.66MB Managed=205.38MB Threads=63
[12:53:43.620 INF] [T:7] [PerfMonitor] Time:2026-04-12 03:53:42.915Z CPU=0.0% WS=23.44MB Managed=206.77MB Threads=62
[12:54:43.615 INF] [T:7] [PerfMonitor] Time:2026-04-12 03:54:42.914Z CPU=0.0% WS=21.31MB Managed=208.18MB Threads=62
[12:55:43.612 INF] [T:7] [PerfMonitor] Time:2026-04-12 03:55:42.913Z CPU=0.0% WS=30.09MB Managed=202.14MB Threads=63
[12:56:43.613 INF] [T:7] [PerfMonitor] Time:2026-04-12 03:56:42.912Z CPU=0.0% WS=26.22MB Managed=203.54MB Threads=62
[12:57:43.610 INF] [T:7] [PerfMonitor] Time:2026-04-12 03:57:42.908Z CPU=0.0% WS=22.53MB Managed=204.94MB Threads=64
[12:58:43.609 INF] [T:7] [PerfMonitor] Time:2026-04-12 03:58:42.907Z CPU=0.0% WS=22.67MB Managed=206.34MB Threads=63
[13:15:47.739 INF] [T:7] [PerfMonitor] Time:2026-04-12 04:15:47.348Z CPU=0.0% WS=20.84MB Managed=207.76MB Threads=65
[13:16:47.738 INF] [T:7] [PerfMonitor] Time:2026-04-12 04:16:47.347Z CPU=0.0% WS=23.34MB Managed=209.17MB Threads=63
[13:17:47.738 INF] [T:7] [PerfMonitor] Time:2026-04-12 04:17:47.346Z CPU=0.0% WS=28.42MB Managed=203.18MB Threads=62
[13:18:47.736 INF] [T:7] [PerfMonitor] Time:2026-04-12 04:18:47.345Z CPU=0.0% WS=19.59MB Managed=204.58MB Threads=62
[13:19:47.734 INF] [T:7] [PerfMonitor] Time:2026-04-12 04:19:47.344Z CPU=0.0% WS=20.34MB Managed=205.96MB Threads=63
[13:36:21.939 INF] [T:7] [PerfMonitor] Time:2026-04-12 04:36:21.547Z CPU=0.0% WS=13.69MB Managed=207.35MB Threads=62
[13:37:21.937 INF] [T:7] [PerfMonitor] Time:2026-04-12 04:37:21.544Z CPU=0.0% WS=17.69MB Managed=208.74MB Threads=62
[13:38:21.935 INF] [T:7] [PerfMonitor] Time:2026-04-12 04:38:21.544Z CPU=0.0% WS=25.23MB Managed=202.68MB Threads=63
[13:39:21.933 INF] [T:7] [PerfMonitor] Time:2026-04-12 04:39:21.541Z CPU=0.0% WS=24.95MB Managed=204.07MB Threads=62
[13:40:21.932 INF] [T:7] [PerfMonitor] Time:2026-04-12 04:40:21.540Z CPU=0.0% WS=24.06MB Managed=205.46MB Threads=63
[13:41:21.931 INF] [T:7] [PerfMonitor] Time:2026-04-12 04:41:21.539Z CPU=0.0% WS=18.80MB Managed=206.86MB Threads=62
[13:42:21.930 INF] [T:7] [PerfMonitor] Time:2026-04-12 04:42:21.537Z CPU=0.0% WS=17.03MB Managed=208.24MB Threads=62
[13:43:21.927 INF] [T:7] [PerfMonitor] Time:2026-04-12 04:43:21.534Z CPU=0.0% WS=36.02MB Managed=201.61MB Threads=62
[13:44:21.927 INF] [T:7] [PerfMonitor] Time:2026-04-12 04:44:21.534Z CPU=0.0% WS=15.97MB Managed=203.02MB Threads=64
[13:45:21.924 INF] [T:7] [PerfMonitor] Time:2026-04-12 04:45:21.532Z CPU=0.0% WS=17.22MB Managed=204.41MB Threads=62
[13:46:21.924 INF] [T:7] [PerfMonitor] Time:2026-04-12 04:46:21.531Z CPU=0.0% WS=16.69MB Managed=205.81MB Threads=63
[13:47:21.923 INF] [T:7] [PerfMonitor] Time:2026-04-12 04:47:21.530Z CPU=0.0% WS=16.73MB Managed=207.20MB Threads=63
[13:48:21.920 INF] [T:7] [PerfMonitor] Time:2026-04-12 04:48:21.527Z CPU=0.0% WS=18.06MB Managed=208.60MB Threads=63
[13:49:21.920 INF] [T:7] [PerfMonitor] Time:2026-04-12 04:49:21.527Z CPU=0.0% WS=24.73MB Managed=202.53MB Threads=63
[13:50:21.918 INF] [T:7] [PerfMonitor] Time:2026-04-12 04:50:21.524Z CPU=0.0% WS=17.22MB Managed=203.94MB Threads=63
[13:51:21.916 INF] [T:7] [PerfMonitor] Time:2026-04-12 04:51:21.524Z CPU=0.0% WS=17.17MB Managed=205.33MB Threads=62
[13:52:21.914 INF] [T:7] [PerfMonitor] Time:2026-04-12 04:52:21.523Z CPU=0.0% WS=17.25MB Managed=206.71MB Threads=63
[13:53:21.914 INF] [T:7] [PerfMonitor] Time:2026-04-12 04:53:21.522Z CPU=0.0% WS=18.16MB Managed=208.11MB Threads=63
[13:54:21.914 INF] [T:7] [PerfMonitor] Time:2026-04-12 04:54:21.522Z CPU=0.0% WS=23.02MB Managed=202.10MB Threads=62
[13:55:21.910 INF] [T:7] [PerfMonitor] Time:2026-04-12 04:55:21.519Z CPU=0.0% WS=16.56MB Managed=203.50MB Threads=64
[13:56:21.908 INF] [T:7] [PerfMonitor] Time:2026-04-12 04:56:21.516Z CPU=0.0% WS=15.08MB Managed=204.91MB Threads=64
[13:57:21.908 INF] [T:7] [PerfMonitor] Time:2026-04-12 04:57:21.514Z CPU=0.0% WS=17.53MB Managed=206.31MB Threads=63
[13:58:21.965 INF] [T:7] [PerfMonitor] Time:2026-04-12 04:58:21.538Z CPU=0.0% WS=18.30MB Managed=207.69MB Threads=62
[13:59:21.905 INF] [T:7] [PerfMonitor] Time:2026-04-12 04:59:21.513Z CPU=0.0% WS=23.53MB Managed=201.67MB Threads=62
[14:00:21.903 INF] [T:7] [PerfMonitor] Time:2026-04-12 05:00:21.509Z CPU=0.0% WS=22.64MB Managed=203.05MB Threads=62
[14:01:21.900 INF] [T:7] [PerfMonitor] Time:2026-04-12 05:01:21.508Z CPU=0.0% WS=15.59MB Managed=204.45MB Threads=63
[14:02:21.900 INF] [T:7] [PerfMonitor] Time:2026-04-12 05:02:21.509Z CPU=0.0% WS=17.41MB Managed=205.85MB Threads=62
[14:03:21.901 INF] [T:7] [PerfMonitor] Time:2026-04-12 05:03:21.508Z CPU=0.0% WS=16.91MB Managed=207.23MB Threads=62
[14:04:21.897 INF] [T:7] [PerfMonitor] Time:2026-04-12 05:04:21.508Z CPU=0.0% WS=17.70MB Managed=208.63MB Threads=62
[14:05:21.896 INF] [T:7] [PerfMonitor] Time:2026-04-12 05:05:21.504Z CPU=0.0% WS=21.41MB Managed=202.58MB Threads=62
[14:06:21.895 INF] [T:7] [PerfMonitor] Time:2026-04-12 05:06:21.502Z CPU=0.0% WS=16.67MB Managed=204.00MB Threads=63
[14:07:21.893 INF] [T:7] [PerfMonitor] Time:2026-04-12 05:07:21.500Z CPU=0.0% WS=17.02MB Managed=205.42MB Threads=63
[14:08:21.891 INF] [T:7] [PerfMonitor] Time:2026-04-12 05:08:21.500Z CPU=0.0% WS=16.83MB Managed=206.79MB Threads=62
[14:09:21.888 INF] [T:7] [PerfMonitor] Time:2026-04-12 05:09:21.499Z CPU=0.0% WS=17.00MB Managed=208.18MB Threads=63
[14:10:21.925 INF] [T:7] [PerfMonitor] Time:2026-04-12 05:10:21.534Z CPU=0.0% WS=21.16MB Managed=202.17MB Threads=62
[14:11:21.926 INF] [T:7] [PerfMonitor] Time:2026-04-12 05:11:21.534Z CPU=0.0% WS=16.55MB Managed=203.56MB Threads=63
[14:12:21.927 INF] [T:7] [PerfMonitor] Time:2026-04-12 05:12:21.534Z CPU=0.0% WS=16.77MB Managed=204.95MB Threads=64
[14:13:21.925 INF] [T:7] [PerfMonitor] Time:2026-04-12 05:13:21.533Z CPU=0.0% WS=17.36MB Managed=206.36MB Threads=63
[14:14:21.924 INF] [T:7] [PerfMonitor] Time:2026-04-12 05:14:21.533Z CPU=0.0% WS=17.30MB Managed=207.74MB Threads=62
[14:15:21.923 INF] [T:7] [PerfMonitor] Time:2026-04-12 05:15:21.532Z CPU=0.0% WS=23.33MB Managed=201.75MB Threads=64
[14:16:21.922 INF] [T:7] [PerfMonitor] Time:2026-04-12 05:16:21.531Z CPU=0.0% WS=23.62MB Managed=203.16MB Threads=63
[14:17:21.922 INF] [T:7] [PerfMonitor] Time:2026-04-12 05:17:21.529Z CPU=0.0% WS=16.72MB Managed=204.58MB Threads=64
[14:18:21.921 INF] [T:7] [PerfMonitor] Time:2026-04-12 05:18:21.529Z CPU=0.0% WS=19.31MB Managed=205.98MB Threads=62
[14:19:21.921 INF] [T:7] [PerfMonitor] Time:2026-04-12 05:19:21.529Z CPU=0.0% WS=19.62MB Managed=207.36MB Threads=62
[14:20:21.920 INF] [T:7] [PerfMonitor] Time:2026-04-12 05:20:21.528Z CPU=0.0% WS=18.47MB Managed=208.73MB Threads=62
[14:21:21.919 INF] [T:7] [PerfMonitor] Time:2026-04-12 05:21:21.528Z CPU=0.0% WS=24.42MB Managed=202.69MB Threads=62
[14:22:21.918 INF] [T:7] [PerfMonitor] Time:2026-04-12 05:22:21.528Z CPU=0.0% WS=21.55MB Managed=204.10MB Threads=63
[14:23:21.918 INF] [T:7] [PerfMonitor] Time:2026-04-12 05:23:21.527Z CPU=0.0% WS=17.70MB Managed=205.48MB Threads=63
[14:24:21.917 INF] [T:7] [PerfMonitor] Time:2026-04-12 05:24:21.524Z CPU=0.0% WS=15.42MB Managed=206.87MB Threads=63
[14:25:21.916 INF] [T:7] [PerfMonitor] Time:2026-04-12 05:25:21.526Z CPU=0.0% WS=18.30MB Managed=208.28MB Threads=64
[14:26:21.917 INF] [T:7] [PerfMonitor] Time:2026-04-12 05:26:21.524Z CPU=0.0% WS=22.33MB Managed=202.23MB Threads=62
[14:27:21.916 INF] [T:7] [PerfMonitor] Time:2026-04-12 05:27:21.523Z CPU=0.0% WS=16.88MB Managed=203.63MB Threads=63
[14:28:21.915 INF] [T:7] [PerfMonitor] Time:2026-04-12 05:28:21.522Z CPU=0.0% WS=16.78MB Managed=205.02MB Threads=63
[14:29:21.915 INF] [T:7] [PerfMonitor] Time:2026-04-12 05:29:21.520Z CPU=0.0% WS=17.56MB Managed=206.43MB Threads=62
[14:30:21.914 INF] [T:7] [PerfMonitor] Time:2026-04-12 05:30:21.521Z CPU=0.0% WS=18.50MB Managed=207.80MB Threads=63
[14:31:21.911 INF] [T:7] [PerfMonitor] Time:2026-04-12 05:31:21.521Z CPU=0.0% WS=24.97MB Managed=201.79MB Threads=63
[14:32:21.912 INF] [T:7] [PerfMonitor] Time:2026-04-12 05:32:21.518Z CPU=0.0% WS=23.03MB Managed=203.19MB Threads=63
[14:33:21.978 INF] [T:7] [PerfMonitor] Time:2026-04-12 05:33:21.584Z CPU=0.0% WS=14.97MB Managed=204.60MB Threads=64
[14:34:21.980 INF] [T:7] [PerfMonitor] Time:2026-04-12 05:34:21.586Z CPU=0.0% WS=17.61MB Managed=206.00MB Threads=64
[14:35:21.978 INF] [T:7] [PerfMonitor] Time:2026-04-12 05:35:21.585Z CPU=0.0% WS=16.39MB Managed=207.37MB Threads=62
[14:36:21.984 INF] [T:7] [PerfMonitor] Time:2026-04-12 05:36:21.588Z CPU=0.0% WS=17.81MB Managed=208.77MB Threads=63
[14:37:21.981 INF] [T:7] [PerfMonitor] Time:2026-04-12 05:37:21.587Z CPU=0.0% WS=22.89MB Managed=202.74MB Threads=62
[14:38:21.978 INF] [T:7] [PerfMonitor] Time:2026-04-12 05:38:21.588Z CPU=0.0% WS=15.64MB Managed=204.11MB Threads=62
[14:39:21.979 INF] [T:7] [PerfMonitor] Time:2026-04-12 05:39:21.586Z CPU=0.0% WS=16.84MB Managed=205.50MB Threads=62
[14:40:21.981 INF] [T:7] [PerfMonitor] Time:2026-04-12 05:40:21.587Z CPU=0.0% WS=19.70MB Managed=206.89MB Threads=63
[14:41:21.981 INF] [T:7] [PerfMonitor] Time:2026-04-12 05:41:21.588Z CPU=0.0% WS=18.45MB Managed=208.27MB Threads=62
[14:42:21.981 INF] [T:7] [PerfMonitor] Time:2026-04-12 05:42:21.588Z CPU=0.0% WS=24.28MB Managed=202.19MB Threads=63
[14:43:21.982 INF] [T:7] [PerfMonitor] Time:2026-04-12 05:43:21.588Z CPU=0.0% WS=14.97MB Managed=203.57MB Threads=63
[14:44:21.986 INF] [T:7] [PerfMonitor] Time:2026-04-12 05:44:21.589Z CPU=0.0% WS=17.88MB Managed=204.96MB Threads=64
[14:45:21.982 INF] [T:7] [PerfMonitor] Time:2026-04-12 05:45:21.595Z CPU=0.0% WS=17.30MB Managed=206.41MB Threads=63
[14:46:21.981 INF] [T:7] [PerfMonitor] Time:2026-04-12 05:46:21.588Z CPU=0.0% WS=17.66MB Managed=207.78MB Threads=63
[14:47:21.982 INF] [T:7] [PerfMonitor] Time:2026-04-12 05:47:21.589Z CPU=0.0% WS=41.30MB Managed=201.44MB Threads=64
[14:48:21.982 INF] [T:7] [PerfMonitor] Time:2026-04-12 05:48:21.590Z CPU=0.0% WS=40.02MB Managed=202.84MB Threads=64
[14:49:21.983 INF] [T:7] [PerfMonitor] Time:2026-04-12 05:49:21.592Z CPU=0.0% WS=21.12MB Managed=204.22MB Threads=62
[14:50:21.982 INF] [T:7] [PerfMonitor] Time:2026-04-12 05:50:21.590Z CPU=0.0% WS=22.52MB Managed=205.59MB Threads=63
[14:51:21.983 INF] [T:7] [PerfMonitor] Time:2026-04-12 05:51:21.592Z CPU=0.0% WS=22.39MB Managed=206.98MB Threads=62
[14:52:21.985 INF] [T:7] [PerfMonitor] Time:2026-04-12 05:52:21.592Z CPU=0.0% WS=21.95MB Managed=208.37MB Threads=63
[14:53:21.983 INF] [T:7] [PerfMonitor] Time:2026-04-12 05:53:21.592Z CPU=0.0% WS=29.44MB Managed=202.34MB Threads=62
[14:54:21.985 INF] [T:7] [PerfMonitor] Time:2026-04-12 05:54:21.594Z CPU=0.0% WS=29.09MB Managed=203.75MB Threads=63
[14:55:21.985 INF] [T:7] [PerfMonitor] Time:2026-04-12 05:55:21.592Z CPU=0.0% WS=20.83MB Managed=205.13MB Threads=63
[14:56:21.987 INF] [T:7] [PerfMonitor] Time:2026-04-12 05:56:21.593Z CPU=0.0% WS=21.81MB Managed=206.52MB Threads=62
[14:57:21.999 INF] [T:7] [PerfMonitor] Time:2026-04-12 05:57:21.613Z CPU=0.0% WS=17.27MB Managed=207.89MB Threads=62
[14:58:21.986 INF] [T:7] [PerfMonitor] Time:2026-04-12 05:58:21.595Z CPU=0.0% WS=27.36MB Managed=201.87MB Threads=62
[14:59:21.988 INF] [T:7] [PerfMonitor] Time:2026-04-12 05:59:21.595Z CPU=0.0% WS=27.03MB Managed=203.26MB Threads=62
[15:00:21.986 INF] [T:7] [PerfMonitor] Time:2026-04-12 06:00:21.595Z CPU=0.0% WS=19.39MB Managed=204.65MB Threads=62
[15:01:21.988 INF] [T:7] [PerfMonitor] Time:2026-04-12 06:01:21.596Z CPU=0.0% WS=20.45MB Managed=206.04MB Threads=64
[15:02:21.989 INF] [T:7] [PerfMonitor] Time:2026-04-12 06:02:21.597Z CPU=0.0% WS=20.58MB Managed=207.43MB Threads=62
[15:03:21.987 INF] [T:7] [PerfMonitor] Time:2026-04-12 06:03:21.597Z CPU=0.0% WS=26.02MB Managed=201.40MB Threads=63
[15:04:21.990 INF] [T:7] [PerfMonitor] Time:2026-04-12 06:04:21.596Z CPU=0.0% WS=26.16MB Managed=202.79MB Threads=62
[15:05:21.988 INF] [T:7] [PerfMonitor] Time:2026-04-12 06:05:21.596Z CPU=0.0% WS=18.95MB Managed=204.18MB Threads=62
[15:06:21.992 INF] [T:7] [PerfMonitor] Time:2026-04-12 06:06:21.599Z CPU=0.0% WS=16.81MB Managed=205.56MB Threads=62
[15:07:21.989 INF] [T:7] [PerfMonitor] Time:2026-04-12 06:07:21.598Z CPU=0.0% WS=20.75MB Managed=206.95MB Threads=63
[15:08:21.991 INF] [T:7] [PerfMonitor] Time:2026-04-12 06:08:21.599Z CPU=0.0% WS=20.03MB Managed=208.35MB Threads=62
[15:09:21.990 INF] [T:7] [PerfMonitor] Time:2026-04-12 06:09:21.598Z CPU=0.0% WS=27.28MB Managed=202.27MB Threads=64
[15:10:21.991 INF] [T:7] [PerfMonitor] Time:2026-04-12 06:10:21.600Z CPU=0.0% WS=18.41MB Managed=203.67MB Threads=62
[15:11:21.992 INF] [T:7] [PerfMonitor] Time:2026-04-12 06:11:21.600Z CPU=0.0% WS=19.08MB Managed=205.07MB Threads=62
[15:12:21.991 INF] [T:7] [PerfMonitor] Time:2026-04-12 06:12:21.600Z CPU=0.0% WS=20.66MB Managed=206.45MB Threads=62
[15:13:21.990 INF] [T:7] [PerfMonitor] Time:2026-04-12 06:13:21.596Z CPU=0.0% WS=19.80MB Managed=207.84MB Threads=63
[15:14:21.982 INF] [T:7] [PerfMonitor] Time:2026-04-12 06:14:21.589Z CPU=0.0% WS=27.03MB Managed=201.84MB Threads=63
[15:15:21.981 INF] [T:7] [PerfMonitor] Time:2026-04-12 06:15:21.590Z CPU=0.0% WS=18.27MB Managed=203.26MB Threads=64
[15:16:21.980 INF] [T:7] [PerfMonitor] Time:2026-04-12 06:16:21.590Z CPU=0.0% WS=20.75MB Managed=204.64MB Threads=64
[15:17:21.982 INF] [T:7] [PerfMonitor] Time:2026-04-12 06:17:21.591Z CPU=0.0% WS=19.12MB Managed=206.06MB Threads=62
[15:18:21.981 INF] [T:7] [PerfMonitor] Time:2026-04-12 06:18:21.589Z CPU=0.0% WS=19.55MB Managed=207.43MB Threads=62
[15:19:21.981 INF] [T:7] [PerfMonitor] Time:2026-04-12 06:19:21.589Z CPU=0.0% WS=20.56MB Managed=208.83MB Threads=62
[15:20:21.982 INF] [T:7] [PerfMonitor] Time:2026-04-12 06:20:21.589Z CPU=0.0% WS=26.19MB Managed=202.81MB Threads=63
[15:21:21.981 INF] [T:7] [PerfMonitor] Time:2026-04-12 06:21:21.589Z CPU=0.0% WS=20.84MB Managed=204.20MB Threads=62
[15:22:21.982 INF] [T:7] [PerfMonitor] Time:2026-04-12 06:22:21.589Z CPU=0.0% WS=19.30MB Managed=205.59MB Threads=62
[15:23:21.981 INF] [T:7] [PerfMonitor] Time:2026-04-12 06:23:21.588Z CPU=0.0% WS=16.64MB Managed=206.97MB Threads=62
[15:24:21.981 INF] [T:7] [PerfMonitor] Time:2026-04-12 06:24:21.588Z CPU=0.0% WS=16.05MB Managed=208.38MB Threads=62
[15:25:21.983 INF] [T:7] [PerfMonitor] Time:2026-04-12 06:25:21.590Z CPU=0.0% WS=22.44MB Managed=202.31MB Threads=62
[15:26:21.981 INF] [T:7] [PerfMonitor] Time:2026-04-12 06:26:21.589Z CPU=0.0% WS=15.42MB Managed=203.70MB Threads=62
[15:27:21.981 INF] [T:7] [PerfMonitor] Time:2026-04-12 06:27:21.591Z CPU=0.0% WS=17.61MB Managed=205.09MB Threads=62
[15:28:21.981 INF] [T:7] [PerfMonitor] Time:2026-04-12 06:28:21.589Z CPU=0.0% WS=15.44MB Managed=206.49MB Threads=62
[15:29:21.982 INF] [T:7] [PerfMonitor] Time:2026-04-12 06:29:21.589Z CPU=0.0% WS=17.02MB Managed=207.90MB Threads=62
[15:30:21.982 INF] [T:7] [PerfMonitor] Time:2026-04-12 06:30:21.589Z CPU=0.0% WS=23.61MB Managed=201.86MB Threads=63
[15:31:21.983 INF] [T:7] [PerfMonitor] Time:2026-04-12 06:31:21.590Z CPU=0.0% WS=14.00MB Managed=203.25MB Threads=62
[15:32:21.982 INF] [T:7] [PerfMonitor] Time:2026-04-12 06:32:21.590Z CPU=0.0% WS=17.91MB Managed=204.65MB Threads=64
[15:33:21.982 INF] [T:7] [PerfMonitor] Time:2026-04-12 06:33:21.590Z CPU=0.0% WS=17.11MB Managed=206.06MB Threads=62
[15:34:21.983 INF] [T:7] [PerfMonitor] Time:2026-04-12 06:34:21.590Z CPU=0.0% WS=16.05MB Managed=207.45MB Threads=64
[15:35:21.984 INF] [T:7] [PerfMonitor] Time:2026-04-12 06:35:21.590Z CPU=0.0% WS=16.81MB Managed=208.84MB Threads=62
[15:36:21.983 INF] [T:7] [PerfMonitor] Time:2026-04-12 06:36:21.590Z CPU=0.0% WS=22.45MB Managed=202.86MB Threads=63
[15:37:21.984 INF] [T:7] [PerfMonitor] Time:2026-04-12 06:37:21.591Z CPU=0.0% WS=15.59MB Managed=204.27MB Threads=63
[15:38:21.981 INF] [T:7] [PerfMonitor] Time:2026-04-12 06:38:21.589Z CPU=0.0% WS=18.03MB Managed=205.68MB Threads=64
[15:39:21.983 INF] [T:7] [PerfMonitor] Time:2026-04-12 06:39:21.590Z CPU=0.0% WS=17.33MB Managed=207.07MB Threads=64
[15:40:21.983 INF] [T:7] [PerfMonitor] Time:2026-04-12 06:40:21.590Z CPU=0.0% WS=17.42MB Managed=208.46MB Threads=62
[15:41:21.984 INF] [T:7] [PerfMonitor] Time:2026-04-12 06:41:21.589Z CPU=0.0% WS=22.45MB Managed=202.44MB Threads=63
[15:42:21.982 INF] [T:7] [PerfMonitor] Time:2026-04-12 06:42:21.590Z CPU=0.0% WS=22.89MB Managed=203.84MB Threads=64
[15:43:21.994 INF] [T:7] [PerfMonitor] Time:2026-04-12 06:43:21.590Z CPU=0.0% WS=17.00MB Managed=205.26MB Threads=66
[15:44:21.982 INF] [T:7] [PerfMonitor] Time:2026-04-12 06:44:21.591Z CPU=0.0% WS=17.59MB Managed=206.70MB Threads=62
[15:45:21.982 INF] [T:7] [PerfMonitor] Time:2026-04-12 06:45:21.591Z CPU=0.0% WS=17.38MB Managed=208.07MB Threads=63
[15:46:21.991 INF] [T:7] [PerfMonitor] Time:2026-04-12 06:46:21.590Z CPU=0.0% WS=24.66MB Managed=202.06MB Threads=62
[15:47:21.983 INF] [T:7] [PerfMonitor] Time:2026-04-12 06:47:21.590Z CPU=0.1% WS=23.72MB Managed=203.46MB Threads=62
[15:48:21.982 INF] [T:7] [PerfMonitor] Time:2026-04-12 06:48:21.592Z CPU=0.1% WS=17.34MB Managed=204.85MB Threads=62
[15:49:21.984 INF] [T:7] [PerfMonitor] Time:2026-04-12 06:49:21.592Z CPU=0.1% WS=18.20MB Managed=206.23MB Threads=63
[15:50:21.983 INF] [T:7] [PerfMonitor] Time:2026-04-12 06:50:21.592Z CPU=0.1% WS=19.55MB Managed=207.62MB Threads=63
[15:51:21.983 INF] [T:7] [PerfMonitor] Time:2026-04-12 06:51:21.591Z CPU=0.1% WS=20.00MB Managed=209.00MB Threads=62
[15:52:21.982 INF] [T:7] [PerfMonitor] Time:2026-04-12 06:52:21.591Z CPU=0.1% WS=35.39MB Managed=202.57MB Threads=63
[15:53:21.983 INF] [T:7] [PerfMonitor] Time:2026-04-12 06:53:21.590Z CPU=0.0% WS=15.58MB Managed=203.99MB Threads=62
[15:54:22.018 INF] [T:7] [PerfMonitor] Time:2026-04-12 06:54:21.671Z CPU=0.1% WS=18.12MB Managed=205.37MB Threads=63
[16:11:49.016 INF] [T:7] [PerfMonitor] Time:2026-04-12 07:11:48.624Z CPU=0.0% WS=15.16MB Managed=206.77MB Threads=64
[16:12:49.013 INF] [T:7] [PerfMonitor] Time:2026-04-12 07:12:48.621Z CPU=0.0% WS=17.09MB Managed=208.16MB Threads=62
[16:13:49.014 INF] [T:7] [PerfMonitor] Time:2026-04-12 07:13:48.621Z CPU=0.0% WS=24.66MB Managed=202.12MB Threads=62
[16:14:49.014 INF] [T:7] [PerfMonitor] Time:2026-04-12 07:14:48.622Z CPU=0.0% WS=16.53MB Managed=203.53MB Threads=63
[16:15:49.015 INF] [T:7] [PerfMonitor] Time:2026-04-12 07:15:48.623Z CPU=0.0% WS=16.41MB Managed=204.91MB Threads=62
[16:16:49.029 INF] [T:7] [PerfMonitor] Time:2026-04-12 07:16:48.627Z CPU=0.0% WS=15.86MB Managed=206.31MB Threads=63
[16:17:49.019 INF] [T:7] [PerfMonitor] Time:2026-04-12 07:17:48.625Z CPU=0.0% WS=15.55MB Managed=207.70MB Threads=63
[16:18:49.018 INF] [T:7] [PerfMonitor] Time:2026-04-12 07:18:48.626Z CPU=0.0% WS=24.05MB Managed=201.67MB Threads=63
[16:19:49.019 INF] [T:7] [PerfMonitor] Time:2026-04-12 07:19:48.626Z CPU=0.0% WS=15.36MB Managed=203.06MB Threads=63
[16:20:49.022 INF] [T:7] [PerfMonitor] Time:2026-04-12 07:20:48.627Z CPU=0.0% WS=14.75MB Managed=204.44MB Threads=63
[16:21:49.030 INF] [T:7] [PerfMonitor] Time:2026-04-12 07:21:48.637Z CPU=0.0% WS=17.44MB Managed=205.83MB Threads=63
[16:22:49.022 INF] [T:7] [PerfMonitor] Time:2026-04-12 07:22:48.629Z CPU=0.0% WS=16.19MB Managed=207.23MB Threads=62
[16:23:49.024 INF] [T:7] [PerfMonitor] Time:2026-04-12 07:23:48.630Z CPU=0.0% WS=15.44MB Managed=208.63MB Threads=62
[16:24:49.026 INF] [T:7] [PerfMonitor] Time:2026-04-12 07:24:48.631Z CPU=0.0% WS=23.55MB Managed=202.68MB Threads=62
[16:25:49.026 INF] [T:7] [PerfMonitor] Time:2026-04-12 07:25:48.632Z CPU=0.0% WS=15.97MB Managed=204.05MB Threads=63
[16:26:49.026 INF] [T:7] [PerfMonitor] Time:2026-04-12 07:26:48.633Z CPU=0.0% WS=15.28MB Managed=205.47MB Threads=63
[16:27:49.028 INF] [T:7] [PerfMonitor] Time:2026-04-12 07:27:48.634Z CPU=0.0% WS=17.88MB Managed=206.84MB Threads=62
[16:28:49.027 INF] [T:7] [PerfMonitor] Time:2026-04-12 07:28:48.635Z CPU=0.0% WS=16.06MB Managed=208.23MB Threads=64
[16:29:49.030 INF] [T:7] [PerfMonitor] Time:2026-04-12 07:29:48.636Z CPU=0.0% WS=25.27MB Managed=202.22MB Threads=62
[16:30:49.030 INF] [T:7] [PerfMonitor] Time:2026-04-12 07:30:48.636Z CPU=0.0% WS=19.55MB Managed=203.62MB Threads=64
[16:31:49.035 INF] [T:7] [PerfMonitor] Time:2026-04-12 07:31:48.638Z CPU=0.0% WS=19.22MB Managed=205.00MB Threads=63
[16:32:49.032 INF] [T:7] [PerfMonitor] Time:2026-04-12 07:32:48.640Z CPU=0.0% WS=19.47MB Managed=206.39MB Threads=63
[16:33:49.038 INF] [T:7] [PerfMonitor] Time:2026-04-12 07:33:48.640Z CPU=0.0% WS=20.22MB Managed=207.82MB Threads=64
[16:34:49.034 INF] [T:7] [PerfMonitor] Time:2026-04-12 07:34:48.641Z CPU=0.0% WS=25.84MB Managed=201.75MB Threads=62
[16:35:49.033 INF] [T:7] [PerfMonitor] Time:2026-04-12 07:35:48.642Z CPU=0.0% WS=25.81MB Managed=203.13MB Threads=63
[16:36:49.035 INF] [T:7] [PerfMonitor] Time:2026-04-12 07:36:48.643Z CPU=0.0% WS=16.89MB Managed=204.53MB Threads=62
[16:37:49.037 INF] [T:7] [PerfMonitor] Time:2026-04-12 07:37:48.644Z CPU=0.0% WS=19.55MB Managed=205.91MB Threads=62
[16:38:49.037 INF] [T:7] [PerfMonitor] Time:2026-04-12 07:38:48.644Z CPU=0.0% WS=19.36MB Managed=207.30MB Threads=63
[16:39:49.038 INF] [T:7] [PerfMonitor] Time:2026-04-12 07:39:48.645Z CPU=0.0% WS=19.34MB Managed=208.70MB Threads=62
[16:40:49.040 INF] [T:7] [PerfMonitor] Time:2026-04-12 07:40:48.646Z CPU=0.0% WS=24.73MB Managed=202.71MB Threads=63
[16:41:49.062 INF] [T:7] [PerfMonitor] Time:2026-04-12 07:41:48.647Z CPU=0.0% WS=19.73MB Managed=204.10MB Threads=63
[16:42:49.041 INF] [T:7] [PerfMonitor] Time:2026-04-12 07:42:48.648Z CPU=0.0% WS=18.58MB Managed=205.50MB Threads=63
[16:43:49.041 INF] [T:7] [PerfMonitor] Time:2026-04-12 07:43:48.649Z CPU=0.0% WS=17.09MB Managed=206.90MB Threads=62
[16:44:49.043 INF] [T:7] [PerfMonitor] Time:2026-04-12 07:44:48.649Z CPU=0.0% WS=18.89MB Managed=208.26MB Threads=62
[16:45:49.045 INF] [T:7] [PerfMonitor] Time:2026-04-12 07:45:48.651Z CPU=0.0% WS=25.84MB Managed=202.22MB Threads=62
[16:46:49.043 INF] [T:7] [PerfMonitor] Time:2026-04-12 07:46:48.652Z CPU=0.0% WS=18.28MB Managed=203.64MB Threads=64
[16:47:49.016 INF] [T:7] [PerfMonitor] Time:2026-04-12 07:47:48.624Z CPU=0.0% WS=20.22MB Managed=205.02MB Threads=62
[16:48:49.016 INF] [T:7] [PerfMonitor] Time:2026-04-12 07:48:48.623Z CPU=0.0% WS=18.44MB Managed=206.43MB Threads=63
[16:49:49.016 INF] [T:7] [PerfMonitor] Time:2026-04-12 07:49:48.623Z CPU=0.0% WS=18.73MB Managed=207.80MB Threads=62
[16:50:49.016 INF] [T:7] [PerfMonitor] Time:2026-04-12 07:50:48.623Z CPU=0.0% WS=26.77MB Managed=201.81MB Threads=63
[16:51:49.016 INF] [T:7] [PerfMonitor] Time:2026-04-12 07:51:48.625Z CPU=0.0% WS=24.44MB Managed=203.20MB Threads=62
[16:52:49.022 INF] [T:7] [PerfMonitor] Time:2026-04-12 07:52:48.628Z CPU=0.0% WS=17.97MB Managed=204.60MB Threads=62
[16:53:49.028 INF] [T:7] [PerfMonitor] Time:2026-04-12 07:53:48.624Z CPU=0.0% WS=19.69MB Managed=205.99MB Threads=62
[16:54:49.016 INF] [T:7] [PerfMonitor] Time:2026-04-12 07:54:48.624Z CPU=0.0% WS=19.86MB Managed=207.36MB Threads=62
[16:55:49.018 INF] [T:7] [PerfMonitor] Time:2026-04-12 07:55:48.624Z CPU=0.0% WS=18.05MB Managed=208.74MB Threads=62
[16:56:49.018 INF] [T:7] [PerfMonitor] Time:2026-04-12 07:56:48.625Z CPU=0.0% WS=25.20MB Managed=202.72MB Threads=62
[16:57:49.018 INF] [T:7] [PerfMonitor] Time:2026-04-12 07:57:48.626Z CPU=0.0% WS=18.08MB Managed=204.13MB Threads=63
[16:58:49.018 INF] [T:7] [PerfMonitor] Time:2026-04-12 07:58:48.626Z CPU=0.0% WS=18.62MB Managed=205.51MB Threads=62
[16:59:49.020 INF] [T:7] [PerfMonitor] Time:2026-04-12 07:59:48.625Z CPU=0.0% WS=19.72MB Managed=206.91MB Threads=63
[17:00:49.018 INF] [T:7] [PerfMonitor] Time:2026-04-12 08:00:48.627Z CPU=0.0% WS=18.89MB Managed=208.33MB Threads=63
[17:01:49.020 INF] [T:7] [PerfMonitor] Time:2026-04-12 08:01:48.626Z CPU=0.0% WS=25.94MB Managed=202.30MB Threads=62
[17:02:49.020 INF] [T:7] [PerfMonitor] Time:2026-04-12 08:02:48.626Z CPU=0.0% WS=19.39MB Managed=203.71MB Threads=63
[17:03:49.018 INF] [T:7] [PerfMonitor] Time:2026-04-12 08:03:48.626Z CPU=0.0% WS=19.61MB Managed=205.12MB Threads=63
[17:04:49.019 INF] [T:7] [PerfMonitor] Time:2026-04-12 08:04:48.627Z CPU=0.0% WS=20.28MB Managed=206.48MB Threads=62
[17:05:49.019 INF] [T:7] [PerfMonitor] Time:2026-04-12 08:05:48.627Z CPU=0.1% WS=18.98MB Managed=207.89MB Threads=63
[17:06:49.021 INF] [T:7] [PerfMonitor] Time:2026-04-12 08:06:48.628Z CPU=0.0% WS=26.53MB Managed=201.79MB Threads=62
[17:07:49.020 INF] [T:7] [PerfMonitor] Time:2026-04-12 08:07:48.628Z CPU=0.0% WS=25.31MB Managed=203.19MB Threads=62
[17:08:49.021 INF] [T:7] [PerfMonitor] Time:2026-04-12 08:08:48.631Z CPU=0.0% WS=19.41MB Managed=204.60MB Threads=63
[17:09:49.020 INF] [T:7] [PerfMonitor] Time:2026-04-12 08:09:48.629Z CPU=0.0% WS=20.30MB Managed=205.97MB Threads=63
[17:10:49.021 INF] [T:7] [PerfMonitor] Time:2026-04-12 08:10:48.628Z CPU=0.0% WS=18.22MB Managed=207.36MB Threads=62
[17:11:49.023 INF] [T:7] [PerfMonitor] Time:2026-04-12 08:11:48.629Z CPU=0.0% WS=19.62MB Managed=208.74MB Threads=63
[17:12:46.998 INF] [T:7] [PerfMonitor] Time:2026-04-12 08:12:46.604Z CPU=0.0% WS=36.97MB Managed=202.34MB Threads=63
[17:29:40.701 INF] [T:7] [PerfMonitor] Time:2026-04-12 08:29:40.307Z CPU=0.0% WS=14.50MB Managed=203.75MB Threads=62
[17:30:40.698 INF] [T:7] [PerfMonitor] Time:2026-04-12 08:30:40.305Z CPU=0.0% WS=15.20MB Managed=205.11MB Threads=64
[17:31:40.699 INF] [T:7] [PerfMonitor] Time:2026-04-12 08:31:40.305Z CPU=0.0% WS=18.00MB Managed=206.52MB Threads=62
[17:32:40.699 INF] [T:7] [PerfMonitor] Time:2026-04-12 08:32:40.305Z CPU=0.0% WS=17.19MB Managed=207.91MB Threads=63
[17:33:40.699 INF] [T:7] [PerfMonitor] Time:2026-04-12 08:33:40.305Z CPU=0.0% WS=26.19MB Managed=201.88MB Threads=62
[17:34:40.700 INF] [T:7] [PerfMonitor] Time:2026-04-12 08:34:40.306Z CPU=0.0% WS=23.86MB Managed=203.26MB Threads=62
[17:35:40.698 INF] [T:7] [PerfMonitor] Time:2026-04-12 08:35:40.306Z CPU=0.0% WS=15.83MB Managed=204.64MB Threads=62
[17:36:40.698 INF] [T:7] [PerfMonitor] Time:2026-04-12 08:36:40.307Z CPU=0.0% WS=15.30MB Managed=206.02MB Threads=63
[17:37:40.699 INF] [T:7] [PerfMonitor] Time:2026-04-12 08:37:40.307Z CPU=0.0% WS=17.77MB Managed=207.42MB Threads=63
[17:45:58.108 INF] [T:7] [PerfMonitor] Time:2026-04-12 08:45:57.717Z CPU=0.0% WS=23.16MB Managed=201.48MB Threads=63
[17:46:58.103 INF] [T:7] [PerfMonitor] Time:2026-04-12 08:46:57.712Z CPU=0.0% WS=24.61MB Managed=202.90MB Threads=62
[17:47:58.103 INF] [T:7] [PerfMonitor] Time:2026-04-12 08:47:57.712Z CPU=0.0% WS=24.64MB Managed=204.27MB Threads=63
[17:48:58.102 INF] [T:7] [PerfMonitor] Time:2026-04-12 08:48:57.711Z CPU=0.0% WS=16.91MB Managed=205.66MB Threads=63
[17:49:58.102 INF] [T:7] [PerfMonitor] Time:2026-04-12 08:49:57.710Z CPU=0.0% WS=15.11MB Managed=207.07MB Threads=63
[17:50:58.101 INF] [T:7] [PerfMonitor] Time:2026-04-12 08:50:57.710Z CPU=0.0% WS=17.88MB Managed=208.46MB Threads=64
[17:51:58.100 INF] [T:7] [PerfMonitor] Time:2026-04-12 08:51:57.709Z CPU=0.0% WS=21.08MB Managed=202.48MB Threads=63
[17:52:58.099 INF] [T:7] [PerfMonitor] Time:2026-04-12 08:52:57.709Z CPU=0.0% WS=17.38MB Managed=203.88MB Threads=63
[17:53:58.099 INF] [T:7] [PerfMonitor] Time:2026-04-12 08:53:57.707Z CPU=0.0% WS=17.27MB Managed=205.26MB Threads=62
[17:54:58.099 INF] [T:7] [PerfMonitor] Time:2026-04-12 08:54:57.707Z CPU=0.0% WS=17.45MB Managed=206.66MB Threads=62
[17:55:58.099 INF] [T:7] [PerfMonitor] Time:2026-04-12 08:55:57.706Z CPU=0.0% WS=14.09MB Managed=208.04MB Threads=62
[17:56:58.097 INF] [T:7] [PerfMonitor] Time:2026-04-12 08:56:57.705Z CPU=0.0% WS=24.14MB Managed=201.97MB Threads=62
[17:57:58.097 INF] [T:7] [PerfMonitor] Time:2026-04-12 08:57:57.705Z CPU=0.0% WS=15.17MB Managed=203.39MB Threads=62
[17:58:58.099 INF] [T:7] [PerfMonitor] Time:2026-04-12 08:58:57.703Z CPU=0.0% WS=15.53MB Managed=204.77MB Threads=63
[17:59:58.095 INF] [T:7] [PerfMonitor] Time:2026-04-12 08:59:57.704Z CPU=0.0% WS=17.30MB Managed=206.16MB Threads=62
[18:00:58.094 INF] [T:7] [PerfMonitor] Time:2026-04-12 09:00:57.702Z CPU=0.0% WS=16.02MB Managed=207.55MB Threads=63
[18:02:00.103 INF] [T:7] [PerfMonitor] Time:2026-04-12 09:01:59.711Z CPU=0.0% WS=23.28MB Managed=201.55MB Threads=63
[18:03:00.102 INF] [T:7] [PerfMonitor] Time:2026-04-12 09:02:59.710Z CPU=0.0% WS=15.33MB Managed=202.95MB Threads=62
[18:04:00.102 INF] [T:7] [PerfMonitor] Time:2026-04-12 09:03:59.710Z CPU=0.0% WS=14.58MB Managed=204.34MB Threads=63
[18:05:00.101 INF] [T:7] [PerfMonitor] Time:2026-04-12 09:04:59.709Z CPU=0.0% WS=17.78MB Managed=205.74MB Threads=62
[18:06:00.104 INF] [T:7] [PerfMonitor] Time:2026-04-12 09:05:59.709Z CPU=0.0% WS=18.73MB Managed=207.10MB Threads=62
[18:07:00.098 INF] [T:7] [PerfMonitor] Time:2026-04-12 09:06:59.708Z CPU=0.0% WS=17.88MB Managed=208.49MB Threads=62
[18:08:00.098 INF] [T:7] [PerfMonitor] Time:2026-04-12 09:07:59.706Z CPU=0.0% WS=22.56MB Managed=202.45MB Threads=62
[18:09:00.102 INF] [T:7] [PerfMonitor] Time:2026-04-12 09:08:59.706Z CPU=0.0% WS=22.97MB Managed=203.82MB Threads=62
[18:10:00.097 INF] [T:7] [PerfMonitor] Time:2026-04-12 09:09:59.706Z CPU=0.0% WS=14.81MB Managed=205.22MB Threads=62
[18:11:00.096 INF] [T:7] [PerfMonitor] Time:2026-04-12 09:10:59.704Z CPU=0.0% WS=22.30MB Managed=206.62MB Threads=64
[18:12:00.100 INF] [T:7] [PerfMonitor] Time:2026-04-12 09:11:59.704Z CPU=0.0% WS=22.30MB Managed=208.01MB Threads=63
[18:13:00.095 INF] [T:7] [PerfMonitor] Time:2026-04-12 09:12:59.704Z CPU=0.0% WS=23.89MB Managed=201.92MB Threads=62
[18:14:00.095 INF] [T:7] [PerfMonitor] Time:2026-04-12 09:13:59.703Z CPU=0.0% WS=19.39MB Managed=203.31MB Threads=62
[18:15:00.094 INF] [T:7] [PerfMonitor] Time:2026-04-12 09:14:59.702Z CPU=0.0% WS=18.25MB Managed=204.71MB Threads=63
[18:16:00.092 INF] [T:7] [PerfMonitor] Time:2026-04-12 09:15:59.701Z CPU=0.0% WS=17.67MB Managed=206.10MB Threads=65
[18:17:00.092 INF] [T:7] [PerfMonitor] Time:2026-04-12 09:16:59.701Z CPU=0.0% WS=20.28MB Managed=207.51MB Threads=62
[18:18:00.145 INF] [T:7] [PerfMonitor] Time:2026-04-12 09:17:59.753Z CPU=0.0% WS=18.45MB Managed=208.94MB Threads=62
[18:19:00.146 INF] [T:7] [PerfMonitor] Time:2026-04-12 09:18:59.755Z CPU=0.0% WS=16.75MB Managed=202.85MB Threads=62
[18:20:00.148 INF] [T:7] [PerfMonitor] Time:2026-04-12 09:19:59.757Z CPU=0.0% WS=20.47MB Managed=204.24MB Threads=63
[18:21:00.150 INF] [T:7] [PerfMonitor] Time:2026-04-12 09:20:59.759Z CPU=0.0% WS=18.53MB Managed=205.63MB Threads=62
[18:22:00.152 INF] [T:7] [PerfMonitor] Time:2026-04-12 09:21:59.761Z CPU=0.0% WS=20.12MB Managed=207.02MB Threads=62
[18:23:00.155 INF] [T:7] [PerfMonitor] Time:2026-04-12 09:22:59.763Z CPU=0.0% WS=18.48MB Managed=208.40MB Threads=62
[18:24:00.155 INF] [T:7] [PerfMonitor] Time:2026-04-12 09:23:59.765Z CPU=0.0% WS=24.95MB Managed=202.32MB Threads=63
[18:25:00.157 INF] [T:7] [PerfMonitor] Time:2026-04-12 09:24:59.767Z CPU=0.0% WS=20.33MB Managed=203.72MB Threads=63
[18:26:00.159 INF] [T:7] [PerfMonitor] Time:2026-04-12 09:25:59.767Z CPU=0.0% WS=18.52MB Managed=205.13MB Threads=62
[18:27:00.161 INF] [T:7] [PerfMonitor] Time:2026-04-12 09:26:59.769Z CPU=0.0% WS=16.56MB Managed=206.53MB Threads=62
[18:28:00.162 INF] [T:7] [PerfMonitor] Time:2026-04-12 09:27:59.771Z CPU=0.0% WS=18.36MB Managed=207.95MB Threads=63
[18:29:00.165 INF] [T:7] [PerfMonitor] Time:2026-04-12 09:28:59.773Z CPU=0.0% WS=26.22MB Managed=201.93MB Threads=62
[18:30:00.166 INF] [T:7] [PerfMonitor] Time:2026-04-12 09:29:59.775Z CPU=0.0% WS=26.86MB Managed=203.33MB Threads=63
[18:31:00.168 INF] [T:7] [PerfMonitor] Time:2026-04-12 09:30:59.777Z CPU=0.0% WS=17.00MB Managed=204.71MB Threads=62
[18:32:00.170 INF] [T:7] [PerfMonitor] Time:2026-04-12 09:31:59.778Z CPU=0.0% WS=20.16MB Managed=206.10MB Threads=63
[18:33:00.172 INF] [T:7] [PerfMonitor] Time:2026-04-12 09:32:59.780Z CPU=0.0% WS=21.98MB Managed=207.49MB Threads=62
[18:34:00.173 INF] [T:7] [PerfMonitor] Time:2026-04-12 09:33:59.781Z CPU=0.0% WS=23.12MB Managed=208.90MB Threads=62
[18:35:00.156 INF] [T:7] [PerfMonitor] Time:2026-04-12 09:34:59.765Z CPU=0.0% WS=27.23MB Managed=202.89MB Threads=64
[18:36:00.157 INF] [T:7] [PerfMonitor] Time:2026-04-12 09:35:59.765Z CPU=0.0% WS=19.02MB Managed=204.30MB Threads=62
[18:37:00.158 INF] [T:7] [PerfMonitor] Time:2026-04-12 09:36:59.766Z CPU=0.0% WS=14.05MB Managed=205.68MB Threads=62
[18:38:00.159 INF] [T:7] [PerfMonitor] Time:2026-04-12 09:37:59.767Z CPU=0.0% WS=17.23MB Managed=207.07MB Threads=62
[18:39:00.159 INF] [T:7] [PerfMonitor] Time:2026-04-12 09:38:59.769Z CPU=0.0% WS=17.03MB Managed=208.44MB Threads=62
[18:40:00.160 INF] [T:7] [PerfMonitor] Time:2026-04-12 09:39:59.769Z CPU=0.0% WS=33.61MB Managed=202.05MB Threads=63
[18:41:00.161 INF] [T:7] [PerfMonitor] Time:2026-04-12 09:40:59.770Z CPU=0.0% WS=16.89MB Managed=203.47MB Threads=63
[18:45:07.773 INF] [T:7] [PerfMonitor] Time:2026-04-12 09:45:07.382Z CPU=0.0% WS=14.36MB Managed=204.87MB Threads=63
[18:46:07.771 INF] [T:7] [PerfMonitor] Time:2026-04-12 09:46:07.379Z CPU=0.0% WS=17.17MB Managed=206.24MB Threads=62
[18:47:07.769 INF] [T:7] [PerfMonitor] Time:2026-04-12 09:47:07.378Z CPU=0.0% WS=16.86MB Managed=207.64MB Threads=62
[18:48:07.768 INF] [T:7] [PerfMonitor] Time:2026-04-12 09:48:07.376Z CPU=0.0% WS=26.30MB Managed=201.61MB Threads=62
[18:49:07.766 INF] [T:7] [PerfMonitor] Time:2026-04-12 09:49:07.374Z CPU=0.0% WS=23.58MB Managed=203.04MB Threads=62
[18:50:07.765 INF] [T:7] [PerfMonitor] Time:2026-04-12 09:50:07.372Z CPU=0.0% WS=14.75MB Managed=204.47MB Threads=62
[18:51:07.762 INF] [T:7] [PerfMonitor] Time:2026-04-12 09:51:07.370Z CPU=0.0% WS=15.39MB Managed=205.86MB Threads=63
[18:52:07.760 INF] [T:7] [PerfMonitor] Time:2026-04-12 09:52:07.368Z CPU=0.0% WS=15.45MB Managed=207.27MB Threads=64
[18:53:07.759 INF] [T:7] [PerfMonitor] Time:2026-04-12 09:53:07.367Z CPU=0.0% WS=14.69MB Managed=208.67MB Threads=62
[18:54:07.756 INF] [T:7] [PerfMonitor] Time:2026-04-12 09:54:07.364Z CPU=0.0% WS=22.94MB Managed=202.60MB Threads=62
[18:55:07.755 INF] [T:7] [PerfMonitor] Time:2026-04-12 09:55:07.362Z CPU=0.0% WS=13.61MB Managed=203.99MB Threads=62
[18:56:07.753 INF] [T:7] [PerfMonitor] Time:2026-04-12 09:56:07.361Z CPU=0.0% WS=15.28MB Managed=205.38MB Threads=63
[18:57:07.751 INF] [T:7] [PerfMonitor] Time:2026-04-12 09:57:07.359Z CPU=0.0% WS=16.92MB Managed=206.80MB Threads=63
[18:58:07.749 INF] [T:7] [PerfMonitor] Time:2026-04-12 09:58:07.357Z CPU=0.0% WS=16.94MB Managed=208.17MB Threads=62
[18:59:07.747 INF] [T:7] [PerfMonitor] Time:2026-04-12 09:59:07.355Z CPU=0.0% WS=22.28MB Managed=202.16MB Threads=62
[19:00:07.746 INF] [T:7] [PerfMonitor] Time:2026-04-12 10:00:07.353Z CPU=0.0% WS=13.27MB Managed=203.53MB Threads=62
[19:01:07.744 INF] [T:7] [PerfMonitor] Time:2026-04-12 10:01:07.351Z CPU=0.0% WS=16.98MB Managed=204.94MB Threads=62
[19:02:07.742 INF] [T:7] [PerfMonitor] Time:2026-04-12 10:02:07.350Z CPU=0.0% WS=15.31MB Managed=206.30MB Threads=62
[19:03:07.740 INF] [T:7] [PerfMonitor] Time:2026-04-12 10:03:07.348Z CPU=0.0% WS=14.11MB Managed=207.70MB Threads=62
[19:04:07.740 INF] [T:7] [PerfMonitor] Time:2026-04-12 10:04:07.348Z CPU=0.0% WS=22.50MB Managed=201.63MB Threads=63
[19:05:07.736 INF] [T:7] [PerfMonitor] Time:2026-04-12 10:05:07.344Z CPU=0.0% WS=16.50MB Managed=203.04MB Threads=63
[19:06:07.735 INF] [T:7] [PerfMonitor] Time:2026-04-12 10:06:07.342Z CPU=0.0% WS=13.80MB Managed=204.40MB Threads=62
[19:07:07.732 INF] [T:7] [PerfMonitor] Time:2026-04-12 10:07:07.341Z CPU=0.0% WS=17.05MB Managed=205.79MB Threads=63
[19:08:07.731 INF] [T:7] [PerfMonitor] Time:2026-04-12 10:08:07.339Z CPU=0.0% WS=15.95MB Managed=207.18MB Threads=64
[19:09:07.730 INF] [T:7] [PerfMonitor] Time:2026-04-12 10:09:07.337Z CPU=0.0% WS=15.11MB Managed=208.58MB Threads=64
[19:10:07.728 INF] [T:7] [PerfMonitor] Time:2026-04-12 10:10:07.335Z CPU=0.0% WS=23.78MB Managed=202.49MB Threads=63
[19:11:07.726 INF] [T:7] [PerfMonitor] Time:2026-04-12 10:11:07.333Z CPU=0.0% WS=15.53MB Managed=203.90MB Threads=64
[19:12:07.724 INF] [T:7] [PerfMonitor] Time:2026-04-12 10:12:07.335Z CPU=0.0% WS=15.48MB Managed=205.30MB Threads=63
[19:13:07.723 INF] [T:7] [PerfMonitor] Time:2026-04-12 10:13:07.329Z CPU=0.0% WS=15.48MB Managed=206.68MB Threads=63
[19:29:38.759 INF] [T:7] [PerfMonitor] Time:2026-04-12 10:29:38.407Z CPU=0.0% WS=13.20MB Managed=208.06MB Threads=63
[19:45:57.928 INF] [T:7] [PerfMonitor] Time:2026-04-12 10:45:57.574Z CPU=0.0% WS=20.91MB Managed=202.06MB Threads=63
[20:01:55.558 INF] [T:7] [PerfMonitor] Time:2026-04-12 11:01:55.203Z CPU=0.0% WS=14.38MB Managed=203.45MB Threads=64
[20:02:53.617 INF] [T:7] [PerfMonitor] Time:2026-04-12 11:02:53.265Z CPU=0.0% WS=17.42MB Managed=204.85MB Threads=62
[20:03:53.615 INF] [T:7] [PerfMonitor] Time:2026-04-12 11:03:53.263Z CPU=0.0% WS=18.97MB Managed=206.23MB Threads=63
[20:04:53.613 INF] [T:7] [PerfMonitor] Time:2026-04-12 11:04:53.262Z CPU=0.0% WS=19.56MB Managed=207.62MB Threads=62
[20:05:53.613 INF] [T:7] [PerfMonitor] Time:2026-04-12 11:05:53.261Z CPU=0.0% WS=23.58MB Managed=201.61MB Threads=65
[20:06:53.612 INF] [T:7] [PerfMonitor] Time:2026-04-12 11:06:53.258Z CPU=0.0% WS=22.11MB Managed=203.03MB Threads=62
[20:07:53.608 INF] [T:7] [PerfMonitor] Time:2026-04-12 11:07:53.261Z CPU=0.0% WS=17.39MB Managed=204.41MB Threads=62
[20:08:53.608 INF] [T:7] [PerfMonitor] Time:2026-04-12 11:08:53.253Z CPU=0.0% WS=16.14MB Managed=205.80MB Threads=63
[20:24:53.427 INF] [T:7] [PerfMonitor] Time:2026-04-12 11:24:53.074Z CPU=0.0% WS=15.50MB Managed=207.20MB Threads=62
[20:25:53.426 INF] [T:7] [PerfMonitor] Time:2026-04-12 11:25:53.074Z CPU=0.0% WS=18.42MB Managed=208.65MB Threads=64
[20:26:53.423 INF] [T:7] [PerfMonitor] Time:2026-04-12 11:26:53.071Z CPU=0.0% WS=24.66MB Managed=202.58MB Threads=63
[20:27:53.422 INF] [T:7] [PerfMonitor] Time:2026-04-12 11:27:53.070Z CPU=0.0% WS=23.81MB Managed=204.02MB Threads=62
[20:28:53.420 INF] [T:7] [PerfMonitor] Time:2026-04-12 11:28:53.068Z CPU=0.0% WS=17.97MB Managed=205.40MB Threads=62
[20:29:53.417 INF] [T:7] [PerfMonitor] Time:2026-04-12 11:29:53.074Z CPU=0.0% WS=18.91MB Managed=206.79MB Threads=63
[20:46:22.201 INF] [T:7] [PerfMonitor] Time:2026-04-12 11:46:21.848Z CPU=0.0% WS=15.73MB Managed=208.19MB Threads=63
[20:47:22.199 INF] [T:7] [PerfMonitor] Time:2026-04-12 11:47:21.847Z CPU=0.0% WS=24.69MB Managed=202.17MB Threads=64
[20:48:22.197 INF] [T:7] [PerfMonitor] Time:2026-04-12 11:48:21.845Z CPU=0.0% WS=24.22MB Managed=203.55MB Threads=62
[20:49:22.196 INF] [T:7] [PerfMonitor] Time:2026-04-12 11:49:21.843Z CPU=0.0% WS=23.59MB Managed=204.96MB Threads=64
[20:50:22.194 INF] [T:7] [PerfMonitor] Time:2026-04-12 11:50:21.841Z CPU=0.0% WS=18.67MB Managed=206.36MB Threads=62
[20:51:22.194 INF] [T:7] [PerfMonitor] Time:2026-04-12 11:51:21.840Z CPU=0.0% WS=17.97MB Managed=207.73MB Threads=63
[20:52:22.190 INF] [T:7] [PerfMonitor] Time:2026-04-12 11:52:21.839Z CPU=0.0% WS=23.06MB Managed=201.69MB Threads=62
[20:53:22.190 INF] [T:7] [PerfMonitor] Time:2026-04-12 11:53:21.838Z CPU=0.0% WS=23.33MB Managed=203.06MB Threads=63
[20:54:22.189 INF] [T:7] [PerfMonitor] Time:2026-04-12 11:54:21.836Z CPU=0.0% WS=16.50MB Managed=204.46MB Threads=62
[20:55:22.186 INF] [T:7] [PerfMonitor] Time:2026-04-12 11:55:21.832Z CPU=0.0% WS=16.56MB Managed=205.84MB Threads=62
[20:56:22.186 INF] [T:7] [PerfMonitor] Time:2026-04-12 11:56:21.830Z CPU=0.0% WS=16.56MB Managed=207.26MB Threads=63
[20:57:22.182 INF] [T:7] [PerfMonitor] Time:2026-04-12 11:57:21.829Z CPU=0.0% WS=17.28MB Managed=208.66MB Threads=63
[20:58:22.180 INF] [T:7] [PerfMonitor] Time:2026-04-12 11:58:21.829Z CPU=0.0% WS=22.36MB Managed=202.62MB Threads=62
[20:59:22.179 INF] [T:7] [PerfMonitor] Time:2026-04-12 11:59:21.827Z CPU=0.0% WS=15.38MB Managed=204.00MB Threads=62
[21:00:22.177 INF] [T:7] [PerfMonitor] Time:2026-04-12 12:00:21.825Z CPU=0.0% WS=16.81MB Managed=205.40MB Threads=63
[21:01:22.176 INF] [T:7] [PerfMonitor] Time:2026-04-12 12:01:21.824Z CPU=0.0% WS=15.50MB Managed=206.78MB Threads=63
[21:02:22.174 INF] [T:7] [PerfMonitor] Time:2026-04-12 12:02:21.822Z CPU=0.0% WS=16.11MB Managed=208.17MB Threads=62
[21:03:22.176 INF] [T:7] [PerfMonitor] Time:2026-04-12 12:03:21.820Z CPU=0.0% WS=36.38MB Managed=201.72MB Threads=62
[21:04:22.171 INF] [T:7] [PerfMonitor] Time:2026-04-12 12:04:21.817Z CPU=0.0% WS=33.61MB Managed=203.11MB Threads=63
[21:05:22.170 INF] [T:7] [PerfMonitor] Time:2026-04-12 12:05:21.816Z CPU=0.0% WS=15.72MB Managed=204.51MB Threads=62
[21:06:22.168 INF] [T:7] [PerfMonitor] Time:2026-04-12 12:06:21.814Z CPU=0.0% WS=17.14MB Managed=205.90MB Threads=63
[21:07:22.165 INF] [T:7] [PerfMonitor] Time:2026-04-12 12:07:21.813Z CPU=0.0% WS=17.16MB Managed=207.28MB Threads=62
[21:08:22.165 INF] [T:7] [PerfMonitor] Time:2026-04-12 12:08:21.811Z CPU=0.0% WS=18.70MB Managed=208.69MB Threads=63
[21:09:22.164 INF] [T:7] [PerfMonitor] Time:2026-04-12 12:09:21.809Z CPU=0.0% WS=26.98MB Managed=202.60MB Threads=63
[21:10:22.162 INF] [T:7] [PerfMonitor] Time:2026-04-12 12:10:21.808Z CPU=0.0% WS=25.44MB Managed=203.99MB Threads=63
[21:27:40.154 INF] [T:7] [PerfMonitor] Time:2026-04-12 12:27:39.802Z CPU=0.0% WS=12.59MB Managed=205.39MB Threads=63
[21:28:40.157 INF] [T:7] [PerfMonitor] Time:2026-04-12 12:28:39.804Z CPU=0.0% WS=13.39MB Managed=206.78MB Threads=63
[21:29:40.155 INF] [T:7] [PerfMonitor] Time:2026-04-12 12:29:39.803Z CPU=0.0% WS=17.25MB Managed=208.19MB Threads=64
[21:46:46.155 INF] [T:7] [PerfMonitor] Time:2026-04-12 12:46:45.803Z CPU=0.0% WS=23.42MB Managed=202.12MB Threads=62
[21:47:46.296 INF] [T:7] [PerfMonitor] Time:2026-04-12 12:47:45.943Z CPU=0.0% WS=15.28MB Managed=203.52MB Threads=64
[21:48:46.297 INF] [T:7] [PerfMonitor] Time:2026-04-12 12:48:45.953Z CPU=0.0% WS=17.08MB Managed=204.91MB Threads=63
[21:49:46.307 INF] [T:7] [PerfMonitor] Time:2026-04-12 12:49:45.944Z CPU=0.0% WS=17.02MB Managed=206.32MB Threads=62
[21:50:46.299 INF] [T:7] [PerfMonitor] Time:2026-04-12 12:50:45.947Z CPU=0.0% WS=19.30MB Managed=207.70MB Threads=62
[21:51:46.302 INF] [T:7] [PerfMonitor] Time:2026-04-12 12:51:45.948Z CPU=0.0% WS=24.73MB Managed=201.67MB Threads=62
[22:08:48.406 INF] [T:7] [PerfMonitor] Time:2026-04-12 13:08:48.055Z CPU=0.0% WS=16.55MB Managed=203.07MB Threads=63
[22:09:48.409 INF] [T:7] [PerfMonitor] Time:2026-04-12 13:09:48.054Z CPU=0.0% WS=16.14MB Managed=204.46MB Threads=62
[22:10:48.408 INF] [T:7] [PerfMonitor] Time:2026-04-12 13:10:48.057Z CPU=0.0% WS=17.77MB Managed=205.85MB Threads=62
[22:11:48.409 INF] [T:7] [PerfMonitor] Time:2026-04-12 13:11:48.056Z CPU=0.0% WS=18.80MB Managed=207.24MB Threads=63
[22:12:48.411 INF] [T:7] [PerfMonitor] Time:2026-04-12 13:12:48.064Z CPU=0.0% WS=17.47MB Managed=208.63MB Threads=62
[22:13:48.412 INF] [T:7] [PerfMonitor] Time:2026-04-12 13:13:48.058Z CPU=0.0% WS=21.53MB Managed=202.57MB Threads=62
[22:14:48.415 INF] [T:7] [PerfMonitor] Time:2026-04-12 13:14:48.060Z CPU=0.0% WS=17.39MB Managed=203.97MB Threads=63
[22:32:36.486 INF] [T:7] [PerfMonitor] Time:2026-04-12 13:32:36.131Z CPU=0.0% WS=15.44MB Managed=205.37MB Threads=64
[22:33:36.484 INF] [T:7] [PerfMonitor] Time:2026-04-12 13:33:36.131Z CPU=0.0% WS=16.75MB Managed=206.76MB Threads=62
[22:34:36.485 INF] [T:7] [PerfMonitor] Time:2026-04-12 13:34:36.132Z CPU=0.0% WS=15.19MB Managed=208.14MB Threads=62
[22:35:36.487 INF] [T:7] [PerfMonitor] Time:2026-04-12 13:35:36.134Z CPU=0.0% WS=24.08MB Managed=202.08MB Threads=64
[22:36:36.488 INF] [T:7] [PerfMonitor] Time:2026-04-12 13:36:36.134Z CPU=0.0% WS=22.05MB Managed=203.47MB Threads=62
[22:37:36.489 INF] [T:7] [PerfMonitor] Time:2026-04-12 13:37:36.136Z CPU=0.0% WS=17.41MB Managed=204.86MB Threads=62
[22:53:44.032 INF] [T:7] [PerfMonitor] Time:2026-04-12 13:53:43.680Z CPU=0.0% WS=15.20MB Managed=206.25MB Threads=63
[22:54:44.034 INF] [T:7] [PerfMonitor] Time:2026-04-12 13:54:43.678Z CPU=0.0% WS=15.00MB Managed=207.66MB Threads=62
[22:55:44.032 INF] [T:7] [PerfMonitor] Time:2026-04-12 13:55:43.681Z CPU=0.0% WS=24.14MB Managed=201.58MB Threads=62
[22:56:44.034 INF] [T:7] [PerfMonitor] Time:2026-04-12 13:56:43.681Z CPU=0.0% WS=22.41MB Managed=202.97MB Threads=62
[22:57:44.035 INF] [T:7] [PerfMonitor] Time:2026-04-12 13:57:43.682Z CPU=0.0% WS=17.09MB Managed=204.36MB Threads=63
[22:58:44.035 INF] [T:7] [PerfMonitor] Time:2026-04-12 13:58:43.682Z CPU=0.0% WS=15.19MB Managed=205.75MB Threads=63
[22:59:44.036 INF] [T:7] [PerfMonitor] Time:2026-04-12 13:59:43.682Z CPU=0.0% WS=18.02MB Managed=207.16MB Threads=62
[23:00:44.037 INF] [T:7] [PerfMonitor] Time:2026-04-12 14:00:43.684Z CPU=0.0% WS=19.41MB Managed=208.54MB Threads=62
[23:17:13.102 INF] [T:7] [PerfMonitor] Time:2026-04-12 14:17:12.744Z CPU=0.0% WS=24.31MB Managed=202.47MB Threads=64
[23:18:12.966 INF] [T:7] [PerfMonitor] Time:2026-04-12 14:18:12.613Z CPU=0.0% WS=14.70MB Managed=203.87MB Threads=62
[23:19:12.964 INF] [T:7] [PerfMonitor] Time:2026-04-12 14:19:12.611Z CPU=0.0% WS=16.86MB Managed=205.25MB Threads=62
[23:20:12.963 INF] [T:7] [PerfMonitor] Time:2026-04-12 14:20:12.608Z CPU=0.0% WS=18.06MB Managed=206.63MB Threads=62
[23:21:12.962 INF] [T:7] [PerfMonitor] Time:2026-04-12 14:21:12.608Z CPU=0.0% WS=17.42MB Managed=208.00MB Threads=62
[23:22:12.962 INF] [T:7] [PerfMonitor] Time:2026-04-12 14:22:12.607Z CPU=0.0% WS=24.66MB Managed=201.91MB Threads=62
[23:23:12.961 INF] [T:7] [PerfMonitor] Time:2026-04-12 14:23:12.606Z CPU=0.1% WS=22.27MB Managed=203.31MB Threads=63
[23:39:21.003 INF] [T:7] [PerfMonitor] Time:2026-04-12 14:39:20.650Z CPU=0.0% WS=17.31MB Managed=204.71MB Threads=62
[23:40:21.002 INF] [T:7] [PerfMonitor] Time:2026-04-12 14:40:20.648Z CPU=0.0% WS=17.22MB Managed=206.08MB Threads=63
[23:41:21.001 INF] [T:7] [PerfMonitor] Time:2026-04-12 14:41:20.648Z CPU=0.0% WS=16.31MB Managed=207.49MB Threads=63
[23:42:21.001 INF] [T:7] [PerfMonitor] Time:2026-04-12 14:42:20.647Z CPU=0.0% WS=15.59MB Managed=208.88MB Threads=63
[23:43:21.003 INF] [T:7] [PerfMonitor] Time:2026-04-12 14:43:20.657Z CPU=0.0% WS=23.61MB Managed=202.88MB Threads=63
[23:59:34.179 INF] [T:7] [PerfMonitor] Time:2026-04-12 14:59:33.840Z CPU=0.0% WS=14.22MB Managed=204.26MB Threads=62
