[00:00:55.236 INF] [T:7] [PerfMonitor] Time:2026-03-20 15:00:54.237Z CPU=0.1% WS=38.20MB Managed=199.93MB Threads=63
[00:36:16.586 INF] [T:7] [PerfMonitor] Time:2026-03-20 15:19:18.511Z CPU=0.1% WS=52.94MB Managed=201.40MB Threads=63
[00:54:15.725 INF] [T:7] [PerfMonitor] Time:2026-03-20 15:54:14.725Z CPU=0.1% WS=53.08MB Managed=202.83MB Threads=63
[01:12:20.163 INF] [T:7] [PerfMonitor] Time:2026-03-20 16:12:19.162Z CPU=0.0% WS=59.19MB Managed=195.97MB Threads=64
[01:29:01.643 INF] [T:7] [PerfMonitor] Time:2026-03-20 16:29:00.644Z CPU=0.0% WS=57.64MB Managed=197.41MB Threads=63
[01:30:01.642 INF] [T:7] [PerfMonitor] Time:2026-03-20 16:30:00.643Z CPU=0.0% WS=56.81MB Managed=198.83MB Threads=63
[01:48:28.321 INF] [T:7] [PerfMonitor] Time:2026-03-20 16:48:27.320Z CPU=0.1% WS=57.16MB Managed=200.28MB Threads=63
[01:49:28.321 INF] [T:7] [PerfMonitor] Time:2026-03-20 16:49:27.320Z CPU=0.1% WS=57.45MB Managed=201.70MB Threads=63
[01:50:28.321 INF] [T:7] [PerfMonitor] Time:2026-03-20 16:50:27.321Z CPU=0.1% WS=57.52MB Managed=203.14MB Threads=63
[01:51:28.322 INF] [T:7] [PerfMonitor] Time:2026-03-20 16:51:27.322Z CPU=0.1% WS=57.55MB Managed=196.67MB Threads=63
[01:52:28.322 INF] [T:7] [PerfMonitor] Time:2026-03-20 16:52:27.321Z CPU=0.1% WS=57.58MB Managed=198.11MB Threads=64
[01:53:28.322 INF] [T:7] [PerfMonitor] Time:2026-03-20 16:53:27.322Z CPU=0.1% WS=57.58MB Managed=199.55MB Threads=64
[01:54:28.322 INF] [T:7] [PerfMonitor] Time:2026-03-20 16:54:27.323Z CPU=0.1% WS=57.58MB Managed=200.99MB Threads=64
[01:55:28.323 INF] [T:7] [PerfMonitor] Time:2026-03-20 16:55:27.323Z CPU=0.1% WS=57.58MB Managed=202.43MB Threads=64
[01:56:28.324 INF] [T:7] [PerfMonitor] Time:2026-03-20 16:56:27.323Z CPU=0.1% WS=57.56MB Managed=195.97MB Threads=63
[01:57:28.324 INF] [T:7] [PerfMonitor] Time:2026-03-20 16:57:27.324Z CPU=0.1% WS=57.56MB Managed=197.39MB Threads=63
[01:58:28.323 INF] [T:7] [PerfMonitor] Time:2026-03-20 16:58:27.324Z CPU=0.1% WS=57.59MB Managed=198.85MB Threads=65
[01:59:28.325 INF] [T:7] [PerfMonitor] Time:2026-03-20 16:59:27.324Z CPU=0.0% WS=57.56MB Managed=200.29MB Threads=63
[02:00:28.325 INF] [T:7] [PerfMonitor] Time:2026-03-20 17:00:27.325Z CPU=0.0% WS=57.56MB Managed=201.73MB Threads=64
[02:01:28.325 INF] [T:7] [PerfMonitor] Time:2026-03-20 17:01:27.325Z CPU=0.1% WS=57.55MB Managed=203.16MB Threads=63
[02:02:28.325 INF] [T:7] [PerfMonitor] Time:2026-03-20 17:02:27.324Z CPU=0.1% WS=57.58MB Managed=196.69MB Threads=64
[02:03:28.326 INF] [T:7] [PerfMonitor] Time:2026-03-20 17:03:27.326Z CPU=0.1% WS=57.56MB Managed=198.12MB Threads=63
[02:04:28.327 INF] [T:7] [PerfMonitor] Time:2026-03-20 17:04:27.326Z CPU=0.0% WS=57.58MB Managed=199.54MB Threads=63
[02:05:28.326 INF] [T:7] [PerfMonitor] Time:2026-03-20 17:05:27.327Z CPU=0.1% WS=57.59MB Managed=201.00MB Threads=64
[02:06:28.327 INF] [T:7] [PerfMonitor] Time:2026-03-20 17:06:27.326Z CPU=0.1% WS=57.58MB Managed=202.44MB Threads=63
[02:07:28.327 INF] [T:7] [PerfMonitor] Time:2026-03-20 17:07:27.326Z CPU=0.0% WS=57.59MB Managed=195.95MB Threads=63
[02:08:28.327 INF] [T:7] [PerfMonitor] Time:2026-03-20 17:08:27.326Z CPU=0.1% WS=57.59MB Managed=197.40MB Threads=63
[02:09:28.328 INF] [T:7] [PerfMonitor] Time:2026-03-20 17:09:27.327Z CPU=0.1% WS=57.61MB Managed=198.85MB Threads=64
[02:10:28.328 INF] [T:7] [PerfMonitor] Time:2026-03-20 17:10:27.328Z CPU=0.1% WS=57.59MB Managed=200.29MB Threads=63
[02:11:28.329 INF] [T:7] [PerfMonitor] Time:2026-03-20 17:11:27.328Z CPU=0.1% WS=57.59MB Managed=201.72MB Threads=63
[02:12:28.329 INF] [T:7] [PerfMonitor] Time:2026-03-20 17:12:28.329Z CPU=0.1% WS=57.67MB Managed=203.17MB Threads=63
[02:13:28.329 INF] [T:7] [PerfMonitor] Time:2026-03-20 17:13:27.328Z CPU=0.1% WS=57.70MB Managed=196.67MB Threads=63
[02:14:28.329 INF] [T:7] [PerfMonitor] Time:2026-03-20 17:14:27.329Z CPU=0.1% WS=57.70MB Managed=198.11MB Threads=63
[02:15:28.328 INF] [T:7] [PerfMonitor] Time:2026-03-20 17:15:27.330Z CPU=0.1% WS=57.70MB Managed=199.53MB Threads=63
[02:16:28.329 INF] [T:7] [PerfMonitor] Time:2026-03-20 17:16:27.330Z CPU=0.1% WS=57.70MB Managed=200.96MB Threads=63
[02:17:28.329 INF] [T:7] [PerfMonitor] Time:2026-03-20 17:17:28.328Z CPU=0.0% WS=57.70MB Managed=202.46MB Threads=65
[02:18:28.329 INF] [T:7] [PerfMonitor] Time:2026-03-20 17:18:27.331Z CPU=0.1% WS=57.70MB Managed=195.95MB Threads=64
[02:19:28.330 INF] [T:7] [PerfMonitor] Time:2026-03-20 17:19:27.330Z CPU=0.0% WS=57.69MB Managed=197.39MB Threads=63
[02:20:28.330 INF] [T:7] [PerfMonitor] Time:2026-03-20 17:20:27.331Z CPU=0.1% WS=57.53MB Managed=198.83MB Threads=64
[02:53:04.404 INF] [T:7] [PerfMonitor] Time:2026-03-20 17:53:03.402Z CPU=0.1% WS=57.53MB Managed=200.29MB Threads=64
[02:54:04.404 INF] [T:7] [PerfMonitor] Time:2026-03-20 17:54:03.403Z CPU=0.1% WS=44.75MB Managed=201.71MB Threads=63
[03:27:52.977 INF] [T:7] [PerfMonitor] Time:2026-03-20 18:27:51.977Z CPU=0.1% WS=44.77MB Managed=203.16MB Threads=63
[03:44:17.365 INF] [T:7] [PerfMonitor] Time:2026-03-20 18:44:16.367Z CPU=0.0% WS=44.89MB Managed=196.66MB Threads=63
[03:45:17.366 INF] [T:7] [PerfMonitor] Time:2026-03-20 18:45:16.368Z CPU=0.1% WS=39.56MB Managed=198.10MB Threads=63
[04:18:47.206 INF] [T:7] [PerfMonitor] Time:2026-03-20 19:18:46.207Z CPU=0.1% WS=39.69MB Managed=199.52MB Threads=63
[04:35:41.350 INF] [T:7] [PerfMonitor] Time:2026-03-20 19:35:40.348Z CPU=0.0% WS=39.70MB Managed=200.97MB Threads=63
[04:51:47.396 INF] [T:7] [PerfMonitor] Time:2026-03-20 19:51:46.396Z CPU=0.1% WS=39.72MB Managed=202.40MB Threads=64
[05:08:09.368 INF] [T:7] [PerfMonitor] Time:2026-03-20 20:08:08.370Z CPU=0.1% WS=39.69MB Managed=195.93MB Threads=64
[05:24:06.719 INF] [T:7] [PerfMonitor] Time:2026-03-20 20:24:05.719Z CPU=0.0% WS=39.67MB Managed=197.38MB Threads=63
[05:40:31.085 INF] [T:7] [PerfMonitor] Time:2026-03-20 20:40:30.084Z CPU=0.1% WS=39.55MB Managed=198.82MB Threads=64
[05:50:01.696 INF] [T:7] [PerfMonitor] Time:2026-03-20 20:50:00.696Z CPU=0.1% WS=39.56MB Managed=200.29MB Threads=64
[06:06:50.055 INF] [T:7] [PerfMonitor] Time:2026-03-20 21:06:49.054Z CPU=0.1% WS=39.59MB Managed=201.74MB Threads=64
[06:23:47.129 INF] [T:7] [PerfMonitor] Time:2026-03-20 21:23:46.129Z CPU=0.1% WS=39.58MB Managed=203.20MB Threads=63
[06:40:38.189 INF] [T:7] [PerfMonitor] Time:2026-03-20 21:40:37.189Z CPU=0.1% WS=39.59MB Managed=196.73MB Threads=63
[06:56:57.544 INF] [T:7] [PerfMonitor] Time:2026-03-20 21:56:56.545Z CPU=0.1% WS=39.61MB Managed=198.18MB Threads=64
[07:13:18.907 INF] [T:7] [PerfMonitor] Time:2026-03-20 22:13:17.907Z CPU=0.1% WS=39.75MB Managed=199.66MB Threads=64
[07:25:21.386 INF] [T:7] [PerfMonitor] Time:2026-03-20 22:25:20.385Z CPU=0.1% WS=39.75MB Managed=201.10MB Threads=64
[07:42:40.625 INF] [T:7] [PerfMonitor] Time:2026-03-20 22:42:39.625Z CPU=0.1% WS=39.73MB Managed=202.52MB Threads=63
[07:59:43.153 INF] [T:7] [PerfMonitor] Time:2026-03-20 22:59:42.151Z CPU=0.1% WS=39.80MB Managed=196.07MB Threads=63
[08:01:42.886 INF] [T:7] [PerfMonitor] Time:2026-03-20 23:01:41.886Z CPU=0.1% WS=39.81MB Managed=197.53MB Threads=64
[08:18:22.271 INF] [T:7] [PerfMonitor] Time:2026-03-20 23:18:21.271Z CPU=0.1% WS=40.88MB Managed=198.95MB Threads=63
[08:43:09.779 INF] [T:7] [PerfMonitor] Time:2026-03-20 23:26:33.435Z CPU=0.1% WS=40.88MB Managed=200.38MB Threads=63
[08:44:09.781 INF] [T:7] [PerfMonitor] Time:2026-03-20 23:44:08.781Z CPU=0.1% WS=40.88MB Managed=201.83MB Threads=63
[09:01:07.184 INF] [T:7] [PerfMonitor] Time:2026-03-21 00:01:06.185Z CPU=0.1% WS=41.19MB Managed=203.25MB Threads=63
[09:17:08.659 INF] [T:7] [PerfMonitor] Time:2026-03-21 00:17:07.658Z CPU=0.0% WS=41.23MB Managed=196.78MB Threads=64
[09:44:23.644 INF] [T:7] [PerfMonitor] Time:2026-03-21 00:44:22.645Z CPU=0.1% WS=41.22MB Managed=198.20MB Threads=63
[09:45:23.645 INF] [T:7] [PerfMonitor] Time:2026-03-21 00:45:22.644Z CPU=0.1% WS=41.23MB Managed=199.64MB Threads=64
[10:01:27.379 INF] [T:7] [PerfMonitor] Time:2026-03-21 01:01:26.380Z CPU=0.1% WS=41.22MB Managed=201.06MB Threads=63
[10:07:30.743 INF] [T:7] [PerfMonitor] Time:2026-03-21 01:07:29.742Z CPU=0.0% WS=26.39MB Managed=202.51MB Threads=64
[10:08:30.743 INF] [T:7] [PerfMonitor] Time:2026-03-21 01:08:30.743Z CPU=0.1% WS=44.52MB Managed=195.66MB Threads=65
[10:09:30.743 INF] [T:7] [PerfMonitor] Time:2026-03-21 01:09:30.742Z CPU=0.1% WS=44.62MB Managed=197.14MB Threads=63
[10:10:30.743 INF] [T:7] [PerfMonitor] Time:2026-03-21 01:10:29.743Z CPU=0.0% WS=44.66MB Managed=198.60MB Threads=64
[10:11:30.744 INF] [T:7] [PerfMonitor] Time:2026-03-21 01:11:29.744Z CPU=0.0% WS=44.69MB Managed=200.10MB Threads=64
[10:12:30.743 INF] [T:7] [PerfMonitor] Time:2026-03-21 01:12:29.744Z CPU=0.1% WS=44.73MB Managed=201.53MB Threads=63
[10:13:30.744 INF] [T:7] [PerfMonitor] Time:2026-03-21 01:13:29.745Z CPU=0.1% WS=44.73MB Managed=203.00MB Threads=63
[10:14:30.744 INF] [T:7] [PerfMonitor] Time:2026-03-21 01:14:29.745Z CPU=0.1% WS=44.77MB Managed=196.60MB Threads=64
[10:15:30.744 INF] [T:7] [PerfMonitor] Time:2026-03-21 01:15:29.745Z CPU=0.1% WS=44.77MB Managed=198.03MB Threads=64
[10:16:30.745 INF] [T:7] [PerfMonitor] Time:2026-03-21 01:16:29.746Z CPU=0.1% WS=44.77MB Managed=199.51MB Threads=64
[10:17:30.746 INF] [T:7] [PerfMonitor] Time:2026-03-21 01:17:29.746Z CPU=0.1% WS=44.72MB Managed=201.01MB Threads=64
[10:18:30.747 INF] [T:7] [PerfMonitor] Time:2026-03-21 01:18:29.745Z CPU=0.1% WS=44.69MB Managed=202.44MB Threads=63
[10:19:30.747 INF] [T:7] [PerfMonitor] Time:2026-03-21 01:19:29.747Z CPU=0.1% WS=44.69MB Managed=195.97MB Threads=63
[10:20:30.747 INF] [T:7] [PerfMonitor] Time:2026-03-21 01:20:29.748Z CPU=0.1% WS=44.72MB Managed=197.47MB Threads=65
[10:21:30.749 INF] [T:7] [PerfMonitor] Time:2026-03-21 01:21:29.749Z CPU=0.1% WS=44.69MB Managed=198.89MB Threads=63
[10:22:30.747 INF] [T:7] [PerfMonitor] Time:2026-03-21 01:22:29.749Z CPU=0.1% WS=44.70MB Managed=200.33MB Threads=63
[10:40:38.447 INF] [T:7] [PerfMonitor] Time:2026-03-21 01:40:37.447Z CPU=0.0% WS=26.22MB Managed=201.77MB Threads=64
[10:41:38.449 INF] [T:7] [PerfMonitor] Time:2026-03-21 01:41:37.449Z CPU=0.1% WS=29.36MB Managed=203.20MB Threads=64
[10:42:38.449 INF] [T:7] [PerfMonitor] Time:2026-03-21 01:42:37.449Z CPU=0.0% WS=36.09MB Managed=196.73MB Threads=63
[10:43:38.451 INF] [T:7] [PerfMonitor] Time:2026-03-21 01:43:37.449Z CPU=0.0% WS=36.33MB Managed=198.16MB Threads=64
[10:44:38.450 INF] [T:7] [PerfMonitor] Time:2026-03-21 01:44:37.449Z CPU=0.0% WS=36.62MB Managed=199.58MB Threads=63
[10:45:38.450 INF] [T:7] [PerfMonitor] Time:2026-03-21 01:45:37.450Z CPU=0.0% WS=36.88MB Managed=201.02MB Threads=63
[10:46:38.450 INF] [T:7] [PerfMonitor] Time:2026-03-21 01:46:37.451Z CPU=0.0% WS=36.88MB Managed=202.47MB Threads=63
[10:47:38.450 INF] [T:7] [PerfMonitor] Time:2026-03-21 01:47:37.451Z CPU=0.0% WS=36.94MB Managed=195.97MB Threads=63
[10:48:38.451 INF] [T:7] [PerfMonitor] Time:2026-03-21 01:48:37.450Z CPU=0.1% WS=36.94MB Managed=197.42MB Threads=63
[10:49:38.452 INF] [T:7] [PerfMonitor] Time:2026-03-21 01:49:37.451Z CPU=0.0% WS=36.94MB Managed=198.83MB Threads=63
[10:50:38.451 INF] [T:7] [PerfMonitor] Time:2026-03-21 01:50:37.452Z CPU=0.1% WS=36.94MB Managed=200.28MB Threads=63
[10:51:38.452 INF] [T:7] [PerfMonitor] Time:2026-03-21 01:51:37.452Z CPU=0.0% WS=36.94MB Managed=201.70MB Threads=63
[10:52:38.453 INF] [T:7] [PerfMonitor] Time:2026-03-21 01:52:37.453Z CPU=0.0% WS=36.94MB Managed=203.14MB Threads=63
[10:53:38.452 INF] [T:7] [PerfMonitor] Time:2026-03-21 01:53:37.453Z CPU=0.0% WS=36.95MB Managed=196.63MB Threads=63
[10:54:38.453 INF] [T:7] [PerfMonitor] Time:2026-03-21 01:54:37.454Z CPU=0.1% WS=36.95MB Managed=198.07MB Threads=63
[10:55:38.454 INF] [T:7] [PerfMonitor] Time:2026-03-21 01:55:37.453Z CPU=0.1% WS=36.92MB Managed=199.49MB Threads=63
[10:56:38.454 INF] [T:7] [PerfMonitor] Time:2026-03-21 01:56:38.454Z CPU=0.0% WS=36.92MB Managed=200.94MB Threads=63
[10:57:38.455 INF] [T:7] [PerfMonitor] Time:2026-03-21 01:57:37.455Z CPU=0.0% WS=36.94MB Managed=202.34MB Threads=63
[10:58:38.455 INF] [T:7] [PerfMonitor] Time:2026-03-21 01:58:37.455Z CPU=0.0% WS=36.94MB Managed=195.81MB Threads=63
[10:59:38.456 INF] [T:7] [PerfMonitor] Time:2026-03-21 01:59:37.455Z CPU=0.1% WS=36.95MB Managed=197.28MB Threads=64
[11:00:38.455 INF] [T:7] [PerfMonitor] Time:2026-03-21 02:00:37.456Z CPU=0.0% WS=36.91MB Managed=198.70MB Threads=63
[11:01:38.455 INF] [T:7] [PerfMonitor] Time:2026-03-21 02:01:37.457Z CPU=0.1% WS=36.91MB Managed=200.13MB Threads=63
[11:02:38.457 INF] [T:7] [PerfMonitor] Time:2026-03-21 02:02:37.457Z CPU=0.0% WS=36.89MB Managed=201.58MB Threads=64
[11:03:38.464 INF] [T:7] [PerfMonitor] Time:2026-03-21 02:03:37.457Z CPU=0.0% WS=36.89MB Managed=203.03MB Threads=63
[11:04:38.456 INF] [T:7] [PerfMonitor] Time:2026-03-21 02:04:37.457Z CPU=0.0% WS=36.95MB Managed=196.55MB Threads=64
[11:05:38.458 INF] [T:7] [PerfMonitor] Time:2026-03-21 02:05:37.457Z CPU=0.1% WS=36.94MB Managed=197.99MB Threads=63
[11:06:38.459 INF] [T:7] [PerfMonitor] Time:2026-03-21 02:06:37.459Z CPU=0.0% WS=36.95MB Managed=199.42MB Threads=63
[11:07:38.459 INF] [T:7] [PerfMonitor] Time:2026-03-21 02:07:37.458Z CPU=0.0% WS=36.97MB Managed=200.88MB Threads=64
[11:08:38.459 INF] [T:7] [PerfMonitor] Time:2026-03-21 02:08:37.459Z CPU=0.0% WS=36.97MB Managed=202.31MB Threads=63
[11:09:38.459 INF] [T:7] [PerfMonitor] Time:2026-03-21 02:09:37.460Z CPU=0.0% WS=36.88MB Managed=195.83MB Threads=63
[11:10:38.461 INF] [T:7] [PerfMonitor] Time:2026-03-21 02:10:37.459Z CPU=0.1% WS=32.75MB Managed=197.28MB Threads=62
[11:11:38.461 INF] [T:7] [PerfMonitor] Time:2026-03-21 02:11:37.459Z CPU=0.1% WS=30.16MB Managed=198.70MB Threads=63
[11:12:38.460 INF] [T:7] [PerfMonitor] Time:2026-03-21 02:12:37.460Z CPU=0.1% WS=31.20MB Managed=200.13MB Threads=63
[11:13:38.460 INF] [T:7] [PerfMonitor] Time:2026-03-21 02:13:37.460Z CPU=0.1% WS=32.59MB Managed=201.55MB Threads=63
[11:14:38.462 INF] [T:7] [PerfMonitor] Time:2026-03-21 02:14:37.462Z CPU=0.0% WS=34.12MB Managed=202.99MB Threads=64
[11:15:38.462 INF] [T:7] [PerfMonitor] Time:2026-03-21 02:15:37.462Z CPU=0.0% WS=36.86MB Managed=196.50MB Threads=63
[11:16:38.462 INF] [T:7] [PerfMonitor] Time:2026-03-21 02:16:37.462Z CPU=0.1% WS=36.91MB Managed=197.93MB Threads=63
[11:17:38.463 INF] [T:7] [PerfMonitor] Time:2026-03-21 02:17:37.463Z CPU=0.0% WS=37.02MB Managed=199.38MB Threads=64
[11:18:38.463 INF] [T:7] [PerfMonitor] Time:2026-03-21 02:18:37.463Z CPU=0.1% WS=37.00MB Managed=200.80MB Threads=63
[11:19:38.463 INF] [T:7] [PerfMonitor] Time:2026-03-21 02:19:37.463Z CPU=0.1% WS=36.95MB Managed=202.25MB Threads=63
[11:20:38.463 INF] [T:7] [PerfMonitor] Time:2026-03-21 02:20:37.463Z CPU=0.0% WS=36.95MB Managed=203.66MB Threads=63
[11:21:38.463 INF] [T:7] [PerfMonitor] Time:2026-03-21 02:21:37.464Z CPU=0.1% WS=37.00MB Managed=197.17MB Threads=63
[11:22:38.463 INF] [T:7] [PerfMonitor] Time:2026-03-21 02:22:37.463Z CPU=0.1% WS=37.02MB Managed=198.62MB Threads=63
[11:23:38.464 INF] [T:7] [PerfMonitor] Time:2026-03-21 02:23:37.464Z CPU=0.1% WS=37.03MB Managed=200.03MB Threads=63
[11:24:38.464 INF] [T:7] [PerfMonitor] Time:2026-03-21 02:24:37.464Z CPU=0.0% WS=37.05MB Managed=201.53MB Threads=63
[11:25:38.465 INF] [T:7] [PerfMonitor] Time:2026-03-21 02:25:37.464Z CPU=0.0% WS=37.05MB Managed=202.96MB Threads=63
[11:26:38.465 INF] [T:7] [PerfMonitor] Time:2026-03-21 02:26:37.465Z CPU=0.1% WS=37.09MB Managed=196.48MB Threads=63
[11:27:38.465 INF] [T:7] [PerfMonitor] Time:2026-03-21 02:27:37.466Z CPU=0.1% WS=36.50MB Managed=197.90MB Threads=63
[11:28:38.466 INF] [T:7] [PerfMonitor] Time:2026-03-21 02:28:37.465Z CPU=0.0% WS=37.25MB Managed=199.33MB Threads=63
[11:29:38.466 INF] [T:7] [PerfMonitor] Time:2026-03-21 02:29:37.466Z CPU=0.0% WS=37.30MB Managed=200.77MB Threads=63
[11:30:38.466 INF] [T:7] [PerfMonitor] Time:2026-03-21 02:30:37.467Z CPU=0.0% WS=37.27MB Managed=202.24MB Threads=65
[11:31:38.467 INF] [T:7] [PerfMonitor] Time:2026-03-21 02:31:37.467Z CPU=0.0% WS=37.23MB Managed=203.66MB Threads=63
[11:32:38.467 INF] [T:7] [PerfMonitor] Time:2026-03-21 02:32:37.467Z CPU=0.0% WS=45.62MB Managed=196.82MB Threads=63
[11:33:38.467 INF] [T:7] [PerfMonitor] Time:2026-03-21 02:33:37.468Z CPU=0.0% WS=45.62MB Managed=198.25MB Threads=63
[11:34:38.468 INF] [T:7] [PerfMonitor] Time:2026-03-21 02:34:37.468Z CPU=0.1% WS=45.66MB Managed=199.69MB Threads=64
[11:35:38.469 INF] [T:7] [PerfMonitor] Time:2026-03-21 02:35:37.468Z CPU=0.0% WS=45.64MB Managed=201.13MB Threads=63
[11:36:38.469 INF] [T:7] [PerfMonitor] Time:2026-03-21 02:36:37.469Z CPU=0.1% WS=45.64MB Managed=202.56MB Threads=63
[11:37:38.469 INF] [T:7] [PerfMonitor] Time:2026-03-21 02:37:37.469Z CPU=0.0% WS=45.23MB Managed=196.06MB Threads=63
[11:38:38.470 INF] [T:7] [PerfMonitor] Time:2026-03-21 02:38:37.468Z CPU=0.0% WS=45.28MB Managed=197.49MB Threads=63
[11:39:38.469 INF] [T:7] [PerfMonitor] Time:2026-03-21 02:39:37.470Z CPU=0.0% WS=45.28MB Managed=198.91MB Threads=63
[11:40:38.470 INF] [T:7] [PerfMonitor] Time:2026-03-21 02:40:37.470Z CPU=0.1% WS=44.97MB Managed=200.35MB Threads=64
[11:41:38.470 INF] [T:7] [PerfMonitor] Time:2026-03-21 02:41:37.471Z CPU=0.0% WS=45.25MB Managed=201.79MB Threads=63
[11:42:38.471 INF] [T:7] [PerfMonitor] Time:2026-03-21 02:42:37.471Z CPU=0.0% WS=45.28MB Managed=203.23MB Threads=64
[11:43:38.471 INF] [T:7] [PerfMonitor] Time:2026-03-21 02:43:37.471Z CPU=0.1% WS=45.33MB Managed=196.76MB Threads=63
[11:44:38.471 INF] [T:7] [PerfMonitor] Time:2026-03-21 02:44:37.471Z CPU=0.0% WS=45.33MB Managed=198.20MB Threads=63
[11:45:38.472 INF] [T:7] [PerfMonitor] Time:2026-03-21 02:45:37.472Z CPU=0.0% WS=45.38MB Managed=199.61MB Threads=63
[11:46:38.473 INF] [T:7] [PerfMonitor] Time:2026-03-21 02:46:37.473Z CPU=0.0% WS=45.38MB Managed=201.06MB Threads=63
[11:47:38.474 INF] [T:7] [PerfMonitor] Time:2026-03-21 02:47:37.473Z CPU=0.0% WS=29.75MB Managed=202.54MB Threads=63
[11:48:38.473 INF] [T:7] [PerfMonitor] Time:2026-03-21 02:48:37.474Z CPU=0.1% WS=35.06MB Managed=196.05MB Threads=63
[11:49:38.473 INF] [T:7] [PerfMonitor] Time:2026-03-21 02:49:37.473Z CPU=0.1% WS=35.73MB Managed=197.51MB Threads=65
[11:50:38.474 INF] [T:7] [PerfMonitor] Time:2026-03-21 02:50:37.474Z CPU=0.0% WS=36.22MB Managed=198.97MB Threads=64
[11:51:38.475 INF] [T:7] [PerfMonitor] Time:2026-03-21 02:51:37.474Z CPU=0.1% WS=25.14MB Managed=200.41MB Threads=63
[11:52:38.475 INF] [T:7] [PerfMonitor] Time:2026-03-21 02:52:38.475Z CPU=0.0% WS=29.03MB Managed=201.86MB Threads=63
[11:53:55.182 INF] [T:1] [Game] Logger setup was successful: Game
[11:53:55.321 DBG] [T:1] [Game] [Engine] Discovered '12' commands: [19999, 10007, 10006, 10000, 10008, 10010, 10009, 10001, 10004, 10005, 10003, 10002]
[11:53:55.336 DBG] [T:1] [Game] [NetPeer] Discovered '5' commands: [4003, 4002, 4001, 4000, 2000]
[11:53:55.337 INF] [T:1] [Game] The server Game is initialized.
[11:53:55.341 INF] [T:7] [PerfMonitor] Time:2026-03-21 02:53:55.339Z CPU=0.4% WS=64.00MB Managed=929.14KB Threads=18
[11:54:01.058 INF] [T:1] [Game] Listener (0.0.0.0:10001:"Tcp") was started.
[11:54:01.062 INF] [T:1] [Game] The server instance Game was been started!
[11:54:01.063 INF] [T:1] [Game] [Rank] State changed: "None" -> "Connecting"
[11:54:01.064 INF] [T:1] [Game] Group=Dev, Name=Game, Env="Local", Region=Local, Public=121.135.249.98, Private=192.168.0.191, DnsName=
[11:54:01.096 INF] [T:9] [Game] [Rank] State changed: "Connecting" -> "Handshake"
[11:54:01.191 INF] [T:11] [Game] [Rank] State changed: "Handshake" -> "Open"
[11:54:01.191 DBG] [T:11] [Game] [Rank] Connected
[11:54:01.217 INF] [T:7] [Game] Register succeeded: Rank
[11:54:14.307 DBG] [T:45] [Game] A new session connected. sessionId=f744a277-3aa1-4382-ba6f-1375706a483f, remoteEndPoint=192.168.0.191:62780
[11:54:14.401 DBG] [T:58] [Game] Session authentication succeeded. sessionId=f744a277-3aa1-4382-ba6f-1375706a483f, peerId=1
[11:54:17.494 DBG] [T:56] [Game] Received a termination request from the client. isClosing=false
[11:54:17.497 DBG] [T:56] [Game] The session f744a277-3aa1-4382-ba6f-1375706a483f has been closed. reason="ClientClosing"
[11:54:17.500 DBG] [T:56] [Game] Peer leaved. uid=0, reason="ClientClosing"
[11:54:55.338 INF] [T:7] [PerfMonitor] Time:2026-03-21 02:54:54.339Z CPU=0.0% WS=67.69MB Managed=194.66MB Threads=65
[11:55:55.339 INF] [T:7] [PerfMonitor] Time:2026-03-21 02:55:54.338Z CPU=0.0% WS=74.89MB Managed=196.16MB Threads=65
[11:56:55.339 INF] [T:7] [PerfMonitor] Time:2026-03-21 02:56:54.340Z CPU=0.1% WS=77.70MB Managed=197.62MB Threads=64
[11:57:55.339 INF] [T:7] [PerfMonitor] Time:2026-03-21 02:57:54.340Z CPU=0.0% WS=77.83MB Managed=199.08MB Threads=64
[11:58:55.339 INF] [T:7] [PerfMonitor] Time:2026-03-21 02:58:54.339Z CPU=0.0% WS=79.23MB Managed=200.52MB Threads=63
[11:59:55.340 INF] [T:7] [PerfMonitor] Time:2026-03-21 02:59:54.340Z CPU=0.0% WS=80.61MB Managed=201.96MB Threads=63
[12:00:55.339 INF] [T:7] [PerfMonitor] Time:2026-03-21 03:00:54.340Z CPU=0.0% WS=81.84MB Managed=195.31MB Threads=65
[12:01:55.339 INF] [T:7] [PerfMonitor] Time:2026-03-21 03:01:54.340Z CPU=0.0% WS=81.53MB Managed=196.81MB Threads=63
[12:02:55.340 INF] [T:7] [PerfMonitor] Time:2026-03-21 03:02:54.341Z CPU=0.0% WS=81.50MB Managed=198.28MB Threads=64
[12:03:55.341 INF] [T:7] [PerfMonitor] Time:2026-03-21 03:03:54.341Z CPU=0.0% WS=81.53MB Managed=199.75MB Threads=65
[12:04:55.341 INF] [T:7] [PerfMonitor] Time:2026-03-21 03:04:54.341Z CPU=0.0% WS=81.61MB Managed=201.23MB Threads=64
[12:05:55.341 INF] [T:7] [PerfMonitor] Time:2026-03-21 03:05:54.342Z CPU=0.0% WS=81.64MB Managed=202.70MB Threads=64
[12:06:55.342 INF] [T:7] [PerfMonitor] Time:2026-03-21 03:06:54.343Z CPU=0.0% WS=81.67MB Managed=196.25MB Threads=64
[12:07:55.342 INF] [T:7] [PerfMonitor] Time:2026-03-21 03:07:54.343Z CPU=0.0% WS=81.67MB Managed=197.74MB Threads=64
[12:08:55.343 INF] [T:7] [PerfMonitor] Time:2026-03-21 03:08:54.342Z CPU=0.0% WS=81.72MB Managed=199.22MB Threads=64
[12:09:55.380 INF] [T:7] [PerfMonitor] Time:2026-03-21 03:09:54.342Z CPU=0.0% WS=81.86MB Managed=200.70MB Threads=66
[12:10:55.344 INF] [T:7] [PerfMonitor] Time:2026-03-21 03:10:55.343Z CPU=0.1% WS=81.83MB Managed=202.17MB Threads=63
[12:11:55.344 INF] [T:7] [PerfMonitor] Time:2026-03-21 03:11:54.344Z CPU=0.1% WS=81.94MB Managed=195.65MB Threads=64
[12:12:55.344 INF] [T:7] [PerfMonitor] Time:2026-03-21 03:12:54.344Z CPU=0.1% WS=81.94MB Managed=197.10MB Threads=64
[12:13:55.345 INF] [T:7] [PerfMonitor] Time:2026-03-21 03:13:54.345Z CPU=0.1% WS=81.92MB Managed=198.53MB Threads=63
[12:14:55.345 INF] [T:7] [PerfMonitor] Time:2026-03-21 03:14:54.345Z CPU=0.1% WS=81.94MB Managed=199.97MB Threads=63
[12:15:55.346 INF] [T:7] [PerfMonitor] Time:2026-03-21 03:15:54.345Z CPU=0.1% WS=81.94MB Managed=201.41MB Threads=63
[12:16:55.346 INF] [T:7] [PerfMonitor] Time:2026-03-21 03:16:54.346Z CPU=0.1% WS=81.94MB Managed=202.85MB Threads=63
[12:17:55.345 INF] [T:7] [PerfMonitor] Time:2026-03-21 03:17:55.345Z CPU=0.1% WS=81.95MB Managed=196.40MB Threads=64
[12:18:55.347 INF] [T:7] [PerfMonitor] Time:2026-03-21 03:18:54.348Z CPU=0.1% WS=81.97MB Managed=197.83MB Threads=64
[12:19:55.347 INF] [T:7] [PerfMonitor] Time:2026-03-21 03:19:54.347Z CPU=0.1% WS=81.97MB Managed=199.28MB Threads=64
[12:20:55.347 INF] [T:7] [PerfMonitor] Time:2026-03-21 03:20:54.347Z CPU=0.1% WS=82.00MB Managed=200.73MB Threads=64
[12:21:55.347 INF] [T:7] [PerfMonitor] Time:2026-03-21 03:21:54.347Z CPU=0.1% WS=81.98MB Managed=202.21MB Threads=63
[12:22:55.347 INF] [T:7] [PerfMonitor] Time:2026-03-21 03:22:54.348Z CPU=0.1% WS=82.02MB Managed=195.78MB Threads=64
[12:23:55.349 INF] [T:7] [PerfMonitor] Time:2026-03-21 03:23:54.348Z CPU=0.1% WS=82.03MB Managed=197.22MB Threads=64
[12:24:55.349 INF] [T:7] [PerfMonitor] Time:2026-03-21 03:24:54.350Z CPU=0.1% WS=82.08MB Managed=198.67MB Threads=64
[12:25:55.349 INF] [T:7] [PerfMonitor] Time:2026-03-21 03:25:54.349Z CPU=0.1% WS=82.06MB Managed=200.12MB Threads=63
[12:26:55.348 INF] [T:7] [PerfMonitor] Time:2026-03-21 03:26:54.349Z CPU=0.1% WS=82.11MB Managed=201.61MB Threads=64
[12:27:55.349 INF] [T:7] [PerfMonitor] Time:2026-03-21 03:27:54.350Z CPU=0.1% WS=82.09MB Managed=195.13MB Threads=63
[12:28:55.350 INF] [T:7] [PerfMonitor] Time:2026-03-21 03:28:54.350Z CPU=0.1% WS=82.12MB Managed=196.67MB Threads=64
[12:29:55.350 INF] [T:7] [PerfMonitor] Time:2026-03-21 03:29:54.350Z CPU=0.1% WS=82.14MB Managed=198.10MB Threads=63
[12:30:55.351 INF] [T:7] [PerfMonitor] Time:2026-03-21 03:30:54.350Z CPU=0.0% WS=82.14MB Managed=199.54MB Threads=63
[12:31:55.351 INF] [T:7] [PerfMonitor] Time:2026-03-21 03:31:54.351Z CPU=0.1% WS=82.16MB Managed=200.97MB Threads=64
[12:32:55.351 INF] [T:7] [PerfMonitor] Time:2026-03-21 03:32:54.351Z CPU=0.1% WS=82.17MB Managed=202.46MB Threads=64
[12:33:55.352 INF] [T:7] [PerfMonitor] Time:2026-03-21 03:33:54.352Z CPU=0.1% WS=82.20MB Managed=196.00MB Threads=63
[12:34:55.352 INF] [T:7] [PerfMonitor] Time:2026-03-21 03:34:54.355Z CPU=0.0% WS=82.23MB Managed=197.46MB Threads=65
[12:35:55.353 INF] [T:7] [PerfMonitor] Time:2026-03-21 03:35:55.352Z CPU=0.1% WS=82.20MB Managed=198.92MB Threads=63
[12:36:55.352 INF] [T:7] [PerfMonitor] Time:2026-03-21 03:36:55.352Z CPU=0.0% WS=82.08MB Managed=200.41MB Threads=63
[12:37:55.352 INF] [T:7] [PerfMonitor] Time:2026-03-21 03:37:54.353Z CPU=0.1% WS=82.17MB Managed=201.83MB Threads=65
[12:38:55.353 INF] [T:7] [PerfMonitor] Time:2026-03-21 03:38:54.352Z CPU=0.1% WS=82.16MB Managed=195.37MB Threads=64
[12:39:55.354 INF] [T:7] [PerfMonitor] Time:2026-03-21 03:39:54.353Z CPU=0.0% WS=82.17MB Managed=196.84MB Threads=64
[12:40:55.354 INF] [T:7] [PerfMonitor] Time:2026-03-21 03:40:54.354Z CPU=0.1% WS=82.19MB Managed=198.32MB Threads=65
[12:41:55.355 INF] [T:7] [PerfMonitor] Time:2026-03-21 03:41:54.354Z CPU=0.0% WS=82.23MB Managed=199.75MB Threads=63
[12:42:55.355 INF] [T:7] [PerfMonitor] Time:2026-03-21 03:42:54.354Z CPU=0.1% WS=82.23MB Managed=201.19MB Threads=63
[12:43:55.355 INF] [T:7] [PerfMonitor] Time:2026-03-21 03:43:54.355Z CPU=0.0% WS=82.25MB Managed=202.62MB Threads=64
[12:44:55.355 INF] [T:7] [PerfMonitor] Time:2026-03-21 03:44:54.355Z CPU=0.1% WS=82.27MB Managed=196.20MB Threads=65
[12:45:55.356 INF] [T:7] [PerfMonitor] Time:2026-03-21 03:45:54.356Z CPU=0.1% WS=82.25MB Managed=197.66MB Threads=64
[12:46:55.356 INF] [T:7] [PerfMonitor] Time:2026-03-21 03:46:54.356Z CPU=0.0% WS=82.23MB Managed=199.10MB Threads=63
[12:47:55.356 INF] [T:7] [PerfMonitor] Time:2026-03-21 03:47:54.357Z CPU=0.1% WS=82.30MB Managed=200.59MB Threads=64
[12:48:55.356 INF] [T:7] [PerfMonitor] Time:2026-03-21 03:48:54.356Z CPU=0.0% WS=82.30MB Managed=202.03MB Threads=63
[12:49:55.358 INF] [T:7] [PerfMonitor] Time:2026-03-21 03:49:54.357Z CPU=0.1% WS=82.33MB Managed=195.63MB Threads=63
[12:50:55.357 INF] [T:7] [PerfMonitor] Time:2026-03-21 03:50:54.358Z CPU=0.0% WS=82.38MB Managed=197.08MB Threads=64
[12:51:55.358 INF] [T:7] [PerfMonitor] Time:2026-03-21 03:51:54.358Z CPU=0.0% WS=82.20MB Managed=198.56MB Threads=65
[12:52:55.359 INF] [T:7] [PerfMonitor] Time:2026-03-21 03:52:54.359Z CPU=0.1% WS=69.77MB Managed=200.03MB Threads=63
[12:53:55.359 INF] [T:7] [PerfMonitor] Time:2026-03-21 03:53:54.359Z CPU=0.0% WS=69.77MB Managed=201.48MB Threads=63
[12:54:55.359 INF] [T:7] [PerfMonitor] Time:2026-03-21 03:54:54.359Z CPU=0.0% WS=69.89MB Managed=202.92MB Threads=64
[12:55:55.359 INF] [T:7] [PerfMonitor] Time:2026-03-21 03:55:54.359Z CPU=0.1% WS=69.97MB Managed=196.47MB Threads=64
[12:56:55.360 INF] [T:7] [PerfMonitor] Time:2026-03-21 03:56:54.359Z CPU=0.0% WS=70.17MB Managed=197.92MB Threads=63
[12:57:55.361 INF] [T:7] [PerfMonitor] Time:2026-03-21 03:57:54.359Z CPU=0.0% WS=70.20MB Managed=199.35MB Threads=64
[12:58:55.361 INF] [T:7] [PerfMonitor] Time:2026-03-21 03:58:54.360Z CPU=0.0% WS=70.19MB Managed=200.80MB Threads=63
[12:59:55.361 INF] [T:7] [PerfMonitor] Time:2026-03-21 03:59:54.360Z CPU=0.0% WS=70.20MB Managed=202.26MB Threads=64
[13:00:55.362 INF] [T:7] [PerfMonitor] Time:2026-03-21 04:00:54.361Z CPU=0.0% WS=70.25MB Managed=195.83MB Threads=64
[13:01:55.362 INF] [T:7] [PerfMonitor] Time:2026-03-21 04:01:54.362Z CPU=0.1% WS=69.17MB Managed=197.33MB Threads=63
[13:02:55.361 INF] [T:7] [PerfMonitor] Time:2026-03-21 04:02:54.362Z CPU=0.0% WS=69.17MB Managed=198.75MB Threads=63
[13:03:55.362 INF] [T:7] [PerfMonitor] Time:2026-03-21 04:03:54.362Z CPU=0.1% WS=69.20MB Managed=200.18MB Threads=63
[13:04:55.363 INF] [T:7] [PerfMonitor] Time:2026-03-21 04:04:54.362Z CPU=0.1% WS=69.23MB Managed=201.62MB Threads=64
[13:05:55.362 INF] [T:7] [PerfMonitor] Time:2026-03-21 04:05:54.363Z CPU=0.1% WS=69.23MB Managed=203.04MB Threads=63
[13:06:55.363 INF] [T:7] [PerfMonitor] Time:2026-03-21 04:06:54.363Z CPU=0.1% WS=69.33MB Managed=196.19MB Threads=63
[13:07:55.363 INF] [T:7] [PerfMonitor] Time:2026-03-21 04:07:54.364Z CPU=0.0% WS=69.34MB Managed=197.63MB Threads=64
[13:08:55.365 INF] [T:7] [PerfMonitor] Time:2026-03-21 04:08:54.365Z CPU=0.0% WS=69.34MB Managed=199.08MB Threads=64
[13:09:55.376 INF] [T:7] [PerfMonitor] Time:2026-03-21 04:09:54.366Z CPU=0.0% WS=69.34MB Managed=200.52MB Threads=64
[13:10:55.365 INF] [T:7] [PerfMonitor] Time:2026-03-21 04:10:54.364Z CPU=0.0% WS=69.34MB Managed=201.96MB Threads=63
[13:11:55.366 INF] [T:7] [PerfMonitor] Time:2026-03-21 04:11:55.366Z CPU=0.0% WS=69.36MB Managed=195.51MB Threads=64
[13:12:55.365 INF] [T:7] [PerfMonitor] Time:2026-03-21 04:12:54.365Z CPU=0.0% WS=69.17MB Managed=196.95MB Threads=64
[13:29:35.784 INF] [T:7] [PerfMonitor] Time:2026-03-21 04:29:34.784Z CPU=0.1% WS=39.70MB Managed=198.36MB Threads=63
[13:30:35.784 INF] [T:7] [PerfMonitor] Time:2026-03-21 04:30:34.784Z CPU=0.1% WS=42.45MB Managed=199.80MB Threads=63
[13:31:35.785 INF] [T:7] [PerfMonitor] Time:2026-03-21 04:31:34.784Z CPU=0.1% WS=43.91MB Managed=201.21MB Threads=63
[13:32:35.785 INF] [T:7] [PerfMonitor] Time:2026-03-21 04:32:34.784Z CPU=0.1% WS=45.39MB Managed=202.66MB Threads=63
[13:33:35.785 INF] [T:7] [PerfMonitor] Time:2026-03-21 04:33:34.784Z CPU=0.1% WS=48.72MB Managed=196.15MB Threads=63
[13:34:35.787 INF] [T:7] [PerfMonitor] Time:2026-03-21 04:34:34.786Z CPU=0.1% WS=48.84MB Managed=197.57MB Threads=62
[13:35:35.787 INF] [T:7] [PerfMonitor] Time:2026-03-21 04:35:34.787Z CPU=0.1% WS=48.86MB Managed=199.01MB Threads=63
[13:36:35.787 INF] [T:7] [PerfMonitor] Time:2026-03-21 04:36:34.786Z CPU=0.1% WS=48.92MB Managed=200.49MB Threads=64
[13:37:35.787 INF] [T:7] [PerfMonitor] Time:2026-03-21 04:37:34.786Z CPU=0.1% WS=48.81MB Managed=201.95MB Threads=64
[13:38:35.787 INF] [T:7] [PerfMonitor] Time:2026-03-21 04:38:34.787Z CPU=0.0% WS=48.08MB Managed=195.47MB Threads=64
[13:39:35.788 INF] [T:7] [PerfMonitor] Time:2026-03-21 04:39:34.787Z CPU=0.0% WS=48.08MB Managed=196.94MB Threads=63
[13:40:35.788 INF] [T:7] [PerfMonitor] Time:2026-03-21 04:40:34.788Z CPU=0.0% WS=48.08MB Managed=198.42MB Threads=63
[13:41:35.788 INF] [T:7] [PerfMonitor] Time:2026-03-21 04:41:34.786Z CPU=0.1% WS=49.33MB Managed=199.84MB Threads=63
[13:42:35.788 INF] [T:7] [PerfMonitor] Time:2026-03-21 04:42:34.788Z CPU=0.1% WS=49.48MB Managed=201.27MB Threads=64
[13:43:35.789 INF] [T:7] [PerfMonitor] Time:2026-03-21 04:43:34.788Z CPU=0.0% WS=49.47MB Managed=202.70MB Threads=63
[13:44:35.788 INF] [T:7] [PerfMonitor] Time:2026-03-21 04:44:34.787Z CPU=0.1% WS=49.50MB Managed=196.22MB Threads=63
[13:45:35.789 INF] [T:7] [PerfMonitor] Time:2026-03-21 04:45:34.789Z CPU=0.1% WS=49.50MB Managed=197.63MB Threads=63
[13:46:35.789 INF] [T:7] [PerfMonitor] Time:2026-03-21 04:46:34.789Z CPU=0.1% WS=49.55MB Managed=199.10MB Threads=65
[13:47:35.790 INF] [T:7] [PerfMonitor] Time:2026-03-21 04:47:34.789Z CPU=0.1% WS=49.52MB Managed=200.56MB Threads=63
[13:48:35.789 INF] [T:7] [PerfMonitor] Time:2026-03-21 04:48:34.789Z CPU=0.0% WS=49.52MB Managed=202.00MB Threads=63
[13:49:35.790 INF] [T:7] [PerfMonitor] Time:2026-03-21 04:49:34.790Z CPU=0.1% WS=49.47MB Managed=195.50MB Threads=63
[13:50:35.791 INF] [T:7] [PerfMonitor] Time:2026-03-21 04:50:34.790Z CPU=0.1% WS=49.48MB Managed=196.96MB Threads=64
[13:51:35.790 INF] [T:7] [PerfMonitor] Time:2026-03-21 04:51:34.791Z CPU=0.1% WS=49.86MB Managed=198.40MB Threads=63
[13:52:35.791 INF] [T:7] [PerfMonitor] Time:2026-03-21 04:52:34.791Z CPU=0.0% WS=49.89MB Managed=199.83MB Threads=63
[13:53:35.791 INF] [T:7] [PerfMonitor] Time:2026-03-21 04:53:34.791Z CPU=0.0% WS=49.88MB Managed=201.27MB Threads=62
[13:54:35.791 INF] [T:7] [PerfMonitor] Time:2026-03-21 04:54:34.792Z CPU=0.0% WS=49.95MB Managed=202.71MB Threads=63
[13:55:35.792 INF] [T:7] [PerfMonitor] Time:2026-03-21 04:55:34.791Z CPU=0.0% WS=50.03MB Managed=196.24MB Threads=63
[13:56:35.792 INF] [T:7] [PerfMonitor] Time:2026-03-21 04:56:34.792Z CPU=0.1% WS=50.03MB Managed=197.67MB Threads=63
[13:57:35.793 INF] [T:7] [PerfMonitor] Time:2026-03-21 04:57:34.792Z CPU=0.1% WS=50.03MB Managed=199.11MB Threads=63
[13:58:35.793 INF] [T:7] [PerfMonitor] Time:2026-03-21 04:58:34.793Z CPU=0.1% WS=50.03MB Managed=200.54MB Threads=63
[13:59:35.792 INF] [T:7] [PerfMonitor] Time:2026-03-21 04:59:34.792Z CPU=0.0% WS=50.03MB Managed=201.97MB Threads=63
[14:00:35.793 INF] [T:7] [PerfMonitor] Time:2026-03-21 05:00:34.793Z CPU=0.1% WS=50.06MB Managed=195.45MB Threads=63
[14:01:35.794 INF] [T:7] [PerfMonitor] Time:2026-03-21 05:01:34.794Z CPU=0.0% WS=50.05MB Managed=196.91MB Threads=64
[14:02:35.793 INF] [T:7] [PerfMonitor] Time:2026-03-21 05:02:34.794Z CPU=0.0% WS=50.05MB Managed=198.37MB Threads=63
[14:03:35.793 INF] [T:7] [PerfMonitor] Time:2026-03-21 05:03:34.794Z CPU=0.0% WS=50.05MB Managed=199.80MB Threads=63
[14:04:35.794 INF] [T:7] [PerfMonitor] Time:2026-03-21 05:04:34.794Z CPU=0.0% WS=50.09MB Managed=201.25MB Threads=63
[14:05:35.798 INF] [T:7] [PerfMonitor] Time:2026-03-21 05:05:34.797Z CPU=0.1% WS=50.11MB Managed=202.68MB Threads=63
[14:06:35.798 INF] [T:7] [PerfMonitor] Time:2026-03-21 05:06:34.799Z CPU=0.0% WS=47.06MB Managed=196.22MB Threads=63
[14:07:35.798 INF] [T:7] [PerfMonitor] Time:2026-03-21 05:07:34.799Z CPU=0.1% WS=47.83MB Managed=197.69MB Threads=64
[14:08:22.062 DBG] [T:101] [Game] A new session connected. sessionId=1b0046f3-dd92-401a-84b6-0532eabb84ff, remoteEndPoint=192.168.0.191:64991
[14:08:22.090 DBG] [T:80] [Game] Session authentication succeeded. sessionId=1b0046f3-dd92-401a-84b6-0532eabb84ff, peerId=1
[14:08:25.194 DBG] [T:101] [Game] Bind peer: uid=1000001, peerId=1
[14:08:33.346 DBG] [T:86] [Game] Received a termination request from the client. isClosing=false
[14:08:33.346 DBG] [T:86] [Game] The session 1b0046f3-dd92-401a-84b6-0532eabb84ff has been closed. reason="ClientClosing"
[14:08:33.346 DBG] [T:86] [Game] Unbind peer: uid=1000001, peerId=1
[14:08:33.346 DBG] [T:86] [Game] Peer leaved. uid=1000001, reason="ClientClosing"
[14:08:35.799 INF] [T:7] [PerfMonitor] Time:2026-03-21 05:08:34.799Z CPU=0.0% WS=93.81MB Managed=201.06MB Threads=65
[14:08:53.764 DBG] [T:94] [Game] A new session connected. sessionId=c48ca0ec-914b-4719-9409-5687ef025bbc, remoteEndPoint=192.168.0.191:65003
[14:08:53.791 DBG] [T:101] [Game] Session authentication succeeded. sessionId=c48ca0ec-914b-4719-9409-5687ef025bbc, peerId=1
[14:08:55.805 DBG] [T:82] [Game] Bind peer: uid=1000001, peerId=1
[14:09:35.799 INF] [T:7] [PerfMonitor] Time:2026-03-21 05:09:34.799Z CPU=0.0% WS=81.62MB Managed=202.92MB Threads=65
[14:10:35.800 INF] [T:7] [PerfMonitor] Time:2026-03-21 05:10:34.799Z CPU=0.0% WS=85.12MB Managed=197.96MB Threads=63
[14:11:35.800 INF] [T:7] [PerfMonitor] Time:2026-03-21 05:11:34.800Z CPU=0.0% WS=85.22MB Managed=199.58MB Threads=64
[14:12:35.801 INF] [T:7] [PerfMonitor] Time:2026-03-21 05:12:34.800Z CPU=0.0% WS=85.23MB Managed=201.22MB Threads=64
[14:13:35.800 INF] [T:7] [PerfMonitor] Time:2026-03-21 05:13:34.800Z CPU=0.0% WS=85.28MB Managed=202.87MB Threads=63
[14:14:35.802 INF] [T:7] [PerfMonitor] Time:2026-03-21 05:14:34.801Z CPU=0.0% WS=88.62MB Managed=196.15MB Threads=65
[14:15:35.802 INF] [T:7] [PerfMonitor] Time:2026-03-21 05:15:34.801Z CPU=0.0% WS=88.61MB Managed=197.79MB Threads=65
[14:16:35.802 INF] [T:7] [PerfMonitor] Time:2026-03-21 05:16:34.801Z CPU=0.0% WS=88.58MB Managed=199.43MB Threads=63
[14:17:35.802 INF] [T:7] [PerfMonitor] Time:2026-03-21 05:17:34.803Z CPU=0.0% WS=88.58MB Managed=201.01MB Threads=63
[14:18:35.804 INF] [T:7] [PerfMonitor] Time:2026-03-21 05:18:34.802Z CPU=0.0% WS=88.61MB Managed=202.67MB Threads=65
[14:35:14.202 INF] [T:7] [PerfMonitor] Time:2026-03-21 05:35:13.204Z CPU=0.0% WS=88.27MB Managed=196.45MB Threads=64
[14:52:28.877 INF] [T:7] [PerfMonitor] Time:2026-03-21 05:52:27.878Z CPU=0.0% WS=66.52MB Managed=198.08MB Threads=63
[15:08:34.260 INF] [T:7] [PerfMonitor] Time:2026-03-21 06:08:33.258Z CPU=0.0% WS=64.69MB Managed=199.69MB Threads=64
[15:25:20.211 INF] [T:7] [PerfMonitor] Time:2026-03-21 06:25:19.213Z CPU=0.0% WS=64.58MB Managed=201.32MB Threads=64
[15:41:30.385 INF] [T:7] [PerfMonitor] Time:2026-03-21 06:41:29.385Z CPU=0.0% WS=64.58MB Managed=202.93MB Threads=63
[15:58:00.277 INF] [T:7] [PerfMonitor] Time:2026-03-21 06:57:59.278Z CPU=0.0% WS=64.62MB Managed=196.73MB Threads=63
[16:14:56.552 INF] [T:7] [PerfMonitor] Time:2026-03-21 07:14:55.552Z CPU=0.0% WS=64.64MB Managed=198.40MB Threads=63
[16:33:13.964 INF] [T:7] [PerfMonitor] Time:2026-03-21 07:33:12.963Z CPU=0.0% WS=64.77MB Managed=200.02MB Threads=64
[17:07:20.384 INF] [T:7] [PerfMonitor] Time:2026-03-21 07:50:12.124Z CPU=0.0% WS=64.62MB Managed=201.63MB Threads=63
[17:15:25.651 INF] [T:7] [PerfMonitor] Time:2026-03-21 08:15:24.650Z CPU=0.0% WS=67.80MB Managed=203.27MB Threads=64
[17:32:11.810 INF] [T:7] [PerfMonitor] Time:2026-03-21 08:32:10.816Z CPU=0.0% WS=67.88MB Managed=197.06MB Threads=65
[17:45:51.490 INF] [T:7] [PerfMonitor] Time:2026-03-21 08:45:50.489Z CPU=0.0% WS=29.16MB Managed=198.73MB Threads=66
[17:46:51.490 INF] [T:7] [PerfMonitor] Time:2026-03-21 08:46:50.489Z CPU=0.1% WS=33.00MB Managed=200.36MB Threads=63
[17:47:51.491 INF] [T:7] [PerfMonitor] Time:2026-03-21 08:47:50.490Z CPU=0.1% WS=37.89MB Managed=202.03MB Threads=64
[17:48:51.490 INF] [T:7] [PerfMonitor] Time:2026-03-21 08:48:51.489Z CPU=0.1% WS=39.55MB Managed=203.69MB Threads=63
[17:49:51.491 INF] [T:7] [PerfMonitor] Time:2026-03-21 08:49:50.491Z CPU=0.1% WS=43.83MB Managed=197.44MB Threads=63
[17:50:51.491 INF] [T:7] [PerfMonitor] Time:2026-03-21 08:50:50.492Z CPU=0.1% WS=44.03MB Managed=199.05MB Threads=63
[17:51:51.493 INF] [T:7] [PerfMonitor] Time:2026-03-21 08:51:50.492Z CPU=0.1% WS=44.80MB Managed=200.67MB Threads=63
[17:52:51.492 INF] [T:7] [PerfMonitor] Time:2026-03-21 08:52:50.492Z CPU=0.1% WS=44.81MB Managed=202.28MB Threads=64
[17:53:51.493 INF] [T:7] [PerfMonitor] Time:2026-03-21 08:53:50.494Z CPU=0.1% WS=45.64MB Managed=196.02MB Threads=64
[17:54:51.494 INF] [T:7] [PerfMonitor] Time:2026-03-21 08:54:50.492Z CPU=0.0% WS=45.64MB Managed=197.65MB Threads=64
[17:55:51.494 INF] [T:7] [PerfMonitor] Time:2026-03-21 08:55:50.493Z CPU=0.1% WS=46.42MB Managed=199.30MB Threads=63
[17:56:51.494 INF] [T:7] [PerfMonitor] Time:2026-03-21 08:56:50.495Z CPU=0.1% WS=46.44MB Managed=200.94MB Threads=63
[17:57:51.494 INF] [T:7] [PerfMonitor] Time:2026-03-21 08:57:50.493Z CPU=0.1% WS=49.00MB Managed=202.57MB Threads=63
[17:58:51.495 INF] [T:7] [PerfMonitor] Time:2026-03-21 08:58:50.496Z CPU=0.0% WS=49.05MB Managed=196.34MB Threads=64
[17:59:51.495 INF] [T:7] [PerfMonitor] Time:2026-03-21 08:59:50.496Z CPU=0.1% WS=49.05MB Managed=197.96MB Threads=64
[18:00:51.495 INF] [T:7] [PerfMonitor] Time:2026-03-21 09:00:50.495Z CPU=0.1% WS=49.03MB Managed=199.59MB Threads=63
[18:01:51.496 INF] [T:7] [PerfMonitor] Time:2026-03-21 09:01:50.496Z CPU=0.0% WS=48.97MB Managed=201.21MB Threads=63
[18:02:51.496 INF] [T:7] [PerfMonitor] Time:2026-03-21 09:02:50.496Z CPU=0.1% WS=48.98MB Managed=202.84MB Threads=63
[18:03:51.497 INF] [T:7] [PerfMonitor] Time:2026-03-21 09:03:50.496Z CPU=0.1% WS=49.09MB Managed=196.66MB Threads=64
[18:04:51.497 INF] [T:7] [PerfMonitor] Time:2026-03-21 09:04:50.496Z CPU=0.1% WS=49.11MB Managed=198.27MB Threads=64
[18:05:51.498 INF] [T:7] [PerfMonitor] Time:2026-03-21 09:05:50.497Z CPU=0.1% WS=49.08MB Managed=199.89MB Threads=64
[18:06:51.498 INF] [T:7] [PerfMonitor] Time:2026-03-21 09:06:51.498Z CPU=0.1% WS=49.12MB Managed=201.55MB Threads=65
[18:07:51.497 INF] [T:7] [PerfMonitor] Time:2026-03-21 09:07:50.498Z CPU=0.1% WS=49.09MB Managed=203.18MB Threads=63
[18:08:51.498 INF] [T:7] [PerfMonitor] Time:2026-03-21 09:08:50.499Z CPU=0.1% WS=49.12MB Managed=197.06MB Threads=64
[18:09:51.498 INF] [T:7] [PerfMonitor] Time:2026-03-21 09:09:51.498Z CPU=0.1% WS=49.11MB Managed=198.70MB Threads=63
[18:10:51.500 INF] [T:7] [PerfMonitor] Time:2026-03-21 09:10:50.499Z CPU=0.1% WS=49.17MB Managed=200.30MB Threads=64
[18:11:51.499 INF] [T:7] [PerfMonitor] Time:2026-03-21 09:11:50.499Z CPU=0.1% WS=49.58MB Managed=201.91MB Threads=64
[18:12:51.500 INF] [T:7] [PerfMonitor] Time:2026-03-21 09:12:51.500Z CPU=0.1% WS=49.56MB Managed=203.57MB Threads=64
[18:13:51.500 INF] [T:7] [PerfMonitor] Time:2026-03-21 09:13:50.499Z CPU=0.1% WS=50.39MB Managed=197.37MB Threads=63
[18:14:51.500 INF] [T:7] [PerfMonitor] Time:2026-03-21 09:14:50.500Z CPU=0.0% WS=50.44MB Managed=199.03MB Threads=65
[18:15:51.501 INF] [T:7] [PerfMonitor] Time:2026-03-21 09:15:50.501Z CPU=0.0% WS=50.47MB Managed=200.72MB Threads=63
[18:16:51.501 INF] [T:7] [PerfMonitor] Time:2026-03-21 09:16:50.500Z CPU=0.0% WS=50.48MB Managed=202.32MB Threads=63
[18:17:51.501 INF] [T:7] [PerfMonitor] Time:2026-03-21 09:17:50.502Z CPU=0.0% WS=50.50MB Managed=203.95MB Threads=63
[18:18:51.502 INF] [T:7] [PerfMonitor] Time:2026-03-21 09:18:50.502Z CPU=0.0% WS=50.56MB Managed=197.74MB Threads=63
[18:19:51.502 INF] [T:7] [PerfMonitor] Time:2026-03-21 09:19:50.503Z CPU=0.1% WS=50.58MB Managed=199.37MB Threads=64
[18:20:51.504 INF] [T:7] [PerfMonitor] Time:2026-03-21 09:20:50.504Z CPU=0.0% WS=50.59MB Managed=201.00MB Threads=65
[18:21:51.504 INF] [T:7] [PerfMonitor] Time:2026-03-21 09:21:51.504Z CPU=0.0% WS=50.58MB Managed=202.64MB Threads=63
[18:22:51.499 INF] [T:7] [PerfMonitor] Time:2026-03-21 09:22:50.500Z CPU=0.0% WS=50.61MB Managed=196.44MB Threads=64
[18:23:51.499 INF] [T:7] [PerfMonitor] Time:2026-03-21 09:23:50.499Z CPU=0.0% WS=50.62MB Managed=198.08MB Threads=65
[18:24:51.500 INF] [T:7] [PerfMonitor] Time:2026-03-21 09:24:50.500Z CPU=0.0% WS=50.61MB Managed=199.71MB Threads=64
[18:25:51.499 INF] [T:7] [PerfMonitor] Time:2026-03-21 09:25:50.500Z CPU=0.1% WS=51.75MB Managed=201.34MB Threads=63
[18:26:51.500 INF] [T:7] [PerfMonitor] Time:2026-03-21 09:26:50.500Z CPU=0.1% WS=51.75MB Managed=202.96MB Threads=63
[18:27:51.500 INF] [T:7] [PerfMonitor] Time:2026-03-21 09:27:50.501Z CPU=0.0% WS=51.88MB Managed=196.37MB Threads=63
[18:28:51.500 INF] [T:7] [PerfMonitor] Time:2026-03-21 09:28:50.501Z CPU=0.0% WS=51.89MB Managed=198.01MB Threads=64
[18:29:51.501 INF] [T:7] [PerfMonitor] Time:2026-03-21 09:29:51.501Z CPU=0.1% WS=51.89MB Managed=199.67MB Threads=64
[18:30:51.502 INF] [T:7] [PerfMonitor] Time:2026-03-21 09:30:50.502Z CPU=0.0% WS=51.86MB Managed=201.23MB Threads=63
[18:31:51.501 INF] [T:7] [PerfMonitor] Time:2026-03-21 09:31:50.502Z CPU=0.1% WS=51.86MB Managed=202.89MB Threads=63
[18:32:51.503 INF] [T:7] [PerfMonitor] Time:2026-03-21 09:32:51.502Z CPU=0.1% WS=51.95MB Managed=196.71MB Threads=64
[18:33:51.501 INF] [T:7] [PerfMonitor] Time:2026-03-21 09:33:50.502Z CPU=0.1% WS=51.94MB Managed=198.31MB Threads=63
[18:34:51.502 INF] [T:7] [PerfMonitor] Time:2026-03-21 09:34:50.503Z CPU=0.1% WS=51.94MB Managed=199.91MB Threads=63
[18:35:51.503 INF] [T:7] [PerfMonitor] Time:2026-03-21 09:35:50.502Z CPU=0.1% WS=52.03MB Managed=201.54MB Threads=65
[18:36:51.503 INF] [T:7] [PerfMonitor] Time:2026-03-21 09:36:50.503Z CPU=0.1% WS=52.00MB Managed=203.15MB Threads=63
[18:37:51.503 INF] [T:7] [PerfMonitor] Time:2026-03-21 09:37:50.503Z CPU=0.0% WS=52.00MB Managed=196.96MB Threads=63
[18:38:51.503 INF] [T:7] [PerfMonitor] Time:2026-03-21 09:38:50.503Z CPU=0.0% WS=52.03MB Managed=198.62MB Threads=65
[18:39:51.504 INF] [T:7] [PerfMonitor] Time:2026-03-21 09:39:50.504Z CPU=0.0% WS=52.02MB Managed=200.26MB Threads=64
[18:40:51.504 INF] [T:7] [PerfMonitor] Time:2026-03-21 09:40:50.506Z CPU=0.0% WS=52.00MB Managed=201.91MB Threads=64
[18:41:51.503 INF] [T:7] [PerfMonitor] Time:2026-03-21 09:41:50.504Z CPU=0.0% WS=52.02MB Managed=203.56MB Threads=65
[18:57:55.487 INF] [T:7] [PerfMonitor] Time:2026-03-21 09:57:54.486Z CPU=0.1% WS=50.22MB Managed=197.38MB Threads=63
[19:15:43.591 INF] [T:7] [PerfMonitor] Time:2026-03-21 10:15:42.597Z CPU=0.0% WS=50.05MB Managed=199.00MB Threads=64
[19:31:57.478 INF] [T:7] [PerfMonitor] Time:2026-03-21 10:31:56.477Z CPU=0.1% WS=50.27MB Managed=200.62MB Threads=64
[19:49:02.823 INF] [T:7] [PerfMonitor] Time:2026-03-21 10:49:01.822Z CPU=0.1% WS=51.16MB Managed=202.24MB Threads=63
[20:07:09.663 INF] [T:7] [PerfMonitor] Time:2026-03-21 11:07:08.662Z CPU=0.1% WS=51.19MB Managed=196.03MB Threads=63
[20:23:47.920 INF] [T:7] [PerfMonitor] Time:2026-03-21 11:23:47.920Z CPU=0.0% WS=51.73MB Managed=197.68MB Threads=65
[20:38:53.038 INF] [T:7] [PerfMonitor] Time:2026-03-21 11:38:52.038Z CPU=0.1% WS=51.69MB Managed=199.29MB Threads=63
[20:55:21.398 INF] [T:7] [PerfMonitor] Time:2026-03-21 11:55:20.399Z CPU=0.1% WS=48.78MB Managed=200.91MB Threads=64
[20:56:21.398 INF] [T:7] [PerfMonitor] Time:2026-03-21 11:56:20.398Z CPU=0.1% WS=48.31MB Managed=202.53MB Threads=63
[20:57:21.398 INF] [T:7] [PerfMonitor] Time:2026-03-21 11:57:20.399Z CPU=0.1% WS=48.38MB Managed=196.29MB Threads=63
[20:58:21.398 INF] [T:7] [PerfMonitor] Time:2026-03-21 11:58:20.399Z CPU=0.1% WS=48.36MB Managed=197.90MB Threads=63
[20:59:21.399 INF] [T:7] [PerfMonitor] Time:2026-03-21 11:59:20.399Z CPU=0.1% WS=49.36MB Managed=199.52MB Threads=64
[21:00:21.399 INF] [T:7] [PerfMonitor] Time:2026-03-21 12:00:21.399Z CPU=0.1% WS=49.34MB Managed=201.16MB Threads=64
[21:16:55.833 INF] [T:7] [PerfMonitor] Time:2026-03-21 12:16:54.834Z CPU=0.0% WS=49.45MB Managed=202.77MB Threads=63
[21:35:03.878 INF] [T:7] [PerfMonitor] Time:2026-03-21 12:35:02.877Z CPU=0.1% WS=50.95MB Managed=196.52MB Threads=65
[21:51:33.242 INF] [T:7] [PerfMonitor] Time:2026-03-21 12:51:32.241Z CPU=0.1% WS=50.95MB Managed=198.16MB Threads=63
[22:09:08.613 INF] [T:7] [PerfMonitor] Time:2026-03-21 13:09:07.614Z CPU=0.1% WS=50.97MB Managed=199.76MB Threads=64
[22:10:08.613 INF] [T:7] [PerfMonitor] Time:2026-03-21 13:10:07.614Z CPU=0.1% WS=51.02MB Managed=201.39MB Threads=63
[22:31:58.727 INF] [T:7] [PerfMonitor] Time:2026-03-21 13:31:57.727Z CPU=0.1% WS=51.02MB Managed=202.99MB Threads=63
[22:48:58.869 INF] [T:7] [PerfMonitor] Time:2026-03-21 13:48:57.873Z CPU=0.0% WS=50.25MB Managed=196.80MB Threads=63
[22:49:58.869 INF] [T:7] [PerfMonitor] Time:2026-03-21 13:49:57.870Z CPU=0.1% WS=49.44MB Managed=198.41MB Threads=63
[23:24:31.104 INF] [T:7] [PerfMonitor] Time:2026-03-21 14:24:31.104Z CPU=0.1% WS=49.91MB Managed=200.06MB Threads=64
[23:41:53.059 INF] [T:7] [PerfMonitor] Time:2026-03-21 14:41:52.059Z CPU=0.0% WS=49.94MB Managed=201.68MB Threads=64
[23:57:51.439 INF] [T:7] [PerfMonitor] Time:2026-03-21 14:57:50.441Z CPU=0.1% WS=49.94MB Managed=203.31MB Threads=64
