[17:42:26.979 INF] [T:1] [Game] Logger setup was successful: Game
[17:42:27.122 DBG] [T:1] [Game] [Engine] Discovered '12' commands: [19998, 10007, 10006, 10000, 10008, 10010, 10009, 10001, 10004, 10005, 10003, 10002]
[17:42:27.124 INF] [T:1] [Game] The server Game is initialized.
[17:42:27.129 INF] [T:7] [PerfMonitor] Time:2026-04-11 08:42:27.126Z CPU=0.4% WS=61.58MB Managed=796.59KB Threads=17
[17:42:27.830 INF] [T:1] [Game] Listener (0.0.0.0:10001:"Tcp") was started.
[17:42:27.832 INF] [T:1] [Game] Listener (0.0.0.0:10002:"Udp") was started.
[17:42:27.833 INF] [T:1] [Game] The server instance Game was been started!
[17:42:27.834 INF] [T:1] [Game] Group=Dev, Name=Game, Env="Local", Region=Local, Public=121.135.249.98, Private=192.168.0.191, DnsName=
[17:46:45.965 INF] [T:1] [Game] Logger setup was successful: Game
[17:46:46.112 DBG] [T:1] [Game] [Engine] Discovered '13' commands: [19998, 10007, 10006, 10000, 10008, 10010, 10009, 10001, 10004, 10005, 10003, 10002, 19999]
[17:46:46.115 INF] [T:1] [Game] The server Game is initialized.
[17:46:46.121 INF] [T:7] [PerfMonitor] Time:2026-04-11 08:46:46.118Z CPU=0.4% WS=62.05MB Managed=872.60KB Threads=17
[17:46:46.785 INF] [T:1] [Game] Listener (0.0.0.0:10001:"Tcp") was started.
[17:46:46.786 INF] [T:1] [Game] Listener (0.0.0.0:10002:"Udp") was started.
[17:46:46.787 INF] [T:1] [Game] The server instance Game was been started!
[17:46:46.788 INF] [T:1] [Game] Group=Dev, Name=Game, Env="Local", Region=Local, Public=121.135.249.98, Private=192.168.0.191, DnsName=
[17:47:46.117 INF] [T:7] [PerfMonitor] Time:2026-04-11 08:47:46.116Z CPU=0.0% WS=38.83MB Managed=194.57MB Threads=66
[17:48:46.116 INF] [T:7] [PerfMonitor] Time:2026-04-11 08:48:45.117Z CPU=0.0% WS=55.41MB Managed=200.74MB Threads=62
[17:49:46.118 INF] [T:7] [PerfMonitor] Time:2026-04-11 08:49:45.117Z CPU=0.0% WS=38.59MB Managed=202.15MB Threads=64
[17:50:48.157 INF] [T:7] [PerfMonitor] Time:2026-04-11 08:50:47.156Z CPU=0.0% WS=38.36MB Managed=203.54MB Threads=63
[17:51:48.158 INF] [T:7] [PerfMonitor] Time:2026-04-11 08:51:47.156Z CPU=0.0% WS=38.30MB Managed=204.95MB Threads=64
[17:52:48.157 INF] [T:7] [PerfMonitor] Time:2026-04-11 08:52:47.156Z CPU=0.0% WS=36.97MB Managed=206.38MB Threads=65
[17:53:48.157 INF] [T:7] [PerfMonitor] Time:2026-04-11 08:53:47.157Z CPU=0.0% WS=57.92MB Managed=196.98MB Threads=62
[17:54:48.158 INF] [T:7] [PerfMonitor] Time:2026-04-11 08:54:47.157Z CPU=0.0% WS=35.58MB Managed=198.39MB Threads=62
[17:55:16.442 DBG] [T:70] [Game] A new session connected. sessionId=7560577892044767232, remoteEndPoint=192.168.0.125:58022
[17:55:16.520 DBG] [T:67] [Game] Session authentication succeeded. sessionId=7560577892044767232, peerId=1
[17:55:16.584 INF] [T:3] [Game] Session 7560577892044767232 UDP Socket Created: 192.168.0.125:49844
[17:55:16.587 DBG] [T:3] [Game] UDP hello OK - pid=1, sid=7560577892044767232, mtu=1200
[17:55:48.158 INF] [T:7] [PerfMonitor] Time:2026-04-11 08:55:47.158Z CPU=0.1% WS=71.89MB Managed=200.16MB Threads=66
[17:56:14.714 DBG] [T:65] [Game] Received a termination request from the client. isClosing=false
[17:56:14.720 DBG] [T:65] [Game] The session 0 has been closed. reason="ClientClosing"
[17:56:14.723 DBG] [T:65] [Game] Peer leaved. uid=0, reason="ClientClosing"
[17:56:21.692 DBG] [T:56] [Game] A new session connected. sessionId=5388620012858638336, remoteEndPoint=192.168.0.125:58032
[17:56:21.760 DBG] [T:3] [Game] Session authentication succeeded. sessionId=5388620012858638336, peerId=1
[17:56:21.807 INF] [T:57] [Game] Session 5388620012858638336 UDP Socket Created: 192.168.0.125:49727
[17:56:21.807 DBG] [T:57] [Game] UDP hello OK - pid=1, sid=5388620012858638336, mtu=1200
[17:56:48.158 INF] [T:7] [PerfMonitor] Time:2026-04-11 08:56:47.158Z CPU=0.1% WS=62.28MB Managed=205.29MB Threads=66
[17:57:48.158 INF] [T:7] [PerfMonitor] Time:2026-04-11 08:57:47.158Z CPU=0.2% WS=60.70MB Managed=204.59MB Threads=71
[17:58:27.612 DBG] [T:70] [Game] Received a termination request from the client. isClosing=false
[17:58:27.614 DBG] [T:70] [Game] The session 0 has been closed. reason="ClientClosing"
[17:58:27.614 DBG] [T:70] [Game] Peer leaved. uid=0, reason="ClientClosing"
[17:58:33.772 DBG] [T:59] [Game] A new session connected. sessionId=404793288894185472, remoteEndPoint=192.168.0.125:58038
[17:58:33.822 DBG] [T:59] [Game] Session authentication succeeded. sessionId=404793288894185472, peerId=1
[17:58:33.869 INF] [T:3] [Game] Session 404793288894185472 UDP Socket Created: 192.168.0.125:54069
[17:58:33.869 DBG] [T:3] [Game] UDP hello OK - pid=1, sid=404793288894185472, mtu=1200
[17:58:48.159 INF] [T:7] [PerfMonitor] Time:2026-04-11 08:58:47.159Z CPU=0.1% WS=61.84MB Managed=203.09MB Threads=67
[17:59:48.160 INF] [T:7] [PerfMonitor] Time:2026-04-11 08:59:47.165Z CPU=0.1% WS=63.72MB Managed=206.12MB Threads=69
[18:00:18.195 DBG] [T:58] [Game] Received a termination request from the client. isClosing=false
[18:00:18.195 DBG] [T:58] [Game] The session 0 has been closed. reason="ClientClosing"
[18:00:18.196 DBG] [T:58] [Game] Peer leaved. uid=0, reason="ClientClosing"
[18:00:18.197 DBG] [T:3] [Game] Not found session: 404793288894185472
[18:00:18.199 DBG] [T:3] [Game] Not found session: 404793288894185472
[18:00:18.204 DBG] [T:3] [Game] Not found session: 404793288894185472
[18:00:18.204 DBG] [T:3] [Game] Not found session: 404793288894185472
[18:00:18.206 DBG] [T:68] [Game] Not found session: 404793288894185472
[18:00:24.179 DBG] [T:44] [Game] A new session connected. sessionId=1226161653465219072, remoteEndPoint=192.168.0.125:58046
[18:00:24.261 DBG] [T:3] [Game] Session authentication succeeded. sessionId=1226161653465219072, peerId=1
[18:00:24.515 INF] [T:56] [Game] Session 1226161653465219072 UDP Socket Created: 192.168.0.125:57065
[18:00:24.515 DBG] [T:56] [Game] UDP hello OK - pid=1, sid=1226161653465219072, mtu=1200
[18:00:48.159 INF] [T:7] [PerfMonitor] Time:2026-04-11 09:00:47.159Z CPU=0.1% WS=64.38MB Managed=205.78MB Threads=64
[18:01:18.502 DBG] [T:3] [Game] Received a termination request from the client. isClosing=false
[18:01:18.504 DBG] [T:3] [Game] The session 0 has been closed. reason="ClientClosing"
[18:01:18.505 DBG] [T:3] [Game] Peer leaved. uid=0, reason="ClientClosing"
[18:01:24.766 DBG] [T:56] [Game] A new session connected. sessionId=1214485548647841792, remoteEndPoint=192.168.0.125:58052
[18:01:24.836 DBG] [T:68] [Game] Session authentication succeeded. sessionId=1214485548647841792, peerId=1
[18:01:25.089 INF] [T:56] [Game] Session 1214485548647841792 UDP Socket Created: 192.168.0.125:56584
[18:01:25.089 DBG] [T:56] [Game] UDP hello OK - pid=1, sid=1214485548647841792, mtu=1200
[18:01:48.160 INF] [T:7] [PerfMonitor] Time:2026-04-11 09:01:47.159Z CPU=0.1% WS=64.23MB Managed=206.29MB Threads=64
[18:02:23.998 DBG] [T:58] [Game] Received a termination request from the client. isClosing=false
[18:02:23.998 DBG] [T:58] [Game] The session 0 has been closed. reason="ClientClosing"
[18:02:23.998 DBG] [T:58] [Game] Peer leaved. uid=0, reason="ClientClosing"
[18:02:48.162 INF] [T:7] [PerfMonitor] Time:2026-04-11 09:02:47.160Z CPU=0.0% WS=31.56MB Managed=205.11MB Threads=63
[18:03:48.162 INF] [T:7] [PerfMonitor] Time:2026-04-11 09:03:47.161Z CPU=0.0% WS=34.16MB Managed=206.56MB Threads=63
[18:04:48.161 INF] [T:7] [PerfMonitor] Time:2026-04-11 09:04:47.161Z CPU=0.0% WS=45.17MB Managed=200.24MB Threads=62
[18:05:48.161 INF] [T:7] [PerfMonitor] Time:2026-04-11 09:05:47.162Z CPU=0.0% WS=47.44MB Managed=201.62MB Threads=63
[18:06:48.112 INF] [T:7] [PerfMonitor] Time:2026-04-11 09:06:47.111Z CPU=0.0% WS=47.92MB Managed=203.01MB Threads=62
[18:07:48.107 INF] [T:7] [PerfMonitor] Time:2026-04-11 09:07:47.107Z CPU=0.0% WS=53.48MB Managed=204.41MB Threads=62
[18:08:48.105 INF] [T:7] [PerfMonitor] Time:2026-04-11 09:08:47.104Z CPU=0.0% WS=52.94MB Managed=205.79MB Threads=62
[18:09:48.103 INF] [T:7] [PerfMonitor] Time:2026-04-11 09:09:47.103Z CPU=0.0% WS=37.41MB Managed=207.22MB Threads=64
[18:10:48.101 INF] [T:7] [PerfMonitor] Time:2026-04-11 09:10:47.099Z CPU=0.0% WS=43.92MB Managed=201.19MB Threads=62
[18:11:48.098 INF] [T:7] [PerfMonitor] Time:2026-04-11 09:11:47.097Z CPU=0.0% WS=29.36MB Managed=202.59MB Threads=62
[18:12:48.094 INF] [T:7] [PerfMonitor] Time:2026-04-11 09:12:47.094Z CPU=0.0% WS=29.30MB Managed=203.97MB Threads=63
[18:13:48.091 INF] [T:7] [PerfMonitor] Time:2026-04-11 09:13:47.092Z CPU=0.0% WS=31.06MB Managed=205.36MB Threads=64
[18:30:27.253 INF] [T:7] [PerfMonitor] Time:2026-04-11 09:30:26.252Z CPU=0.0% WS=26.45MB Managed=206.75MB Threads=63
[18:31:27.249 INF] [T:7] [PerfMonitor] Time:2026-04-11 09:31:26.248Z CPU=0.0% WS=43.28MB Managed=200.74MB Threads=63
[18:32:27.245 INF] [T:7] [PerfMonitor] Time:2026-04-11 09:32:26.246Z CPU=0.0% WS=38.59MB Managed=202.15MB Threads=62
[18:33:27.244 INF] [T:7] [PerfMonitor] Time:2026-04-11 09:33:26.243Z CPU=0.0% WS=31.88MB Managed=203.55MB Threads=63
[18:34:27.240 INF] [T:7] [PerfMonitor] Time:2026-04-11 09:34:26.240Z CPU=0.0% WS=33.73MB Managed=204.94MB Threads=63
[18:51:02.510 INF] [T:7] [PerfMonitor] Time:2026-04-11 09:51:01.511Z CPU=0.0% WS=22.72MB Managed=206.33MB Threads=62
[18:52:02.507 INF] [T:7] [PerfMonitor] Time:2026-04-11 09:52:01.508Z CPU=0.0% WS=34.11MB Managed=200.31MB Threads=62
[18:53:02.505 INF] [T:7] [PerfMonitor] Time:2026-04-11 09:53:01.504Z CPU=0.0% WS=23.02MB Managed=201.69MB Threads=62
[18:54:02.502 INF] [T:7] [PerfMonitor] Time:2026-04-11 09:54:01.510Z CPU=0.0% WS=29.31MB Managed=203.09MB Threads=62
[19:11:09.646 INF] [T:7] [PerfMonitor] Time:2026-04-11 10:11:08.645Z CPU=0.0% WS=22.30MB Managed=204.48MB Threads=62
[19:12:09.698 INF] [T:7] [PerfMonitor] Time:2026-04-11 10:12:08.699Z CPU=0.0% WS=24.69MB Managed=205.85MB Threads=63
[19:13:09.699 INF] [T:7] [PerfMonitor] Time:2026-04-11 10:13:08.699Z CPU=0.0% WS=28.02MB Managed=207.24MB Threads=63
[19:14:09.698 INF] [T:7] [PerfMonitor] Time:2026-04-11 10:14:08.699Z CPU=0.0% WS=31.28MB Managed=201.26MB Threads=62
[19:15:09.699 INF] [T:7] [PerfMonitor] Time:2026-04-11 10:15:08.698Z CPU=0.0% WS=32.64MB Managed=202.68MB Threads=63
[19:16:09.699 INF] [T:7] [PerfMonitor] Time:2026-04-11 10:16:08.698Z CPU=0.0% WS=28.12MB Managed=204.06MB Threads=63
[19:32:21.840 INF] [T:7] [PerfMonitor] Time:2026-04-11 10:32:20.839Z CPU=0.0% WS=23.36MB Managed=205.45MB Threads=63
[19:33:21.841 INF] [T:7] [PerfMonitor] Time:2026-04-11 10:33:20.851Z CPU=0.0% WS=23.16MB Managed=206.84MB Threads=63
[19:34:21.841 INF] [T:7] [PerfMonitor] Time:2026-04-11 10:34:20.841Z CPU=0.0% WS=33.22MB Managed=200.75MB Threads=62
[19:35:21.841 INF] [T:7] [PerfMonitor] Time:2026-04-11 10:35:20.843Z CPU=0.0% WS=32.25MB Managed=202.18MB Threads=64
[19:52:26.985 INF] [T:7] [PerfMonitor] Time:2026-04-11 10:52:25.987Z CPU=0.0% WS=21.00MB Managed=203.56MB Threads=63
[19:53:26.985 INF] [T:7] [PerfMonitor] Time:2026-04-11 10:53:25.984Z CPU=0.0% WS=24.91MB Managed=204.96MB Threads=62
[19:54:26.985 INF] [T:7] [PerfMonitor] Time:2026-04-11 10:54:25.986Z CPU=0.0% WS=24.67MB Managed=206.36MB Threads=63
[19:55:26.986 INF] [T:7] [PerfMonitor] Time:2026-04-11 10:55:25.985Z CPU=0.0% WS=35.20MB Managed=200.35MB Threads=63
[19:56:26.987 INF] [T:7] [PerfMonitor] Time:2026-04-11 10:56:25.985Z CPU=0.0% WS=36.45MB Managed=201.74MB Threads=63
[19:57:26.985 INF] [T:7] [PerfMonitor] Time:2026-04-11 10:57:26.985Z CPU=0.0% WS=29.42MB Managed=203.16MB Threads=63
[19:58:26.988 INF] [T:7] [PerfMonitor] Time:2026-04-11 10:58:25.987Z CPU=0.0% WS=26.19MB Managed=204.55MB Threads=63
[19:59:26.987 INF] [T:7] [PerfMonitor] Time:2026-04-11 10:59:25.986Z CPU=0.0% WS=28.06MB Managed=205.93MB Threads=62
[20:00:26.988 INF] [T:7] [PerfMonitor] Time:2026-04-11 11:00:25.987Z CPU=0.0% WS=24.92MB Managed=207.32MB Threads=62
[20:01:26.993 INF] [T:7] [PerfMonitor] Time:2026-04-11 11:01:26.993Z CPU=0.0% WS=33.30MB Managed=201.29MB Threads=62
[20:02:26.990 INF] [T:7] [PerfMonitor] Time:2026-04-11 11:02:25.988Z CPU=0.0% WS=23.58MB Managed=202.65MB Threads=63
[20:03:26.990 INF] [T:7] [PerfMonitor] Time:2026-04-11 11:03:25.989Z CPU=0.0% WS=26.05MB Managed=204.05MB Threads=63
[20:04:26.991 INF] [T:7] [PerfMonitor] Time:2026-04-11 11:04:25.989Z CPU=0.0% WS=28.22MB Managed=205.46MB Threads=64
[20:05:26.991 INF] [T:7] [PerfMonitor] Time:2026-04-11 11:05:25.990Z CPU=0.0% WS=28.84MB Managed=206.87MB Threads=63
[20:06:26.989 INF] [T:7] [PerfMonitor] Time:2026-04-11 11:06:25.991Z CPU=0.0% WS=42.59MB Managed=200.82MB Threads=62
[20:07:26.991 INF] [T:7] [PerfMonitor] Time:2026-04-11 11:07:26.991Z CPU=0.0% WS=39.94MB Managed=202.25MB Threads=63
[20:08:26.991 INF] [T:7] [PerfMonitor] Time:2026-04-11 11:08:25.993Z CPU=0.0% WS=26.64MB Managed=203.61MB Threads=63
[20:09:26.992 INF] [T:7] [PerfMonitor] Time:2026-04-11 11:09:25.990Z CPU=0.0% WS=27.53MB Managed=205.02MB Threads=62
[20:10:26.991 INF] [T:7] [PerfMonitor] Time:2026-04-11 11:10:25.993Z CPU=0.0% WS=26.19MB Managed=206.42MB Threads=63
[20:11:26.993 INF] [T:7] [PerfMonitor] Time:2026-04-11 11:11:25.994Z CPU=0.0% WS=34.80MB Managed=200.36MB Threads=62
[20:12:26.995 INF] [T:7] [PerfMonitor] Time:2026-04-11 11:12:25.995Z CPU=0.0% WS=33.27MB Managed=201.81MB Threads=62
[20:13:26.994 INF] [T:7] [PerfMonitor] Time:2026-04-11 11:13:25.994Z CPU=0.0% WS=27.45MB Managed=203.22MB Threads=63
[20:14:26.993 INF] [T:7] [PerfMonitor] Time:2026-04-11 11:14:25.992Z CPU=0.0% WS=30.80MB Managed=204.60MB Threads=63
[20:15:26.994 INF] [T:7] [PerfMonitor] Time:2026-04-11 11:15:25.994Z CPU=0.0% WS=30.95MB Managed=206.00MB Threads=63
[20:16:26.993 INF] [T:7] [PerfMonitor] Time:2026-04-11 11:16:25.994Z CPU=0.0% WS=29.12MB Managed=207.37MB Threads=62
[20:17:26.994 INF] [T:7] [PerfMonitor] Time:2026-04-11 11:17:25.995Z CPU=0.0% WS=35.75MB Managed=201.35MB Threads=62
[20:18:26.994 INF] [T:7] [PerfMonitor] Time:2026-04-11 11:18:26.994Z CPU=0.0% WS=26.62MB Managed=202.81MB Threads=63
[20:19:26.998 INF] [T:7] [PerfMonitor] Time:2026-04-11 11:19:26.003Z CPU=0.0% WS=26.22MB Managed=204.20MB Threads=63
[20:20:26.995 INF] [T:7] [PerfMonitor] Time:2026-04-11 11:20:25.996Z CPU=0.0% WS=28.14MB Managed=205.60MB Threads=63
[20:21:26.997 INF] [T:7] [PerfMonitor] Time:2026-04-11 11:21:25.996Z CPU=0.0% WS=26.33MB Managed=206.98MB Threads=62
[20:22:26.997 INF] [T:7] [PerfMonitor] Time:2026-04-11 11:22:25.997Z CPU=0.0% WS=44.03MB Managed=200.40MB Threads=64
[20:23:26.998 INF] [T:7] [PerfMonitor] Time:2026-04-11 11:23:25.996Z CPU=0.0% WS=24.53MB Managed=201.79MB Threads=63
[20:24:26.998 INF] [T:7] [PerfMonitor] Time:2026-04-11 11:24:25.997Z CPU=0.0% WS=27.80MB Managed=203.18MB Threads=62
[20:25:26.999 INF] [T:7] [PerfMonitor] Time:2026-04-11 11:25:25.997Z CPU=0.0% WS=29.36MB Managed=204.57MB Threads=62
[20:26:26.998 INF] [T:7] [PerfMonitor] Time:2026-04-11 11:26:25.998Z CPU=0.0% WS=28.14MB Managed=205.95MB Threads=62
[20:27:26.965 INF] [T:7] [PerfMonitor] Time:2026-04-11 11:27:25.964Z CPU=0.0% WS=35.55MB Managed=199.90MB Threads=63
[20:28:26.962 INF] [T:7] [PerfMonitor] Time:2026-04-11 11:28:25.961Z CPU=0.0% WS=35.58MB Managed=201.30MB Threads=63
[20:29:26.967 INF] [T:7] [PerfMonitor] Time:2026-04-11 11:29:25.962Z CPU=0.0% WS=25.45MB Managed=202.70MB Threads=64
[20:30:26.976 INF] [T:7] [PerfMonitor] Time:2026-04-11 11:30:25.963Z CPU=0.0% WS=28.20MB Managed=204.10MB Threads=63
[20:31:26.961 INF] [T:7] [PerfMonitor] Time:2026-04-11 11:31:25.961Z CPU=0.0% WS=26.39MB Managed=205.48MB Threads=64
[20:32:26.960 INF] [T:7] [PerfMonitor] Time:2026-04-11 11:32:25.960Z CPU=0.0% WS=28.19MB Managed=206.88MB Threads=63
[20:33:26.963 INF] [T:7] [PerfMonitor] Time:2026-04-11 11:33:25.969Z CPU=0.0% WS=32.25MB Managed=200.87MB Threads=63
[20:34:26.961 INF] [T:7] [PerfMonitor] Time:2026-04-11 11:34:25.961Z CPU=0.0% WS=25.16MB Managed=202.26MB Threads=62
[20:35:26.959 INF] [T:7] [PerfMonitor] Time:2026-04-11 11:35:25.959Z CPU=0.0% WS=26.61MB Managed=203.67MB Threads=62
[20:36:26.958 INF] [T:7] [PerfMonitor] Time:2026-04-11 11:36:25.959Z CPU=0.0% WS=28.56MB Managed=205.04MB Threads=63
[20:37:26.959 INF] [T:7] [PerfMonitor] Time:2026-04-11 11:37:25.960Z CPU=0.0% WS=26.58MB Managed=206.44MB Threads=63
[20:38:26.957 INF] [T:7] [PerfMonitor] Time:2026-04-11 11:38:25.958Z CPU=0.0% WS=32.53MB Managed=200.41MB Threads=62
[20:39:26.959 INF] [T:7] [PerfMonitor] Time:2026-04-11 11:39:25.957Z CPU=0.0% WS=25.36MB Managed=201.84MB Threads=64
[20:40:26.957 INF] [T:7] [PerfMonitor] Time:2026-04-11 11:40:25.958Z CPU=0.0% WS=27.48MB Managed=203.24MB Threads=63
[20:41:26.957 INF] [T:7] [PerfMonitor] Time:2026-04-11 11:41:25.975Z CPU=0.0% WS=26.06MB Managed=204.67MB Threads=65
[20:42:26.956 INF] [T:7] [PerfMonitor] Time:2026-04-11 11:42:25.957Z CPU=0.0% WS=28.58MB Managed=206.08MB Threads=62
[20:43:26.957 INF] [T:7] [PerfMonitor] Time:2026-04-11 11:43:25.956Z CPU=0.0% WS=32.84MB Managed=199.99MB Threads=62
[20:44:26.957 INF] [T:7] [PerfMonitor] Time:2026-04-11 11:44:25.973Z CPU=0.0% WS=30.78MB Managed=201.39MB Threads=63
[20:45:26.955 INF] [T:7] [PerfMonitor] Time:2026-04-11 11:45:25.956Z CPU=0.0% WS=25.55MB Managed=202.78MB Threads=62
[20:46:26.956 INF] [T:7] [PerfMonitor] Time:2026-04-11 11:46:25.955Z CPU=0.0% WS=27.50MB Managed=204.16MB Threads=62
[20:47:26.955 INF] [T:7] [PerfMonitor] Time:2026-04-11 11:47:25.955Z CPU=0.0% WS=26.17MB Managed=205.56MB Threads=63
[20:48:26.954 INF] [T:7] [PerfMonitor] Time:2026-04-11 11:48:26.954Z CPU=0.0% WS=26.08MB Managed=206.98MB Threads=62
[20:49:26.954 INF] [T:7] [PerfMonitor] Time:2026-04-11 11:49:25.955Z CPU=0.0% WS=30.95MB Managed=200.91MB Threads=62
[20:50:26.955 INF] [T:7] [PerfMonitor] Time:2026-04-11 11:50:25.954Z CPU=0.0% WS=24.34MB Managed=202.30MB Threads=63
[20:51:26.954 INF] [T:7] [PerfMonitor] Time:2026-04-11 11:51:25.954Z CPU=0.0% WS=24.62MB Managed=203.70MB Threads=62
[21:08:12.944 INF] [T:7] [PerfMonitor] Time:2026-04-11 12:08:11.926Z CPU=0.0% WS=24.89MB Managed=205.06MB Threads=62
[21:09:12.967 INF] [T:7] [PerfMonitor] Time:2026-04-11 12:09:11.968Z CPU=0.0% WS=25.34MB Managed=206.49MB Threads=62
[21:10:12.968 INF] [T:7] [PerfMonitor] Time:2026-04-11 12:10:11.968Z CPU=0.0% WS=32.62MB Managed=200.43MB Threads=62
[21:11:12.969 INF] [T:7] [PerfMonitor] Time:2026-04-11 12:11:11.970Z CPU=0.0% WS=29.19MB Managed=201.81MB Threads=62
[21:12:12.970 INF] [T:7] [PerfMonitor] Time:2026-04-11 12:12:11.971Z CPU=0.0% WS=25.84MB Managed=203.21MB Threads=63
[21:13:12.970 INF] [T:7] [PerfMonitor] Time:2026-04-11 12:13:11.972Z CPU=0.0% WS=25.38MB Managed=204.60MB Threads=63
[21:14:12.972 INF] [T:7] [PerfMonitor] Time:2026-04-11 12:14:12.972Z CPU=0.0% WS=25.19MB Managed=206.01MB Threads=63
[21:31:03.135 INF] [T:7] [PerfMonitor] Time:2026-04-11 12:31:02.136Z CPU=0.0% WS=19.45MB Managed=199.94MB Threads=63
[21:32:03.133 INF] [T:7] [PerfMonitor] Time:2026-04-11 12:32:02.132Z CPU=0.0% WS=17.30MB Managed=201.37MB Threads=64
[21:33:03.131 INF] [T:7] [PerfMonitor] Time:2026-04-11 12:33:02.131Z CPU=0.0% WS=15.69MB Managed=202.76MB Threads=62
[21:34:03.133 INF] [T:7] [PerfMonitor] Time:2026-04-11 12:34:02.132Z CPU=0.0% WS=19.75MB Managed=204.15MB Threads=63
[21:35:03.153 INF] [T:7] [PerfMonitor] Time:2026-04-11 12:35:02.143Z CPU=0.0% WS=21.16MB Managed=205.55MB Threads=62
[21:51:02.371 INF] [T:7] [PerfMonitor] Time:2026-04-11 12:51:01.371Z CPU=0.0% WS=20.12MB Managed=206.95MB Threads=63
[21:52:02.372 INF] [T:7] [PerfMonitor] Time:2026-04-11 12:52:01.372Z CPU=0.0% WS=25.55MB Managed=200.97MB Threads=64
[21:53:02.373 INF] [T:7] [PerfMonitor] Time:2026-04-11 12:53:01.373Z CPU=0.0% WS=21.20MB Managed=202.38MB Threads=63
[21:54:02.372 INF] [T:7] [PerfMonitor] Time:2026-04-11 12:54:01.372Z CPU=0.0% WS=22.86MB Managed=203.78MB Threads=62
[21:55:02.373 INF] [T:7] [PerfMonitor] Time:2026-04-11 12:55:01.373Z CPU=0.0% WS=29.52MB Managed=205.19MB Threads=63
[22:12:06.600 INF] [T:7] [PerfMonitor] Time:2026-04-11 13:12:06.599Z CPU=0.0% WS=21.95MB Managed=206.63MB Threads=65
[22:13:06.598 INF] [T:7] [PerfMonitor] Time:2026-04-11 13:13:05.599Z CPU=0.0% WS=30.72MB Managed=200.56MB Threads=62
[22:14:06.598 INF] [T:7] [PerfMonitor] Time:2026-04-11 13:14:05.598Z CPU=0.0% WS=29.70MB Managed=201.95MB Threads=62
[22:15:06.599 INF] [T:7] [PerfMonitor] Time:2026-04-11 13:15:05.598Z CPU=0.0% WS=23.00MB Managed=203.34MB Threads=63
[22:16:06.607 INF] [T:7] [PerfMonitor] Time:2026-04-11 13:16:05.598Z CPU=0.0% WS=24.22MB Managed=204.73MB Threads=63
[22:32:08.793 INF] [T:7] [PerfMonitor] Time:2026-04-11 13:32:07.791Z CPU=0.0% WS=22.06MB Managed=206.12MB Threads=64
[22:33:08.791 INF] [T:7] [PerfMonitor] Time:2026-04-11 13:33:07.792Z CPU=0.0% WS=29.55MB Managed=200.12MB Threads=62
[22:34:08.792 INF] [T:7] [PerfMonitor] Time:2026-04-11 13:34:07.791Z CPU=0.0% WS=30.03MB Managed=201.52MB Threads=63
[22:35:08.793 INF] [T:7] [PerfMonitor] Time:2026-04-11 13:35:07.791Z CPU=0.0% WS=30.38MB Managed=202.92MB Threads=64
[22:36:08.791 INF] [T:7] [PerfMonitor] Time:2026-04-11 13:36:07.793Z CPU=0.0% WS=29.41MB Managed=204.32MB Threads=63
[22:37:08.804 INF] [T:7] [PerfMonitor] Time:2026-04-11 13:37:07.793Z CPU=0.0% WS=22.80MB Managed=205.71MB Threads=63
[22:38:08.793 INF] [T:7] [PerfMonitor] Time:2026-04-11 13:38:07.792Z CPU=0.0% WS=22.28MB Managed=207.11MB Threads=62
[22:39:08.793 INF] [T:7] [PerfMonitor] Time:2026-04-11 13:39:07.792Z CPU=0.0% WS=28.86MB Managed=201.16MB Threads=65
[22:40:08.793 INF] [T:7] [PerfMonitor] Time:2026-04-11 13:40:07.794Z CPU=0.0% WS=20.02MB Managed=202.55MB Threads=62
[22:41:08.795 INF] [T:7] [PerfMonitor] Time:2026-04-11 13:41:07.794Z CPU=0.0% WS=22.48MB Managed=203.95MB Threads=63
[22:42:08.794 INF] [T:7] [PerfMonitor] Time:2026-04-11 13:42:07.793Z CPU=0.0% WS=21.86MB Managed=205.34MB Threads=63
[22:43:08.794 INF] [T:7] [PerfMonitor] Time:2026-04-11 13:43:07.794Z CPU=0.0% WS=23.06MB Managed=206.70MB Threads=62
[22:44:08.795 INF] [T:7] [PerfMonitor] Time:2026-04-11 13:44:07.794Z CPU=0.0% WS=43.25MB Managed=200.26MB Threads=63
[22:45:08.795 INF] [T:7] [PerfMonitor] Time:2026-04-11 13:45:07.793Z CPU=0.0% WS=22.59MB Managed=201.66MB Threads=62
[22:46:08.794 INF] [T:7] [PerfMonitor] Time:2026-04-11 13:46:07.794Z CPU=0.0% WS=23.70MB Managed=203.05MB Threads=63
[22:47:08.794 INF] [T:7] [PerfMonitor] Time:2026-04-11 13:47:07.795Z CPU=0.0% WS=24.27MB Managed=204.45MB Threads=63
[22:48:08.795 INF] [T:7] [PerfMonitor] Time:2026-04-11 13:48:07.794Z CPU=0.0% WS=24.34MB Managed=205.83MB Threads=63
[22:49:08.795 INF] [T:7] [PerfMonitor] Time:2026-04-11 13:49:07.796Z CPU=0.0% WS=30.83MB Managed=199.82MB Threads=63
[22:50:08.795 INF] [T:7] [PerfMonitor] Time:2026-04-11 13:50:07.795Z CPU=0.0% WS=30.20MB Managed=201.20MB Threads=62
[22:51:08.795 INF] [T:7] [PerfMonitor] Time:2026-04-11 13:51:07.795Z CPU=0.0% WS=22.47MB Managed=202.58MB Threads=63
[22:52:08.795 INF] [T:7] [PerfMonitor] Time:2026-04-11 13:52:07.795Z CPU=0.0% WS=22.20MB Managed=204.00MB Threads=64
[22:53:08.796 INF] [T:7] [PerfMonitor] Time:2026-04-11 13:53:07.795Z CPU=0.0% WS=23.16MB Managed=205.38MB Threads=63
[22:54:08.795 INF] [T:7] [PerfMonitor] Time:2026-04-11 13:54:07.797Z CPU=0.0% WS=22.28MB Managed=206.75MB Threads=62
[22:55:08.796 INF] [T:7] [PerfMonitor] Time:2026-04-11 13:55:07.797Z CPU=0.0% WS=29.06MB Managed=200.74MB Threads=62
[22:56:08.796 INF] [T:7] [PerfMonitor] Time:2026-04-11 13:56:07.796Z CPU=0.0% WS=27.38MB Managed=202.15MB Threads=62
[22:57:08.796 INF] [T:7] [PerfMonitor] Time:2026-04-11 13:57:07.797Z CPU=0.0% WS=23.16MB Managed=203.53MB Threads=63
[22:58:08.797 INF] [T:7] [PerfMonitor] Time:2026-04-11 13:58:07.797Z CPU=0.0% WS=24.31MB Managed=204.93MB Threads=64
[22:59:08.818 INF] [T:7] [PerfMonitor] Time:2026-04-11 13:59:07.796Z CPU=0.0% WS=22.67MB Managed=206.33MB Threads=63
[23:00:08.796 INF] [T:7] [PerfMonitor] Time:2026-04-11 14:00:07.796Z CPU=0.0% WS=29.69MB Managed=200.31MB Threads=63
[23:01:08.797 INF] [T:7] [PerfMonitor] Time:2026-04-11 14:01:07.798Z CPU=0.0% WS=28.73MB Managed=201.71MB Threads=62
[23:02:08.798 INF] [T:7] [PerfMonitor] Time:2026-04-11 14:02:07.796Z CPU=0.0% WS=22.34MB Managed=203.09MB Threads=63
[23:03:08.799 INF] [T:7] [PerfMonitor] Time:2026-04-11 14:03:07.806Z CPU=0.0% WS=21.89MB Managed=204.51MB Threads=63
[23:04:08.797 INF] [T:7] [PerfMonitor] Time:2026-04-11 14:04:07.797Z CPU=0.0% WS=22.70MB Managed=205.91MB Threads=63
[23:05:08.798 INF] [T:7] [PerfMonitor] Time:2026-04-11 14:05:07.803Z CPU=0.0% WS=29.41MB Managed=199.92MB Threads=62
[23:06:08.799 INF] [T:7] [PerfMonitor] Time:2026-04-11 14:06:07.798Z CPU=0.0% WS=27.39MB Managed=201.32MB Threads=62
[23:07:08.802 INF] [T:7] [PerfMonitor] Time:2026-04-11 14:07:08.802Z CPU=0.0% WS=22.05MB Managed=202.72MB Threads=63
[23:08:08.798 INF] [T:7] [PerfMonitor] Time:2026-04-11 14:08:07.798Z CPU=0.0% WS=22.38MB Managed=204.09MB Threads=64
[23:09:08.814 INF] [T:7] [PerfMonitor] Time:2026-04-11 14:09:07.837Z CPU=0.0% WS=21.22MB Managed=205.47MB Threads=62
[23:10:08.799 INF] [T:7] [PerfMonitor] Time:2026-04-11 14:10:07.800Z CPU=0.0% WS=22.86MB Managed=206.86MB Threads=62
[23:11:08.799 INF] [T:7] [PerfMonitor] Time:2026-04-11 14:11:07.799Z CPU=0.0% WS=27.52MB Managed=200.78MB Threads=62
[23:12:08.799 INF] [T:7] [PerfMonitor] Time:2026-04-11 14:12:08.799Z CPU=0.0% WS=27.59MB Managed=202.20MB Threads=62
[23:13:08.800 INF] [T:7] [PerfMonitor] Time:2026-04-11 14:13:07.800Z CPU=0.0% WS=19.27MB Managed=203.55MB Threads=62
[23:14:08.799 INF] [T:7] [PerfMonitor] Time:2026-04-11 14:14:07.801Z CPU=0.0% WS=21.95MB Managed=204.96MB Threads=64
[23:15:08.779 INF] [T:7] [PerfMonitor] Time:2026-04-11 14:15:07.777Z CPU=0.0% WS=21.50MB Managed=206.32MB Threads=62
[23:16:08.776 INF] [T:7] [PerfMonitor] Time:2026-04-11 14:16:07.776Z CPU=0.0% WS=29.19MB Managed=200.30MB Threads=62
[23:17:08.775 INF] [T:7] [PerfMonitor] Time:2026-04-11 14:17:07.776Z CPU=0.0% WS=28.58MB Managed=201.70MB Threads=62
[23:18:08.788 INF] [T:7] [PerfMonitor] Time:2026-04-11 14:18:07.777Z CPU=0.0% WS=19.83MB Managed=203.08MB Threads=62
[23:19:08.777 INF] [T:7] [PerfMonitor] Time:2026-04-11 14:19:07.777Z CPU=0.0% WS=21.78MB Managed=204.52MB Threads=62
[23:20:08.776 INF] [T:7] [PerfMonitor] Time:2026-04-11 14:20:07.776Z CPU=0.0% WS=21.47MB Managed=205.91MB Threads=62
[23:21:08.776 INF] [T:7] [PerfMonitor] Time:2026-04-11 14:21:07.785Z CPU=0.0% WS=21.16MB Managed=207.31MB Threads=62
[23:22:08.784 INF] [T:7] [PerfMonitor] Time:2026-04-11 14:22:07.776Z CPU=0.0% WS=27.39MB Managed=201.28MB Threads=63
[23:23:08.774 INF] [T:7] [PerfMonitor] Time:2026-04-11 14:23:07.776Z CPU=0.0% WS=19.67MB Managed=202.67MB Threads=62
[23:24:08.774 INF] [T:7] [PerfMonitor] Time:2026-04-11 14:24:07.776Z CPU=0.0% WS=21.14MB Managed=204.04MB Threads=62
[23:25:08.775 INF] [T:7] [PerfMonitor] Time:2026-04-11 14:25:07.775Z CPU=0.1% WS=21.61MB Managed=205.41MB Threads=62
[23:26:08.773 INF] [T:7] [PerfMonitor] Time:2026-04-11 14:26:07.774Z CPU=0.0% WS=20.69MB Managed=206.80MB Threads=62
[23:27:08.774 INF] [T:7] [PerfMonitor] Time:2026-04-11 14:27:07.774Z CPU=0.0% WS=22.38MB Managed=200.74MB Threads=63
[23:28:08.793 INF] [T:7] [PerfMonitor] Time:2026-04-11 14:28:07.775Z CPU=0.0% WS=18.61MB Managed=202.11MB Threads=62
[23:29:08.775 INF] [T:7] [PerfMonitor] Time:2026-04-11 14:29:07.775Z CPU=0.0% WS=17.66MB Managed=203.49MB Threads=62
[23:30:08.775 INF] [T:7] [PerfMonitor] Time:2026-04-11 14:30:07.773Z CPU=0.0% WS=20.25MB Managed=204.94MB Threads=63
[23:31:08.774 INF] [T:7] [PerfMonitor] Time:2026-04-11 14:31:08.774Z CPU=0.0% WS=17.98MB Managed=206.41MB Threads=66
[23:32:08.784 INF] [T:7] [PerfMonitor] Time:2026-04-11 14:32:07.774Z CPU=0.0% WS=26.19MB Managed=200.33MB Threads=62
[23:33:08.773 INF] [T:7] [PerfMonitor] Time:2026-04-11 14:33:07.773Z CPU=0.0% WS=23.70MB Managed=201.74MB Threads=63
[23:34:08.775 INF] [T:7] [PerfMonitor] Time:2026-04-11 14:34:07.772Z CPU=0.0% WS=18.25MB Managed=203.12MB Threads=62
[23:35:08.774 INF] [T:7] [PerfMonitor] Time:2026-04-11 14:35:07.772Z CPU=0.0% WS=19.59MB Managed=204.49MB Threads=62
[23:36:08.773 INF] [T:7] [PerfMonitor] Time:2026-04-11 14:36:07.772Z CPU=0.0% WS=21.28MB Managed=205.91MB Threads=63
[23:37:08.774 INF] [T:7] [PerfMonitor] Time:2026-04-11 14:37:07.772Z CPU=0.0% WS=17.69MB Managed=207.29MB Threads=63
[23:53:35.892 INF] [T:7] [PerfMonitor] Time:2026-04-11 14:53:34.893Z CPU=0.0% WS=25.47MB Managed=201.26MB Threads=62
[23:54:35.920 INF] [T:7] [PerfMonitor] Time:2026-04-11 14:54:34.921Z CPU=0.0% WS=17.56MB Managed=202.68MB Threads=64
[23:55:35.921 INF] [T:7] [PerfMonitor] Time:2026-04-11 14:55:34.921Z CPU=0.0% WS=19.75MB Managed=204.10MB Threads=62
[23:56:35.921 INF] [T:7] [PerfMonitor] Time:2026-04-11 14:56:34.923Z CPU=0.0% WS=19.98MB Managed=205.49MB Threads=62
[23:57:35.922 INF] [T:7] [PerfMonitor] Time:2026-04-11 14:57:34.921Z CPU=0.0% WS=21.73MB Managed=206.86MB Threads=62
[23:58:35.921 INF] [T:7] [PerfMonitor] Time:2026-04-11 14:58:34.923Z CPU=0.0% WS=26.62MB Managed=200.76MB Threads=64
[23:59:35.922 INF] [T:7] [PerfMonitor] Time:2026-04-11 14:59:34.921Z CPU=0.0% WS=23.75MB Managed=202.17MB Threads=62
