[15:33:55.881 INF] [T:1] [Game] Logger setup was successful: Game
[15:33:56.022 DBG] [T:1] [Game] [Engine] Discovered '12' commands: [19999, 10007, 10006, 10000, 10008, 10010, 10009, 10001, 10004, 10005, 10003, 10002]
[15:33:56.024 INF] [T:1] [Game] The server Game is initialized.
[15:33:56.029 INF] [T:7] [PerfMonitor] Time:2026-04-02 06:33:56.026Z CPU=0.5% WS=60.61MB Managed=862.23KB Threads=17
[15:33:56.731 INF] [T:1] [Game] Listener (0.0.0.0:10001:"Tcp") was started.
[15:33:56.733 INF] [T:1] [Game] The server instance Game was been started!
[15:33:56.735 INF] [T:1] [Game] Group=Dev, Name=Game, Env="Local", Region=Local, Public=121.135.249.98, Private=192.168.0.191, DnsName=
[15:34:56.027 INF] [T:7] [PerfMonitor] Time:2026-04-02 06:34:55.026Z CPU=0.0% WS=88.55MB Managed=194.43MB Threads=64
[15:35:04.035 DBG] [T:8] [Game] A new session connected. sessionId=dd4c8c77-27da-4b2b-9317-a8482a51c240, remoteEndPoint=127.0.0.1:56364
[15:35:19.037 DBG] [T:11] [Game] The session dd4c8c77-27da-4b2b-9317-a8482a51c240 has been closed. reason="ClientClosing"
[15:35:19.042 DBG] [T:11] [Game] A new session connected. sessionId=04e7ce5b-a72c-4135-962c-4a1e95483cdb, remoteEndPoint=127.0.0.1:56369
[15:35:21.780 DBG] [T:10] [Game] The session 04e7ce5b-a72c-4135-962c-4a1e95483cdb has been closed. reason="ClientClosing"
[15:35:56.027 INF] [T:7] [PerfMonitor] Time:2026-04-02 06:35:55.027Z CPU=0.0% WS=70.12MB Managed=200.77MB Threads=63
[15:36:56.028 INF] [T:7] [PerfMonitor] Time:2026-04-02 06:36:55.028Z CPU=0.0% WS=72.67MB Managed=202.16MB Threads=62
[15:37:56.029 INF] [T:7] [PerfMonitor] Time:2026-04-02 06:37:55.029Z CPU=0.0% WS=74.20MB Managed=203.55MB Threads=63
[15:38:56.030 INF] [T:7] [PerfMonitor] Time:2026-04-02 06:38:55.030Z CPU=0.0% WS=75.70MB Managed=204.94MB Threads=63
[15:39:56.031 INF] [T:7] [PerfMonitor] Time:2026-04-02 06:39:55.031Z CPU=0.0% WS=77.20MB Managed=206.33MB Threads=62
[15:40:56.032 INF] [T:7] [PerfMonitor] Time:2026-04-02 06:40:55.032Z CPU=0.0% WS=81.50MB Managed=197.12MB Threads=62
[15:41:56.034 INF] [T:7] [PerfMonitor] Time:2026-04-02 06:41:55.034Z CPU=0.0% WS=76.58MB Managed=198.51MB Threads=63
[15:42:56.024 INF] [T:7] [PerfMonitor] Time:2026-04-02 06:42:55.024Z CPU=0.0% WS=77.11MB Managed=199.91MB Threads=62
[15:43:56.023 INF] [T:7] [PerfMonitor] Time:2026-04-02 06:43:55.020Z CPU=0.0% WS=77.16MB Managed=201.29MB Threads=62
[15:44:56.023 INF] [T:7] [PerfMonitor] Time:2026-04-02 06:44:55.021Z CPU=0.0% WS=77.48MB Managed=202.68MB Threads=62
[15:45:56.024 INF] [T:7] [PerfMonitor] Time:2026-04-02 06:45:55.022Z CPU=0.0% WS=77.52MB Managed=204.07MB Threads=63
[15:47:57.172 INF] [T:7] [PerfMonitor] Time:2026-04-02 06:47:56.171Z CPU=0.0% WS=35.84MB Managed=198.05MB Threads=62
[15:48:57.172 INF] [T:7] [PerfMonitor] Time:2026-04-02 06:48:56.171Z CPU=0.0% WS=43.30MB Managed=199.45MB Threads=62
[15:49:57.172 INF] [T:7] [PerfMonitor] Time:2026-04-02 06:49:56.172Z CPU=0.0% WS=46.28MB Managed=200.85MB Threads=63
[15:50:57.173 INF] [T:7] [PerfMonitor] Time:2026-04-02 06:50:56.172Z CPU=0.0% WS=51.92MB Managed=202.23MB Threads=62
[15:51:57.173 INF] [T:7] [PerfMonitor] Time:2026-04-02 06:51:56.172Z CPU=0.0% WS=56.33MB Managed=203.61MB Threads=63
[15:52:57.174 INF] [T:7] [PerfMonitor] Time:2026-04-02 06:52:56.173Z CPU=0.0% WS=58.52MB Managed=197.50MB Threads=63
[15:53:57.174 INF] [T:7] [PerfMonitor] Time:2026-04-02 06:53:56.174Z CPU=0.0% WS=58.77MB Managed=198.91MB Threads=63
[15:54:57.175 INF] [T:7] [PerfMonitor] Time:2026-04-02 06:54:56.174Z CPU=0.0% WS=58.81MB Managed=200.26MB Threads=62
[15:55:57.176 INF] [T:7] [PerfMonitor] Time:2026-04-02 06:55:56.175Z CPU=0.0% WS=58.89MB Managed=201.65MB Threads=63
[15:56:57.176 INF] [T:7] [PerfMonitor] Time:2026-04-02 06:56:56.176Z CPU=0.0% WS=59.03MB Managed=203.05MB Threads=63
[15:57:57.177 INF] [T:7] [PerfMonitor] Time:2026-04-02 06:57:56.177Z CPU=0.0% WS=59.20MB Managed=197.02MB Threads=62
[15:58:57.178 INF] [T:7] [PerfMonitor] Time:2026-04-02 06:58:56.177Z CPU=0.0% WS=60.05MB Managed=198.40MB Threads=62
[15:59:57.178 INF] [T:7] [PerfMonitor] Time:2026-04-02 06:59:56.178Z CPU=0.0% WS=60.08MB Managed=199.79MB Threads=62
[16:00:57.179 INF] [T:7] [PerfMonitor] Time:2026-04-02 07:00:56.178Z CPU=0.0% WS=60.12MB Managed=201.19MB Threads=63
[16:01:57.180 INF] [T:7] [PerfMonitor] Time:2026-04-02 07:01:56.179Z CPU=0.0% WS=60.17MB Managed=202.57MB Threads=62
[16:02:57.180 INF] [T:7] [PerfMonitor] Time:2026-04-02 07:02:56.180Z CPU=0.0% WS=60.31MB Managed=203.97MB Threads=63
[16:03:57.180 INF] [T:7] [PerfMonitor] Time:2026-04-02 07:03:57.179Z CPU=0.0% WS=60.36MB Managed=197.91MB Threads=62
[16:04:57.182 INF] [T:7] [PerfMonitor] Time:2026-04-02 07:04:56.180Z CPU=0.0% WS=60.36MB Managed=199.29MB Threads=62
[16:05:57.182 INF] [T:7] [PerfMonitor] Time:2026-04-02 07:05:56.181Z CPU=0.0% WS=60.45MB Managed=200.67MB Threads=63
[16:06:57.183 INF] [T:7] [PerfMonitor] Time:2026-04-02 07:06:56.182Z CPU=0.0% WS=60.91MB Managed=202.06MB Threads=63
[16:07:57.183 INF] [T:7] [PerfMonitor] Time:2026-04-02 07:07:56.183Z CPU=0.0% WS=60.94MB Managed=203.45MB Threads=62
[16:08:57.184 INF] [T:7] [PerfMonitor] Time:2026-04-02 07:08:56.183Z CPU=0.0% WS=60.98MB Managed=197.44MB Threads=63
[16:09:57.184 INF] [T:7] [PerfMonitor] Time:2026-04-02 07:09:56.184Z CPU=0.0% WS=60.97MB Managed=198.82MB Threads=62
[16:10:57.183 INF] [T:7] [PerfMonitor] Time:2026-04-02 07:10:56.184Z CPU=0.0% WS=60.97MB Managed=200.20MB Threads=62
[16:11:57.184 INF] [T:7] [PerfMonitor] Time:2026-04-02 07:11:56.185Z CPU=0.0% WS=61.03MB Managed=201.62MB Threads=63
[16:12:57.185 INF] [T:7] [PerfMonitor] Time:2026-04-02 07:12:57.184Z CPU=0.0% WS=61.03MB Managed=203.04MB Threads=63
[16:13:57.185 INF] [T:7] [PerfMonitor] Time:2026-04-02 07:13:56.187Z CPU=0.0% WS=61.03MB Managed=196.95MB Threads=63
[16:14:57.187 INF] [T:7] [PerfMonitor] Time:2026-04-02 07:14:56.187Z CPU=0.0% WS=61.03MB Managed=198.33MB Threads=62
[16:15:57.187 INF] [T:7] [PerfMonitor] Time:2026-04-02 07:15:56.187Z CPU=0.0% WS=61.06MB Managed=199.72MB Threads=63
[16:16:57.188 INF] [T:7] [PerfMonitor] Time:2026-04-02 07:16:56.188Z CPU=0.0% WS=61.05MB Managed=201.13MB Threads=62
[16:17:57.189 INF] [T:7] [PerfMonitor] Time:2026-04-02 07:17:56.189Z CPU=0.0% WS=61.06MB Managed=202.50MB Threads=62
[16:18:57.189 INF] [T:7] [PerfMonitor] Time:2026-04-02 07:18:56.190Z CPU=0.0% WS=61.06MB Managed=203.88MB Threads=62
[16:19:57.190 INF] [T:7] [PerfMonitor] Time:2026-04-02 07:19:56.190Z CPU=0.0% WS=61.11MB Managed=197.85MB Threads=62
[16:20:57.191 INF] [T:7] [PerfMonitor] Time:2026-04-02 07:20:56.189Z CPU=0.0% WS=61.12MB Managed=199.26MB Threads=62
[16:21:57.191 INF] [T:7] [PerfMonitor] Time:2026-04-02 07:21:56.191Z CPU=0.0% WS=61.17MB Managed=200.63MB Threads=63
[16:22:57.192 INF] [T:7] [PerfMonitor] Time:2026-04-02 07:22:56.192Z CPU=0.0% WS=61.16MB Managed=202.03MB Threads=62
[16:23:57.193 INF] [T:7] [PerfMonitor] Time:2026-04-02 07:23:57.192Z CPU=0.0% WS=61.16MB Managed=203.45MB Threads=63
[16:24:57.193 INF] [T:7] [PerfMonitor] Time:2026-04-02 07:24:57.193Z CPU=0.0% WS=61.16MB Managed=197.40MB Threads=62
[16:25:57.193 INF] [T:7] [PerfMonitor] Time:2026-04-02 07:25:56.194Z CPU=0.0% WS=61.16MB Managed=198.79MB Threads=62
[16:26:57.195 INF] [T:7] [PerfMonitor] Time:2026-04-02 07:26:56.195Z CPU=0.0% WS=61.16MB Managed=200.16MB Threads=62
[16:27:55.207 INF] [T:7] [PerfMonitor] Time:2026-04-02 07:27:54.207Z CPU=0.0% WS=61.16MB Managed=201.55MB Threads=62
[16:28:55.208 INF] [T:7] [PerfMonitor] Time:2026-04-02 07:28:54.207Z CPU=0.0% WS=62.03MB Managed=202.95MB Threads=63
[16:29:55.208 INF] [T:7] [PerfMonitor] Time:2026-04-02 07:29:54.208Z CPU=0.0% WS=62.02MB Managed=204.34MB Threads=62
[16:30:55.209 INF] [T:7] [PerfMonitor] Time:2026-04-02 07:30:55.209Z CPU=0.0% WS=62.05MB Managed=198.32MB Threads=63
[16:31:55.209 INF] [T:7] [PerfMonitor] Time:2026-04-02 07:31:54.209Z CPU=0.0% WS=62.08MB Managed=199.71MB Threads=64
[16:32:55.210 INF] [T:7] [PerfMonitor] Time:2026-04-02 07:32:54.209Z CPU=0.0% WS=62.23MB Managed=201.11MB Threads=62
[16:33:55.211 INF] [T:7] [PerfMonitor] Time:2026-04-02 07:33:54.210Z CPU=0.0% WS=62.25MB Managed=202.50MB Threads=62
[16:34:55.211 INF] [T:7] [PerfMonitor] Time:2026-04-02 07:34:55.211Z CPU=0.0% WS=62.27MB Managed=203.91MB Threads=62
[16:35:55.224 INF] [T:7] [PerfMonitor] Time:2026-04-02 07:35:55.211Z CPU=0.0% WS=62.34MB Managed=197.91MB Threads=62
[16:36:55.212 INF] [T:7] [PerfMonitor] Time:2026-04-02 07:36:54.212Z CPU=0.0% WS=62.42MB Managed=199.27MB Threads=62
[16:37:55.213 INF] [T:7] [PerfMonitor] Time:2026-04-02 07:37:54.214Z CPU=0.0% WS=62.73MB Managed=200.66MB Threads=62
[16:38:55.214 INF] [T:7] [PerfMonitor] Time:2026-04-02 07:38:54.213Z CPU=0.0% WS=62.73MB Managed=202.05MB Threads=62
[16:39:55.214 INF] [T:7] [PerfMonitor] Time:2026-04-02 07:39:54.214Z CPU=0.0% WS=62.75MB Managed=203.45MB Threads=63
[16:40:55.215 INF] [T:7] [PerfMonitor] Time:2026-04-02 07:40:54.215Z CPU=0.0% WS=62.77MB Managed=197.45MB Threads=62
[16:41:55.216 INF] [T:7] [PerfMonitor] Time:2026-04-02 07:41:54.215Z CPU=0.0% WS=62.78MB Managed=198.84MB Threads=63
[16:42:55.217 INF] [T:7] [PerfMonitor] Time:2026-04-02 07:42:54.216Z CPU=0.0% WS=62.77MB Managed=200.25MB Threads=62
[16:43:57.182 INF] [T:7] [PerfMonitor] Time:2026-04-02 07:43:56.182Z CPU=0.0% WS=62.77MB Managed=201.63MB Threads=62
[16:44:57.182 INF] [T:7] [PerfMonitor] Time:2026-04-02 07:44:56.183Z CPU=0.0% WS=62.80MB Managed=203.01MB Threads=62
[16:45:57.183 INF] [T:7] [PerfMonitor] Time:2026-04-02 07:45:56.182Z CPU=0.0% WS=62.83MB Managed=204.42MB Threads=63
[16:46:57.183 INF] [T:7] [PerfMonitor] Time:2026-04-02 07:46:56.183Z CPU=0.0% WS=62.98MB Managed=198.05MB Threads=63
[16:47:57.184 INF] [T:7] [PerfMonitor] Time:2026-04-02 07:47:56.183Z CPU=0.0% WS=62.98MB Managed=199.45MB Threads=63
[16:48:57.185 INF] [T:7] [PerfMonitor] Time:2026-04-02 07:48:56.185Z CPU=0.0% WS=60.94MB Managed=200.84MB Threads=63
[16:49:57.185 INF] [T:7] [PerfMonitor] Time:2026-04-02 07:49:56.185Z CPU=0.0% WS=60.92MB Managed=202.21MB Threads=62
[16:50:57.186 INF] [T:7] [PerfMonitor] Time:2026-04-02 07:50:56.185Z CPU=0.0% WS=60.92MB Managed=203.61MB Threads=62
[16:51:57.186 INF] [T:7] [PerfMonitor] Time:2026-04-02 07:51:56.187Z CPU=0.0% WS=60.95MB Managed=197.58MB Threads=63
[16:52:57.187 INF] [T:7] [PerfMonitor] Time:2026-04-02 07:52:56.187Z CPU=0.0% WS=60.80MB Managed=198.98MB Threads=62
[16:53:57.187 INF] [T:7] [PerfMonitor] Time:2026-04-02 07:53:56.187Z CPU=0.0% WS=60.81MB Managed=200.37MB Threads=63
[16:54:57.188 INF] [T:7] [PerfMonitor] Time:2026-04-02 07:54:56.188Z CPU=0.0% WS=54.05MB Managed=201.76MB Threads=62
[16:55:57.188 INF] [T:7] [PerfMonitor] Time:2026-04-02 07:55:56.189Z CPU=0.0% WS=54.31MB Managed=203.14MB Threads=62
[16:56:57.189 INF] [T:7] [PerfMonitor] Time:2026-04-02 07:56:56.189Z CPU=0.0% WS=54.31MB Managed=197.07MB Threads=62
[16:57:57.189 INF] [T:7] [PerfMonitor] Time:2026-04-02 07:57:56.190Z CPU=0.0% WS=54.31MB Managed=198.46MB Threads=62
[16:58:57.190 INF] [T:7] [PerfMonitor] Time:2026-04-02 07:58:56.191Z CPU=0.0% WS=54.33MB Managed=199.85MB Threads=62
[16:59:57.193 INF] [T:7] [PerfMonitor] Time:2026-04-02 07:59:56.193Z CPU=0.0% WS=54.34MB Managed=201.24MB Threads=63
[17:00:57.194 INF] [T:7] [PerfMonitor] Time:2026-04-02 08:00:56.193Z CPU=0.0% WS=54.34MB Managed=202.63MB Threads=63
[17:01:57.194 INF] [T:7] [PerfMonitor] Time:2026-04-02 08:01:56.194Z CPU=0.0% WS=54.33MB Managed=204.02MB Threads=62
[17:02:57.195 INF] [T:7] [PerfMonitor] Time:2026-04-02 08:02:56.195Z CPU=0.0% WS=55.05MB Managed=198.03MB Threads=62
[17:03:57.195 INF] [T:7] [PerfMonitor] Time:2026-04-02 08:03:56.196Z CPU=0.0% WS=55.12MB Managed=199.43MB Threads=63
[17:04:57.197 INF] [T:7] [PerfMonitor] Time:2026-04-02 08:04:56.197Z CPU=0.0% WS=53.67MB Managed=200.84MB Threads=63
[17:05:57.197 INF] [T:7] [PerfMonitor] Time:2026-04-02 08:05:56.197Z CPU=0.0% WS=52.91MB Managed=202.23MB Threads=63
[17:06:57.197 INF] [T:7] [PerfMonitor] Time:2026-04-02 08:06:56.198Z CPU=0.0% WS=53.08MB Managed=203.61MB Threads=62
[17:07:57.199 INF] [T:7] [PerfMonitor] Time:2026-04-02 08:07:56.198Z CPU=0.0% WS=53.14MB Managed=197.55MB Threads=62
[17:08:57.199 INF] [T:7] [PerfMonitor] Time:2026-04-02 08:08:56.200Z CPU=0.0% WS=53.16MB Managed=198.95MB Threads=63
[17:09:57.200 INF] [T:7] [PerfMonitor] Time:2026-04-02 08:09:56.200Z CPU=0.0% WS=53.16MB Managed=200.35MB Threads=63
[17:10:57.201 INF] [T:7] [PerfMonitor] Time:2026-04-02 08:10:56.201Z CPU=0.0% WS=52.95MB Managed=201.74MB Threads=62
[17:11:57.202 INF] [T:7] [PerfMonitor] Time:2026-04-02 08:11:56.201Z CPU=0.0% WS=52.95MB Managed=203.12MB Threads=62
[17:12:55.033 INF] [T:1] [Game] Logger setup was successful: Game
[17:12:55.176 DBG] [T:1] [Game] [Engine] Discovered '12' commands: [19999, 10007, 10006, 10000, 10008, 10010, 10009, 10001, 10004, 10005, 10003, 10002]
[17:12:55.178 INF] [T:1] [Game] The server Game is initialized.
[17:13:00.876 INF] [T:1] [Game] Listener (0.0.0.0:10001:"Tcp") was started.
[17:13:00.879 INF] [T:1] [Game] The server instance Game was been started!
[17:13:00.880 INF] [T:1] [Game] Group=Dev, Name=Game, Env="Local", Region=Local, Public=121.135.249.98, Private=192.168.0.191, DnsName=
[17:13:05.821 DBG] [T:8] [Game] A new session connected. sessionId=08df5012-2be8-4b6a-96b1-62f797a6bb84, remoteEndPoint=127.0.0.1:57135
[17:13:05.886 DBG] [T:44] [Game] Session authentication succeeded. sessionId=08df5012-2be8-4b6a-96b1-62f797a6bb84, peerId=1
[17:13:05.931 DBG] [T:45] [Game] Avg: 0, Jitter: 0, LossRate: 0
[17:13:55.185 INF] [T:7] [PerfMonitor] Time:2026-04-02 08:13:54.180Z CPU=0.0% WS=73.52MB Managed=194.99MB Threads=63
[17:14:05.980 DBG] [T:45] [Game] Avg: 7, Jitter: 7, LossRate: 0
[17:14:55.181 INF] [T:7] [PerfMonitor] Time:2026-04-02 08:14:55.180Z CPU=0.0% WS=79.23MB Managed=201.51MB Threads=63
[17:15:05.981 DBG] [T:45] [Game] Avg: 7, Jitter: 7, LossRate: 0
[17:15:55.169 INF] [T:7] [PerfMonitor] Time:2026-04-02 08:15:54.169Z CPU=0.0% WS=83.17MB Managed=203.14MB Threads=63
[17:16:06.020 DBG] [T:45] [Game] Avg: 7, Jitter: 7, LossRate: 0
[17:16:55.168 INF] [T:7] [PerfMonitor] Time:2026-04-02 08:16:54.168Z CPU=0.0% WS=72.80MB Managed=204.70MB Threads=63
[17:17:06.069 DBG] [T:45] [Game] Avg: 7, Jitter: 7, LossRate: 0
[17:17:55.168 INF] [T:7] [PerfMonitor] Time:2026-04-02 08:17:54.167Z CPU=0.0% WS=78.28MB Managed=206.34MB Threads=62
[17:18:06.118 DBG] [T:45] [Game] Avg: 7, Jitter: 7, LossRate: 0
[17:18:55.168 INF] [T:7] [PerfMonitor] Time:2026-04-02 08:18:54.168Z CPU=0.0% WS=82.80MB Managed=197.44MB Threads=62
[17:19:06.169 DBG] [T:45] [Game] Avg: 7, Jitter: 7, LossRate: 0
[17:19:55.169 INF] [T:7] [PerfMonitor] Time:2026-04-02 08:19:54.168Z CPU=0.0% WS=83.12MB Managed=199.02MB Threads=63
[17:20:06.220 DBG] [T:45] [Game] Avg: 7, Jitter: 7, LossRate: 0
[17:20:55.169 INF] [T:7] [PerfMonitor] Time:2026-04-02 08:20:54.168Z CPU=0.0% WS=83.80MB Managed=200.59MB Threads=62
[17:21:06.269 DBG] [T:45] [Game] Avg: 7, Jitter: 7, LossRate: 0
[17:21:55.169 INF] [T:7] [PerfMonitor] Time:2026-04-02 08:21:54.168Z CPU=0.0% WS=84.42MB Managed=202.19MB Threads=65
[17:22:06.269 DBG] [T:45] [Game] Avg: 7, Jitter: 7, LossRate: 0
[17:22:55.169 INF] [T:7] [PerfMonitor] Time:2026-04-02 08:22:54.168Z CPU=0.0% WS=81.83MB Managed=203.74MB Threads=63
[17:23:06.320 DBG] [T:45] [Game] Avg: 7, Jitter: 7, LossRate: 0
[17:23:55.169 INF] [T:7] [PerfMonitor] Time:2026-04-02 08:23:54.168Z CPU=0.0% WS=83.78MB Managed=198.09MB Threads=62
[17:24:06.370 DBG] [T:45] [Game] Avg: 7, Jitter: 7, LossRate: 0
[17:24:55.169 INF] [T:7] [PerfMonitor] Time:2026-04-02 08:24:54.169Z CPU=0.0% WS=83.81MB Managed=199.68MB Threads=64
[17:25:06.419 DBG] [T:45] [Game] Avg: 7, Jitter: 7, LossRate: 0
[17:25:55.169 INF] [T:7] [PerfMonitor] Time:2026-04-02 08:25:55.169Z CPU=0.0% WS=83.94MB Managed=201.30MB Threads=65
[17:26:06.471 DBG] [T:45] [Game] Avg: 7, Jitter: 7, LossRate: 0
[17:26:16.173 DBG] [T:57] [Game] Received a termination request from the client. isClosing=false
[17:26:16.176 DBG] [T:57] [Game] The session 08df5012-2be8-4b6a-96b1-62f797a6bb84 has been closed. reason="ClientClosing"
[17:26:16.179 DBG] [T:57] [Game] Peer leaved. uid=0, reason="ClientClosing"
[17:33:02.635 INF] [T:1] [Game] Logger setup was successful: Game
[17:33:02.768 DBG] [T:1] [Game] [Engine] Discovered '12' commands: [19999, 10007, 10006, 10000, 10008, 10010, 10009, 10001, 10004, 10005, 10003, 10002]
[17:33:02.769 INF] [T:1] [Game] The server Game is initialized.
[17:33:08.435 INF] [T:1] [Game] Listener (0.0.0.0:10001:"Tcp") was started.
[17:33:08.440 INF] [T:1] [Game] The server instance Game was been started!
[17:33:08.441 INF] [T:1] [Game] Group=Dev, Name=Game, Env="Local", Region=Local, Public=121.135.249.98, Private=192.168.0.191, DnsName=
[17:33:11.190 DBG] [T:56] [Game] A new session connected. sessionId=a0700876-09ee-4ca9-9f7a-80618ec8856d, remoteEndPoint=127.0.0.1:57735
[17:33:11.258 DBG] [T:8] [Game] Session authentication succeeded. sessionId=a0700876-09ee-4ca9-9f7a-80618ec8856d, peerId=1
[17:33:11.291 DBG] [T:45] [Game] Avg: 0, Jitter: 0, LossRate: 0
[17:33:21.291 DBG] [T:45] [Game] Avg: 5, Jitter: 5, LossRate: 0
[17:33:31.292 DBG] [T:45] [Game] Avg: 3, Jitter: 2, LossRate: 0
[17:33:41.342 DBG] [T:45] [Game] Avg: 2, Jitter: 1, LossRate: 0
[17:33:51.343 DBG] [T:45] [Game] Avg: 1, Jitter: 0, LossRate: 0
[17:34:01.393 DBG] [T:45] [Game] Avg: 1, Jitter: 0, LossRate: 0
[17:34:02.777 INF] [T:7] [PerfMonitor] Time:2026-04-02 08:34:01.772Z CPU=0.0% WS=93.91MB Managed=195.07MB Threads=64
[17:34:11.443 DBG] [T:45] [Game] Avg: 1, Jitter: 0, LossRate: 0
[17:34:21.443 DBG] [T:45] [Game] Avg: 1, Jitter: 0, LossRate: 0
[17:34:31.443 DBG] [T:45] [Game] Avg: 1, Jitter: 0, LossRate: 0
[17:34:41.443 DBG] [T:45] [Game] Avg: 1, Jitter: 0, LossRate: 0
[17:34:51.444 DBG] [T:45] [Game] Avg: 0, Jitter: 0, LossRate: 0
[17:35:01.494 DBG] [T:45] [Game] Avg: 0, Jitter: 0, LossRate: 0
[17:35:02.774 INF] [T:7] [PerfMonitor] Time:2026-04-02 08:35:01.773Z CPU=0.0% WS=98.55MB Managed=201.62MB Threads=64
[17:35:11.494 DBG] [T:45] [Game] Avg: 0, Jitter: 0, LossRate: 0
[17:35:21.495 DBG] [T:45] [Game] Avg: 0, Jitter: 0, LossRate: 0
[17:35:31.544 DBG] [T:45] [Game] Avg: 0, Jitter: 0, LossRate: 0
[17:35:41.545 DBG] [T:45] [Game] Avg: 0, Jitter: 0, LossRate: 0
[17:35:51.595 DBG] [T:45] [Game] Avg: 0, Jitter: 0, LossRate: 0
[17:36:01.596 DBG] [T:45] [Game] Avg: 0, Jitter: 0, LossRate: 0
[17:36:02.775 INF] [T:7] [PerfMonitor] Time:2026-04-02 08:36:01.776Z CPU=0.0% WS=101.05MB Managed=203.33MB Threads=64
[17:36:11.596 DBG] [T:45] [Game] Avg: 1, Jitter: 0, LossRate: 0
[17:36:21.596 DBG] [T:45] [Game] Avg: 0, Jitter: 0, LossRate: 0
[17:36:31.597 DBG] [T:45] [Game] Avg: 0, Jitter: 0, LossRate: 0
[17:36:41.597 DBG] [T:45] [Game] Avg: 0, Jitter: 0, LossRate: 0
[17:36:51.647 DBG] [T:45] [Game] Avg: 0, Jitter: 0, LossRate: 0
[17:37:01.647 DBG] [T:45] [Game] Avg: 0, Jitter: 0, LossRate: 0
[17:37:02.777 INF] [T:7] [PerfMonitor] Time:2026-04-02 08:37:01.777Z CPU=0.0% WS=103.52MB Managed=204.90MB Threads=64
[17:37:11.647 DBG] [T:45] [Game] Avg: 0, Jitter: 0, LossRate: 0
[17:37:21.648 DBG] [T:45] [Game] Avg: 0, Jitter: 0, LossRate: 0
[17:37:31.648 DBG] [T:45] [Game] Avg: 0, Jitter: 0, LossRate: 0
[17:37:41.698 DBG] [T:45] [Game] Avg: 0, Jitter: 0, LossRate: 0
[17:40:51.616 INF] [T:1] [Game] Logger setup was successful: Game
[17:40:51.751 DBG] [T:1] [Game] [Engine] Discovered '12' commands: [19999, 10007, 10006, 10000, 10008, 10010, 10009, 10001, 10004, 10005, 10003, 10002]
[17:40:51.752 INF] [T:1] [Game] The server Game is initialized.
[17:40:51.756 INF] [T:7] [PerfMonitor] Time:2026-04-02 08:40:51.754Z CPU=0.6% WS=60.67MB Managed=759.41KB Threads=17
[17:40:57.461 INF] [T:1] [Game] Listener (0.0.0.0:10001:"Tcp") was started.
[17:40:57.464 INF] [T:1] [Game] The server instance Game was been started!
[17:40:57.465 INF] [T:1] [Game] Group=Dev, Name=Game, Env="Local", Region=Local, Public=121.135.249.98, Private=192.168.0.191, DnsName=
[17:41:11.280 DBG] [T:56] [Game] A new session connected. sessionId=5cf5ec77-8c0c-42d5-bd62-9bbcc70482b0, remoteEndPoint=127.0.0.1:57807
[17:41:11.362 DBG] [T:55] [Game] Session authentication succeeded. sessionId=5cf5ec77-8c0c-42d5-bd62-9bbcc70482b0, peerId=1
[17:41:11.365 DBG] [T:45] [Game] Avg: 0, Jitter: 0, LossRate: 0
[17:41:21.366 DBG] [T:45] [Game] Avg: 7, Jitter: 6, LossRate: 0
[17:41:31.416 DBG] [T:45] [Game] Avg: 4, Jitter: 3, LossRate: 0
[17:41:41.416 DBG] [T:45] [Game] Avg: 2, Jitter: 1, LossRate: 0
[17:41:51.417 DBG] [T:45] [Game] Avg: 1, Jitter: 1, LossRate: 0
[17:41:51.755 INF] [T:7] [PerfMonitor] Time:2026-04-02 08:41:50.755Z CPU=0.0% WS=64.44MB Managed=195.11MB Threads=63
[17:42:01.417 DBG] [T:45] [Game] Avg: 1, Jitter: 0, LossRate: 0
[17:42:11.417 DBG] [T:45] [Game] Avg: 1, Jitter: 0, LossRate: 0
[17:42:21.418 DBG] [T:45] [Game] Avg: 1, Jitter: 0, LossRate: 0
[17:42:31.419 DBG] [T:45] [Game] Avg: 1, Jitter: 0, LossRate: 0
[17:42:41.468 DBG] [T:45] [Game] Avg: 1, Jitter: 0, LossRate: 0
[17:42:51.518 DBG] [T:45] [Game] Avg: 1, Jitter: 0, LossRate: 0
[17:42:51.756 INF] [T:7] [PerfMonitor] Time:2026-04-02 08:42:50.756Z CPU=0.0% WS=75.86MB Managed=201.62MB Threads=64
[17:43:01.519 DBG] [T:45] [Game] Avg: 0, Jitter: 0, LossRate: 0
[17:43:11.569 DBG] [T:45] [Game] Avg: 0, Jitter: 0, LossRate: 0
[17:43:21.618 DBG] [T:45] [Game] Avg: 1, Jitter: 0, LossRate: 0
[17:43:31.619 DBG] [T:45] [Game] Avg: 1, Jitter: 0, LossRate: 0
[17:43:41.619 DBG] [T:45] [Game] Avg: 0, Jitter: 0, LossRate: 0
[17:43:51.620 DBG] [T:45] [Game] Avg: 0, Jitter: 0, LossRate: 0
[17:43:51.758 INF] [T:7] [PerfMonitor] Time:2026-04-02 08:43:51.758Z CPU=0.0% WS=78.67MB Managed=203.34MB Threads=64
[17:44:01.620 DBG] [T:45] [Game] Avg: 0, Jitter: 0, LossRate: 0
[17:44:11.671 DBG] [T:45] [Game] Avg: 0, Jitter: 0, LossRate: 0
[17:44:21.721 DBG] [T:45] [Game] Avg: 0, Jitter: 0, LossRate: 0
[17:44:31.722 DBG] [T:45] [Game] Avg: 1, Jitter: 0, LossRate: 0
[17:44:41.722 DBG] [T:45] [Game] Avg: 1, Jitter: 0, LossRate: 0
[17:44:51.760 INF] [T:7] [PerfMonitor] Time:2026-04-02 08:44:50.760Z CPU=0.0% WS=80.56MB Managed=204.88MB Threads=64
[17:44:51.772 DBG] [T:45] [Game] Avg: 1, Jitter: 0, LossRate: 0
[17:45:01.821 DBG] [T:45] [Game] Avg: 0, Jitter: 0, LossRate: 0
[17:45:11.823 DBG] [T:45] [Game] Avg: 0, Jitter: 0, LossRate: 0
[17:45:21.823 DBG] [T:45] [Game] Avg: 1, Jitter: 0, LossRate: 0
[17:45:31.873 DBG] [T:45] [Game] Avg: 1, Jitter: 0, LossRate: 0
[17:45:41.923 DBG] [T:45] [Game] Avg: 1, Jitter: 0, LossRate: 0
[17:45:51.761 INF] [T:7] [PerfMonitor] Time:2026-04-02 08:45:50.761Z CPU=0.0% WS=82.34MB Managed=206.50MB Threads=64
[17:45:51.924 DBG] [T:45] [Game] Avg: 1, Jitter: 0, LossRate: 0
[17:46:01.927 DBG] [T:45] [Game] Avg: 1, Jitter: 1, LossRate: 0
[17:46:11.930 DBG] [T:45] [Game] Avg: 2, Jitter: 3, LossRate: 0
[17:46:21.932 DBG] [T:45] [Game] Avg: 2, Jitter: 3, LossRate: 0
[17:46:31.979 DBG] [T:45] [Game] Avg: 1, Jitter: 1, LossRate: 0
[17:46:41.979 DBG] [T:45] [Game] Avg: 1, Jitter: 1, LossRate: 0
[17:46:51.763 INF] [T:7] [PerfMonitor] Time:2026-04-02 08:46:50.763Z CPU=0.0% WS=80.42MB Managed=197.72MB Threads=63
[17:46:52.030 DBG] [T:45] [Game] Avg: 0, Jitter: 0, LossRate: 0
[17:47:02.080 DBG] [T:45] [Game] Avg: 0, Jitter: 0, LossRate: 0
[17:47:12.131 DBG] [T:45] [Game] Avg: 0, Jitter: 0, LossRate: 0
[17:47:22.131 DBG] [T:45] [Game] Avg: 2, Jitter: 2, LossRate: 0
[17:47:32.182 DBG] [T:45] [Game] Avg: 1, Jitter: 1, LossRate: 0
[17:47:42.232 DBG] [T:45] [Game] Avg: 1, Jitter: 0, LossRate: 0
[17:47:51.765 INF] [T:7] [PerfMonitor] Time:2026-04-02 08:47:50.764Z CPU=0.0% WS=80.36MB Managed=199.28MB Threads=62
[17:47:52.282 DBG] [T:45] [Game] Avg: 1, Jitter: 0, LossRate: 0
[17:48:02.332 DBG] [T:45] [Game] Avg: 1, Jitter: 1, LossRate: 0
[17:48:12.382 DBG] [T:45] [Game] Avg: 2, Jitter: 2, LossRate: 0
[17:48:22.432 DBG] [T:45] [Game] Avg: 1, Jitter: 1, LossRate: 0
[17:48:32.483 DBG] [T:45] [Game] Avg: 1, Jitter: 1, LossRate: 0
[17:48:42.533 DBG] [T:45] [Game] Avg: 1, Jitter: 1, LossRate: 0
[17:48:51.766 INF] [T:7] [PerfMonitor] Time:2026-04-02 08:48:50.765Z CPU=0.0% WS=80.47MB Managed=200.87MB Threads=63
[17:48:52.582 DBG] [T:45] [Game] Avg: 1, Jitter: 1, LossRate: 0
[17:49:02.583 DBG] [T:45] [Game] Avg: 1, Jitter: 1, LossRate: 0
[17:49:12.584 DBG] [T:45] [Game] Avg: 1, Jitter: 1, LossRate: 0
[17:49:22.584 DBG] [T:45] [Game] Avg: 0, Jitter: 0, LossRate: 0
[17:49:32.635 DBG] [T:45] [Game] Avg: 0, Jitter: 0, LossRate: 0
[17:49:42.685 DBG] [T:45] [Game] Avg: 0, Jitter: 0, LossRate: 0
[17:49:51.768 INF] [T:7] [PerfMonitor] Time:2026-04-02 08:49:50.767Z CPU=0.0% WS=81.52MB Managed=202.50MB Threads=62
[17:49:52.735 DBG] [T:45] [Game] Avg: 0, Jitter: 0, LossRate: 0
[17:50:02.786 DBG] [T:45] [Game] Avg: 1, Jitter: 0, LossRate: 0
[17:50:12.835 DBG] [T:45] [Game] Avg: 1, Jitter: 0, LossRate: 0
[17:50:22.835 DBG] [T:45] [Game] Avg: 0, Jitter: 0, LossRate: 0
[17:50:32.837 DBG] [T:45] [Game] Avg: 1, Jitter: 1, LossRate: 0
[17:50:42.886 DBG] [T:45] [Game] Avg: 1, Jitter: 1, LossRate: 0
[17:50:51.769 INF] [T:7] [PerfMonitor] Time:2026-04-02 08:50:50.769Z CPU=0.0% WS=81.56MB Managed=204.13MB Threads=63
[17:50:52.886 DBG] [T:45] [Game] Avg: 1, Jitter: 0, LossRate: 0
[17:51:02.937 DBG] [T:45] [Game] Avg: 1, Jitter: 0, LossRate: 0
[17:51:12.987 DBG] [T:45] [Game] Avg: 1, Jitter: 0, LossRate: 0
[17:51:22.987 DBG] [T:45] [Game] Avg: 0, Jitter: 0, LossRate: 0
[17:51:32.988 DBG] [T:45] [Game] Avg: 0, Jitter: 0, LossRate: 0
[17:51:43.038 DBG] [T:45] [Game] Avg: 0, Jitter: 0, LossRate: 0
[17:51:51.771 INF] [T:7] [PerfMonitor] Time:2026-04-02 08:51:50.771Z CPU=0.0% WS=81.59MB Managed=198.46MB Threads=62
[17:51:53.038 DBG] [T:45] [Game] Avg: 0, Jitter: 0, LossRate: 0
[17:52:03.087 DBG] [T:45] [Game] Avg: 1, Jitter: 1, LossRate: 0
[17:52:13.088 DBG] [T:45] [Game] Avg: 1, Jitter: 1, LossRate: 0
[17:52:23.090 DBG] [T:45] [Game] Avg: 1, Jitter: 0, LossRate: 0
[17:52:33.090 DBG] [T:45] [Game] Avg: 1, Jitter: 0, LossRate: 0
[17:52:43.139 DBG] [T:45] [Game] Avg: 0, Jitter: 0, LossRate: 0
[17:52:51.774 INF] [T:7] [PerfMonitor] Time:2026-04-02 08:52:50.773Z CPU=0.0% WS=81.64MB Managed=200.05MB Threads=63
[17:52:53.191 DBG] [T:45] [Game] Avg: 0, Jitter: 0, LossRate: 0
[17:53:03.241 DBG] [T:45] [Game] Avg: 1, Jitter: 0, LossRate: 0
[17:53:13.290 DBG] [T:45] [Game] Avg: 1, Jitter: 1, LossRate: 0
[17:53:23.339 DBG] [T:45] [Game] Avg: 1, Jitter: 1, LossRate: 0
[17:53:33.340 DBG] [T:45] [Game] Avg: 1, Jitter: 0, LossRate: 0
[17:53:43.344 DBG] [T:45] [Game] Avg: 0, Jitter: 0, LossRate: 0
[17:53:51.775 INF] [T:7] [PerfMonitor] Time:2026-04-02 08:53:50.774Z CPU=0.0% WS=81.62MB Managed=201.65MB Threads=63
[17:53:53.392 DBG] [T:45] [Game] Avg: 1, Jitter: 1, LossRate: 0
[17:54:03.393 DBG] [T:45] [Game] Avg: 1, Jitter: 1, LossRate: 0
[17:54:13.443 DBG] [T:45] [Game] Avg: 1, Jitter: 0, LossRate: 0
[17:54:23.493 DBG] [T:45] [Game] Avg: 1, Jitter: 0, LossRate: 0
[17:54:33.543 DBG] [T:45] [Game] Avg: 1, Jitter: 0, LossRate: 0
[17:54:43.594 DBG] [T:45] [Game] Avg: 1, Jitter: 1, LossRate: 0
[17:54:51.777 INF] [T:7] [PerfMonitor] Time:2026-04-02 08:54:50.775Z CPU=0.0% WS=81.64MB Managed=203.24MB Threads=63
[17:54:53.641 DBG] [T:45] [Game] Avg: 1, Jitter: 1, LossRate: 0
[17:55:03.643 DBG] [T:45] [Game] Avg: 0, Jitter: 1, LossRate: 0
[17:55:13.644 DBG] [T:45] [Game] Avg: 0, Jitter: 0, LossRate: 0
[17:55:23.695 DBG] [T:45] [Game] Avg: 0, Jitter: 0, LossRate: 0
[17:55:33.695 DBG] [T:45] [Game] Avg: 0, Jitter: 0, LossRate: 0
[17:55:43.745 DBG] [T:45] [Game] Avg: 1, Jitter: 1, LossRate: 0
[17:55:51.777 INF] [T:7] [PerfMonitor] Time:2026-04-02 08:55:50.777Z CPU=0.0% WS=81.62MB Managed=197.73MB Threads=62
[17:55:53.796 DBG] [T:45] [Game] Avg: 1, Jitter: 1, LossRate: 0
[17:56:03.843 DBG] [T:45] [Game] Avg: 1, Jitter: 1, LossRate: 0
[17:56:13.844 DBG] [T:45] [Game] Avg: 0, Jitter: 0, LossRate: 0
[17:56:23.847 DBG] [T:45] [Game] Avg: 0, Jitter: 0, LossRate: 0
[17:56:33.896 DBG] [T:45] [Game] Avg: 1, Jitter: 2, LossRate: 0
[17:56:43.946 DBG] [T:45] [Game] Avg: 1, Jitter: 1, LossRate: 0
[17:56:51.780 INF] [T:7] [PerfMonitor] Time:2026-04-02 08:56:50.780Z CPU=0.0% WS=81.75MB Managed=199.29MB Threads=62
[17:56:53.999 DBG] [T:45] [Game] Avg: 1, Jitter: 0, LossRate: 0
[17:57:04.048 DBG] [T:45] [Game] Avg: 1, Jitter: 0, LossRate: 0
[17:57:14.098 DBG] [T:45] [Game] Avg: 1, Jitter: 0, LossRate: 0
[17:57:24.098 DBG] [T:45] [Game] Avg: 1, Jitter: 0, LossRate: 0
[17:57:34.148 DBG] [T:45] [Game] Avg: 1, Jitter: 0, LossRate: 0
[17:57:44.199 DBG] [T:45] [Game] Avg: 1, Jitter: 0, LossRate: 0
[17:57:51.781 INF] [T:7] [PerfMonitor] Time:2026-04-02 08:57:50.780Z CPU=0.0% WS=81.77MB Managed=200.88MB Threads=63
[17:57:54.248 DBG] [T:45] [Game] Avg: 0, Jitter: 0, LossRate: 0
[17:58:04.299 DBG] [T:45] [Game] Avg: 1, Jitter: 0, LossRate: 0
[17:58:14.348 DBG] [T:45] [Game] Avg: 0, Jitter: 0, LossRate: 0
[17:58:24.400 DBG] [T:45] [Game] Avg: 0, Jitter: 0, LossRate: 0
[17:58:34.450 DBG] [T:45] [Game] Avg: 0, Jitter: 0, LossRate: 0
[17:58:44.501 DBG] [T:45] [Game] Avg: 0, Jitter: 0, LossRate: 0
[17:58:51.783 INF] [T:7] [PerfMonitor] Time:2026-04-02 08:58:50.782Z CPU=0.0% WS=81.75MB Managed=202.46MB Threads=62
[17:58:54.549 DBG] [T:45] [Game] Avg: 0, Jitter: 0, LossRate: 0
[17:59:04.549 DBG] [T:45] [Game] Avg: 0, Jitter: 0, LossRate: 0
[17:59:14.551 DBG] [T:45] [Game] Avg: 1, Jitter: 0, LossRate: 0
[17:59:24.601 DBG] [T:45] [Game] Avg: 0, Jitter: 0, LossRate: 0
[17:59:34.650 DBG] [T:45] [Game] Avg: 1, Jitter: 0, LossRate: 0
[17:59:44.652 DBG] [T:45] [Game] Avg: 0, Jitter: 0, LossRate: 0
[17:59:51.783 INF] [T:7] [PerfMonitor] Time:2026-04-02 08:59:50.784Z CPU=0.0% WS=81.78MB Managed=204.02MB Threads=64
[17:59:54.702 DBG] [T:45] [Game] Avg: 0, Jitter: 0, LossRate: 0
[18:00:04.752 DBG] [T:45] [Game] Avg: 0, Jitter: 0, LossRate: 0
[18:00:14.802 DBG] [T:45] [Game] Avg: 0, Jitter: 0, LossRate: 0
[18:00:24.851 DBG] [T:45] [Game] Avg: 0, Jitter: 0, LossRate: 0
[18:00:34.852 DBG] [T:45] [Game] Avg: 0, Jitter: 0, LossRate: 0
[18:00:44.852 DBG] [T:45] [Game] Avg: 1, Jitter: 1, LossRate: 0
[18:00:51.786 INF] [T:7] [PerfMonitor] Time:2026-04-02 09:00:50.785Z CPU=0.0% WS=65.00MB Managed=198.36MB Threads=63
[18:00:54.852 DBG] [T:45] [Game] Avg: 1, Jitter: 1, LossRate: 0
[18:01:04.853 DBG] [T:45] [Game] Avg: 1, Jitter: 0, LossRate: 0
[18:01:14.902 DBG] [T:45] [Game] Avg: 1, Jitter: 1, LossRate: 0
[18:01:24.903 DBG] [T:45] [Game] Avg: 1, Jitter: 1, LossRate: 0
