[00:00:09.367 INF] [T:7] [PerfMonitor] Time:2026-04-09 15:00:09.329Z CPU=0.0% WS=29.91MB Managed=200.49MB Threads=65
[00:01:09.367 INF] [T:7] [PerfMonitor] Time:2026-04-09 15:01:09.330Z CPU=0.0% WS=35.47MB Managed=202.14MB Threads=62
[00:18:07.809 INF] [T:7] [PerfMonitor] Time:2026-04-09 15:18:07.768Z CPU=0.0% WS=26.72MB Managed=203.73MB Threads=62
[00:19:07.809 INF] [T:7] [PerfMonitor] Time:2026-04-09 15:19:07.769Z CPU=0.0% WS=28.33MB Managed=198.19MB Threads=67
[00:20:07.808 INF] [T:7] [PerfMonitor] Time:2026-04-09 15:20:07.769Z CPU=0.0% WS=28.45MB Managed=199.82MB Threads=62
[00:21:07.809 INF] [T:7] [PerfMonitor] Time:2026-04-09 15:21:07.771Z CPU=0.0% WS=27.98MB Managed=201.42MB Threads=63
[00:38:51.408 INF] [T:7] [PerfMonitor] Time:2026-04-09 15:38:51.375Z CPU=0.0% WS=19.28MB Managed=203.04MB Threads=63
[00:39:51.406 INF] [T:7] [PerfMonitor] Time:2026-04-09 15:39:51.368Z CPU=0.0% WS=26.08MB Managed=204.62MB Threads=62
[00:40:51.407 INF] [T:7] [PerfMonitor] Time:2026-04-09 15:40:51.368Z CPU=0.0% WS=32.52MB Managed=199.05MB Threads=62
[00:41:51.421 INF] [T:7] [PerfMonitor] Time:2026-04-09 15:41:51.381Z CPU=0.0% WS=28.97MB Managed=200.66MB Threads=63
[00:58:08.958 INF] [T:7] [PerfMonitor] Time:2026-04-09 15:58:08.921Z CPU=0.0% WS=22.59MB Managed=202.27MB Threads=63
[00:59:08.956 INF] [T:7] [PerfMonitor] Time:2026-04-09 15:59:08.919Z CPU=0.0% WS=22.08MB Managed=203.89MB Threads=63
[01:00:08.962 INF] [T:7] [PerfMonitor] Time:2026-04-09 16:00:08.922Z CPU=0.0% WS=34.33MB Managed=197.99MB Threads=62
[01:01:08.957 INF] [T:7] [PerfMonitor] Time:2026-04-09 16:01:08.918Z CPU=0.0% WS=33.84MB Managed=199.60MB Threads=63
[01:17:06.434 INF] [T:7] [PerfMonitor] Time:2026-04-09 16:17:06.393Z CPU=0.0% WS=21.97MB Managed=201.22MB Threads=63
[01:18:06.432 INF] [T:7] [PerfMonitor] Time:2026-04-09 16:18:06.391Z CPU=0.0% WS=22.81MB Managed=202.81MB Threads=63
[01:19:06.431 INF] [T:7] [PerfMonitor] Time:2026-04-09 16:19:06.390Z CPU=0.0% WS=22.48MB Managed=204.42MB Threads=62
[01:23:06.970 INF] [T:7] [PerfMonitor] Time:2026-04-09 16:23:06.930Z CPU=0.0% WS=27.53MB Managed=198.81MB Threads=62
[01:39:35.680 INF] [T:7] [PerfMonitor] Time:2026-04-09 16:39:35.641Z CPU=0.0% WS=20.59MB Managed=200.42MB Threads=63
[01:40:35.676 INF] [T:7] [PerfMonitor] Time:2026-04-09 16:40:35.638Z CPU=0.0% WS=22.22MB Managed=202.02MB Threads=62
[01:41:35.676 INF] [T:7] [PerfMonitor] Time:2026-04-09 16:41:35.637Z CPU=0.0% WS=26.33MB Managed=203.61MB Threads=62
[01:42:35.674 INF] [T:7] [PerfMonitor] Time:2026-04-09 16:42:35.634Z CPU=0.0% WS=30.09MB Managed=198.10MB Threads=65
[01:43:35.671 INF] [T:7] [PerfMonitor] Time:2026-04-09 16:43:35.632Z CPU=0.0% WS=32.11MB Managed=199.73MB Threads=64
[02:00:19.113 INF] [T:7] [PerfMonitor] Time:2026-04-09 17:00:19.063Z CPU=0.0% WS=21.72MB Managed=201.34MB Threads=63
[02:01:19.101 INF] [T:7] [PerfMonitor] Time:2026-04-09 17:01:19.062Z CPU=0.0% WS=29.00MB Managed=202.97MB Threads=62
[02:02:19.101 INF] [T:7] [PerfMonitor] Time:2026-04-09 17:02:19.062Z CPU=0.0% WS=31.06MB Managed=204.56MB Threads=62
[02:03:19.100 INF] [T:7] [PerfMonitor] Time:2026-04-09 17:03:19.063Z CPU=0.1% WS=28.47MB Managed=198.94MB Threads=63
[02:21:45.651 INF] [T:7] [PerfMonitor] Time:2026-04-09 17:21:45.611Z CPU=0.0% WS=21.84MB Managed=200.57MB Threads=64
[02:22:45.650 INF] [T:7] [PerfMonitor] Time:2026-04-09 17:22:45.612Z CPU=0.0% WS=24.09MB Managed=202.19MB Threads=64
[02:23:45.652 INF] [T:7] [PerfMonitor] Time:2026-04-09 17:23:45.612Z CPU=0.0% WS=26.08MB Managed=203.80MB Threads=63
[02:24:45.651 INF] [T:7] [PerfMonitor] Time:2026-04-09 17:24:45.612Z CPU=0.0% WS=32.41MB Managed=198.21MB Threads=63
[02:25:45.652 INF] [T:7] [PerfMonitor] Time:2026-04-09 17:25:45.614Z CPU=0.0% WS=33.00MB Managed=199.86MB Threads=62
[02:41:45.859 INF] [T:7] [PerfMonitor] Time:2026-04-09 17:41:45.832Z CPU=0.0% WS=30.47MB Managed=201.44MB Threads=64
[02:42:45.859 INF] [T:7] [PerfMonitor] Time:2026-04-09 17:42:45.832Z CPU=0.0% WS=23.55MB Managed=203.03MB Threads=62
[02:43:45.859 INF] [T:7] [PerfMonitor] Time:2026-04-09 17:43:45.832Z CPU=0.0% WS=25.47MB Managed=204.67MB Threads=64
[02:44:45.861 INF] [T:7] [PerfMonitor] Time:2026-04-09 17:44:45.832Z CPU=0.0% WS=30.14MB Managed=199.05MB Threads=64
[02:45:45.863 INF] [T:7] [PerfMonitor] Time:2026-04-09 17:45:45.833Z CPU=0.0% WS=29.83MB Managed=200.69MB Threads=64
[03:03:32.798 INF] [T:7] [PerfMonitor] Time:2026-04-09 18:03:32.770Z CPU=0.0% WS=21.47MB Managed=202.29MB Threads=63
[03:04:32.800 INF] [T:7] [PerfMonitor] Time:2026-04-09 18:04:32.773Z CPU=0.0% WS=24.58MB Managed=203.88MB Threads=64
[03:05:32.802 INF] [T:7] [PerfMonitor] Time:2026-04-09 18:05:32.774Z CPU=0.0% WS=30.12MB Managed=198.30MB Threads=64
[03:06:32.819 INF] [T:7] [PerfMonitor] Time:2026-04-09 18:06:32.775Z CPU=0.0% WS=27.17MB Managed=199.94MB Threads=63
[03:07:32.805 INF] [T:7] [PerfMonitor] Time:2026-04-09 18:07:32.778Z CPU=0.0% WS=27.48MB Managed=201.55MB Threads=62
[03:08:32.807 INF] [T:7] [PerfMonitor] Time:2026-04-09 18:08:32.780Z CPU=0.0% WS=24.72MB Managed=203.18MB Threads=64
[03:27:15.968 INF] [T:7] [PerfMonitor] Time:2026-04-09 18:27:15.942Z CPU=0.0% WS=26.19MB Managed=204.81MB Threads=65
[03:28:13.936 INF] [T:7] [PerfMonitor] Time:2026-04-09 18:28:13.910Z CPU=0.0% WS=27.88MB Managed=199.23MB Threads=64
[03:29:13.938 INF] [T:7] [PerfMonitor] Time:2026-04-09 18:29:13.918Z CPU=0.0% WS=27.38MB Managed=200.85MB Threads=63
[03:30:13.940 INF] [T:7] [PerfMonitor] Time:2026-04-09 18:30:13.913Z CPU=0.0% WS=27.86MB Managed=202.43MB Threads=62
[03:31:13.942 INF] [T:7] [PerfMonitor] Time:2026-04-09 18:31:13.915Z CPU=0.0% WS=28.38MB Managed=204.05MB Threads=62
[03:32:13.943 INF] [T:7] [PerfMonitor] Time:2026-04-09 18:32:13.917Z CPU=0.0% WS=28.42MB Managed=198.53MB Threads=63
[03:33:13.946 INF] [T:7] [PerfMonitor] Time:2026-04-09 18:33:13.919Z CPU=0.0% WS=28.56MB Managed=200.13MB Threads=62
[03:34:13.946 INF] [T:7] [PerfMonitor] Time:2026-04-09 18:34:13.924Z CPU=0.0% WS=26.42MB Managed=201.75MB Threads=63
[03:52:54.180 INF] [T:7] [PerfMonitor] Time:2026-04-09 18:52:54.150Z CPU=0.0% WS=27.64MB Managed=203.35MB Threads=63
[03:53:56.138 INF] [T:7] [PerfMonitor] Time:2026-04-09 18:53:56.118Z CPU=0.0% WS=21.44MB Managed=204.95MB Threads=62
[03:54:56.138 INF] [T:7] [PerfMonitor] Time:2026-04-09 18:54:56.111Z CPU=0.0% WS=27.47MB Managed=199.41MB Threads=63
[03:55:56.140 INF] [T:7] [PerfMonitor] Time:2026-04-09 18:55:56.111Z CPU=0.0% WS=26.77MB Managed=201.00MB Threads=62
[03:56:56.142 INF] [T:7] [PerfMonitor] Time:2026-04-09 18:56:56.113Z CPU=0.0% WS=27.48MB Managed=202.61MB Threads=62
[03:57:56.143 INF] [T:7] [PerfMonitor] Time:2026-04-09 18:57:56.117Z CPU=0.0% WS=26.77MB Managed=204.23MB Threads=62
[03:58:56.145 INF] [T:7] [PerfMonitor] Time:2026-04-09 18:58:56.119Z CPU=0.0% WS=27.97MB Managed=198.70MB Threads=63
[03:59:56.145 INF] [T:7] [PerfMonitor] Time:2026-04-09 18:59:56.119Z CPU=0.0% WS=27.39MB Managed=200.31MB Threads=64
[04:00:56.148 INF] [T:7] [PerfMonitor] Time:2026-04-09 19:00:56.122Z CPU=0.0% WS=28.31MB Managed=201.93MB Threads=63
[04:18:33.377 INF] [T:7] [PerfMonitor] Time:2026-04-09 19:18:33.350Z CPU=0.0% WS=24.08MB Managed=203.55MB Threads=63
[04:19:33.378 INF] [T:7] [PerfMonitor] Time:2026-04-09 19:19:33.353Z CPU=0.0% WS=24.88MB Managed=205.15MB Threads=63
[04:20:33.380 INF] [T:7] [PerfMonitor] Time:2026-04-09 19:20:33.355Z CPU=0.0% WS=31.05MB Managed=199.55MB Threads=62
[04:21:33.382 INF] [T:7] [PerfMonitor] Time:2026-04-09 19:21:33.354Z CPU=0.0% WS=30.34MB Managed=201.18MB Threads=64
[04:22:33.384 INF] [T:7] [PerfMonitor] Time:2026-04-09 19:22:33.358Z CPU=0.0% WS=29.59MB Managed=202.76MB Threads=62
[04:23:33.386 INF] [T:7] [PerfMonitor] Time:2026-04-09 19:23:33.358Z CPU=0.0% WS=31.78MB Managed=204.36MB Threads=62
[04:39:43.806 INF] [T:7] [PerfMonitor] Time:2026-04-09 19:39:43.786Z CPU=0.0% WS=31.05MB Managed=198.41MB Threads=62
[04:40:43.801 INF] [T:7] [PerfMonitor] Time:2026-04-09 19:40:43.773Z CPU=0.0% WS=19.16MB Managed=200.05MB Threads=62
[04:41:43.802 INF] [T:7] [PerfMonitor] Time:2026-04-09 19:41:43.773Z CPU=0.0% WS=21.94MB Managed=201.65MB Threads=62
[04:42:43.804 INF] [T:7] [PerfMonitor] Time:2026-04-09 19:42:43.777Z CPU=0.0% WS=23.56MB Managed=203.23MB Threads=63
[04:43:43.805 INF] [T:7] [PerfMonitor] Time:2026-04-09 19:43:43.778Z CPU=0.0% WS=24.81MB Managed=204.84MB Threads=62
[04:44:43.806 INF] [T:7] [PerfMonitor] Time:2026-04-09 19:44:43.779Z CPU=0.0% WS=28.28MB Managed=199.36MB Threads=65
[04:45:43.809 INF] [T:7] [PerfMonitor] Time:2026-04-09 19:45:43.782Z CPU=0.0% WS=27.56MB Managed=200.99MB Threads=62
[04:46:43.811 INF] [T:7] [PerfMonitor] Time:2026-04-09 19:46:43.784Z CPU=0.0% WS=27.52MB Managed=202.62MB Threads=62
[05:03:31.580 INF] [T:7] [PerfMonitor] Time:2026-04-09 20:03:31.552Z CPU=0.0% WS=20.52MB Managed=204.26MB Threads=64
[05:04:31.579 INF] [T:7] [PerfMonitor] Time:2026-04-09 20:04:31.552Z CPU=0.0% WS=27.23MB Managed=198.58MB Threads=62
[05:05:31.579 INF] [T:7] [PerfMonitor] Time:2026-04-09 20:05:31.552Z CPU=0.0% WS=27.70MB Managed=200.17MB Threads=62
[05:06:31.580 INF] [T:7] [PerfMonitor] Time:2026-04-09 20:06:31.553Z CPU=0.0% WS=28.08MB Managed=201.79MB Threads=62
[05:07:31.580 INF] [T:7] [PerfMonitor] Time:2026-04-09 20:07:31.553Z CPU=0.0% WS=28.48MB Managed=203.36MB Threads=62
[05:08:31.582 INF] [T:7] [PerfMonitor] Time:2026-04-09 20:08:31.553Z CPU=0.0% WS=26.91MB Managed=204.98MB Threads=64
[05:09:31.580 INF] [T:7] [PerfMonitor] Time:2026-04-09 20:09:31.553Z CPU=0.0% WS=27.94MB Managed=199.40MB Threads=63
[05:26:47.481 INF] [T:7] [PerfMonitor] Time:2026-04-09 20:26:47.454Z CPU=0.0% WS=18.50MB Managed=201.04MB Threads=64
[05:27:47.482 INF] [T:7] [PerfMonitor] Time:2026-04-09 20:27:47.452Z CPU=0.0% WS=21.31MB Managed=202.64MB Threads=62
[05:28:47.482 INF] [T:7] [PerfMonitor] Time:2026-04-09 20:28:47.452Z CPU=0.0% WS=23.00MB Managed=204.23MB Threads=62
[05:45:36.898 INF] [T:7] [PerfMonitor] Time:2026-04-09 20:45:36.870Z CPU=0.0% WS=27.81MB Managed=198.67MB Threads=63
[05:46:36.897 INF] [T:7] [PerfMonitor] Time:2026-04-09 20:46:36.869Z CPU=0.0% WS=25.77MB Managed=200.29MB Threads=62
[05:47:36.897 INF] [T:7] [PerfMonitor] Time:2026-04-09 20:47:36.870Z CPU=0.0% WS=25.11MB Managed=201.88MB Threads=63
[05:48:36.898 INF] [T:7] [PerfMonitor] Time:2026-04-09 20:48:36.869Z CPU=0.0% WS=22.39MB Managed=203.49MB Threads=63
[05:49:36.898 INF] [T:7] [PerfMonitor] Time:2026-04-09 20:49:36.870Z CPU=0.0% WS=23.55MB Managed=205.08MB Threads=63
[05:50:36.899 INF] [T:7] [PerfMonitor] Time:2026-04-09 20:50:36.871Z CPU=0.0% WS=27.95MB Managed=199.49MB Threads=62
[05:51:36.897 INF] [T:7] [PerfMonitor] Time:2026-04-09 20:51:36.887Z CPU=0.0% WS=25.64MB Managed=201.09MB Threads=63
[05:52:36.898 INF] [T:7] [PerfMonitor] Time:2026-04-09 20:52:36.871Z CPU=0.0% WS=26.45MB Managed=202.71MB Threads=62
[06:09:32.372 INF] [T:7] [PerfMonitor] Time:2026-04-09 21:09:32.345Z CPU=0.0% WS=19.94MB Managed=204.32MB Threads=64
[06:10:32.371 INF] [T:7] [PerfMonitor] Time:2026-04-09 21:10:32.344Z CPU=0.0% WS=27.23MB Managed=198.81MB Threads=65
[06:11:32.371 INF] [T:7] [PerfMonitor] Time:2026-04-09 21:11:32.344Z CPU=0.0% WS=27.64MB Managed=200.43MB Threads=63
[06:12:32.370 INF] [T:7] [PerfMonitor] Time:2026-04-09 21:12:32.344Z CPU=0.0% WS=27.31MB Managed=202.01MB Threads=62
[06:13:32.372 INF] [T:7] [PerfMonitor] Time:2026-04-09 21:13:32.344Z CPU=0.0% WS=26.92MB Managed=203.60MB Threads=62
[06:14:32.371 INF] [T:7] [PerfMonitor] Time:2026-04-09 21:14:32.345Z CPU=0.0% WS=26.91MB Managed=198.04MB Threads=63
[06:15:32.373 INF] [T:7] [PerfMonitor] Time:2026-04-09 21:15:32.347Z CPU=0.0% WS=27.05MB Managed=199.67MB Threads=64
[06:32:13.561 INF] [T:7] [PerfMonitor] Time:2026-04-09 21:32:13.532Z CPU=0.0% WS=26.02MB Managed=201.27MB Threads=62
[06:33:13.559 INF] [T:7] [PerfMonitor] Time:2026-04-09 21:33:13.533Z CPU=0.0% WS=21.06MB Managed=202.88MB Threads=62
[06:34:13.559 INF] [T:7] [PerfMonitor] Time:2026-04-09 21:34:13.531Z CPU=0.0% WS=22.28MB Managed=204.45MB Threads=63
[06:35:13.559 INF] [T:7] [PerfMonitor] Time:2026-04-09 21:35:13.531Z CPU=0.0% WS=27.92MB Managed=198.89MB Threads=64
[06:36:13.559 INF] [T:7] [PerfMonitor] Time:2026-04-09 21:36:13.531Z CPU=0.0% WS=25.91MB Managed=200.51MB Threads=63
[06:37:13.560 INF] [T:7] [PerfMonitor] Time:2026-04-09 21:37:13.531Z CPU=0.0% WS=26.39MB Managed=202.14MB Threads=63
[06:46:49.685 INF] [T:7] [PerfMonitor] Time:2026-04-09 21:46:49.662Z CPU=0.0% WS=22.41MB Managed=203.76MB Threads=62
[07:02:49.081 INF] [T:7] [PerfMonitor] Time:2026-04-09 22:02:49.052Z CPU=0.0% WS=25.00MB Managed=198.12MB Threads=63
[07:19:18.454 INF] [T:7] [PerfMonitor] Time:2026-04-09 22:19:18.426Z CPU=0.0% WS=26.84MB Managed=199.74MB Threads=63
[07:20:18.455 INF] [T:7] [PerfMonitor] Time:2026-04-09 22:20:18.426Z CPU=0.0% WS=27.31MB Managed=201.35MB Threads=63
[07:21:18.454 INF] [T:7] [PerfMonitor] Time:2026-04-09 22:21:18.427Z CPU=0.0% WS=18.05MB Managed=202.94MB Threads=62
[07:22:18.455 INF] [T:7] [PerfMonitor] Time:2026-04-09 22:22:18.428Z CPU=0.0% WS=21.70MB Managed=204.54MB Threads=63
[07:23:18.455 INF] [T:7] [PerfMonitor] Time:2026-04-09 22:23:18.427Z CPU=0.0% WS=27.92MB Managed=198.94MB Threads=62
[07:24:18.453 INF] [T:7] [PerfMonitor] Time:2026-04-09 22:24:18.428Z CPU=0.0% WS=28.28MB Managed=200.54MB Threads=62
[07:25:18.452 INF] [T:7] [PerfMonitor] Time:2026-04-09 22:25:18.427Z CPU=0.0% WS=25.53MB Managed=202.15MB Threads=63
[07:26:18.453 INF] [T:7] [PerfMonitor] Time:2026-04-09 22:26:18.427Z CPU=0.0% WS=27.34MB Managed=203.76MB Threads=63
[07:27:18.454 INF] [T:7] [PerfMonitor] Time:2026-04-09 22:27:18.427Z CPU=0.0% WS=27.55MB Managed=198.18MB Threads=63
[07:28:18.454 INF] [T:7] [PerfMonitor] Time:2026-04-09 22:28:18.430Z CPU=0.0% WS=26.73MB Managed=199.76MB Threads=62
[07:46:32.418 INF] [T:7] [PerfMonitor] Time:2026-04-09 22:46:32.394Z CPU=0.0% WS=19.09MB Managed=201.36MB Threads=62
[07:47:32.417 INF] [T:7] [PerfMonitor] Time:2026-04-09 22:47:32.390Z CPU=0.0% WS=20.23MB Managed=202.96MB Threads=62
[07:48:32.416 INF] [T:7] [PerfMonitor] Time:2026-04-09 22:48:32.390Z CPU=0.0% WS=22.31MB Managed=204.56MB Threads=62
[07:49:32.415 INF] [T:7] [PerfMonitor] Time:2026-04-09 22:49:32.388Z CPU=0.0% WS=27.81MB Managed=198.63MB Threads=62
[07:50:32.414 INF] [T:7] [PerfMonitor] Time:2026-04-09 22:50:32.388Z CPU=0.0% WS=28.61MB Managed=200.28MB Threads=63
[07:51:32.414 INF] [T:7] [PerfMonitor] Time:2026-04-09 22:51:32.387Z CPU=0.0% WS=28.84MB Managed=201.90MB Threads=62
[07:52:32.412 INF] [T:7] [PerfMonitor] Time:2026-04-09 22:52:32.385Z CPU=0.0% WS=27.27MB Managed=203.51MB Threads=63
[08:10:21.590 INF] [T:7] [PerfMonitor] Time:2026-04-09 23:10:21.563Z CPU=0.0% WS=27.44MB Managed=197.87MB Threads=64
[08:11:21.590 INF] [T:7] [PerfMonitor] Time:2026-04-09 23:11:21.562Z CPU=0.0% WS=24.98MB Managed=199.48MB Threads=62
[08:12:21.587 INF] [T:7] [PerfMonitor] Time:2026-04-09 23:12:21.561Z CPU=0.0% WS=24.52MB Managed=201.10MB Threads=63
[08:13:21.585 INF] [T:7] [PerfMonitor] Time:2026-04-09 23:13:21.559Z CPU=0.0% WS=22.30MB Managed=202.70MB Threads=63
[08:14:21.585 INF] [T:7] [PerfMonitor] Time:2026-04-09 23:14:21.559Z CPU=0.0% WS=22.36MB Managed=204.31MB Threads=62
[08:15:21.586 INF] [T:7] [PerfMonitor] Time:2026-04-09 23:15:21.557Z CPU=0.0% WS=24.66MB Managed=198.69MB Threads=62
[08:31:21.871 INF] [T:7] [PerfMonitor] Time:2026-04-09 23:31:21.845Z CPU=0.0% WS=19.77MB Managed=200.31MB Threads=63
[08:32:21.872 INF] [T:7] [PerfMonitor] Time:2026-04-09 23:32:21.845Z CPU=0.0% WS=20.00MB Managed=201.93MB Threads=62
[08:33:21.870 INF] [T:7] [PerfMonitor] Time:2026-04-09 23:33:21.844Z CPU=0.0% WS=22.22MB Managed=203.52MB Threads=62
[08:34:21.867 INF] [T:7] [PerfMonitor] Time:2026-04-09 23:34:21.842Z CPU=0.0% WS=27.55MB Managed=197.91MB Threads=63
[08:35:21.869 INF] [T:7] [PerfMonitor] Time:2026-04-09 23:35:21.842Z CPU=0.0% WS=24.77MB Managed=199.52MB Threads=64
[09:03:34.870 INF] [T:7] [PerfMonitor] Time:2026-04-09 23:48:14.545Z CPU=0.0% WS=23.78MB Managed=201.11MB Threads=62
[09:04:34.689 INF] [T:7] [PerfMonitor] Time:2026-04-10 00:04:34.664Z CPU=0.0% WS=20.22MB Managed=202.74MB Threads=63
[09:05:34.689 INF] [T:7] [PerfMonitor] Time:2026-04-10 00:05:34.662Z CPU=0.0% WS=22.75MB Managed=204.36MB Threads=62
[09:06:34.689 INF] [T:7] [PerfMonitor] Time:2026-04-10 00:06:34.664Z CPU=0.0% WS=28.12MB Managed=198.74MB Threads=63
[09:07:34.689 INF] [T:7] [PerfMonitor] Time:2026-04-10 00:07:34.664Z CPU=0.0% WS=27.33MB Managed=200.38MB Threads=62
[09:08:34.690 INF] [T:7] [PerfMonitor] Time:2026-04-10 00:08:34.662Z CPU=0.0% WS=26.50MB Managed=201.96MB Threads=62
[09:09:34.689 INF] [T:7] [PerfMonitor] Time:2026-04-10 00:09:34.680Z CPU=0.0% WS=20.81MB Managed=203.59MB Threads=63
[09:26:23.094 INF] [T:7] [PerfMonitor] Time:2026-04-10 00:26:23.066Z CPU=0.0% WS=26.62MB Managed=198.01MB Threads=63
[09:27:23.095 INF] [T:7] [PerfMonitor] Time:2026-04-10 00:27:23.069Z CPU=0.0% WS=26.62MB Managed=199.62MB Threads=62
[09:28:23.095 INF] [T:7] [PerfMonitor] Time:2026-04-10 00:28:23.068Z CPU=0.0% WS=24.27MB Managed=201.22MB Threads=63
[09:29:23.095 INF] [T:7] [PerfMonitor] Time:2026-04-10 00:29:23.068Z CPU=0.0% WS=20.52MB Managed=202.82MB Threads=63
[09:30:23.100 INF] [T:7] [PerfMonitor] Time:2026-04-10 00:30:23.068Z CPU=0.0% WS=22.56MB Managed=204.47MB Threads=62
[09:31:23.095 INF] [T:7] [PerfMonitor] Time:2026-04-10 00:31:23.066Z CPU=0.0% WS=27.84MB Managed=198.90MB Threads=63
[09:36:07.248 INF] [T:7] [PerfMonitor] Time:2026-04-10 00:36:07.221Z CPU=0.0% WS=25.66MB Managed=200.55MB Threads=64
[09:46:03.585 INF] [T:7] [PerfMonitor] Time:2026-04-10 00:46:03.558Z CPU=0.0% WS=16.80MB Managed=202.18MB Threads=65
[09:47:03.586 INF] [T:7] [PerfMonitor] Time:2026-04-10 00:47:03.558Z CPU=0.0% WS=20.17MB Managed=203.81MB Threads=63
[09:48:03.585 INF] [T:7] [PerfMonitor] Time:2026-04-10 00:48:03.558Z CPU=0.0% WS=26.48MB Managed=198.16MB Threads=63
[09:49:03.585 INF] [T:7] [PerfMonitor] Time:2026-04-10 00:49:03.558Z CPU=0.0% WS=25.56MB Managed=199.79MB Threads=62
[09:50:03.586 INF] [T:7] [PerfMonitor] Time:2026-04-10 00:50:03.558Z CPU=0.0% WS=19.20MB Managed=201.39MB Threads=63
[09:51:03.585 INF] [T:7] [PerfMonitor] Time:2026-04-10 00:51:03.558Z CPU=0.0% WS=21.45MB Managed=202.99MB Threads=63
[09:52:03.585 INF] [T:7] [PerfMonitor] Time:2026-04-10 00:52:03.559Z CPU=0.0% WS=23.12MB Managed=204.59MB Threads=62
[09:53:03.585 INF] [T:7] [PerfMonitor] Time:2026-04-10 00:53:03.558Z CPU=0.0% WS=21.55MB Managed=199.04MB Threads=62
[09:54:03.585 INF] [T:7] [PerfMonitor] Time:2026-04-10 00:54:03.558Z CPU=0.0% WS=18.42MB Managed=200.62MB Threads=62
[09:55:03.585 INF] [T:7] [PerfMonitor] Time:2026-04-10 00:55:03.558Z CPU=0.0% WS=19.33MB Managed=202.23MB Threads=62
[09:56:03.586 INF] [T:7] [PerfMonitor] Time:2026-04-10 00:56:03.558Z CPU=0.0% WS=16.33MB Managed=203.82MB Threads=62
[09:57:03.585 INF] [T:7] [PerfMonitor] Time:2026-04-10 00:57:03.558Z CPU=0.0% WS=26.58MB Managed=198.19MB Threads=63
[09:58:03.585 INF] [T:7] [PerfMonitor] Time:2026-04-10 00:58:03.558Z CPU=0.1% WS=28.44MB Managed=200.64MB Threads=64
[09:59:03.585 INF] [T:7] [PerfMonitor] Time:2026-04-10 00:59:03.558Z CPU=0.1% WS=29.20MB Managed=204.73MB Threads=63
[10:00:03.586 INF] [T:7] [PerfMonitor] Time:2026-04-10 01:00:03.558Z CPU=0.1% WS=28.58MB Managed=200.88MB Threads=63
[10:01:03.585 INF] [T:7] [PerfMonitor] Time:2026-04-10 01:01:03.558Z CPU=0.1% WS=29.38MB Managed=204.99MB Threads=62
[10:01:33.858 DBG] [T:100] [Game] Received a termination request from the client. isClosing=false
[10:01:33.867 DBG] [T:100] [Game] The session 0 has been closed. reason="ClientClosing"
[10:01:33.872 DBG] [T:100] [Game] Peer leaved. uid=0, reason="ClientClosing"
[10:02:03.897 INF] [T:7] [PerfMonitor] Time:2026-04-10 01:02:03.871Z CPU=0.0% WS=50.58MB Managed=204.08MB Threads=62
[10:03:03.898 INF] [T:7] [PerfMonitor] Time:2026-04-10 01:03:03.870Z CPU=0.0% WS=50.72MB Managed=197.96MB Threads=62
[10:04:03.899 INF] [T:7] [PerfMonitor] Time:2026-04-10 01:04:03.870Z CPU=0.0% WS=50.70MB Managed=199.33MB Threads=62
[10:05:03.898 INF] [T:7] [PerfMonitor] Time:2026-04-10 01:05:03.871Z CPU=0.0% WS=50.72MB Managed=200.72MB Threads=62
[10:06:03.898 INF] [T:7] [PerfMonitor] Time:2026-04-10 01:06:03.870Z CPU=0.0% WS=50.75MB Managed=202.09MB Threads=62
[10:07:03.897 INF] [T:7] [PerfMonitor] Time:2026-04-10 01:07:03.877Z CPU=0.0% WS=50.80MB Managed=203.47MB Threads=62
[10:08:03.898 INF] [T:7] [PerfMonitor] Time:2026-04-10 01:08:03.870Z CPU=0.0% WS=50.83MB Managed=204.88MB Threads=63
[10:09:03.898 INF] [T:7] [PerfMonitor] Time:2026-04-10 01:09:03.871Z CPU=0.0% WS=51.06MB Managed=198.82MB Threads=63
[10:10:03.898 INF] [T:7] [PerfMonitor] Time:2026-04-10 01:10:03.872Z CPU=0.0% WS=51.05MB Managed=200.25MB Threads=63
[10:11:03.898 INF] [T:7] [PerfMonitor] Time:2026-04-10 01:11:03.871Z CPU=0.0% WS=51.06MB Managed=201.62MB Threads=63
[10:12:03.898 INF] [T:7] [PerfMonitor] Time:2026-04-10 01:12:03.870Z CPU=0.0% WS=51.05MB Managed=203.02MB Threads=62
[10:13:03.899 INF] [T:7] [PerfMonitor] Time:2026-04-10 01:13:03.870Z CPU=0.0% WS=51.05MB Managed=204.43MB Threads=62
[10:14:03.898 INF] [T:7] [PerfMonitor] Time:2026-04-10 01:14:03.871Z CPU=0.0% WS=51.05MB Managed=198.37MB Threads=62
[10:15:03.898 INF] [T:7] [PerfMonitor] Time:2026-04-10 01:15:03.871Z CPU=0.0% WS=51.06MB Managed=199.76MB Threads=63
[10:16:03.898 INF] [T:7] [PerfMonitor] Time:2026-04-10 01:16:03.870Z CPU=0.0% WS=51.06MB Managed=201.15MB Threads=63
[10:17:03.898 INF] [T:7] [PerfMonitor] Time:2026-04-10 01:17:03.871Z CPU=0.0% WS=51.08MB Managed=202.56MB Threads=63
[10:18:03.914 INF] [T:7] [PerfMonitor] Time:2026-04-10 01:18:03.886Z CPU=0.0% WS=51.06MB Managed=203.93MB Threads=62
[10:19:03.934 INF] [T:7] [PerfMonitor] Time:2026-04-10 01:19:03.906Z CPU=0.0% WS=51.08MB Managed=205.32MB Threads=62
[10:20:03.936 INF] [T:7] [PerfMonitor] Time:2026-04-10 01:20:03.909Z CPU=0.0% WS=51.08MB Managed=199.25MB Threads=62
[10:21:03.939 INF] [T:7] [PerfMonitor] Time:2026-04-10 01:21:03.911Z CPU=0.0% WS=51.08MB Managed=200.64MB Threads=62
[10:22:03.940 INF] [T:7] [PerfMonitor] Time:2026-04-10 01:22:03.912Z CPU=0.0% WS=51.08MB Managed=202.02MB Threads=62
[10:23:03.942 INF] [T:7] [PerfMonitor] Time:2026-04-10 01:23:03.914Z CPU=0.0% WS=51.11MB Managed=203.42MB Threads=64
[10:24:03.944 INF] [T:7] [PerfMonitor] Time:2026-04-10 01:24:03.916Z CPU=0.0% WS=51.08MB Managed=204.81MB Threads=62
[10:25:03.946 INF] [T:7] [PerfMonitor] Time:2026-04-10 01:25:03.917Z CPU=0.0% WS=51.08MB Managed=198.80MB Threads=62
[10:26:03.947 INF] [T:7] [PerfMonitor] Time:2026-04-10 01:26:03.919Z CPU=0.0% WS=51.09MB Managed=200.19MB Threads=63
[10:27:03.949 INF] [T:7] [PerfMonitor] Time:2026-04-10 01:27:03.921Z CPU=0.0% WS=51.09MB Managed=201.58MB Threads=63
[10:28:03.951 INF] [T:7] [PerfMonitor] Time:2026-04-10 01:28:03.923Z CPU=0.0% WS=51.09MB Managed=202.97MB Threads=63
[10:29:03.953 INF] [T:7] [PerfMonitor] Time:2026-04-10 01:29:03.925Z CPU=0.0% WS=51.08MB Managed=204.36MB Threads=62
[10:30:03.953 INF] [T:7] [PerfMonitor] Time:2026-04-10 01:30:03.927Z CPU=0.0% WS=51.08MB Managed=198.30MB Threads=62
[10:31:03.957 INF] [T:7] [PerfMonitor] Time:2026-04-10 01:31:03.929Z CPU=0.0% WS=49.62MB Managed=199.72MB Threads=63
[10:32:03.959 INF] [T:7] [PerfMonitor] Time:2026-04-10 01:32:03.930Z CPU=0.0% WS=49.61MB Managed=201.11MB Threads=62
[10:33:03.960 INF] [T:7] [PerfMonitor] Time:2026-04-10 01:33:03.932Z CPU=0.0% WS=49.39MB Managed=202.52MB Threads=63
[10:34:03.903 INF] [T:7] [PerfMonitor] Time:2026-04-10 01:34:03.876Z CPU=0.0% WS=49.45MB Managed=203.91MB Threads=64
[10:35:03.902 INF] [T:7] [PerfMonitor] Time:2026-04-10 01:35:03.874Z CPU=0.0% WS=49.42MB Managed=205.31MB Threads=62
[10:36:03.900 INF] [T:7] [PerfMonitor] Time:2026-04-10 01:36:03.872Z CPU=0.0% WS=49.45MB Managed=199.30MB Threads=63
[10:37:03.898 INF] [T:7] [PerfMonitor] Time:2026-04-10 01:37:03.871Z CPU=0.0% WS=49.44MB Managed=200.69MB Threads=62
[10:38:03.897 INF] [T:7] [PerfMonitor] Time:2026-04-10 01:38:03.869Z CPU=0.0% WS=49.44MB Managed=202.07MB Threads=62
[10:39:03.895 INF] [T:7] [PerfMonitor] Time:2026-04-10 01:39:03.868Z CPU=0.0% WS=49.44MB Managed=203.43MB Threads=62
[10:40:03.894 INF] [T:7] [PerfMonitor] Time:2026-04-10 01:40:03.866Z CPU=0.0% WS=49.44MB Managed=204.82MB Threads=62
[10:41:03.902 INF] [T:7] [PerfMonitor] Time:2026-04-10 01:41:03.871Z CPU=0.0% WS=49.25MB Managed=198.83MB Threads=63
[10:42:03.891 INF] [T:7] [PerfMonitor] Time:2026-04-10 01:42:03.863Z CPU=0.0% WS=49.27MB Managed=200.24MB Threads=64
[10:43:03.888 INF] [T:7] [PerfMonitor] Time:2026-04-10 01:43:03.861Z CPU=0.0% WS=49.27MB Managed=201.65MB Threads=63
[10:44:03.888 INF] [T:7] [PerfMonitor] Time:2026-04-10 01:44:03.860Z CPU=0.0% WS=49.27MB Managed=203.05MB Threads=63
[10:45:03.886 INF] [T:7] [PerfMonitor] Time:2026-04-10 01:45:03.858Z CPU=0.0% WS=49.30MB Managed=204.44MB Threads=63
[10:53:05.158 INF] [T:7] [PerfMonitor] Time:2026-04-10 01:53:05.131Z CPU=0.0% WS=33.80MB Managed=198.04MB Threads=62
[10:54:05.163 INF] [T:7] [PerfMonitor] Time:2026-04-10 01:54:05.135Z CPU=0.0% WS=35.06MB Managed=199.44MB Threads=63
[10:55:05.162 INF] [T:7] [PerfMonitor] Time:2026-04-10 01:55:05.135Z CPU=0.0% WS=35.08MB Managed=200.82MB Threads=63
[10:56:05.162 INF] [T:7] [PerfMonitor] Time:2026-04-10 01:56:05.135Z CPU=0.0% WS=35.08MB Managed=202.21MB Threads=63
[10:57:05.161 INF] [T:7] [PerfMonitor] Time:2026-04-10 01:57:05.134Z CPU=0.0% WS=34.95MB Managed=203.61MB Threads=63
[10:58:05.160 INF] [T:7] [PerfMonitor] Time:2026-04-10 01:58:05.133Z CPU=0.0% WS=35.25MB Managed=204.99MB Threads=62
[10:59:05.160 INF] [T:7] [PerfMonitor] Time:2026-04-10 01:59:05.133Z CPU=0.0% WS=35.31MB Managed=198.96MB Threads=63
[11:00:05.160 INF] [T:7] [PerfMonitor] Time:2026-04-10 02:00:05.132Z CPU=0.0% WS=35.28MB Managed=200.37MB Threads=62
[11:01:05.159 INF] [T:7] [PerfMonitor] Time:2026-04-10 02:01:05.132Z CPU=0.0% WS=33.97MB Managed=201.76MB Threads=62
[11:02:05.158 INF] [T:7] [PerfMonitor] Time:2026-04-10 02:02:05.131Z CPU=0.0% WS=34.19MB Managed=203.17MB Threads=63
[11:03:05.158 INF] [T:7] [PerfMonitor] Time:2026-04-10 02:03:05.131Z CPU=0.0% WS=34.89MB Managed=204.55MB Threads=62
[11:04:05.156 INF] [T:7] [PerfMonitor] Time:2026-04-10 02:04:05.131Z CPU=0.0% WS=35.12MB Managed=198.50MB Threads=62
[11:05:05.157 INF] [T:7] [PerfMonitor] Time:2026-04-10 02:05:05.130Z CPU=0.0% WS=35.14MB Managed=199.90MB Threads=63
[11:06:05.157 INF] [T:7] [PerfMonitor] Time:2026-04-10 02:06:05.129Z CPU=0.0% WS=35.22MB Managed=201.28MB Threads=62
[11:07:05.157 INF] [T:7] [PerfMonitor] Time:2026-04-10 02:07:05.129Z CPU=0.0% WS=32.92MB Managed=202.68MB Threads=63
[11:08:05.155 INF] [T:7] [PerfMonitor] Time:2026-04-10 02:08:05.129Z CPU=0.0% WS=32.91MB Managed=204.06MB Threads=62
[11:09:05.155 INF] [T:7] [PerfMonitor] Time:2026-04-10 02:09:05.128Z CPU=0.0% WS=32.94MB Managed=198.00MB Threads=62
[11:10:05.154 INF] [T:7] [PerfMonitor] Time:2026-04-10 02:10:05.126Z CPU=0.0% WS=34.34MB Managed=199.39MB Threads=63
[11:11:05.154 INF] [T:7] [PerfMonitor] Time:2026-04-10 02:11:05.126Z CPU=0.0% WS=34.28MB Managed=200.77MB Threads=62
[11:12:05.153 INF] [T:7] [PerfMonitor] Time:2026-04-10 02:12:05.126Z CPU=0.0% WS=34.14MB Managed=202.15MB Threads=62
[11:13:05.153 INF] [T:7] [PerfMonitor] Time:2026-04-10 02:13:05.125Z CPU=0.0% WS=32.20MB Managed=203.52MB Threads=62
[11:14:05.153 INF] [T:7] [PerfMonitor] Time:2026-04-10 02:14:05.124Z CPU=0.0% WS=33.02MB Managed=204.90MB Threads=62
[11:15:05.151 INF] [T:7] [PerfMonitor] Time:2026-04-10 02:15:05.125Z CPU=0.0% WS=32.88MB Managed=198.85MB Threads=62
[11:16:05.151 INF] [T:7] [PerfMonitor] Time:2026-04-10 02:16:05.124Z CPU=0.0% WS=33.23MB Managed=200.26MB Threads=63
[11:17:05.151 INF] [T:7] [PerfMonitor] Time:2026-04-10 02:17:05.124Z CPU=0.0% WS=33.38MB Managed=201.65MB Threads=63
[11:18:05.150 INF] [T:7] [PerfMonitor] Time:2026-04-10 02:18:05.123Z CPU=0.0% WS=33.59MB Managed=203.04MB Threads=62
[11:19:05.150 INF] [T:7] [PerfMonitor] Time:2026-04-10 02:19:05.122Z CPU=0.0% WS=32.09MB Managed=204.41MB Threads=62
[11:20:05.150 INF] [T:7] [PerfMonitor] Time:2026-04-10 02:20:05.122Z CPU=0.0% WS=32.30MB Managed=198.27MB Threads=62
[11:21:05.149 INF] [T:7] [PerfMonitor] Time:2026-04-10 02:21:05.121Z CPU=0.0% WS=32.33MB Managed=199.66MB Threads=62
[11:22:05.149 INF] [T:7] [PerfMonitor] Time:2026-04-10 02:22:05.121Z CPU=0.0% WS=32.28MB Managed=201.06MB Threads=62
[11:23:05.147 INF] [T:7] [PerfMonitor] Time:2026-04-10 02:23:05.121Z CPU=0.0% WS=32.30MB Managed=202.43MB Threads=62
[11:24:05.147 INF] [T:7] [PerfMonitor] Time:2026-04-10 02:24:05.120Z CPU=0.0% WS=32.30MB Managed=203.80MB Threads=62
[11:25:05.147 INF] [T:7] [PerfMonitor] Time:2026-04-10 02:25:05.120Z CPU=0.0% WS=32.33MB Managed=205.20MB Threads=63
[11:26:05.147 INF] [T:7] [PerfMonitor] Time:2026-04-10 02:26:05.119Z CPU=0.0% WS=32.36MB Managed=199.11MB Threads=63
[11:27:05.146 INF] [T:7] [PerfMonitor] Time:2026-04-10 02:27:05.118Z CPU=0.0% WS=32.34MB Managed=200.49MB Threads=62
[11:28:05.146 INF] [T:7] [PerfMonitor] Time:2026-04-10 02:28:05.118Z CPU=0.0% WS=32.20MB Managed=201.89MB Threads=62
[11:29:05.145 INF] [T:7] [PerfMonitor] Time:2026-04-10 02:29:05.118Z CPU=0.0% WS=32.11MB Managed=203.27MB Threads=62
[11:30:05.145 INF] [T:7] [PerfMonitor] Time:2026-04-10 02:30:05.117Z CPU=0.0% WS=32.17MB Managed=204.65MB Threads=62
[11:31:05.211 INF] [T:7] [PerfMonitor] Time:2026-04-10 02:31:05.182Z CPU=0.0% WS=31.28MB Managed=198.67MB Threads=62
[11:32:05.211 INF] [T:7] [PerfMonitor] Time:2026-04-10 02:32:05.184Z CPU=0.0% WS=31.66MB Managed=200.08MB Threads=64
[11:33:05.212 INF] [T:7] [PerfMonitor] Time:2026-04-10 02:33:05.184Z CPU=0.0% WS=32.02MB Managed=201.47MB Threads=62
[11:34:05.213 INF] [T:7] [PerfMonitor] Time:2026-04-10 02:34:05.186Z CPU=0.0% WS=32.23MB Managed=202.87MB Threads=62
[11:35:05.215 INF] [T:7] [PerfMonitor] Time:2026-04-10 02:35:05.187Z CPU=0.0% WS=32.33MB Managed=204.27MB Threads=62
[11:36:05.216 INF] [T:7] [PerfMonitor] Time:2026-04-10 02:36:05.189Z CPU=0.0% WS=31.83MB Managed=198.21MB Threads=62
[11:37:05.217 INF] [T:7] [PerfMonitor] Time:2026-04-10 02:37:05.189Z CPU=0.0% WS=31.78MB Managed=199.61MB Threads=62
[11:38:05.219 INF] [T:7] [PerfMonitor] Time:2026-04-10 02:38:05.191Z CPU=0.0% WS=31.86MB Managed=201.02MB Threads=62
[11:39:05.219 INF] [T:7] [PerfMonitor] Time:2026-04-10 02:39:05.191Z CPU=0.0% WS=31.86MB Managed=202.39MB Threads=62
[11:40:05.220 INF] [T:7] [PerfMonitor] Time:2026-04-10 02:40:05.193Z CPU=0.0% WS=31.88MB Managed=203.76MB Threads=63
[11:41:05.221 INF] [T:7] [PerfMonitor] Time:2026-04-10 02:41:05.193Z CPU=0.0% WS=31.88MB Managed=205.18MB Threads=62
[11:42:05.223 INF] [T:7] [PerfMonitor] Time:2026-04-10 02:42:05.197Z CPU=0.0% WS=31.92MB Managed=199.05MB Threads=62
[11:43:05.224 INF] [T:7] [PerfMonitor] Time:2026-04-10 02:43:05.195Z CPU=0.0% WS=31.92MB Managed=200.46MB Threads=62
[11:44:05.225 INF] [T:7] [PerfMonitor] Time:2026-04-10 02:44:05.197Z CPU=0.0% WS=31.92MB Managed=201.85MB Threads=62
[11:45:05.226 INF] [T:7] [PerfMonitor] Time:2026-04-10 02:45:05.198Z CPU=0.0% WS=31.92MB Managed=203.23MB Threads=62
[11:46:05.226 INF] [T:7] [PerfMonitor] Time:2026-04-10 02:46:05.199Z CPU=0.0% WS=31.92MB Managed=204.60MB Threads=62
[11:47:05.227 INF] [T:7] [PerfMonitor] Time:2026-04-10 02:47:05.201Z CPU=0.0% WS=31.94MB Managed=198.57MB Threads=62
[11:48:05.229 INF] [T:7] [PerfMonitor] Time:2026-04-10 02:48:05.201Z CPU=0.0% WS=31.97MB Managed=199.97MB Threads=62
[11:49:05.229 INF] [T:7] [PerfMonitor] Time:2026-04-10 02:49:05.203Z CPU=0.0% WS=31.97MB Managed=201.34MB Threads=62
[11:50:05.232 INF] [T:7] [PerfMonitor] Time:2026-04-10 02:50:05.203Z CPU=0.0% WS=31.95MB Managed=202.72MB Threads=62
[11:51:05.231 INF] [T:7] [PerfMonitor] Time:2026-04-10 02:51:05.204Z CPU=0.0% WS=31.95MB Managed=204.10MB Threads=62
[11:52:05.234 INF] [T:7] [PerfMonitor] Time:2026-04-10 02:52:05.206Z CPU=0.0% WS=31.97MB Managed=205.49MB Threads=62
[11:53:05.233 INF] [T:7] [PerfMonitor] Time:2026-04-10 02:53:05.207Z CPU=0.0% WS=31.98MB Managed=199.45MB Threads=62
[11:54:05.237 INF] [T:7] [PerfMonitor] Time:2026-04-10 02:54:05.209Z CPU=0.0% WS=32.03MB Managed=200.86MB Threads=64
[11:55:05.236 INF] [T:7] [PerfMonitor] Time:2026-04-10 02:55:05.210Z CPU=0.0% WS=32.03MB Managed=202.25MB Threads=63
[11:56:05.239 INF] [T:7] [PerfMonitor] Time:2026-04-10 02:56:05.210Z CPU=0.0% WS=32.02MB Managed=203.64MB Threads=62
[11:57:05.240 INF] [T:7] [PerfMonitor] Time:2026-04-10 02:57:05.211Z CPU=0.0% WS=32.02MB Managed=205.03MB Threads=63
[11:58:05.240 INF] [T:7] [PerfMonitor] Time:2026-04-10 02:58:05.213Z CPU=0.0% WS=32.23MB Managed=198.68MB Threads=62
[11:59:05.242 INF] [T:7] [PerfMonitor] Time:2026-04-10 02:59:05.214Z CPU=0.0% WS=32.23MB Managed=200.08MB Threads=62
[12:00:05.242 INF] [T:7] [PerfMonitor] Time:2026-04-10 03:00:05.215Z CPU=0.0% WS=32.23MB Managed=201.46MB Threads=62
[12:01:05.243 INF] [T:7] [PerfMonitor] Time:2026-04-10 03:01:05.216Z CPU=0.0% WS=25.95MB Managed=202.83MB Threads=62
[12:02:05.245 INF] [T:7] [PerfMonitor] Time:2026-04-10 03:02:05.217Z CPU=0.0% WS=26.28MB Managed=204.21MB Threads=62
[12:03:05.246 INF] [T:7] [PerfMonitor] Time:2026-04-10 03:03:05.218Z CPU=0.0% WS=31.25MB Managed=198.13MB Threads=63
[12:04:05.248 INF] [T:7] [PerfMonitor] Time:2026-04-10 03:04:05.219Z CPU=0.0% WS=31.53MB Managed=199.54MB Threads=63
[12:05:05.248 INF] [T:7] [PerfMonitor] Time:2026-04-10 03:05:05.220Z CPU=0.0% WS=31.83MB Managed=200.92MB Threads=62
[12:06:05.249 INF] [T:7] [PerfMonitor] Time:2026-04-10 03:06:05.221Z CPU=0.0% WS=31.80MB Managed=202.30MB Threads=62
[12:07:05.250 INF] [T:7] [PerfMonitor] Time:2026-04-10 03:07:05.222Z CPU=0.0% WS=31.08MB Managed=203.68MB Threads=62
[12:08:05.251 INF] [T:7] [PerfMonitor] Time:2026-04-10 03:08:05.223Z CPU=0.0% WS=31.53MB Managed=205.08MB Threads=62
[12:09:05.253 INF] [T:7] [PerfMonitor] Time:2026-04-10 03:09:05.224Z CPU=0.0% WS=31.59MB Managed=199.03MB Threads=62
[12:10:05.253 INF] [T:7] [PerfMonitor] Time:2026-04-10 03:10:05.226Z CPU=0.0% WS=32.80MB Managed=200.45MB Threads=64
[12:11:05.254 INF] [T:7] [PerfMonitor] Time:2026-04-10 03:11:05.226Z CPU=0.0% WS=24.67MB Managed=201.85MB Threads=62
[12:12:05.255 INF] [T:7] [PerfMonitor] Time:2026-04-10 03:12:05.227Z CPU=0.0% WS=26.31MB Managed=203.25MB Threads=63
[12:13:05.257 INF] [T:7] [PerfMonitor] Time:2026-04-10 03:13:05.229Z CPU=0.0% WS=27.20MB Managed=204.62MB Threads=62
[12:14:05.258 INF] [T:7] [PerfMonitor] Time:2026-04-10 03:14:05.230Z CPU=0.0% WS=32.47MB Managed=198.58MB Threads=62
[12:15:05.258 INF] [T:7] [PerfMonitor] Time:2026-04-10 03:15:05.231Z CPU=0.0% WS=32.59MB Managed=199.97MB Threads=64
[12:16:05.260 INF] [T:7] [PerfMonitor] Time:2026-04-10 03:16:05.232Z CPU=0.0% WS=32.73MB Managed=201.35MB Threads=62
[12:17:05.260 INF] [T:7] [PerfMonitor] Time:2026-04-10 03:17:05.234Z CPU=0.0% WS=32.73MB Managed=202.73MB Threads=62
[12:18:05.262 INF] [T:7] [PerfMonitor] Time:2026-04-10 03:18:05.234Z CPU=0.0% WS=32.73MB Managed=204.12MB Threads=62
[12:19:05.263 INF] [T:7] [PerfMonitor] Time:2026-04-10 03:19:05.235Z CPU=0.0% WS=28.41MB Managed=198.05MB Threads=63
[12:19:26.076 INF] [T:1] [Game] Logger setup was successful: Game
[12:19:26.222 DBG] [T:1] [Game] [Engine] Discovered '12' commands: [19999, 10007, 10006, 10000, 10008, 10010, 10009, 10001, 10004, 10005, 10003, 10002]
[12:19:26.224 INF] [T:1] [Game] The server Game is initialized.
[12:19:26.906 INF] [T:1] [Game] Listener (0.0.0.0:10001:"Tcp") was started.
[12:19:26.907 INF] [T:1] [Game] Listener (0.0.0.0:10002:"Udp") was started.
[12:19:26.909 INF] [T:1] [Game] The server instance Game was been started!
[12:19:26.911 INF] [T:1] [Game] Group=Dev, Name=Game, Env="Local", Region=Local, Public=121.135.249.98, Private=192.168.0.191, DnsName=
[12:19:30.466 DBG] [T:8] [Game] A new session connected. sessionId=4480554860084723712, remoteEndPoint=127.0.0.1:63937
[12:19:30.538 DBG] [T:10] [Game] Session authentication succeeded. sessionId=4480554860084723712, peerId=1
[12:19:30.576 INF] [T:56] [Game] Session 4480554860084723712 UDP Socket Created: 127.0.0.1:57347
[12:19:30.578 DBG] [T:56] [Game] UDP hello OK - pid=1, sid=4480554860084723712, mtu=1200
[12:20:26.230 INF] [T:7] [PerfMonitor] Time:2026-04-10 03:20:25.227Z CPU=0.0% WS=75.25MB Managed=198.46MB Threads=64
[12:21:26.227 INF] [T:7] [PerfMonitor] Time:2026-04-10 03:21:25.227Z CPU=0.0% WS=75.14MB Managed=200.10MB Threads=63
[12:22:26.229 INF] [T:7] [PerfMonitor] Time:2026-04-10 03:22:25.229Z CPU=0.0% WS=76.97MB Managed=201.73MB Threads=63
[12:23:26.231 INF] [T:7] [PerfMonitor] Time:2026-04-10 03:23:25.229Z CPU=0.0% WS=58.06MB Managed=203.32MB Threads=64
[12:24:26.231 INF] [T:7] [PerfMonitor] Time:2026-04-10 03:24:25.231Z CPU=0.0% WS=60.05MB Managed=204.93MB Threads=64
[12:25:26.231 INF] [T:7] [PerfMonitor] Time:2026-04-10 03:25:25.233Z CPU=0.0% WS=69.95MB Managed=198.85MB Threads=62
[12:26:26.168 INF] [T:7] [PerfMonitor] Time:2026-04-10 03:26:25.168Z CPU=0.0% WS=69.50MB Managed=200.47MB Threads=64
[12:27:26.167 INF] [T:7] [PerfMonitor] Time:2026-04-10 03:27:25.168Z CPU=0.0% WS=65.84MB Managed=202.07MB Threads=62
[12:28:26.169 INF] [T:7] [PerfMonitor] Time:2026-04-10 03:28:25.168Z CPU=0.0% WS=64.86MB Managed=203.73MB Threads=63
[12:29:26.168 INF] [T:7] [PerfMonitor] Time:2026-04-10 03:29:25.168Z CPU=0.0% WS=60.45MB Managed=198.12MB Threads=63
[12:30:26.167 INF] [T:7] [PerfMonitor] Time:2026-04-10 03:30:25.167Z CPU=0.0% WS=65.64MB Managed=199.74MB Threads=63
[12:31:26.166 INF] [T:7] [PerfMonitor] Time:2026-04-10 03:31:26.166Z CPU=0.0% WS=57.94MB Managed=201.38MB Threads=63
[12:32:26.167 INF] [T:7] [PerfMonitor] Time:2026-04-10 03:32:25.166Z CPU=0.0% WS=57.28MB Managed=202.96MB Threads=62
[12:33:26.166 INF] [T:7] [PerfMonitor] Time:2026-04-10 03:33:25.167Z CPU=0.0% WS=57.89MB Managed=204.57MB Threads=63
[12:34:26.166 INF] [T:7] [PerfMonitor] Time:2026-04-10 03:34:26.166Z CPU=0.0% WS=45.09MB Managed=198.95MB Threads=62
[12:35:26.166 INF] [T:7] [PerfMonitor] Time:2026-04-10 03:35:25.166Z CPU=0.0% WS=53.91MB Managed=200.54MB Threads=62
[12:36:26.165 INF] [T:7] [PerfMonitor] Time:2026-04-10 03:36:25.165Z CPU=0.0% WS=50.03MB Managed=202.17MB Threads=63
[12:37:26.165 INF] [T:7] [PerfMonitor] Time:2026-04-10 03:37:26.165Z CPU=0.0% WS=40.83MB Managed=203.80MB Threads=62
[12:37:38.484 INF] [T:1] [Game] Logger setup was successful: Game
[12:37:38.627 DBG] [T:1] [Game] [Engine] Discovered '12' commands: [19999, 10007, 10006, 10000, 10008, 10010, 10009, 10001, 10004, 10005, 10003, 10002]
[12:37:38.629 INF] [T:1] [Game] The server Game is initialized.
[12:37:39.300 INF] [T:1] [Game] Listener (0.0.0.0:10001:"Tcp") was started.
[12:37:39.301 INF] [T:1] [Game] Listener (0.0.0.0:10002:"Udp") was started.
[12:37:39.303 INF] [T:1] [Game] The server instance Game was been started!
[12:37:39.304 INF] [T:1] [Game] Group=Dev, Name=Game, Env="Local", Region=Local, Public=121.135.249.98, Private=192.168.0.191, DnsName=
[12:37:43.610 DBG] [T:44] [Game] A new session connected. sessionId=5197894482476924928, remoteEndPoint=127.0.0.1:64229
[12:37:43.686 DBG] [T:55] [Game] Session authentication succeeded. sessionId=5197894482476924928, peerId=1
[12:37:43.727 INF] [T:57] [Game] Session 5197894482476924928 UDP Socket Created: 127.0.0.1:56431
[12:37:43.729 DBG] [T:57] [Game] UDP hello OK - pid=1, sid=5197894482476924928, mtu=1200
[12:38:38.633 INF] [T:7] [PerfMonitor] Time:2026-04-10 03:38:38.629Z CPU=0.1% WS=78.42MB Managed=197.83MB Threads=63
[12:39:17.998 DBG] [T:11] [Game] Received a termination request from the client. isClosing=false
[12:39:18.001 DBG] [T:11] [Game] The session 0 has been closed. reason="ClientClosing"
[12:39:18.004 DBG] [T:11] [Game] Peer leaved. uid=0, reason="ClientClosing"
[12:39:38.629 INF] [T:7] [PerfMonitor] Time:2026-04-10 03:39:37.629Z CPU=0.0% WS=76.12MB Managed=197.84MB Threads=62
[12:40:20.973 INF] [T:1] [Game] Logger setup was successful: Game
[12:40:21.116 DBG] [T:1] [Game] [Engine] Discovered '12' commands: [19999, 10007, 10006, 10000, 10008, 10010, 10009, 10001, 10004, 10005, 10003, 10002]
[12:40:21.118 INF] [T:1] [Game] The server Game is initialized.
[12:40:21.122 INF] [T:7] [PerfMonitor] Time:2026-04-10 03:40:21.119Z CPU=0.6% WS=61.59MB Managed=799.84KB Threads=17
[12:40:21.771 INF] [T:1] [Game] Listener (0.0.0.0:10001:"Tcp") was started.
[12:40:21.772 INF] [T:1] [Game] Listener (0.0.0.0:10002:"Udp") was started.
[12:40:21.773 INF] [T:1] [Game] The server instance Game was been started!
[12:40:21.774 INF] [T:1] [Game] Group=Dev, Name=Game, Env="Local", Region=Local, Public=121.135.249.98, Private=192.168.0.191, DnsName=
[12:40:26.403 DBG] [T:57] [Game] A new session connected. sessionId=2139050441059598336, remoteEndPoint=127.0.0.1:64305
[12:40:26.469 DBG] [T:57] [Game] Session authentication succeeded. sessionId=2139050441059598336, peerId=1
[12:40:26.509 INF] [T:55] [Game] Session 2139050441059598336 UDP Socket Created: 127.0.0.1:58359
[12:40:26.511 DBG] [T:55] [Game] UDP hello OK - pid=1, sid=2139050441059598336, mtu=1200
[12:41:21.118 INF] [T:7] [PerfMonitor] Time:2026-04-10 03:41:20.118Z CPU=0.1% WS=80.89MB Managed=197.85MB Threads=64
[12:42:04.379 DBG] [T:59] [Game] Received a termination request from the client. isClosing=false
[12:42:04.382 DBG] [T:59] [Game] The session 0 has been closed. reason="ClientClosing"
[12:42:04.384 DBG] [T:59] [Game] Peer leaved. uid=0, reason="ClientClosing"
[12:43:09.427 INF] [T:1] [Game] Logger setup was successful: Game
[12:43:09.571 DBG] [T:1] [Game] [Engine] Discovered '12' commands: [19999, 10007, 10006, 10000, 10008, 10010, 10009, 10001, 10004, 10005, 10003, 10002]
[12:43:09.573 INF] [T:1] [Game] The server Game is initialized.
[12:43:10.257 INF] [T:1] [Game] Listener (0.0.0.0:10001:"Tcp") was started.
[12:43:10.258 INF] [T:1] [Game] Listener (0.0.0.0:10002:"Udp") was started.
[12:43:10.260 INF] [T:1] [Game] The server instance Game was been started!
[12:43:10.261 INF] [T:1] [Game] Group=Dev, Name=Game, Env="Local", Region=Local, Public=121.135.249.98, Private=192.168.0.191, DnsName=
[12:43:13.387 DBG] [T:57] [Game] A new session connected. sessionId=5132558890214359040, remoteEndPoint=127.0.0.1:64388
[12:43:13.461 DBG] [T:55] [Game] Session authentication succeeded. sessionId=5132558890214359040, peerId=1
[12:43:13.499 INF] [T:55] [Game] Session 5132558890214359040 UDP Socket Created: 127.0.0.1:54944
[12:43:13.502 DBG] [T:55] [Game] UDP hello OK - pid=1, sid=5132558890214359040, mtu=1200
[12:44:27.510 INF] [T:1] [Game] Logger setup was successful: Game
[12:44:27.653 DBG] [T:1] [Game] [Engine] Discovered '12' commands: [19999, 10007, 10006, 10000, 10008, 10010, 10009, 10001, 10004, 10005, 10003, 10002]
[12:44:27.655 INF] [T:1] [Game] The server Game is initialized.
[12:44:28.359 INF] [T:1] [Game] Listener (0.0.0.0:10001:"Tcp") was started.
[12:44:28.362 INF] [T:1] [Game] Listener (0.0.0.0:10002:"Udp") was started.
[12:44:28.365 INF] [T:1] [Game] The server instance Game was been started!
[12:44:28.370 INF] [T:1] [Game] Group=Dev, Name=Game, Env="Local", Region=Local, Public=121.135.249.98, Private=192.168.0.191, DnsName=
[12:44:33.036 DBG] [T:11] [Game] A new session connected. sessionId=2896419390578753536, remoteEndPoint=127.0.0.1:64420
[12:44:33.111 DBG] [T:11] [Game] Session authentication succeeded. sessionId=2896419390578753536, peerId=1
[12:44:33.150 INF] [T:8] [Game] Session 2896419390578753536 UDP Socket Created: 127.0.0.1:57656
[12:44:33.153 DBG] [T:8] [Game] UDP hello OK - pid=1, sid=2896419390578753536, mtu=1200
[12:45:27.660 INF] [T:7] [PerfMonitor] Time:2026-04-10 03:45:26.656Z CPU=0.1% WS=83.72MB Managed=198.03MB Threads=63
[12:46:27.656 INF] [T:7] [PerfMonitor] Time:2026-04-10 03:46:26.655Z CPU=0.1% WS=84.06MB Managed=201.19MB Threads=65
[12:47:27.655 INF] [T:7] [PerfMonitor] Time:2026-04-10 03:47:26.655Z CPU=0.1% WS=80.19MB Managed=204.29MB Threads=62
[12:48:27.655 INF] [T:7] [PerfMonitor] Time:2026-04-10 03:48:26.655Z CPU=0.1% WS=80.34MB Managed=199.75MB Threads=64
[12:49:27.655 INF] [T:7] [PerfMonitor] Time:2026-04-10 03:49:26.655Z CPU=0.1% WS=80.36MB Managed=202.86MB Threads=63
[12:50:27.653 INF] [T:7] [PerfMonitor] Time:2026-04-10 03:50:27.653Z CPU=0.0% WS=80.17MB Managed=205.29MB Threads=63
[12:51:27.654 INF] [T:7] [PerfMonitor] Time:2026-04-10 03:51:26.654Z CPU=0.0% WS=80.38MB Managed=199.86MB Threads=65
[12:52:27.660 INF] [T:7] [PerfMonitor] Time:2026-04-10 03:52:26.654Z CPU=0.0% WS=80.59MB Managed=202.59MB Threads=66
[12:53:27.653 INF] [T:7] [PerfMonitor] Time:2026-04-10 03:53:26.654Z CPU=0.0% WS=80.66MB Managed=205.34MB Threads=64
[12:54:27.652 INF] [T:7] [PerfMonitor] Time:2026-04-10 03:54:26.653Z CPU=0.0% WS=67.66MB Managed=200.24MB Threads=65
[13:10:57.176 INF] [T:7] [PerfMonitor] Time:2026-04-10 04:10:56.173Z CPU=0.1% WS=63.09MB Managed=202.61MB Threads=64
[13:27:14.056 INF] [T:7] [PerfMonitor] Time:2026-04-10 04:27:13.057Z CPU=0.1% WS=38.27MB Managed=205.18MB Threads=63
[13:28:14.055 INF] [T:7] [PerfMonitor] Time:2026-04-10 04:28:13.055Z CPU=0.1% WS=48.14MB Managed=200.60MB Threads=63
[13:29:14.055 INF] [T:7] [PerfMonitor] Time:2026-04-10 04:29:13.055Z CPU=0.1% WS=31.92MB Managed=203.65MB Threads=64
[13:30:14.054 INF] [T:7] [PerfMonitor] Time:2026-04-10 04:30:13.054Z CPU=0.1% WS=42.28MB Managed=199.05MB Threads=63
[13:30:29.255 DBG] [T:67] [Game] Received a termination request from the client. isClosing=false
[13:30:29.263 DBG] [T:67] [Game] The session 0 has been closed. reason="ClientClosing"
[13:30:29.266 DBG] [T:67] [Game] Peer leaved. uid=0, reason="ClientClosing"
[15:27:35.326 INF] [T:1] [Game] Logger setup was successful: Game
[15:27:35.479 DBG] [T:1] [Game] [Engine] Discovered '12' commands: [19999, 10007, 10006, 10000, 10008, 10010, 10009, 10001, 10004, 10005, 10003, 10002]
[15:27:35.481 INF] [T:1] [Game] The server Game is initialized.
[15:27:36.231 INF] [T:1] [Game] Listener (0.0.0.0:10001:"Tcp") was started.
[15:27:36.233 INF] [T:1] [Game] Listener (0.0.0.0:10002:"Udp") was started.
[15:27:36.234 INF] [T:1] [Game] The server instance Game was been started!
[15:27:36.237 INF] [T:1] [Game] Group=Dev, Name=Game, Env="Local", Region=Local, Public=121.135.249.98, Private=192.168.0.191, DnsName=
[15:27:40.339 DBG] [T:10] [Game] A new session connected. sessionId=7228187177551659008, remoteEndPoint=127.0.0.1:49371
[15:27:40.413 DBG] [T:10] [Game] Session authentication succeeded. sessionId=7228187177551659008, peerId=1
[15:27:40.456 INF] [T:11] [Game] Session 7228187177551659008 UDP Socket Created: 127.0.0.1:56823
[15:27:40.458 DBG] [T:11] [Game] UDP hello OK - pid=1, sid=7228187177551659008, mtu=1200
[15:28:35.483 INF] [T:7] [PerfMonitor] Time:2026-04-10 06:28:34.481Z CPU=0.0% WS=80.88MB Managed=205.83MB Threads=64
[15:29:35.479 INF] [T:7] [PerfMonitor] Time:2026-04-10 06:29:34.479Z CPU=0.0% WS=81.67MB Managed=200.64MB Threads=63
[15:30:35.478 INF] [T:7] [PerfMonitor] Time:2026-04-10 06:30:34.478Z CPU=0.1% WS=81.72MB Managed=203.77MB Threads=64
[15:31:35.476 INF] [T:7] [PerfMonitor] Time:2026-04-10 06:31:35.476Z CPU=0.1% WS=81.77MB Managed=199.40MB Threads=65
[15:32:35.474 INF] [T:7] [PerfMonitor] Time:2026-04-10 06:32:34.474Z CPU=0.1% WS=58.17MB Managed=202.35MB Threads=63
[15:33:35.473 INF] [T:7] [PerfMonitor] Time:2026-04-10 06:33:34.473Z CPU=0.0% WS=61.98MB Managed=204.52MB Threads=66
[15:34:35.472 INF] [T:7] [PerfMonitor] Time:2026-04-10 06:34:34.470Z CPU=0.0% WS=62.22MB Managed=199.19MB Threads=64
[15:35:35.469 INF] [T:7] [PerfMonitor] Time:2026-04-10 06:35:34.470Z CPU=0.0% WS=55.38MB Managed=201.96MB Threads=63
[15:36:35.466 INF] [T:7] [PerfMonitor] Time:2026-04-10 06:36:34.466Z CPU=0.1% WS=55.70MB Managed=204.68MB Threads=66
[15:37:35.466 INF] [T:7] [PerfMonitor] Time:2026-04-10 06:37:34.466Z CPU=0.0% WS=57.50MB Managed=199.42MB Threads=64
[15:39:56.354 INF] [T:7] [PerfMonitor] Time:2026-04-10 06:39:56.269Z CPU=0.1% WS=41.41MB Managed=201.79MB Threads=64
[15:40:56.352 INF] [T:7] [PerfMonitor] Time:2026-04-10 06:40:56.267Z CPU=0.1% WS=49.34MB Managed=204.83MB Threads=64
[15:41:56.350 INF] [T:7] [PerfMonitor] Time:2026-04-10 06:41:56.265Z CPU=0.1% WS=49.44MB Managed=200.30MB Threads=62
[15:42:56.349 INF] [T:7] [PerfMonitor] Time:2026-04-10 06:42:56.264Z CPU=0.1% WS=41.66MB Managed=203.31MB Threads=63
[15:43:56.346 INF] [T:7] [PerfMonitor] Time:2026-04-10 06:43:56.262Z CPU=0.0% WS=45.02MB Managed=198.67MB Threads=63
[15:44:56.345 INF] [T:7] [PerfMonitor] Time:2026-04-10 06:44:56.260Z CPU=0.1% WS=52.12MB Managed=201.68MB Threads=62
[15:45:56.343 INF] [T:7] [PerfMonitor] Time:2026-04-10 06:45:56.258Z CPU=0.1% WS=52.66MB Managed=204.78MB Threads=63
[15:46:56.342 INF] [T:7] [PerfMonitor] Time:2026-04-10 06:46:56.257Z CPU=0.1% WS=51.17MB Managed=200.26MB Threads=63
[15:47:56.340 INF] [T:7] [PerfMonitor] Time:2026-04-10 06:47:56.261Z CPU=0.1% WS=51.91MB Managed=203.05MB Threads=65
[15:48:56.338 INF] [T:7] [PerfMonitor] Time:2026-04-10 06:48:56.255Z CPU=0.1% WS=52.11MB Managed=198.46MB Threads=63
[15:49:56.336 INF] [T:7] [PerfMonitor] Time:2026-04-10 06:49:56.252Z CPU=0.1% WS=51.73MB Managed=201.58MB Threads=63
[15:50:56.335 INF] [T:7] [PerfMonitor] Time:2026-04-10 06:50:56.250Z CPU=0.1% WS=48.92MB Managed=204.69MB Threads=64
[15:51:56.332 INF] [T:7] [PerfMonitor] Time:2026-04-10 06:51:56.248Z CPU=0.1% WS=49.92MB Managed=200.15MB Threads=62
[15:52:56.330 INF] [T:7] [PerfMonitor] Time:2026-04-10 06:52:56.246Z CPU=0.1% WS=49.17MB Managed=203.27MB Threads=62
[15:53:56.329 INF] [T:7] [PerfMonitor] Time:2026-04-10 06:53:56.245Z CPU=0.1% WS=49.03MB Managed=198.71MB Threads=63
[15:54:56.327 INF] [T:7] [PerfMonitor] Time:2026-04-10 06:54:56.243Z CPU=0.1% WS=48.73MB Managed=201.82MB Threads=62
[15:55:56.325 INF] [T:7] [PerfMonitor] Time:2026-04-10 06:55:56.241Z CPU=0.1% WS=47.92MB Managed=204.95MB Threads=63
[15:56:56.325 INF] [T:7] [PerfMonitor] Time:2026-04-10 06:56:56.240Z CPU=0.1% WS=47.98MB Managed=200.00MB Threads=62
[15:57:56.322 INF] [T:7] [PerfMonitor] Time:2026-04-10 06:57:56.238Z CPU=0.1% WS=44.02MB Managed=202.86MB Threads=63
[15:58:56.321 INF] [T:7] [PerfMonitor] Time:2026-04-10 06:58:56.237Z CPU=0.1% WS=46.38MB Managed=198.06MB Threads=63
[15:59:56.319 INF] [T:7] [PerfMonitor] Time:2026-04-10 06:59:56.235Z CPU=0.1% WS=48.50MB Managed=201.03MB Threads=64
[16:00:56.318 INF] [T:7] [PerfMonitor] Time:2026-04-10 07:00:56.233Z CPU=0.1% WS=48.92MB Managed=204.13MB Threads=63
[16:01:56.316 INF] [T:7] [PerfMonitor] Time:2026-04-10 07:01:56.230Z CPU=0.1% WS=47.34MB Managed=199.58MB Threads=63
[16:02:56.313 INF] [T:7] [PerfMonitor] Time:2026-04-10 07:02:56.228Z CPU=0.1% WS=41.78MB Managed=202.67MB Threads=62
[16:03:56.312 INF] [T:7] [PerfMonitor] Time:2026-04-10 07:03:56.228Z CPU=0.1% WS=42.33MB Managed=198.15MB Threads=63
[16:04:56.311 INF] [T:7] [PerfMonitor] Time:2026-04-10 07:04:56.225Z CPU=0.1% WS=42.78MB Managed=201.00MB Threads=62
[16:05:56.308 INF] [T:7] [PerfMonitor] Time:2026-04-10 07:05:56.224Z CPU=0.1% WS=40.64MB Managed=204.09MB Threads=63
[16:06:56.306 INF] [T:7] [PerfMonitor] Time:2026-04-10 07:06:56.222Z CPU=0.1% WS=40.53MB Managed=199.59MB Threads=64
[16:07:56.305 INF] [T:7] [PerfMonitor] Time:2026-04-10 07:07:56.220Z CPU=0.1% WS=39.95MB Managed=202.70MB Threads=63
[16:08:56.304 INF] [T:7] [PerfMonitor] Time:2026-04-10 07:08:56.218Z CPU=0.1% WS=43.34MB Managed=198.17MB Threads=64
[16:09:56.301 INF] [T:7] [PerfMonitor] Time:2026-04-10 07:09:56.217Z CPU=0.1% WS=43.52MB Managed=201.28MB Threads=63
[16:10:56.300 INF] [T:7] [PerfMonitor] Time:2026-04-10 07:10:56.215Z CPU=0.1% WS=42.11MB Managed=204.32MB Threads=65
[16:11:56.297 INF] [T:7] [PerfMonitor] Time:2026-04-10 07:11:56.214Z CPU=0.1% WS=42.06MB Managed=199.78MB Threads=62
[16:12:56.296 INF] [T:7] [PerfMonitor] Time:2026-04-10 07:12:56.213Z CPU=0.1% WS=42.09MB Managed=202.90MB Threads=64
[16:13:56.294 INF] [T:7] [PerfMonitor] Time:2026-04-10 07:13:56.211Z CPU=0.1% WS=43.25MB Managed=198.07MB Threads=63
[16:14:56.292 INF] [T:7] [PerfMonitor] Time:2026-04-10 07:14:56.209Z CPU=0.1% WS=43.23MB Managed=201.17MB Threads=64
[16:15:56.353 INF] [T:7] [PerfMonitor] Time:2026-04-10 07:15:56.268Z CPU=0.1% WS=38.98MB Managed=204.26MB Threads=63
[16:16:56.352 INF] [T:7] [PerfMonitor] Time:2026-04-10 07:16:56.267Z CPU=0.1% WS=38.81MB Managed=199.70MB Threads=63
[16:17:56.351 INF] [T:7] [PerfMonitor] Time:2026-04-10 07:17:56.268Z CPU=0.1% WS=39.95MB Managed=202.81MB Threads=62
[16:18:56.351 INF] [T:7] [PerfMonitor] Time:2026-04-10 07:18:56.267Z CPU=0.1% WS=40.33MB Managed=198.27MB Threads=62
[16:19:56.351 INF] [T:7] [PerfMonitor] Time:2026-04-10 07:19:56.267Z CPU=0.1% WS=39.56MB Managed=201.39MB Threads=64
[16:20:56.351 INF] [T:7] [PerfMonitor] Time:2026-04-10 07:20:56.266Z CPU=0.1% WS=33.66MB Managed=204.50MB Threads=63
[16:21:56.351 INF] [T:7] [PerfMonitor] Time:2026-04-10 07:21:56.266Z CPU=0.1% WS=46.66MB Managed=199.69MB Threads=64
[16:22:56.351 INF] [T:7] [PerfMonitor] Time:2026-04-10 07:22:56.266Z CPU=0.1% WS=46.30MB Managed=202.71MB Threads=64
[16:23:56.351 INF] [T:7] [PerfMonitor] Time:2026-04-10 07:23:56.266Z CPU=0.1% WS=39.11MB Managed=198.12MB Threads=63
[16:24:56.351 INF] [T:7] [PerfMonitor] Time:2026-04-10 07:24:56.266Z CPU=0.1% WS=39.11MB Managed=201.19MB Threads=63
[16:25:56.351 INF] [T:7] [PerfMonitor] Time:2026-04-10 07:25:56.267Z CPU=0.1% WS=39.02MB Managed=204.20MB Threads=62
[16:26:56.351 INF] [T:7] [PerfMonitor] Time:2026-04-10 07:26:56.266Z CPU=0.1% WS=39.03MB Managed=199.59MB Threads=63
[16:27:56.351 INF] [T:7] [PerfMonitor] Time:2026-04-10 07:27:56.267Z CPU=0.0% WS=39.78MB Managed=202.57MB Threads=65
[16:28:56.353 INF] [T:7] [PerfMonitor] Time:2026-04-10 07:28:56.284Z CPU=0.1% WS=43.25MB Managed=204.35MB Threads=63
[16:29:56.351 INF] [T:7] [PerfMonitor] Time:2026-04-10 07:29:56.268Z CPU=0.0% WS=46.20MB Managed=199.05MB Threads=63
[16:30:56.350 INF] [T:7] [PerfMonitor] Time:2026-04-10 07:30:56.266Z CPU=0.0% WS=48.95MB Managed=201.51MB Threads=64
[16:31:56.358 INF] [T:7] [PerfMonitor] Time:2026-04-10 07:31:56.277Z CPU=0.0% WS=49.14MB Managed=203.49MB Threads=63
[16:32:56.361 INF] [T:7] [PerfMonitor] Time:2026-04-10 07:32:56.279Z CPU=0.0% WS=49.28MB Managed=205.16MB Threads=64
[16:40:51.901 INF] [T:7] [PerfMonitor] Time:2026-04-10 07:40:51.816Z CPU=0.0% WS=37.91MB Managed=199.31MB Threads=63
[16:41:51.899 INF] [T:7] [PerfMonitor] Time:2026-04-10 07:41:51.815Z CPU=0.1% WS=38.97MB Managed=202.33MB Threads=63
[16:42:51.899 INF] [T:7] [PerfMonitor] Time:2026-04-10 07:42:51.819Z CPU=0.1% WS=39.66MB Managed=205.44MB Threads=64
[16:43:51.900 INF] [T:7] [PerfMonitor] Time:2026-04-10 07:43:51.815Z CPU=0.1% WS=39.75MB Managed=200.86MB Threads=63
[16:44:25.275 DBG] [T:65] [Game] Received a termination request from the client. isClosing=false
[16:44:25.282 DBG] [T:65] [Game] The session 0 has been closed. reason="ClientClosing"
[16:44:25.285 DBG] [T:65] [Game] Peer leaved. uid=0, reason="ClientClosing"
[16:44:51.899 INF] [T:7] [PerfMonitor] Time:2026-04-10 07:44:51.815Z CPU=0.0% WS=55.28MB Managed=199.92MB Threads=62
[16:45:51.899 INF] [T:7] [PerfMonitor] Time:2026-04-10 07:45:51.815Z CPU=0.0% WS=53.28MB Managed=201.32MB Threads=63
[16:46:51.899 INF] [T:7] [PerfMonitor] Time:2026-04-10 07:46:51.814Z CPU=0.0% WS=53.62MB Managed=202.72MB Threads=64
[16:47:51.899 INF] [T:7] [PerfMonitor] Time:2026-04-10 07:47:51.814Z CPU=0.0% WS=53.81MB Managed=204.11MB Threads=64
[16:48:51.898 INF] [T:7] [PerfMonitor] Time:2026-04-10 07:48:51.813Z CPU=0.0% WS=40.69MB Managed=198.05MB Threads=62
[16:49:51.898 INF] [T:7] [PerfMonitor] Time:2026-04-10 07:49:51.815Z CPU=0.0% WS=38.86MB Managed=199.46MB Threads=63
[16:50:51.897 INF] [T:7] [PerfMonitor] Time:2026-04-10 07:50:51.813Z CPU=0.0% WS=39.50MB Managed=200.85MB Threads=63
[16:51:51.898 INF] [T:7] [PerfMonitor] Time:2026-04-10 07:51:51.813Z CPU=0.0% WS=38.95MB Managed=202.23MB Threads=63
[16:52:51.898 INF] [T:7] [PerfMonitor] Time:2026-04-10 07:52:51.813Z CPU=0.0% WS=33.56MB Managed=203.65MB Threads=62
[16:53:51.898 INF] [T:7] [PerfMonitor] Time:2026-04-10 07:53:51.813Z CPU=0.0% WS=34.59MB Managed=205.02MB Threads=62
[16:54:51.898 INF] [T:7] [PerfMonitor] Time:2026-04-10 07:54:51.813Z CPU=0.0% WS=40.41MB Managed=198.93MB Threads=62
[16:54:53.464 DBG] [T:85] [Game] A new session connected. sessionId=6061097765541249024, remoteEndPoint=192.168.0.125:56153
[16:54:53.535 DBG] [T:87] [Game] Session authentication succeeded. sessionId=6061097765541249024, peerId=1
[16:54:53.584 INF] [T:85] [Game] Session 6061097765541249024 UDP Socket Created: 192.168.0.125:59442
[16:54:53.584 DBG] [T:85] [Game] UDP hello OK - pid=1, sid=6061097765541249024, mtu=1200
[16:54:56.571 DBG] [T:85] [Game] Received a termination request from the client. isClosing=false
[16:54:56.571 DBG] [T:85] [Game] The session 0 has been closed. reason="ClientClosing"
[16:54:56.571 DBG] [T:85] [Game] Peer leaved. uid=0, reason="ClientClosing"
[16:55:51.897 INF] [T:7] [PerfMonitor] Time:2026-04-10 07:55:51.812Z CPU=0.0% WS=51.88MB Managed=201.58MB Threads=63
[16:56:51.897 INF] [T:7] [PerfMonitor] Time:2026-04-10 07:56:51.813Z CPU=0.0% WS=49.89MB Managed=202.97MB Threads=62
[16:57:51.896 INF] [T:7] [PerfMonitor] Time:2026-04-10 07:57:51.812Z CPU=0.0% WS=46.75MB Managed=204.37MB Threads=63
[16:58:51.897 INF] [T:7] [PerfMonitor] Time:2026-04-10 07:58:51.812Z CPU=0.0% WS=47.98MB Managed=205.78MB Threads=63
[16:59:51.897 INF] [T:7] [PerfMonitor] Time:2026-04-10 07:59:51.812Z CPU=0.0% WS=38.06MB Managed=199.43MB Threads=62
[17:00:51.897 INF] [T:7] [PerfMonitor] Time:2026-04-10 08:00:51.812Z CPU=0.0% WS=38.62MB Managed=200.85MB Threads=63
[17:01:51.896 INF] [T:7] [PerfMonitor] Time:2026-04-10 08:01:51.812Z CPU=0.0% WS=38.95MB Managed=202.26MB Threads=65
[17:02:51.897 INF] [T:7] [PerfMonitor] Time:2026-04-10 08:02:51.812Z CPU=0.0% WS=38.94MB Managed=203.66MB Threads=62
[17:03:51.897 INF] [T:7] [PerfMonitor] Time:2026-04-10 08:03:51.811Z CPU=0.0% WS=35.50MB Managed=205.05MB Threads=62
[17:04:51.896 INF] [T:7] [PerfMonitor] Time:2026-04-10 08:04:51.811Z CPU=0.0% WS=36.44MB Managed=199.09MB Threads=63
[17:05:51.896 INF] [T:7] [PerfMonitor] Time:2026-04-10 08:05:51.811Z CPU=0.0% WS=36.77MB Managed=200.49MB Threads=64
[17:06:51.896 INF] [T:7] [PerfMonitor] Time:2026-04-10 08:06:51.811Z CPU=0.0% WS=37.25MB Managed=201.88MB Threads=63
[17:07:51.896 INF] [T:7] [PerfMonitor] Time:2026-04-10 08:07:51.811Z CPU=0.0% WS=33.92MB Managed=203.28MB Threads=62
[17:08:51.896 INF] [T:7] [PerfMonitor] Time:2026-04-10 08:08:51.811Z CPU=0.0% WS=29.98MB Managed=204.68MB Threads=62
[17:09:51.896 INF] [T:7] [PerfMonitor] Time:2026-04-10 08:09:51.810Z CPU=0.0% WS=30.16MB Managed=206.06MB Threads=62
[17:10:51.894 INF] [T:7] [PerfMonitor] Time:2026-04-10 08:10:51.810Z CPU=0.0% WS=35.89MB Managed=200.03MB Threads=62
[17:11:18.936 DBG] [T:87] [Game] A new session connected. sessionId=6449759943250673664, remoteEndPoint=192.168.0.125:56198
[17:11:27.477 DBG] [T:89] [Game] The session 0 has been closed. reason="ClientClosing"
[17:11:51.895 INF] [T:7] [PerfMonitor] Time:2026-04-10 08:11:51.810Z CPU=0.0% WS=42.11MB Managed=201.49MB Threads=62
[17:12:51.893 INF] [T:7] [PerfMonitor] Time:2026-04-10 08:12:51.809Z CPU=0.0% WS=40.19MB Managed=202.87MB Threads=63
[17:13:51.891 INF] [T:7] [PerfMonitor] Time:2026-04-10 08:13:51.805Z CPU=0.0% WS=41.00MB Managed=204.27MB Threads=63
[17:14:51.890 INF] [T:7] [PerfMonitor] Time:2026-04-10 08:14:51.805Z CPU=0.0% WS=42.42MB Managed=205.67MB Threads=62
[17:15:51.890 INF] [T:7] [PerfMonitor] Time:2026-04-10 08:15:51.805Z CPU=0.0% WS=42.67MB Managed=199.80MB Threads=64
[17:16:01.302 DBG] [T:69] [Game] A new session connected. sessionId=1980651033570836480, remoteEndPoint=192.168.0.125:56234
[17:16:01.367 DBG] [T:55] [Game] Session authentication succeeded. sessionId=1980651033570836480, peerId=1
[17:16:01.415 INF] [T:69] [Game] Session 1980651033570836480 UDP Socket Created: 192.168.0.125:56500
[17:16:01.415 DBG] [T:69] [Game] UDP hello OK - pid=1, sid=1980651033570836480, mtu=1200
[17:16:51.889 INF] [T:7] [PerfMonitor] Time:2026-04-10 08:16:51.805Z CPU=0.0% WS=43.16MB Managed=201.31MB Threads=63
[17:17:51.890 INF] [T:7] [PerfMonitor] Time:2026-04-10 08:17:51.804Z CPU=0.0% WS=34.53MB Managed=204.31MB Threads=64
[17:18:51.889 INF] [T:7] [PerfMonitor] Time:2026-04-10 08:18:51.804Z CPU=0.1% WS=38.16MB Managed=207.33MB Threads=63
[17:19:51.889 INF] [T:7] [PerfMonitor] Time:2026-04-10 08:19:51.804Z CPU=0.0% WS=38.94MB Managed=202.51MB Threads=64
[17:20:51.889 INF] [T:7] [PerfMonitor] Time:2026-04-10 08:20:51.804Z CPU=0.0% WS=38.95MB Managed=205.56MB Threads=64
[17:21:51.889 INF] [T:7] [PerfMonitor] Time:2026-04-10 08:21:51.804Z CPU=0.1% WS=37.50MB Managed=200.70MB Threads=64
[17:22:51.888 INF] [T:7] [PerfMonitor] Time:2026-04-10 08:22:51.804Z CPU=0.0% WS=38.38MB Managed=203.34MB Threads=64
[17:23:51.887 INF] [T:7] [PerfMonitor] Time:2026-04-10 08:23:51.803Z CPU=0.0% WS=38.31MB Managed=205.98MB Threads=63
[17:24:51.888 INF] [T:7] [PerfMonitor] Time:2026-04-10 08:24:51.803Z CPU=0.0% WS=37.14MB Managed=200.99MB Threads=63
[17:25:51.887 INF] [T:7] [PerfMonitor] Time:2026-04-10 08:25:51.804Z CPU=0.0% WS=37.64MB Managed=203.64MB Threads=62
[17:26:51.887 INF] [T:7] [PerfMonitor] Time:2026-04-10 08:26:51.802Z CPU=0.0% WS=38.22MB Managed=206.30MB Threads=62
[17:27:37.632 DBG] [T:60] [Game] Received a termination request from the client. isClosing=false
[17:27:37.633 DBG] [T:60] [Game] The session 0 has been closed. reason="ClientClosing"
[17:27:37.634 DBG] [T:60] [Game] Peer leaved. uid=0, reason="ClientClosing"
[17:27:51.887 INF] [T:7] [PerfMonitor] Time:2026-04-10 08:27:51.802Z CPU=0.0% WS=47.34MB Managed=205.62MB Threads=63
[17:28:51.886 INF] [T:7] [PerfMonitor] Time:2026-04-10 08:28:51.801Z CPU=0.0% WS=47.36MB Managed=199.45MB Threads=62
[17:29:51.887 INF] [T:7] [PerfMonitor] Time:2026-04-10 08:29:51.801Z CPU=0.0% WS=46.94MB Managed=200.85MB Threads=62
[17:30:51.886 INF] [T:7] [PerfMonitor] Time:2026-04-10 08:30:51.802Z CPU=0.0% WS=44.88MB Managed=202.25MB Threads=63
[17:31:51.888 INF] [T:7] [PerfMonitor] Time:2026-04-10 08:31:51.801Z CPU=0.0% WS=25.03MB Managed=203.62MB Threads=62
[17:32:51.885 INF] [T:7] [PerfMonitor] Time:2026-04-10 08:32:51.801Z CPU=0.0% WS=27.80MB Managed=205.04MB Threads=62
[17:33:51.886 INF] [T:7] [PerfMonitor] Time:2026-04-10 08:33:51.800Z CPU=0.0% WS=29.33MB Managed=206.41MB Threads=63
[17:34:51.885 INF] [T:7] [PerfMonitor] Time:2026-04-10 08:34:51.800Z CPU=0.0% WS=34.61MB Managed=200.32MB Threads=62
[17:35:51.886 INF] [T:7] [PerfMonitor] Time:2026-04-10 08:35:51.800Z CPU=0.0% WS=34.25MB Managed=201.72MB Threads=63
[17:36:51.886 INF] [T:7] [PerfMonitor] Time:2026-04-10 08:36:51.801Z CPU=0.0% WS=34.08MB Managed=203.14MB Threads=64
[17:36:59.594 DBG] [T:60] [Game] A new session connected. sessionId=6829504149650931712, remoteEndPoint=192.168.0.125:56245
[17:36:59.649 DBG] [T:69] [Game] Session authentication succeeded. sessionId=6829504149650931712, peerId=1
[17:36:59.698 INF] [T:69] [Game] Session 6829504149650931712 UDP Socket Created: 192.168.0.125:57348
[17:36:59.698 DBG] [T:69] [Game] UDP hello OK - pid=1, sid=6829504149650931712, mtu=1200
[17:37:51.884 INF] [T:7] [PerfMonitor] Time:2026-04-10 08:37:51.800Z CPU=0.0% WS=48.08MB Managed=205.52MB Threads=63
[17:38:51.884 INF] [T:7] [PerfMonitor] Time:2026-04-10 08:38:51.800Z CPU=0.0% WS=49.53MB Managed=200.93MB Threads=63
[17:39:51.884 INF] [T:7] [PerfMonitor] Time:2026-04-10 08:39:51.799Z CPU=0.0% WS=38.73MB Managed=203.97MB Threads=64
[17:40:51.884 INF] [T:7] [PerfMonitor] Time:2026-04-10 08:40:51.799Z CPU=0.0% WS=33.58MB Managed=207.00MB Threads=64
[17:41:51.884 INF] [T:7] [PerfMonitor] Time:2026-04-10 08:41:51.798Z CPU=0.0% WS=34.34MB Managed=202.37MB Threads=63
[17:42:51.883 INF] [T:7] [PerfMonitor] Time:2026-04-10 08:42:51.800Z CPU=0.0% WS=34.22MB Managed=205.38MB Threads=63
[17:43:51.883 INF] [T:7] [PerfMonitor] Time:2026-04-10 08:43:51.799Z CPU=0.0% WS=44.62MB Managed=199.69MB Threads=64
[17:44:51.882 INF] [T:7] [PerfMonitor] Time:2026-04-10 08:44:51.798Z CPU=0.0% WS=44.22MB Managed=202.74MB Threads=62
[17:45:51.882 INF] [T:7] [PerfMonitor] Time:2026-04-10 08:45:51.798Z CPU=0.0% WS=44.11MB Managed=205.71MB Threads=65
[17:46:51.883 INF] [T:7] [PerfMonitor] Time:2026-04-10 08:46:51.798Z CPU=0.0% WS=33.81MB Managed=200.69MB Threads=63
[17:47:51.882 INF] [T:7] [PerfMonitor] Time:2026-04-10 08:47:51.798Z CPU=0.0% WS=35.14MB Managed=203.37MB Threads=64
[17:48:51.882 INF] [T:7] [PerfMonitor] Time:2026-04-10 08:48:51.797Z CPU=0.0% WS=31.12MB Managed=206.06MB Threads=63
[17:49:51.882 INF] [T:7] [PerfMonitor] Time:2026-04-10 08:49:51.797Z CPU=0.0% WS=34.98MB Managed=201.13MB Threads=65
[17:50:51.885 INF] [T:7] [PerfMonitor] Time:2026-04-10 08:50:51.796Z CPU=0.0% WS=32.89MB Managed=203.84MB Threads=64
[17:51:51.881 INF] [T:7] [PerfMonitor] Time:2026-04-10 08:51:51.796Z CPU=0.0% WS=34.39MB Managed=206.50MB Threads=66
[17:52:51.886 INF] [T:7] [PerfMonitor] Time:2026-04-10 08:52:51.796Z CPU=0.0% WS=34.59MB Managed=201.27MB Threads=63
[17:53:51.880 INF] [T:7] [PerfMonitor] Time:2026-04-10 08:53:51.800Z CPU=0.0% WS=34.56MB Managed=203.94MB Threads=63
[17:54:51.881 INF] [T:7] [PerfMonitor] Time:2026-04-10 08:54:51.802Z CPU=0.0% WS=34.31MB Managed=206.60MB Threads=63
[17:55:51.880 INF] [T:7] [PerfMonitor] Time:2026-04-10 08:55:51.796Z CPU=0.0% WS=34.00MB Managed=201.64MB Threads=63
[17:56:51.880 INF] [T:7] [PerfMonitor] Time:2026-04-10 08:56:51.795Z CPU=0.0% WS=30.98MB Managed=204.35MB Threads=64
[17:57:51.879 INF] [T:7] [PerfMonitor] Time:2026-04-10 08:57:51.795Z CPU=0.0% WS=31.56MB Managed=207.04MB Threads=64
[17:58:51.880 INF] [T:7] [PerfMonitor] Time:2026-04-10 08:58:51.794Z CPU=0.0% WS=34.45MB Managed=202.03MB Threads=64
[17:59:51.879 INF] [T:7] [PerfMonitor] Time:2026-04-10 08:59:51.795Z CPU=0.0% WS=34.39MB Managed=204.69MB Threads=63
[18:00:51.878 INF] [T:7] [PerfMonitor] Time:2026-04-10 09:00:51.794Z CPU=0.0% WS=34.53MB Managed=199.75MB Threads=64
[18:01:51.879 INF] [T:7] [PerfMonitor] Time:2026-04-10 09:01:51.794Z CPU=0.0% WS=34.58MB Managed=202.15MB Threads=63
[18:02:51.878 INF] [T:7] [PerfMonitor] Time:2026-04-10 09:02:51.794Z CPU=0.0% WS=34.44MB Managed=204.82MB Threads=65
[18:03:51.878 INF] [T:7] [PerfMonitor] Time:2026-04-10 09:03:51.793Z CPU=0.0% WS=34.34MB Managed=199.83MB Threads=64
[18:04:51.878 INF] [T:7] [PerfMonitor] Time:2026-04-10 09:04:51.794Z CPU=0.0% WS=34.36MB Managed=202.50MB Threads=64
[18:05:51.877 INF] [T:7] [PerfMonitor] Time:2026-04-10 09:05:51.793Z CPU=0.0% WS=34.30MB Managed=205.14MB Threads=64
[18:06:51.877 INF] [T:7] [PerfMonitor] Time:2026-04-10 09:06:51.793Z CPU=0.0% WS=34.33MB Managed=200.07MB Threads=63
[18:07:51.882 INF] [T:7] [PerfMonitor] Time:2026-04-10 09:07:51.796Z CPU=0.0% WS=34.36MB Managed=202.79MB Threads=63
[18:08:51.892 INF] [T:7] [PerfMonitor] Time:2026-04-10 09:08:51.806Z CPU=0.0% WS=34.33MB Managed=205.50MB Threads=64
[18:09:51.891 INF] [T:7] [PerfMonitor] Time:2026-04-10 09:09:51.808Z CPU=0.0% WS=34.34MB Managed=200.61MB Threads=64
[18:10:51.891 INF] [T:7] [PerfMonitor] Time:2026-04-10 09:10:51.807Z CPU=0.0% WS=34.34MB Managed=203.06MB Threads=62
[18:11:51.892 INF] [T:7] [PerfMonitor] Time:2026-04-10 09:11:51.807Z CPU=0.0% WS=33.69MB Managed=205.81MB Threads=64
[18:12:51.892 INF] [T:7] [PerfMonitor] Time:2026-04-10 09:12:51.807Z CPU=0.0% WS=34.33MB Managed=200.88MB Threads=63
[18:13:51.893 INF] [T:7] [PerfMonitor] Time:2026-04-10 09:13:51.807Z CPU=0.0% WS=34.19MB Managed=203.57MB Threads=63
[18:14:51.892 INF] [T:7] [PerfMonitor] Time:2026-04-10 09:14:51.807Z CPU=0.0% WS=33.73MB Managed=206.33MB Threads=64
[18:15:51.892 INF] [T:7] [PerfMonitor] Time:2026-04-10 09:15:51.808Z CPU=0.0% WS=33.70MB Managed=201.43MB Threads=63
[18:16:51.893 INF] [T:7] [PerfMonitor] Time:2026-04-10 09:16:51.808Z CPU=0.0% WS=33.02MB Managed=204.16MB Threads=63
[18:17:51.893 INF] [T:7] [PerfMonitor] Time:2026-04-10 09:17:51.808Z CPU=0.1% WS=33.64MB Managed=206.88MB Threads=63
[18:18:51.892 INF] [T:7] [PerfMonitor] Time:2026-04-10 09:18:51.810Z CPU=0.1% WS=36.95MB Managed=201.96MB Threads=64
[18:19:51.892 INF] [T:7] [PerfMonitor] Time:2026-04-10 09:19:51.807Z CPU=0.0% WS=27.83MB Managed=204.44MB Threads=63
[18:20:51.909 INF] [T:7] [PerfMonitor] Time:2026-04-10 09:20:51.818Z CPU=0.0% WS=30.84MB Managed=199.56MB Threads=64
[18:21:51.892 INF] [T:7] [PerfMonitor] Time:2026-04-10 09:21:51.815Z CPU=0.0% WS=21.69MB Managed=202.28MB Threads=63
[18:22:51.892 INF] [T:7] [PerfMonitor] Time:2026-04-10 09:22:51.808Z CPU=0.0% WS=32.16MB Managed=204.96MB Threads=62
[18:23:51.892 INF] [T:7] [PerfMonitor] Time:2026-04-10 09:23:51.808Z CPU=0.0% WS=32.48MB Managed=200.04MB Threads=63
[18:24:51.892 INF] [T:7] [PerfMonitor] Time:2026-04-10 09:24:51.808Z CPU=0.0% WS=32.62MB Managed=202.77MB Threads=63
[18:25:51.892 INF] [T:7] [PerfMonitor] Time:2026-04-10 09:25:51.809Z CPU=0.0% WS=32.72MB Managed=205.53MB Threads=65
[18:26:51.893 INF] [T:7] [PerfMonitor] Time:2026-04-10 09:26:51.808Z CPU=0.0% WS=31.61MB Managed=200.62MB Threads=63
[18:27:51.892 INF] [T:7] [PerfMonitor] Time:2026-04-10 09:27:51.808Z CPU=0.0% WS=32.38MB Managed=203.35MB Threads=63
[18:28:51.892 INF] [T:7] [PerfMonitor] Time:2026-04-10 09:28:51.808Z CPU=0.0% WS=32.61MB Managed=205.78MB Threads=63
[18:29:51.892 INF] [T:7] [PerfMonitor] Time:2026-04-10 09:29:51.809Z CPU=0.0% WS=32.62MB Managed=200.89MB Threads=63
[18:30:51.892 INF] [T:7] [PerfMonitor] Time:2026-04-10 09:30:51.809Z CPU=0.0% WS=33.78MB Managed=203.61MB Threads=63
[18:31:51.893 INF] [T:7] [PerfMonitor] Time:2026-04-10 09:31:51.808Z CPU=0.0% WS=33.81MB Managed=206.37MB Threads=65
[18:32:51.893 INF] [T:7] [PerfMonitor] Time:2026-04-10 09:32:51.809Z CPU=0.0% WS=33.88MB Managed=201.48MB Threads=63
[18:33:51.892 INF] [T:7] [PerfMonitor] Time:2026-04-10 09:33:51.809Z CPU=0.0% WS=33.84MB Managed=204.20MB Threads=62
[18:34:51.893 INF] [T:7] [PerfMonitor] Time:2026-04-10 09:34:51.809Z CPU=0.0% WS=33.88MB Managed=206.98MB Threads=65
[18:35:51.893 INF] [T:7] [PerfMonitor] Time:2026-04-10 09:35:51.809Z CPU=0.0% WS=33.91MB Managed=202.08MB Threads=62
[18:36:51.893 INF] [T:7] [PerfMonitor] Time:2026-04-10 09:36:51.809Z CPU=0.0% WS=30.55MB Managed=204.81MB Threads=62
[18:37:51.893 INF] [T:7] [PerfMonitor] Time:2026-04-10 09:37:51.818Z CPU=0.0% WS=32.81MB Managed=199.75MB Threads=64
[18:38:51.894 INF] [T:7] [PerfMonitor] Time:2026-04-10 09:38:51.809Z CPU=0.0% WS=33.91MB Managed=202.71MB Threads=63
[18:39:51.894 INF] [T:7] [PerfMonitor] Time:2026-04-10 09:39:51.809Z CPU=0.0% WS=33.84MB Managed=205.67MB Threads=63
[18:40:51.894 INF] [T:7] [PerfMonitor] Time:2026-04-10 09:40:51.809Z CPU=0.0% WS=33.84MB Managed=201.02MB Threads=62
[18:41:51.894 INF] [T:7] [PerfMonitor] Time:2026-04-10 09:41:51.809Z CPU=0.0% WS=33.88MB Managed=204.03MB Threads=63
[18:42:51.895 INF] [T:7] [PerfMonitor] Time:2026-04-10 09:42:51.810Z CPU=0.0% WS=33.86MB Managed=207.00MB Threads=63
[18:43:18.298 DBG] [T:3] [Game] Received a termination request from the client. isClosing=false
[18:43:18.299 DBG] [T:3] [Game] The session 0 has been closed. reason="ClientClosing"
[18:43:18.300 DBG] [T:3] [Game] Peer leaved. uid=0, reason="ClientClosing"
[18:43:18.306 DBG] [T:3] [Game] Not found session: 6829504149650931712
[18:43:18.323 DBG] [T:73] [Game] Not found session: 6829504149650931712
[18:43:18.339 DBG] [T:67] [Game] Not found session: 6829504149650931712
[18:43:18.356 DBG] [T:67] [Game] Not found session: 6829504149650931712
[18:43:18.374 DBG] [T:82] [Game] Not found session: 6829504149650931712
[18:43:51.894 INF] [T:7] [PerfMonitor] Time:2026-04-10 09:43:51.809Z CPU=0.0% WS=43.77MB Managed=204.91MB Threads=63
[18:44:10.123 DBG] [T:56] [Game] A new session connected. sessionId=5134019763210551296, remoteEndPoint=192.168.0.125:56375
[18:44:10.199 DBG] [T:56] [Game] Session authentication succeeded. sessionId=5134019763210551296, peerId=1
[18:44:10.368 INF] [T:82] [Game] Session 5134019763210551296 UDP Socket Created: 192.168.0.125:65332
[18:44:10.369 DBG] [T:82] [Game] UDP hello OK - pid=1, sid=5134019763210551296, mtu=1200
[18:44:51.893 INF] [T:7] [PerfMonitor] Time:2026-04-10 09:44:51.810Z CPU=0.0% WS=48.48MB Managed=204.75MB Threads=63
[18:45:51.895 INF] [T:7] [PerfMonitor] Time:2026-04-10 09:45:51.809Z CPU=0.0% WS=48.53MB Managed=207.84MB Threads=63
[18:46:51.894 INF] [T:7] [PerfMonitor] Time:2026-04-10 09:46:51.810Z CPU=0.0% WS=48.59MB Managed=202.94MB Threads=63
[18:47:49.838 INF] [T:7] [PerfMonitor] Time:2026-04-10 09:47:49.754Z CPU=0.0% WS=48.47MB Managed=205.97MB Threads=62
[18:48:49.840 INF] [T:7] [PerfMonitor] Time:2026-04-10 09:48:49.753Z CPU=0.0% WS=48.53MB Managed=201.30MB Threads=62
[18:49:49.837 INF] [T:7] [PerfMonitor] Time:2026-04-10 09:49:49.754Z CPU=0.0% WS=48.48MB Managed=204.34MB Threads=66
[18:50:49.839 INF] [T:7] [PerfMonitor] Time:2026-04-10 09:50:49.754Z CPU=0.0% WS=48.42MB Managed=207.41MB Threads=63
[18:51:49.840 INF] [T:7] [PerfMonitor] Time:2026-04-10 09:51:49.759Z CPU=0.0% WS=48.53MB Managed=202.85MB Threads=67
[18:52:49.847 INF] [T:7] [PerfMonitor] Time:2026-04-10 09:52:49.756Z CPU=0.0% WS=48.48MB Managed=205.91MB Threads=63
[18:53:49.843 INF] [T:7] [PerfMonitor] Time:2026-04-10 09:53:49.762Z CPU=0.0% WS=48.58MB Managed=201.14MB Threads=64
[18:54:49.839 INF] [T:7] [PerfMonitor] Time:2026-04-10 09:54:49.754Z CPU=0.0% WS=36.72MB Managed=203.82MB Threads=63
[18:55:02.498 DBG] [T:72] [Game] Received a termination request from the client. isClosing=false
[18:55:02.498 DBG] [T:72] [Game] The session 0 has been closed. reason="ClientClosing"
[18:55:02.499 DBG] [T:72] [Game] Peer leaved. uid=0, reason="ClientClosing"
[18:55:02.513 DBG] [T:72] [Game] Not found session: 5134019763210551296
[18:55:02.530 DBG] [T:10] [Game] Not found session: 5134019763210551296
[18:55:02.547 DBG] [T:75] [Game] Not found session: 5134019763210551296
[18:55:02.564 DBG] [T:71] [Game] Not found session: 5134019763210551296
[18:55:02.581 DBG] [T:71] [Game] Not found session: 5134019763210551296
[18:55:02.598 DBG] [T:71] [Game] Not found session: 5134019763210551296
[18:55:15.837 DBG] [T:55] [Game] A new session connected. sessionId=308329143764779008, remoteEndPoint=192.168.0.125:56406
[18:55:15.910 DBG] [T:55] [Game] Session authentication succeeded. sessionId=308329143764779008, peerId=1
[18:55:16.167 INF] [T:78] [Game] Session 308329143764779008 UDP Socket Created: 192.168.0.125:50201
[18:55:16.167 DBG] [T:78] [Game] UDP hello OK - pid=1, sid=308329143764779008, mtu=1200
[18:55:49.848 INF] [T:7] [PerfMonitor] Time:2026-04-10 09:55:49.753Z CPU=0.0% WS=45.58MB Managed=204.79MB Threads=63
[18:56:49.838 INF] [T:7] [PerfMonitor] Time:2026-04-10 09:56:49.754Z CPU=0.0% WS=39.92MB Managed=207.92MB Threads=63
[18:57:49.839 INF] [T:7] [PerfMonitor] Time:2026-04-10 09:57:49.754Z CPU=0.0% WS=43.89MB Managed=203.35MB Threads=63
[18:58:47.596 DBG] [T:75] [Game] Received a termination request from the client. isClosing=false
[18:58:47.598 DBG] [T:75] [Game] The session 0 has been closed. reason="ClientClosing"
[18:58:47.598 DBG] [T:75] [Game] Peer leaved. uid=0, reason="ClientClosing"
[18:58:47.604 DBG] [T:70] [Game] Not found session: 308329143764779008
[18:58:47.621 DBG] [T:57] [Game] Not found session: 308329143764779008
[18:58:47.638 DBG] [T:70] [Game] Not found session: 308329143764779008
[18:58:47.655 DBG] [T:70] [Game] Not found session: 308329143764779008
[18:58:47.672 DBG] [T:3] [Game] Not found session: 308329143764779008
[18:58:47.691 DBG] [T:3] [Game] Not found session: 308329143764779008
[18:58:49.839 INF] [T:7] [PerfMonitor] Time:2026-04-10 09:58:49.754Z CPU=0.0% WS=43.19MB Managed=206.09MB Threads=64
[18:59:49.839 INF] [T:7] [PerfMonitor] Time:2026-04-10 09:59:49.754Z CPU=0.0% WS=33.69MB Managed=207.51MB Threads=62
[19:00:17.959 INF] [T:1] [Game] Logger setup was successful: Game
[19:00:18.104 DBG] [T:1] [Game] [Engine] Discovered '12' commands: [19999, 10007, 10006, 10000, 10008, 10010, 10009, 10001, 10004, 10005, 10003, 10002]
[19:00:18.106 INF] [T:1] [Game] The server Game is initialized.
[19:00:18.110 INF] [T:7] [PerfMonitor] Time:2026-04-10 10:00:18.107Z CPU=0.5% WS=61.38MB Managed=796.05KB Threads=17
[19:00:18.888 INF] [T:1] [Game] Listener (0.0.0.0:10001:"Tcp") was started.
[19:00:18.889 INF] [T:1] [Game] Listener (0.0.0.0:10002:"Udp") was started.
[19:00:18.891 INF] [T:1] [Game] The server instance Game was been started!
[19:00:18.892 INF] [T:1] [Game] Group=Dev, Name=Game, Env="Local", Region=Local, Public=121.135.249.98, Private=192.168.0.191, DnsName=
[19:00:42.032 DBG] [T:57] [Game] A new session connected. sessionId=4395664328968110080, remoteEndPoint=192.168.0.125:56413
[19:00:42.148 DBG] [T:57] [Game] Session authentication succeeded. sessionId=4395664328968110080, peerId=1
[19:00:42.433 INF] [T:8] [Game] Session 4395664328968110080 UDP Socket Created: 192.168.0.125:62570
[19:00:42.436 DBG] [T:8] [Game] UDP hello OK - pid=1, sid=4395664328968110080, mtu=1200
[19:01:18.108 INF] [T:7] [PerfMonitor] Time:2026-04-10 10:01:18.108Z CPU=0.0% WS=77.14MB Managed=203.69MB Threads=63
[19:01:48.276 DBG] [T:10] [Game] Received a termination request from the client. isClosing=false
[19:01:48.281 DBG] [T:10] [Game] The session 0 has been closed. reason="ClientClosing"
[19:01:48.283 DBG] [T:10] [Game] Peer leaved. uid=0, reason="ClientClosing"
