[14:09:12.592 INF] [T:97] [Game] [Rank] Offline...
[14:09:12.593 INF] [T:97] [Game] [Rank] State changed: "Open" -> "Reconnecting"
[14:09:12.623 DBG] [T:7] [Game] Reconnecting... 1
[14:09:12.625 ERR] [T:109] [Game] [Rank] An error occurred: Connection refused
null
[14:09:23.946 INF] [T:1] [Game] Logger setup was successful: Game
[14:09:24.085 DBG] [T:1] [Game] Discover commands: [10007, 10006, 10000, 10008, 10010, 10009, 10001, 10004, 10005, 10003, 10002]
[14:09:24.102 DBG] [T:1] [Game] Discover commands: [4003, 4002, 4001, 4000, 2000]
[14:09:24.102 INF] [T:1] [Game] The server Game is initialized.
[14:09:29.797 INF] [T:1] [Game] Listener (0.0.0.0:10001:"Tcp") was started.
[14:09:29.800 INF] [T:1] [Game] The server instance Game was been started!
[14:09:29.802 INF] [T:1] [Game] [Rank] State changed: "None" -> "Connecting"
[14:09:29.803 INF] [T:1] [Game] Env="Local", Region=Local, Public=121.135.249.98, Private=192.168.0.109, DnsName=
[14:09:29.834 INF] [T:44] [Game] [Rank] State changed: "Connecting" -> "Handshake"
[14:09:29.924 INF] [T:43] [Game] [Rank] State changed: "Handshake" -> "Open"
[14:09:29.925 DBG] [T:43] [Game] [Rank] Connected
[14:09:29.956 INF] [T:7] [Game] Register succeeded: Rank
[14:09:35.400 DBG] [T:10] [Game] A new session connected. sessionId=2a1664fa-4c54-4029-b0b6-cd9445cce3fa, remoteEndPoint=192.168.0.109:60960
[14:09:35.474 DBG] [T:8] [Game] Session authentication succeeded. sessionId=2a1664fa-4c54-4029-b0b6-cd9445cce3fa, peerId=1
[14:09:52.085 ERR] [T:43] [Game] [Rank] An error occurred: Specified argument was out of the range of valid values.
   at SP.Engine.Runtime.PooledReceiveBuffer.Write(ReadOnlySpan`1 data) in /Users/sangpil/GitHub/SP.Engine/Engine/SP.Engine.Runtime/PooledReceiveBuffer.cs:line 41
   at SP.Engine.Client.BaseNetPeer.OnSessionDataReceived(Object sender, DataEventArgs e) in /Users/sangpil/GitHub/SP.Engine/Engine/SP.Engine.Client/BaseNetPeer.cs:line 551
   at SP.Engine.Client.TcpNetworkSession.OnDataReceived(Byte[] data, Int32 offset, Int32 length) in /Users/sangpil/GitHub/SP.Engine/Engine/SP.Engine.Client/TcpNetworkSession.cs:line 460
   at SP.Engine.Client.TcpNetworkSession.OnReceiveCompleted(Object sender, SocketAsyncEventArgs e) in /Users/sangpil/GitHub/SP.Engine/Engine/SP.Engine.Client/TcpNetworkSession.cs:line 288
[14:09:52.086 INF] [T:43] [Game] [Rank] Offline...
[14:09:52.086 INF] [T:43] [Game] [Rank] State changed: "Open" -> "Reconnecting"
[14:09:52.091 DBG] [T:7] [Game] Reconnecting... 1
[14:09:52.093 INF] [T:57] [Game] [Rank] State changed: "Reconnecting" -> "Handshake"
[14:09:52.096 ERR] [T:56] [Game] [Rank] An error occurred: Specified argument was out of the range of valid values.
   at SP.Engine.Runtime.PooledReceiveBuffer.Write(ReadOnlySpan`1 data) in /Users/sangpil/GitHub/SP.Engine/Engine/SP.Engine.Runtime/PooledReceiveBuffer.cs:line 41
   at SP.Engine.Client.BaseNetPeer.OnSessionDataReceived(Object sender, DataEventArgs e) in /Users/sangpil/GitHub/SP.Engine/Engine/SP.Engine.Client/BaseNetPeer.cs:line 551
   at SP.Engine.Client.TcpNetworkSession.OnDataReceived(Byte[] data, Int32 offset, Int32 length) in /Users/sangpil/GitHub/SP.Engine/Engine/SP.Engine.Client/TcpNetworkSession.cs:line 460
   at SP.Engine.Client.TcpNetworkSession.OnReceiveCompleted(Object sender, SocketAsyncEventArgs e) in /Users/sangpil/GitHub/SP.Engine/Engine/SP.Engine.Client/TcpNetworkSession.cs:line 288
[14:09:52.097 INF] [T:56] [Game] [Rank] State changed: "Handshake" -> "Closed"
[14:09:52.097 INF] [T:56] [Game] [Rank] Disconnected
[14:09:52.098 INF] [T:7] [Game] [Rank] State changed: "Closed" -> "Connecting"
[14:09:52.122 INF] [T:43] [Game] [Rank] State changed: "Connecting" -> "Handshake"
[14:09:52.170 ERR] [T:56] [Game] [Rank] An error occurred: Specified argument was out of the range of valid values.
   at SP.Engine.Runtime.PooledReceiveBuffer.Write(ReadOnlySpan`1 data) in /Users/sangpil/GitHub/SP.Engine/Engine/SP.Engine.Runtime/PooledReceiveBuffer.cs:line 41
   at SP.Engine.Client.BaseNetPeer.OnSessionDataReceived(Object sender, DataEventArgs e) in /Users/sangpil/GitHub/SP.Engine/Engine/SP.Engine.Client/BaseNetPeer.cs:line 551
   at SP.Engine.Client.TcpNetworkSession.OnDataReceived(Byte[] data, Int32 offset, Int32 length) in /Users/sangpil/GitHub/SP.Engine/Engine/SP.Engine.Client/TcpNetworkSession.cs:line 460
   at SP.Engine.Client.TcpNetworkSession.OnReceiveCompleted(Object sender, SocketAsyncEventArgs e) in /Users/sangpil/GitHub/SP.Engine/Engine/SP.Engine.Client/TcpNetworkSession.cs:line 288
[14:09:52.170 INF] [T:56] [Game] [Rank] State changed: "Handshake" -> "Closed"
[14:09:52.170 INF] [T:56] [Game] [Rank] Disconnected
[14:10:00.035 DBG] [T:56] [Game] Received a termination request from the client. isClosing=false
[14:10:00.039 DBG] [T:56] [Game] The session 2a1664fa-4c54-4029-b0b6-cd9445cce3fa has been closed. reason="ClientClosing"
[14:10:00.042 DBG] [T:56] [Game] Peer leaved. uid=0, reason="ClientClosing"
[14:10:00.043 ERR] [T:56] [Game] Object reference not set to an instance of an object.
System.NullReferenceException: Object reference not set to an instance of an object.
   at SP.Engine.Server.BaseSession.SP.Engine.Server.IBaseSession.ProcessBuffer(Byte[] buffer, Int32 offset, Int32 length) in /Users/sangpil/GitHub/SP.Engine/Engine/SP.Engine.Server/BaseSession.cs:line 200
[14:10:07.099 INF] [T:7] [Game] [Rank] State changed: "Closed" -> "Connecting"
[14:10:07.122 INF] [T:59] [Game] [Rank] State changed: "Connecting" -> "Handshake"
[14:10:07.169 ERR] [T:43] [Game] [Rank] An error occurred: Specified argument was out of the range of valid values.
   at SP.Engine.Runtime.PooledReceiveBuffer.Write(ReadOnlySpan`1 data) in /Users/sangpil/GitHub/SP.Engine/Engine/SP.Engine.Runtime/PooledReceiveBuffer.cs:line 41
   at SP.Engine.Client.BaseNetPeer.OnSessionDataReceived(Object sender, DataEventArgs e) in /Users/sangpil/GitHub/SP.Engine/Engine/SP.Engine.Client/BaseNetPeer.cs:line 551
   at SP.Engine.Client.TcpNetworkSession.OnDataReceived(Byte[] data, Int32 offset, Int32 length) in /Users/sangpil/GitHub/SP.Engine/Engine/SP.Engine.Client/TcpNetworkSession.cs:line 460
   at SP.Engine.Client.TcpNetworkSession.OnReceiveCompleted(Object sender, SocketAsyncEventArgs e) in /Users/sangpil/GitHub/SP.Engine/Engine/SP.Engine.Client/TcpNetworkSession.cs:line 288
[14:10:07.169 INF] [T:43] [Game] [Rank] State changed: "Handshake" -> "Closed"
[14:10:07.169 INF] [T:43] [Game] [Rank] Disconnected
[14:10:22.099 INF] [T:7] [Game] [Rank] State changed: "Closed" -> "Connecting"
[14:10:22.124 INF] [T:58] [Game] [Rank] State changed: "Connecting" -> "Handshake"
[14:10:22.173 ERR] [T:58] [Game] [Rank] An error occurred: Specified argument was out of the range of valid values.
   at SP.Engine.Runtime.PooledReceiveBuffer.Write(ReadOnlySpan`1 data) in /Users/sangpil/GitHub/SP.Engine/Engine/SP.Engine.Runtime/PooledReceiveBuffer.cs:line 41
   at SP.Engine.Client.BaseNetPeer.OnSessionDataReceived(Object sender, DataEventArgs e) in /Users/sangpil/GitHub/SP.Engine/Engine/SP.Engine.Client/BaseNetPeer.cs:line 551
   at SP.Engine.Client.TcpNetworkSession.OnDataReceived(Byte[] data, Int32 offset, Int32 length) in /Users/sangpil/GitHub/SP.Engine/Engine/SP.Engine.Client/TcpNetworkSession.cs:line 460
   at SP.Engine.Client.TcpNetworkSession.OnReceiveCompleted(Object sender, SocketAsyncEventArgs e) in /Users/sangpil/GitHub/SP.Engine/Engine/SP.Engine.Client/TcpNetworkSession.cs:line 288
[14:10:22.173 INF] [T:58] [Game] [Rank] State changed: "Handshake" -> "Closed"
[14:10:22.173 INF] [T:58] [Game] [Rank] Disconnected
[14:10:37.100 INF] [T:7] [Game] [Rank] State changed: "Closed" -> "Connecting"
[14:10:37.122 INF] [T:55] [Game] [Rank] State changed: "Connecting" -> "Handshake"
[14:10:37.150 ERR] [T:44] [Game] [Rank] An error occurred: Specified argument was out of the range of valid values.
   at SP.Engine.Runtime.PooledReceiveBuffer.Write(ReadOnlySpan`1 data) in /Users/sangpil/GitHub/SP.Engine/Engine/SP.Engine.Runtime/PooledReceiveBuffer.cs:line 41
   at SP.Engine.Client.BaseNetPeer.OnSessionDataReceived(Object sender, DataEventArgs e) in /Users/sangpil/GitHub/SP.Engine/Engine/SP.Engine.Client/BaseNetPeer.cs:line 551
   at SP.Engine.Client.TcpNetworkSession.OnDataReceived(Byte[] data, Int32 offset, Int32 length) in /Users/sangpil/GitHub/SP.Engine/Engine/SP.Engine.Client/TcpNetworkSession.cs:line 460
   at SP.Engine.Client.TcpNetworkSession.OnReceiveCompleted(Object sender, SocketAsyncEventArgs e) in /Users/sangpil/GitHub/SP.Engine/Engine/SP.Engine.Client/TcpNetworkSession.cs:line 288
[14:10:37.150 INF] [T:44] [Game] [Rank] State changed: "Handshake" -> "Closed"
[14:10:37.150 INF] [T:44] [Game] [Rank] Disconnected
[14:10:52.099 INF] [T:7] [Game] [Rank] State changed: "Closed" -> "Connecting"
[14:10:52.122 INF] [T:58] [Game] [Rank] State changed: "Connecting" -> "Handshake"
[14:10:52.156 ERR] [T:44] [Game] [Rank] An error occurred: Specified argument was out of the range of valid values.
   at SP.Engine.Runtime.PooledReceiveBuffer.Write(ReadOnlySpan`1 data) in /Users/sangpil/GitHub/SP.Engine/Engine/SP.Engine.Runtime/PooledReceiveBuffer.cs:line 41
   at SP.Engine.Client.BaseNetPeer.OnSessionDataReceived(Object sender, DataEventArgs e) in /Users/sangpil/GitHub/SP.Engine/Engine/SP.Engine.Client/BaseNetPeer.cs:line 551
   at SP.Engine.Client.TcpNetworkSession.OnDataReceived(Byte[] data, Int32 offset, Int32 length) in /Users/sangpil/GitHub/SP.Engine/Engine/SP.Engine.Client/TcpNetworkSession.cs:line 460
   at SP.Engine.Client.TcpNetworkSession.OnReceiveCompleted(Object sender, SocketAsyncEventArgs e) in /Users/sangpil/GitHub/SP.Engine/Engine/SP.Engine.Client/TcpNetworkSession.cs:line 288
[14:10:52.156 INF] [T:44] [Game] [Rank] State changed: "Handshake" -> "Closed"
[14:10:52.156 INF] [T:44] [Game] [Rank] Disconnected
[14:11:07.100 INF] [T:7] [Game] [Rank] State changed: "Closed" -> "Connecting"
[14:11:07.123 INF] [T:44] [Game] [Rank] State changed: "Connecting" -> "Handshake"
[14:11:07.168 ERR] [T:61] [Game] [Rank] An error occurred: Specified argument was out of the range of valid values.
   at SP.Engine.Runtime.PooledReceiveBuffer.Write(ReadOnlySpan`1 data) in /Users/sangpil/GitHub/SP.Engine/Engine/SP.Engine.Runtime/PooledReceiveBuffer.cs:line 41
   at SP.Engine.Client.BaseNetPeer.OnSessionDataReceived(Object sender, DataEventArgs e) in /Users/sangpil/GitHub/SP.Engine/Engine/SP.Engine.Client/BaseNetPeer.cs:line 551
   at SP.Engine.Client.TcpNetworkSession.OnDataReceived(Byte[] data, Int32 offset, Int32 length) in /Users/sangpil/GitHub/SP.Engine/Engine/SP.Engine.Client/TcpNetworkSession.cs:line 460
   at SP.Engine.Client.TcpNetworkSession.OnReceiveCompleted(Object sender, SocketAsyncEventArgs e) in /Users/sangpil/GitHub/SP.Engine/Engine/SP.Engine.Client/TcpNetworkSession.cs:line 288
[14:11:07.168 INF] [T:61] [Game] [Rank] State changed: "Handshake" -> "Closed"
[14:11:07.168 INF] [T:61] [Game] [Rank] Disconnected
[14:11:22.100 INF] [T:7] [Game] [Rank] State changed: "Closed" -> "Connecting"
[14:11:22.123 INF] [T:44] [Game] [Rank] State changed: "Connecting" -> "Handshake"
[14:11:22.176 ERR] [T:44] [Game] [Rank] An error occurred: Specified argument was out of the range of valid values.
   at SP.Engine.Runtime.PooledReceiveBuffer.Write(ReadOnlySpan`1 data) in /Users/sangpil/GitHub/SP.Engine/Engine/SP.Engine.Runtime/PooledReceiveBuffer.cs:line 41
   at SP.Engine.Client.BaseNetPeer.OnSessionDataReceived(Object sender, DataEventArgs e) in /Users/sangpil/GitHub/SP.Engine/Engine/SP.Engine.Client/BaseNetPeer.cs:line 551
   at SP.Engine.Client.TcpNetworkSession.OnDataReceived(Byte[] data, Int32 offset, Int32 length) in /Users/sangpil/GitHub/SP.Engine/Engine/SP.Engine.Client/TcpNetworkSession.cs:line 460
   at SP.Engine.Client.TcpNetworkSession.OnReceiveCompleted(Object sender, SocketAsyncEventArgs e) in /Users/sangpil/GitHub/SP.Engine/Engine/SP.Engine.Client/TcpNetworkSession.cs:line 288
[14:11:22.176 INF] [T:44] [Game] [Rank] State changed: "Handshake" -> "Closed"
[14:11:22.176 INF] [T:44] [Game] [Rank] Disconnected
[14:11:37.100 INF] [T:7] [Game] [Rank] State changed: "Closed" -> "Connecting"
[14:11:37.123 INF] [T:61] [Game] [Rank] State changed: "Connecting" -> "Handshake"
[14:11:37.154 ERR] [T:57] [Game] [Rank] An error occurred: Specified argument was out of the range of valid values.
   at SP.Engine.Runtime.PooledReceiveBuffer.Write(ReadOnlySpan`1 data) in /Users/sangpil/GitHub/SP.Engine/Engine/SP.Engine.Runtime/PooledReceiveBuffer.cs:line 41
   at SP.Engine.Client.BaseNetPeer.OnSessionDataReceived(Object sender, DataEventArgs e) in /Users/sangpil/GitHub/SP.Engine/Engine/SP.Engine.Client/BaseNetPeer.cs:line 551
   at SP.Engine.Client.TcpNetworkSession.OnDataReceived(Byte[] data, Int32 offset, Int32 length) in /Users/sangpil/GitHub/SP.Engine/Engine/SP.Engine.Client/TcpNetworkSession.cs:line 460
   at SP.Engine.Client.TcpNetworkSession.OnReceiveCompleted(Object sender, SocketAsyncEventArgs e) in /Users/sangpil/GitHub/SP.Engine/Engine/SP.Engine.Client/TcpNetworkSession.cs:line 288
[14:11:37.154 INF] [T:57] [Game] [Rank] State changed: "Handshake" -> "Closed"
[14:11:37.154 INF] [T:57] [Game] [Rank] Disconnected
[14:28:11.380 INF] [T:1] [Game] Logger setup was successful: Game
[14:28:11.518 DBG] [T:1] [Game] Discover commands: [10007, 10006, 10000, 10008, 10010, 10009, 10001, 10004, 10005, 10003, 10002]
[14:28:11.533 DBG] [T:1] [Game] Discover commands: [4003, 4002, 4001, 4000, 2000]
[14:28:11.534 INF] [T:1] [Game] The server Game is initialized.
[14:28:17.254 INF] [T:1] [Game] Listener (0.0.0.0:10001:"Tcp") was started.
[14:28:17.257 INF] [T:1] [Game] The server instance Game was been started!
[14:28:17.258 INF] [T:1] [Game] [Rank] State changed: "None" -> "Connecting"
[14:28:17.258 INF] [T:1] [Game] Env="Local", Region=Local, Public=121.135.249.98, Private=192.168.0.109, DnsName=
[14:28:17.290 INF] [T:8] [Game] [Rank] State changed: "Connecting" -> "Handshake"
[14:28:17.381 INF] [T:43] [Game] [Rank] State changed: "Handshake" -> "Open"
[14:28:17.382 DBG] [T:43] [Game] [Rank] Connected
[14:28:17.410 INF] [T:7] [Game] Register succeeded: Rank
[14:28:25.916 DBG] [T:8] [Game] A new session connected. sessionId=dd1be182-02b0-4eea-a596-bcfd9f34532e, remoteEndPoint=192.168.0.109:61204
[14:28:25.991 DBG] [T:10] [Game] Session authentication succeeded. sessionId=dd1be182-02b0-4eea-a596-bcfd9f34532e, peerId=1
[14:28:30.375 DBG] [T:43] [Game] Bind peer: uid=1000001, peerId=1
