[00:14:03.113 INF] [T:7] [PerfMonitor] Time:2026-03-21 15:14:02.122Z CPU=0.0% WS=49.59MB Managed=197.06MB Threads=63
[00:31:52.063 INF] [T:7] [PerfMonitor] Time:2026-03-21 15:31:51.063Z CPU=0.1% WS=58.52MB Managed=198.74MB Threads=64
[00:47:51.512 INF] [T:7] [PerfMonitor] Time:2026-03-21 15:47:50.512Z CPU=0.1% WS=58.52MB Managed=200.35MB Threads=63
[01:03:50.019 INF] [T:7] [PerfMonitor] Time:2026-03-21 16:03:49.019Z CPU=0.1% WS=58.56MB Managed=202.03MB Threads=65
[01:21:43.438 INF] [T:7] [PerfMonitor] Time:2026-03-21 16:21:42.438Z CPU=0.0% WS=56.98MB Managed=203.68MB Threads=65
[01:22:43.440 INF] [T:7] [PerfMonitor] Time:2026-03-21 16:22:42.440Z CPU=0.0% WS=53.00MB Managed=197.53MB Threads=63
[01:40:02.249 INF] [T:7] [PerfMonitor] Time:2026-03-21 16:40:01.248Z CPU=0.1% WS=53.20MB Managed=199.14MB Threads=63
[01:41:02.250 INF] [T:7] [PerfMonitor] Time:2026-03-21 16:41:01.249Z CPU=0.1% WS=53.20MB Managed=200.77MB Threads=63
[01:42:02.250 INF] [T:7] [PerfMonitor] Time:2026-03-21 16:42:01.250Z CPU=0.1% WS=53.61MB Managed=202.37MB Threads=63
[01:43:02.251 INF] [T:7] [PerfMonitor] Time:2026-03-21 16:43:01.251Z CPU=0.1% WS=53.97MB Managed=204.00MB Threads=63
[01:44:02.251 INF] [T:7] [PerfMonitor] Time:2026-03-21 16:44:01.251Z CPU=0.1% WS=53.98MB Managed=197.77MB Threads=63
[01:45:02.252 INF] [T:7] [PerfMonitor] Time:2026-03-21 16:45:01.252Z CPU=0.1% WS=53.98MB Managed=199.39MB Threads=63
[01:46:02.251 INF] [T:7] [PerfMonitor] Time:2026-03-21 16:46:02.251Z CPU=0.1% WS=53.98MB Managed=201.01MB Threads=63
[01:47:02.252 INF] [T:7] [PerfMonitor] Time:2026-03-21 16:47:02.252Z CPU=0.1% WS=53.98MB Managed=202.62MB Threads=63
[01:48:02.254 INF] [T:7] [PerfMonitor] Time:2026-03-21 16:48:02.253Z CPU=0.1% WS=54.00MB Managed=196.34MB Threads=63
[01:49:02.252 INF] [T:7] [PerfMonitor] Time:2026-03-21 16:49:01.253Z CPU=0.1% WS=54.14MB Managed=197.94MB Threads=63
[01:50:02.254 INF] [T:7] [PerfMonitor] Time:2026-03-21 16:50:01.254Z CPU=0.1% WS=54.16MB Managed=199.54MB Threads=63
[01:51:02.255 INF] [T:7] [PerfMonitor] Time:2026-03-21 16:51:01.255Z CPU=0.1% WS=54.16MB Managed=201.21MB Threads=63
[01:52:02.255 INF] [T:7] [PerfMonitor] Time:2026-03-21 16:52:01.255Z CPU=0.1% WS=54.16MB Managed=202.80MB Threads=63
[01:53:02.256 INF] [T:7] [PerfMonitor] Time:2026-03-21 16:53:01.255Z CPU=0.1% WS=54.88MB Managed=196.25MB Threads=63
[01:54:02.257 INF] [T:7] [PerfMonitor] Time:2026-03-21 16:54:01.256Z CPU=0.1% WS=54.88MB Managed=197.87MB Threads=63
[01:55:02.258 INF] [T:7] [PerfMonitor] Time:2026-03-21 16:55:01.258Z CPU=0.1% WS=55.09MB Managed=199.49MB Threads=64
[01:56:02.292 INF] [T:7] [PerfMonitor] Time:2026-03-21 16:56:02.292Z CPU=0.1% WS=55.09MB Managed=201.15MB Threads=64
[01:57:02.258 INF] [T:7] [PerfMonitor] Time:2026-03-21 16:57:01.258Z CPU=0.1% WS=55.08MB Managed=202.73MB Threads=63
[01:58:02.259 INF] [T:7] [PerfMonitor] Time:2026-03-21 16:58:01.258Z CPU=0.1% WS=55.08MB Managed=196.51MB Threads=63
[01:59:02.259 INF] [T:7] [PerfMonitor] Time:2026-03-21 16:59:01.258Z CPU=0.1% WS=55.09MB Managed=198.14MB Threads=63
[02:00:02.259 INF] [T:7] [PerfMonitor] Time:2026-03-21 17:00:01.259Z CPU=0.1% WS=55.09MB Managed=199.76MB Threads=63
[02:01:02.258 INF] [T:7] [PerfMonitor] Time:2026-03-21 17:01:01.260Z CPU=0.1% WS=55.08MB Managed=201.38MB Threads=62
[02:02:02.259 INF] [T:7] [PerfMonitor] Time:2026-03-21 17:02:01.261Z CPU=0.1% WS=55.09MB Managed=202.98MB Threads=63
[02:03:02.261 INF] [T:7] [PerfMonitor] Time:2026-03-21 17:03:01.261Z CPU=0.1% WS=55.11MB Managed=196.74MB Threads=64
[02:04:02.262 INF] [T:7] [PerfMonitor] Time:2026-03-21 17:04:01.262Z CPU=0.1% WS=55.16MB Managed=198.35MB Threads=63
[02:05:02.260 INF] [T:7] [PerfMonitor] Time:2026-03-21 17:05:01.262Z CPU=0.1% WS=55.16MB Managed=199.96MB Threads=63
[02:06:02.262 INF] [T:7] [PerfMonitor] Time:2026-03-21 17:06:01.262Z CPU=0.1% WS=55.16MB Managed=201.57MB Threads=63
[02:07:02.262 INF] [T:7] [PerfMonitor] Time:2026-03-21 17:07:01.263Z CPU=0.1% WS=55.16MB Managed=203.19MB Threads=63
[02:08:02.263 INF] [T:7] [PerfMonitor] Time:2026-03-21 17:08:01.263Z CPU=0.1% WS=55.16MB Managed=196.92MB Threads=63
[02:09:02.263 INF] [T:7] [PerfMonitor] Time:2026-03-21 17:09:01.264Z CPU=0.1% WS=55.16MB Managed=198.53MB Threads=63
[02:10:02.264 INF] [T:7] [PerfMonitor] Time:2026-03-21 17:10:02.264Z CPU=0.1% WS=55.16MB Managed=200.15MB Threads=63
[02:11:02.265 INF] [T:7] [PerfMonitor] Time:2026-03-21 17:11:01.264Z CPU=0.1% WS=55.16MB Managed=201.76MB Threads=63
[02:27:11.420 INF] [T:7] [PerfMonitor] Time:2026-03-21 17:27:10.421Z CPU=0.1% WS=55.19MB Managed=203.36MB Threads=64
[02:43:46.630 INF] [T:7] [PerfMonitor] Time:2026-03-21 17:43:45.629Z CPU=0.1% WS=55.17MB Managed=197.08MB Threads=63
[02:44:46.630 INF] [T:7] [PerfMonitor] Time:2026-03-21 17:44:45.631Z CPU=0.1% WS=55.17MB Managed=198.70MB Threads=63
[03:02:37.934 INF] [T:7] [PerfMonitor] Time:2026-03-21 18:02:37.934Z CPU=0.0% WS=55.17MB Managed=200.35MB Threads=63
[03:20:37.313 INF] [T:7] [PerfMonitor] Time:2026-03-21 18:20:36.314Z CPU=0.1% WS=55.17MB Managed=201.93MB Threads=63
[03:36:58.709 INF] [T:7] [PerfMonitor] Time:2026-03-21 18:36:57.710Z CPU=0.1% WS=55.16MB Managed=203.55MB Threads=63
[03:53:01.873 INF] [T:7] [PerfMonitor] Time:2026-03-21 18:53:00.873Z CPU=0.1% WS=55.17MB Managed=197.29MB Threads=64
[04:09:20.980 INF] [T:7] [PerfMonitor] Time:2026-03-21 19:09:19.976Z CPU=0.1% WS=55.12MB Managed=198.94MB Threads=63
[04:25:37.275 INF] [T:7] [PerfMonitor] Time:2026-03-21 19:25:36.280Z CPU=0.0% WS=55.14MB Managed=200.56MB Threads=64
[04:28:53.743 INF] [T:7] [PerfMonitor] Time:2026-03-21 19:28:52.743Z CPU=0.1% WS=55.12MB Managed=202.18MB Threads=63
[04:45:27.809 INF] [T:7] [PerfMonitor] Time:2026-03-21 19:45:26.809Z CPU=0.0% WS=55.14MB Managed=203.79MB Threads=64
[05:03:12.972 INF] [T:7] [PerfMonitor] Time:2026-03-21 20:03:11.972Z CPU=0.0% WS=55.16MB Managed=197.61MB Threads=64
[05:20:21.328 INF] [T:7] [PerfMonitor] Time:2026-03-21 20:20:21.328Z CPU=0.0% WS=55.14MB Managed=199.25MB Threads=63
[05:37:13.581 INF] [T:7] [PerfMonitor] Time:2026-03-21 20:37:12.580Z CPU=0.1% WS=53.75MB Managed=200.85MB Threads=63
[05:55:36.011 INF] [T:7] [PerfMonitor] Time:2026-03-21 20:55:35.011Z CPU=0.1% WS=53.44MB Managed=202.47MB Threads=63
[06:11:35.386 INF] [T:7] [PerfMonitor] Time:2026-03-21 21:11:34.387Z CPU=0.1% WS=53.44MB Managed=196.26MB Threads=63
[06:28:15.443 INF] [T:7] [PerfMonitor] Time:2026-03-21 21:28:14.441Z CPU=0.1% WS=53.45MB Managed=197.88MB Threads=63
[06:29:28.600 INF] [T:7] [PerfMonitor] Time:2026-03-21 21:29:27.599Z CPU=0.1% WS=53.45MB Managed=199.49MB Threads=63
[06:46:30.756 INF] [T:7] [PerfMonitor] Time:2026-03-21 21:46:29.756Z CPU=0.1% WS=53.47MB Managed=201.16MB Threads=64
[07:00:56.056 INF] [T:7] [PerfMonitor] Time:2026-03-21 22:00:55.055Z CPU=0.1% WS=53.45MB Managed=202.78MB Threads=63
[07:02:55.319 INF] [T:7] [PerfMonitor] Time:2026-03-21 22:02:54.317Z CPU=0.1% WS=53.45MB Managed=196.55MB Threads=63
[07:21:08.461 INF] [T:7] [PerfMonitor] Time:2026-03-21 22:21:07.463Z CPU=0.1% WS=53.45MB Managed=198.16MB Threads=63
[07:46:05.795 INF] [T:7] [PerfMonitor] Time:2026-03-21 22:46:04.796Z CPU=0.0% WS=53.47MB Managed=199.79MB Threads=63
[07:47:05.795 INF] [T:7] [PerfMonitor] Time:2026-03-21 22:47:04.796Z CPU=0.1% WS=53.47MB Managed=201.40MB Threads=63
[08:18:48.541 INF] [T:7] [PerfMonitor] Time:2026-03-21 23:03:12.345Z CPU=0.1% WS=53.47MB Managed=203.02MB Threads=63
[08:30:48.605 INF] [T:7] [PerfMonitor] Time:2026-03-21 23:30:47.605Z CPU=0.1% WS=53.48MB Managed=196.79MB Threads=64
[08:47:22.769 INF] [T:7] [PerfMonitor] Time:2026-03-21 23:47:22.769Z CPU=0.0% WS=53.48MB Managed=198.43MB Threads=64
[09:03:25.584 INF] [T:7] [PerfMonitor] Time:2026-03-22 00:03:24.597Z CPU=0.0% WS=53.47MB Managed=200.03MB Threads=63
[09:22:17.867 INF] [T:7] [PerfMonitor] Time:2026-03-22 00:22:17.866Z CPU=0.0% WS=53.78MB Managed=201.69MB Threads=65
[09:31:55.916 INF] [T:7] [PerfMonitor] Time:2026-03-22 00:31:54.918Z CPU=0.1% WS=53.75MB Managed=203.28MB Threads=63
[09:50:02.090 INF] [T:7] [PerfMonitor] Time:2026-03-22 00:50:01.090Z CPU=0.1% WS=54.31MB Managed=197.08MB Threads=66
[09:56:47.163 INF] [T:7] [PerfMonitor] Time:2026-03-22 00:56:46.164Z CPU=0.0% WS=34.88MB Managed=198.71MB Threads=64
[09:57:47.164 INF] [T:7] [PerfMonitor] Time:2026-03-22 00:57:46.164Z CPU=0.1% WS=37.45MB Managed=200.41MB Threads=64
[09:58:47.164 INF] [T:7] [PerfMonitor] Time:2026-03-22 00:58:46.165Z CPU=0.0% WS=40.58MB Managed=202.08MB Threads=65
[09:59:47.165 INF] [T:7] [PerfMonitor] Time:2026-03-22 00:59:47.164Z CPU=0.1% WS=41.89MB Managed=203.77MB Threads=66
[10:00:47.165 INF] [T:7] [PerfMonitor] Time:2026-03-22 01:00:46.166Z CPU=0.0% WS=45.59MB Managed=197.70MB Threads=65
[10:01:47.165 INF] [T:7] [PerfMonitor] Time:2026-03-22 01:01:46.165Z CPU=0.1% WS=45.70MB Managed=199.39MB Threads=65
[10:02:47.165 INF] [T:7] [PerfMonitor] Time:2026-03-22 01:02:46.167Z CPU=0.1% WS=45.69MB Managed=201.06MB Threads=64
[10:03:47.167 INF] [T:7] [PerfMonitor] Time:2026-03-22 01:03:46.167Z CPU=0.1% WS=45.72MB Managed=202.72MB Threads=65
[10:04:47.167 INF] [T:7] [PerfMonitor] Time:2026-03-22 01:04:46.167Z CPU=0.1% WS=45.92MB Managed=196.20MB Threads=64
[10:05:47.167 INF] [T:7] [PerfMonitor] Time:2026-03-22 01:05:46.167Z CPU=0.0% WS=45.94MB Managed=197.89MB Threads=65
[10:06:47.168 INF] [T:7] [PerfMonitor] Time:2026-03-22 01:06:46.168Z CPU=0.1% WS=45.92MB Managed=199.51MB Threads=64
[10:07:47.168 INF] [T:7] [PerfMonitor] Time:2026-03-22 01:07:46.168Z CPU=0.1% WS=49.42MB Managed=201.18MB Threads=66
[10:08:47.168 INF] [T:7] [PerfMonitor] Time:2026-03-22 01:08:46.169Z CPU=0.1% WS=49.38MB Managed=202.85MB Threads=64
[10:09:47.168 INF] [T:7] [PerfMonitor] Time:2026-03-22 01:09:46.168Z CPU=0.1% WS=49.27MB Managed=196.63MB Threads=63
[10:10:47.170 INF] [T:7] [PerfMonitor] Time:2026-03-22 01:10:46.169Z CPU=0.1% WS=49.30MB Managed=198.25MB Threads=64
[10:11:47.170 INF] [T:7] [PerfMonitor] Time:2026-03-22 01:11:46.170Z CPU=0.1% WS=49.28MB Managed=199.90MB Threads=63
[10:12:47.170 INF] [T:7] [PerfMonitor] Time:2026-03-22 01:12:46.170Z CPU=0.1% WS=48.84MB Managed=201.53MB Threads=63
[10:13:47.170 INF] [T:7] [PerfMonitor] Time:2026-03-22 01:13:47.170Z CPU=0.1% WS=48.86MB Managed=203.16MB Threads=64
[10:14:47.170 INF] [T:7] [PerfMonitor] Time:2026-03-22 01:14:46.171Z CPU=0.1% WS=48.84MB Managed=196.91MB Threads=63
[10:15:47.172 INF] [T:7] [PerfMonitor] Time:2026-03-22 01:15:46.171Z CPU=0.1% WS=45.94MB Managed=198.53MB Threads=64
[10:16:47.172 INF] [T:7] [PerfMonitor] Time:2026-03-22 01:16:46.172Z CPU=0.1% WS=46.33MB Managed=200.16MB Threads=63
[10:17:47.173 INF] [T:7] [PerfMonitor] Time:2026-03-22 01:17:46.173Z CPU=0.0% WS=46.95MB Managed=201.76MB Threads=63
[10:18:47.173 INF] [T:7] [PerfMonitor] Time:2026-03-22 01:18:46.172Z CPU=0.0% WS=47.33MB Managed=203.37MB Threads=63
[10:19:47.173 INF] [T:7] [PerfMonitor] Time:2026-03-22 01:19:46.174Z CPU=0.0% WS=47.53MB Managed=197.09MB Threads=63
[10:20:47.174 INF] [T:7] [PerfMonitor] Time:2026-03-22 01:20:46.174Z CPU=0.1% WS=47.53MB Managed=198.73MB Threads=63
[10:21:47.174 INF] [T:7] [PerfMonitor] Time:2026-03-22 01:21:46.174Z CPU=0.1% WS=47.55MB Managed=200.35MB Threads=63
[10:22:47.175 INF] [T:7] [PerfMonitor] Time:2026-03-22 01:22:46.175Z CPU=0.1% WS=47.56MB Managed=201.96MB Threads=64
[10:23:47.175 INF] [T:7] [PerfMonitor] Time:2026-03-22 01:23:46.175Z CPU=0.1% WS=47.58MB Managed=203.59MB Threads=65
[10:24:47.175 INF] [T:7] [PerfMonitor] Time:2026-03-22 01:24:46.175Z CPU=0.1% WS=47.56MB Managed=197.40MB Threads=64
[10:25:47.176 INF] [T:7] [PerfMonitor] Time:2026-03-22 01:25:46.176Z CPU=0.1% WS=47.58MB Managed=199.02MB Threads=64
[10:26:47.176 INF] [T:7] [PerfMonitor] Time:2026-03-22 01:26:46.177Z CPU=0.1% WS=47.56MB Managed=200.64MB Threads=63
[10:27:47.176 INF] [T:7] [PerfMonitor] Time:2026-03-22 01:27:47.176Z CPU=0.1% WS=47.58MB Managed=202.28MB Threads=64
[10:28:47.177 INF] [T:7] [PerfMonitor] Time:2026-03-22 01:28:46.177Z CPU=0.1% WS=47.66MB Managed=196.11MB Threads=65
[10:29:47.177 INF] [T:7] [PerfMonitor] Time:2026-03-22 01:29:46.177Z CPU=0.1% WS=47.64MB Managed=197.79MB Threads=64
[10:30:47.178 INF] [T:7] [PerfMonitor] Time:2026-03-22 01:30:46.178Z CPU=0.1% WS=47.62MB Managed=199.40MB Threads=63
[10:31:47.178 INF] [T:7] [PerfMonitor] Time:2026-03-22 01:31:46.178Z CPU=0.1% WS=47.62MB Managed=200.99MB Threads=63
[10:32:47.179 INF] [T:7] [PerfMonitor] Time:2026-03-22 01:32:46.179Z CPU=0.1% WS=47.58MB Managed=202.62MB Threads=63
[10:33:47.179 INF] [T:7] [PerfMonitor] Time:2026-03-22 01:33:46.179Z CPU=0.0% WS=46.80MB Managed=196.37MB Threads=63
[10:34:47.179 INF] [T:7] [PerfMonitor] Time:2026-03-22 01:34:46.179Z CPU=0.0% WS=46.81MB Managed=198.00MB Threads=64
[10:35:47.179 INF] [T:7] [PerfMonitor] Time:2026-03-22 01:35:46.179Z CPU=0.1% WS=46.81MB Managed=199.62MB Threads=64
[10:36:47.180 INF] [T:7] [PerfMonitor] Time:2026-03-22 01:36:47.180Z CPU=0.0% WS=46.80MB Managed=201.28MB Threads=63
[10:37:47.180 INF] [T:7] [PerfMonitor] Time:2026-03-22 01:37:46.180Z CPU=0.1% WS=46.80MB Managed=202.89MB Threads=63
[10:38:47.181 INF] [T:7] [PerfMonitor] Time:2026-03-22 01:38:46.181Z CPU=0.1% WS=46.81MB Managed=196.68MB Threads=64
[10:39:47.181 INF] [T:7] [PerfMonitor] Time:2026-03-22 01:39:46.181Z CPU=0.0% WS=46.81MB Managed=198.36MB Threads=64
[10:40:47.181 INF] [T:7] [PerfMonitor] Time:2026-03-22 01:40:46.182Z CPU=0.0% WS=46.81MB Managed=199.99MB Threads=64
[10:41:47.181 INF] [T:7] [PerfMonitor] Time:2026-03-22 01:41:46.181Z CPU=0.0% WS=46.81MB Managed=201.59MB Threads=64
[10:42:47.182 INF] [T:7] [PerfMonitor] Time:2026-03-22 01:42:46.181Z CPU=0.1% WS=45.00MB Managed=203.24MB Threads=65
[10:43:47.183 INF] [T:7] [PerfMonitor] Time:2026-03-22 01:43:46.182Z CPU=0.1% WS=45.00MB Managed=197.02MB Threads=64
[10:44:47.183 INF] [T:7] [PerfMonitor] Time:2026-03-22 01:44:46.182Z CPU=0.1% WS=44.84MB Managed=198.68MB Threads=64
[10:45:47.183 INF] [T:7] [PerfMonitor] Time:2026-03-22 01:45:47.183Z CPU=0.1% WS=40.56MB Managed=200.32MB Threads=64
[10:46:47.183 INF] [T:7] [PerfMonitor] Time:2026-03-22 01:46:46.183Z CPU=0.1% WS=40.83MB Managed=201.92MB Threads=63
[10:47:47.183 INF] [T:7] [PerfMonitor] Time:2026-03-22 01:47:46.184Z CPU=0.1% WS=40.84MB Managed=203.54MB Threads=64
[10:48:47.184 INF] [T:7] [PerfMonitor] Time:2026-03-22 01:48:46.184Z CPU=0.0% WS=40.91MB Managed=197.40MB Threads=64
[10:49:47.184 INF] [T:7] [PerfMonitor] Time:2026-03-22 01:49:46.185Z CPU=0.0% WS=40.91MB Managed=199.01MB Threads=63
[10:50:47.185 INF] [T:7] [PerfMonitor] Time:2026-03-22 01:50:46.184Z CPU=0.0% WS=40.91MB Managed=200.62MB Threads=63
[10:51:47.186 INF] [T:7] [PerfMonitor] Time:2026-03-22 01:51:46.185Z CPU=0.1% WS=40.91MB Managed=202.23MB Threads=63
[10:52:47.187 INF] [T:7] [PerfMonitor] Time:2026-03-22 01:52:46.186Z CPU=0.0% WS=41.22MB Managed=203.91MB Threads=64
[10:53:47.188 INF] [T:7] [PerfMonitor] Time:2026-03-22 01:53:46.185Z CPU=0.0% WS=41.23MB Managed=197.68MB Threads=64
[10:54:47.188 INF] [T:7] [PerfMonitor] Time:2026-03-22 01:54:46.186Z CPU=0.0% WS=41.22MB Managed=199.33MB Threads=63
[10:55:47.188 INF] [T:7] [PerfMonitor] Time:2026-03-22 01:55:46.186Z CPU=0.1% WS=39.61MB Managed=200.94MB Threads=63
[10:56:47.188 INF] [T:7] [PerfMonitor] Time:2026-03-22 01:56:46.187Z CPU=0.1% WS=40.64MB Managed=202.60MB Threads=65
[10:57:47.188 INF] [T:7] [PerfMonitor] Time:2026-03-22 01:57:46.187Z CPU=0.1% WS=41.05MB Managed=196.40MB Threads=63
[10:58:47.188 INF] [T:7] [PerfMonitor] Time:2026-03-22 01:58:46.188Z CPU=0.1% WS=41.05MB Managed=198.02MB Threads=63
[10:59:47.188 INF] [T:7] [PerfMonitor] Time:2026-03-22 01:59:46.188Z CPU=0.1% WS=41.06MB Managed=199.64MB Threads=63
[11:00:47.189 INF] [T:7] [PerfMonitor] Time:2026-03-22 02:00:46.189Z CPU=0.1% WS=41.17MB Managed=201.26MB Threads=63
[11:01:47.190 INF] [T:7] [PerfMonitor] Time:2026-03-22 02:01:46.188Z CPU=0.1% WS=41.19MB Managed=202.88MB Threads=63
[11:02:47.190 INF] [T:7] [PerfMonitor] Time:2026-03-22 02:02:46.189Z CPU=0.1% WS=41.36MB Managed=196.30MB Threads=64
[11:03:47.190 INF] [T:7] [PerfMonitor] Time:2026-03-22 02:03:46.190Z CPU=0.1% WS=41.36MB Managed=197.93MB Threads=64
[11:04:47.191 INF] [T:7] [PerfMonitor] Time:2026-03-22 02:04:46.190Z CPU=0.1% WS=41.38MB Managed=199.58MB Threads=63
[11:05:47.190 INF] [T:7] [PerfMonitor] Time:2026-03-22 02:05:46.191Z CPU=0.1% WS=41.39MB Managed=201.18MB Threads=64
[11:06:47.190 INF] [T:7] [PerfMonitor] Time:2026-03-22 02:06:46.192Z CPU=0.1% WS=41.38MB Managed=202.80MB Threads=63
[11:07:47.191 INF] [T:7] [PerfMonitor] Time:2026-03-22 02:07:46.191Z CPU=0.1% WS=41.39MB Managed=196.60MB Threads=64
[11:08:47.193 INF] [T:7] [PerfMonitor] Time:2026-03-22 02:08:46.194Z CPU=0.1% WS=41.39MB Managed=198.26MB Threads=64
[11:09:47.194 INF] [T:7] [PerfMonitor] Time:2026-03-22 02:09:46.192Z CPU=0.1% WS=41.38MB Managed=199.89MB Threads=63
[11:10:47.193 INF] [T:7] [PerfMonitor] Time:2026-03-22 02:10:46.194Z CPU=0.1% WS=41.39MB Managed=201.57MB Threads=64
[11:11:47.193 INF] [T:7] [PerfMonitor] Time:2026-03-22 02:11:46.194Z CPU=0.1% WS=41.39MB Managed=203.20MB Threads=64
[11:12:47.194 INF] [T:7] [PerfMonitor] Time:2026-03-22 02:12:46.194Z CPU=0.1% WS=41.39MB Managed=197.00MB Threads=64
[11:13:47.195 INF] [T:7] [PerfMonitor] Time:2026-03-22 02:13:46.195Z CPU=0.1% WS=41.42MB Managed=198.69MB Threads=65
[11:14:47.192 INF] [T:7] [PerfMonitor] Time:2026-03-22 02:14:46.193Z CPU=0.1% WS=41.41MB Managed=200.33MB Threads=64
[11:15:47.190 INF] [T:7] [PerfMonitor] Time:2026-03-22 02:15:46.190Z CPU=0.1% WS=41.41MB Managed=201.93MB Threads=64
[11:16:47.190 INF] [T:7] [PerfMonitor] Time:2026-03-22 02:16:46.190Z CPU=0.0% WS=41.41MB Managed=203.56MB Threads=64
[11:17:47.190 INF] [T:7] [PerfMonitor] Time:2026-03-22 02:17:46.190Z CPU=0.1% WS=41.39MB Managed=197.31MB Threads=63
[11:18:47.190 INF] [T:7] [PerfMonitor] Time:2026-03-22 02:18:46.191Z CPU=0.0% WS=41.39MB Managed=198.95MB Threads=63
[11:19:47.190 INF] [T:7] [PerfMonitor] Time:2026-03-22 02:19:46.192Z CPU=0.1% WS=41.41MB Managed=200.59MB Threads=64
[11:20:47.191 INF] [T:7] [PerfMonitor] Time:2026-03-22 02:20:46.191Z CPU=0.0% WS=35.62MB Managed=202.23MB Threads=63
[11:21:47.191 INF] [T:7] [PerfMonitor] Time:2026-03-22 02:21:46.191Z CPU=0.1% WS=37.06MB Managed=203.83MB Threads=63
[11:22:47.191 INF] [T:7] [PerfMonitor] Time:2026-03-22 02:22:46.192Z CPU=0.1% WS=40.81MB Managed=197.63MB Threads=63
[11:23:47.192 INF] [T:7] [PerfMonitor] Time:2026-03-22 02:23:46.192Z CPU=0.1% WS=41.09MB Managed=199.27MB Threads=64
[11:24:47.192 INF] [T:7] [PerfMonitor] Time:2026-03-22 02:24:46.192Z CPU=0.0% WS=41.09MB Managed=200.91MB Threads=65
[11:25:47.193 INF] [T:7] [PerfMonitor] Time:2026-03-22 02:25:46.193Z CPU=0.0% WS=41.09MB Managed=202.58MB Threads=65
[11:26:47.193 INF] [T:7] [PerfMonitor] Time:2026-03-22 02:26:46.193Z CPU=0.1% WS=41.27MB Managed=196.40MB Threads=64
[11:27:47.193 INF] [T:7] [PerfMonitor] Time:2026-03-22 02:27:46.193Z CPU=0.1% WS=41.27MB Managed=198.06MB Threads=64
[11:28:47.192 INF] [T:7] [PerfMonitor] Time:2026-03-22 02:28:46.193Z CPU=0.0% WS=41.25MB Managed=199.69MB Threads=63
[11:29:47.194 INF] [T:7] [PerfMonitor] Time:2026-03-22 02:29:47.193Z CPU=0.0% WS=41.27MB Managed=201.37MB Threads=63
[11:30:47.194 INF] [T:7] [PerfMonitor] Time:2026-03-22 02:30:46.194Z CPU=0.1% WS=41.28MB Managed=202.97MB Threads=64
[11:31:47.194 INF] [T:7] [PerfMonitor] Time:2026-03-22 02:31:46.195Z CPU=0.1% WS=41.30MB Managed=196.74MB Threads=63
[11:32:47.194 INF] [T:7] [PerfMonitor] Time:2026-03-22 02:32:46.194Z CPU=0.1% WS=41.30MB Managed=198.38MB Threads=63
[11:33:47.195 INF] [T:7] [PerfMonitor] Time:2026-03-22 02:33:46.195Z CPU=0.1% WS=41.33MB Managed=200.00MB Threads=64
[11:34:47.194 INF] [T:7] [PerfMonitor] Time:2026-03-22 02:34:46.195Z CPU=0.1% WS=41.30MB Managed=201.60MB Threads=62
[11:35:47.195 INF] [T:7] [PerfMonitor] Time:2026-03-22 02:35:46.195Z CPU=0.1% WS=41.30MB Managed=203.22MB Threads=62
[11:36:47.197 INF] [T:7] [PerfMonitor] Time:2026-03-22 02:36:46.195Z CPU=0.1% WS=41.86MB Managed=196.98MB Threads=64
[11:37:47.195 INF] [T:7] [PerfMonitor] Time:2026-03-22 02:37:46.196Z CPU=0.1% WS=41.84MB Managed=198.60MB Threads=63
[11:38:47.196 INF] [T:7] [PerfMonitor] Time:2026-03-22 02:38:46.196Z CPU=0.1% WS=41.84MB Managed=200.22MB Threads=63
[11:39:47.195 INF] [T:7] [PerfMonitor] Time:2026-03-22 02:39:46.195Z CPU=0.1% WS=41.86MB Managed=201.82MB Threads=64
[11:56:15.884 INF] [T:7] [PerfMonitor] Time:2026-03-22 02:56:14.883Z CPU=0.0% WS=41.66MB Managed=203.45MB Threads=64
[12:13:30.778 INF] [T:7] [PerfMonitor] Time:2026-03-22 03:13:29.777Z CPU=0.0% WS=41.70MB Managed=197.22MB Threads=64
[12:14:30.777 INF] [T:7] [PerfMonitor] Time:2026-03-22 03:14:30.776Z CPU=0.1% WS=32.08MB Managed=198.88MB Threads=64
[12:15:30.777 INF] [T:7] [PerfMonitor] Time:2026-03-22 03:15:29.776Z CPU=0.0% WS=33.78MB Managed=200.48MB Threads=64
[12:16:30.777 INF] [T:7] [PerfMonitor] Time:2026-03-22 03:16:29.778Z CPU=0.0% WS=35.89MB Managed=202.10MB Threads=64
[12:17:30.778 INF] [T:7] [PerfMonitor] Time:2026-03-22 03:17:29.777Z CPU=0.0% WS=37.36MB Managed=203.74MB Threads=65
[12:18:30.778 INF] [T:7] [PerfMonitor] Time:2026-03-22 03:18:29.778Z CPU=0.1% WS=40.53MB Managed=197.60MB Threads=65
[12:19:30.778 INF] [T:7] [PerfMonitor] Time:2026-03-22 03:19:29.779Z CPU=0.0% WS=40.52MB Managed=199.24MB Threads=64
[12:20:30.779 INF] [T:7] [PerfMonitor] Time:2026-03-22 03:20:29.779Z CPU=0.0% WS=40.53MB Managed=200.92MB Threads=64
[12:21:30.779 INF] [T:7] [PerfMonitor] Time:2026-03-22 03:21:29.779Z CPU=0.0% WS=40.55MB Managed=202.57MB Threads=65
[12:22:30.780 INF] [T:7] [PerfMonitor] Time:2026-03-22 03:22:30.780Z CPU=0.0% WS=40.69MB Managed=196.50MB Threads=65
[12:23:30.780 INF] [T:7] [PerfMonitor] Time:2026-03-22 03:23:29.780Z CPU=0.0% WS=40.77MB Managed=198.12MB Threads=63
[12:24:30.781 INF] [T:7] [PerfMonitor] Time:2026-03-22 03:24:30.781Z CPU=0.0% WS=40.83MB Managed=199.80MB Threads=64
[12:25:30.782 INF] [T:7] [PerfMonitor] Time:2026-03-22 03:25:29.782Z CPU=0.0% WS=40.83MB Managed=201.43MB Threads=64
[12:26:30.782 INF] [T:7] [PerfMonitor] Time:2026-03-22 03:26:29.782Z CPU=0.0% WS=40.84MB Managed=203.09MB Threads=65
[12:27:30.782 INF] [T:7] [PerfMonitor] Time:2026-03-22 03:27:30.782Z CPU=0.0% WS=40.89MB Managed=197.01MB Threads=64
[12:28:30.783 INF] [T:7] [PerfMonitor] Time:2026-03-22 03:28:29.783Z CPU=0.0% WS=40.86MB Managed=198.61MB Threads=64
[12:29:30.784 INF] [T:7] [PerfMonitor] Time:2026-03-22 03:29:29.783Z CPU=0.0% WS=40.86MB Managed=200.32MB Threads=64
[12:30:30.784 INF] [T:7] [PerfMonitor] Time:2026-03-22 03:30:29.784Z CPU=0.0% WS=40.91MB Managed=201.97MB Threads=64
[12:31:30.785 INF] [T:7] [PerfMonitor] Time:2026-03-22 03:31:30.784Z CPU=0.0% WS=40.89MB Managed=203.62MB Threads=63
[12:32:30.784 INF] [T:7] [PerfMonitor] Time:2026-03-22 03:32:29.785Z CPU=0.0% WS=47.70MB Managed=196.91MB Threads=65
[12:33:30.786 INF] [T:7] [PerfMonitor] Time:2026-03-22 03:33:30.785Z CPU=0.0% WS=47.69MB Managed=198.58MB Threads=63
[12:34:30.786 INF] [T:7] [PerfMonitor] Time:2026-03-22 03:34:29.785Z CPU=0.0% WS=47.70MB Managed=200.18MB Threads=64
[12:35:30.787 INF] [T:7] [PerfMonitor] Time:2026-03-22 03:35:29.786Z CPU=0.0% WS=47.70MB Managed=201.78MB Threads=64
[12:36:30.787 INF] [T:7] [PerfMonitor] Time:2026-03-22 03:36:30.787Z CPU=0.0% WS=47.69MB Managed=203.44MB Threads=64
[12:37:30.788 INF] [T:7] [PerfMonitor] Time:2026-03-22 03:37:29.787Z CPU=0.0% WS=47.69MB Managed=197.20MB Threads=64
[12:38:30.788 INF] [T:7] [PerfMonitor] Time:2026-03-22 03:38:29.788Z CPU=0.0% WS=47.69MB Managed=198.83MB Threads=64
[12:39:30.789 INF] [T:7] [PerfMonitor] Time:2026-03-22 03:39:29.789Z CPU=0.0% WS=47.66MB Managed=200.44MB Threads=62
[12:40:30.789 INF] [T:7] [PerfMonitor] Time:2026-03-22 03:40:29.789Z CPU=0.0% WS=47.69MB Managed=202.04MB Threads=63
[12:41:30.790 INF] [T:7] [PerfMonitor] Time:2026-03-22 03:41:29.790Z CPU=0.1% WS=47.67MB Managed=195.80MB Threads=63
[12:42:30.790 INF] [T:7] [PerfMonitor] Time:2026-03-22 03:42:29.791Z CPU=0.1% WS=49.19MB Managed=197.46MB Threads=63
[12:43:30.791 INF] [T:7] [PerfMonitor] Time:2026-03-22 03:43:29.791Z CPU=0.1% WS=49.20MB Managed=199.08MB Threads=63
[12:44:30.791 INF] [T:7] [PerfMonitor] Time:2026-03-22 03:44:29.791Z CPU=0.1% WS=49.20MB Managed=200.68MB Threads=63
[12:45:30.792 INF] [T:7] [PerfMonitor] Time:2026-03-22 03:45:29.792Z CPU=0.1% WS=49.20MB Managed=202.28MB Threads=63
[12:46:30.792 INF] [T:7] [PerfMonitor] Time:2026-03-22 03:46:29.794Z CPU=0.1% WS=49.28MB Managed=196.02MB Threads=63
[12:47:30.794 INF] [T:7] [PerfMonitor] Time:2026-03-22 03:47:29.794Z CPU=0.1% WS=49.28MB Managed=197.64MB Threads=63
[12:48:30.794 INF] [T:7] [PerfMonitor] Time:2026-03-22 03:48:29.794Z CPU=0.1% WS=49.28MB Managed=199.25MB Threads=63
[12:49:30.795 INF] [T:7] [PerfMonitor] Time:2026-03-22 03:49:29.795Z CPU=0.1% WS=49.27MB Managed=200.84MB Threads=62
[12:50:30.791 INF] [T:7] [PerfMonitor] Time:2026-03-22 03:50:29.791Z CPU=0.1% WS=49.28MB Managed=202.47MB Threads=63
[13:07:00.457 INF] [T:7] [PerfMonitor] Time:2026-03-22 04:06:59.458Z CPU=0.1% WS=49.31MB Managed=196.22MB Threads=63
[13:24:10.742 INF] [T:7] [PerfMonitor] Time:2026-03-22 04:24:09.743Z CPU=0.0% WS=44.42MB Managed=197.85MB Threads=63
[13:40:59.002 INF] [T:7] [PerfMonitor] Time:2026-03-22 04:40:58.003Z CPU=0.0% WS=44.80MB Managed=199.46MB Threads=64
[13:57:23.830 INF] [T:7] [PerfMonitor] Time:2026-03-22 04:57:22.830Z CPU=0.1% WS=44.77MB Managed=201.09MB Threads=62
[14:15:00.979 INF] [T:7] [PerfMonitor] Time:2026-03-22 05:14:59.979Z CPU=0.1% WS=44.75MB Managed=202.69MB Threads=63
[14:31:04.330 INF] [T:7] [PerfMonitor] Time:2026-03-22 05:31:03.330Z CPU=0.1% WS=48.02MB Managed=196.45MB Threads=62
[14:42:38.787 INF] [T:7] [PerfMonitor] Time:2026-03-22 05:42:37.788Z CPU=0.1% WS=48.08MB Managed=198.06MB Threads=63
[14:51:58.483 INF] [T:7] [PerfMonitor] Time:2026-03-22 05:51:57.484Z CPU=0.1% WS=41.39MB Managed=199.69MB Threads=64
[15:09:26.954 INF] [T:7] [PerfMonitor] Time:2026-03-22 06:09:25.952Z CPU=0.1% WS=41.41MB Managed=201.29MB Threads=63
[15:42:38.474 INF] [T:7] [PerfMonitor] Time:2026-03-22 06:42:37.474Z CPU=0.1% WS=41.61MB Managed=202.93MB Threads=63
[15:43:38.475 INF] [T:7] [PerfMonitor] Time:2026-03-22 06:43:37.475Z CPU=0.0% WS=41.81MB Managed=196.68MB Threads=64
[15:53:02.801 INF] [T:7] [PerfMonitor] Time:2026-03-22 06:53:01.802Z CPU=0.1% WS=41.80MB Managed=198.31MB Threads=63
[16:09:43.072 INF] [T:7] [PerfMonitor] Time:2026-03-22 07:09:42.073Z CPU=0.0% WS=41.67MB Managed=199.91MB Threads=63
[16:10:56.636 INF] [T:7] [PerfMonitor] Time:2026-03-22 07:10:55.636Z CPU=0.1% WS=41.67MB Managed=201.52MB Threads=63
[16:27:24.378 INF] [T:7] [PerfMonitor] Time:2026-03-22 07:27:23.379Z CPU=0.1% WS=41.67MB Managed=203.14MB Threads=63
[16:33:38.508 INF] [T:7] [PerfMonitor] Time:2026-03-22 07:33:37.508Z CPU=0.0% WS=21.33MB Managed=196.93MB Threads=66
[16:34:38.507 INF] [T:7] [PerfMonitor] Time:2026-03-22 07:34:37.507Z CPU=0.1% WS=23.95MB Managed=198.58MB Threads=64
[16:35:38.508 INF] [T:7] [PerfMonitor] Time:2026-03-22 07:35:37.507Z CPU=0.1% WS=25.91MB Managed=200.20MB Threads=63
[16:36:38.509 INF] [T:7] [PerfMonitor] Time:2026-03-22 07:36:37.508Z CPU=0.1% WS=27.58MB Managed=201.80MB Threads=64
[16:37:38.509 INF] [T:7] [PerfMonitor] Time:2026-03-22 07:37:37.508Z CPU=0.1% WS=29.28MB Managed=203.42MB Threads=63
[16:38:38.509 INF] [T:7] [PerfMonitor] Time:2026-03-22 07:38:38.509Z CPU=0.1% WS=32.94MB Managed=197.17MB Threads=63
[16:39:38.509 INF] [T:7] [PerfMonitor] Time:2026-03-22 07:39:38.509Z CPU=0.1% WS=32.95MB Managed=198.80MB Threads=64
[16:40:38.510 INF] [T:7] [PerfMonitor] Time:2026-03-22 07:40:37.509Z CPU=0.1% WS=32.94MB Managed=200.39MB Threads=63
[16:41:38.510 INF] [T:7] [PerfMonitor] Time:2026-03-22 07:41:37.510Z CPU=0.1% WS=32.97MB Managed=202.01MB Threads=63
[16:42:38.511 INF] [T:7] [PerfMonitor] Time:2026-03-22 07:42:38.510Z CPU=0.1% WS=32.98MB Managed=203.67MB Threads=64
[16:43:38.511 INF] [T:7] [PerfMonitor] Time:2026-03-22 07:43:37.511Z CPU=0.1% WS=33.00MB Managed=197.40MB Threads=63
[16:44:38.512 INF] [T:7] [PerfMonitor] Time:2026-03-22 07:44:37.511Z CPU=0.1% WS=33.03MB Managed=199.02MB Threads=64
[16:45:38.511 INF] [T:7] [PerfMonitor] Time:2026-03-22 07:45:37.511Z CPU=0.1% WS=33.02MB Managed=200.64MB Threads=63
[16:46:38.511 INF] [T:7] [PerfMonitor] Time:2026-03-22 07:46:37.514Z CPU=0.1% WS=33.05MB Managed=202.26MB Threads=63
[16:47:38.513 INF] [T:7] [PerfMonitor] Time:2026-03-22 07:47:37.513Z CPU=0.1% WS=33.09MB Managed=195.98MB Threads=63
[16:48:38.512 INF] [T:7] [PerfMonitor] Time:2026-03-22 07:48:37.521Z CPU=0.0% WS=33.08MB Managed=197.63MB Threads=63
[16:49:38.513 INF] [T:7] [PerfMonitor] Time:2026-03-22 07:49:37.513Z CPU=0.0% WS=33.08MB Managed=199.26MB Threads=63
[16:50:38.513 INF] [T:7] [PerfMonitor] Time:2026-03-22 07:50:37.513Z CPU=0.1% WS=33.09MB Managed=200.86MB Threads=63
[16:51:38.514 INF] [T:7] [PerfMonitor] Time:2026-03-22 07:51:37.514Z CPU=0.0% WS=33.16MB Managed=202.48MB Threads=63
[16:52:38.514 INF] [T:7] [PerfMonitor] Time:2026-03-22 07:52:37.514Z CPU=0.0% WS=33.20MB Managed=196.25MB Threads=64
[16:53:38.514 INF] [T:7] [PerfMonitor] Time:2026-03-22 07:53:37.514Z CPU=0.1% WS=33.33MB Managed=197.89MB Threads=63
[16:54:38.515 INF] [T:7] [PerfMonitor] Time:2026-03-22 07:54:37.514Z CPU=0.1% WS=33.34MB Managed=199.50MB Threads=63
[16:55:38.515 INF] [T:7] [PerfMonitor] Time:2026-03-22 07:55:37.515Z CPU=0.0% WS=33.36MB Managed=201.14MB Threads=64
[16:56:38.515 INF] [T:7] [PerfMonitor] Time:2026-03-22 07:56:37.515Z CPU=0.1% WS=33.36MB Managed=202.80MB Threads=64
[16:57:38.517 INF] [T:7] [PerfMonitor] Time:2026-03-22 07:57:38.516Z CPU=0.0% WS=44.64MB Managed=196.16MB Threads=63
[16:58:38.516 INF] [T:7] [PerfMonitor] Time:2026-03-22 07:58:37.516Z CPU=0.0% WS=44.66MB Managed=197.77MB Threads=64
[16:59:38.517 INF] [T:7] [PerfMonitor] Time:2026-03-22 07:59:37.516Z CPU=0.0% WS=44.66MB Managed=199.40MB Threads=64
[17:00:38.517 INF] [T:7] [PerfMonitor] Time:2026-03-22 08:00:38.517Z CPU=0.0% WS=44.64MB Managed=201.06MB Threads=63
[17:01:38.517 INF] [T:7] [PerfMonitor] Time:2026-03-22 08:01:38.517Z CPU=0.0% WS=44.64MB Managed=202.66MB Threads=63
[17:02:38.518 INF] [T:7] [PerfMonitor] Time:2026-03-22 08:02:37.518Z CPU=0.0% WS=44.66MB Managed=196.43MB Threads=63
[17:03:38.518 INF] [T:7] [PerfMonitor] Time:2026-03-22 08:03:37.518Z CPU=0.1% WS=44.66MB Managed=198.09MB Threads=63
[17:04:38.519 INF] [T:7] [PerfMonitor] Time:2026-03-22 08:04:38.519Z CPU=0.1% WS=44.67MB Managed=199.73MB Threads=63
[17:05:38.519 INF] [T:7] [PerfMonitor] Time:2026-03-22 08:05:38.519Z CPU=0.1% WS=44.69MB Managed=201.34MB Threads=64
[17:06:38.519 INF] [T:7] [PerfMonitor] Time:2026-03-22 08:06:37.519Z CPU=0.1% WS=44.69MB Managed=202.94MB Threads=64
[17:07:38.520 INF] [T:7] [PerfMonitor] Time:2026-03-22 08:07:38.520Z CPU=0.1% WS=44.67MB Managed=196.74MB Threads=63
[17:08:38.521 INF] [T:7] [PerfMonitor] Time:2026-03-22 08:08:38.520Z CPU=0.1% WS=44.67MB Managed=198.36MB Threads=63
[17:09:38.521 INF] [T:7] [PerfMonitor] Time:2026-03-22 08:09:37.521Z CPU=0.1% WS=44.70MB Managed=199.99MB Threads=64
[17:10:38.521 INF] [T:7] [PerfMonitor] Time:2026-03-22 08:10:37.522Z CPU=0.1% WS=44.70MB Managed=201.61MB Threads=64
[17:11:38.521 INF] [T:7] [PerfMonitor] Time:2026-03-22 08:11:37.522Z CPU=0.1% WS=44.69MB Managed=203.24MB Threads=63
[17:12:38.519 INF] [T:7] [PerfMonitor] Time:2026-03-22 08:12:37.519Z CPU=0.1% WS=44.72MB Managed=197.06MB Threads=65
[17:13:38.519 INF] [T:7] [PerfMonitor] Time:2026-03-22 08:13:38.518Z CPU=0.1% WS=44.70MB Managed=198.78MB Threads=64
[17:14:38.519 INF] [T:7] [PerfMonitor] Time:2026-03-22 08:14:37.519Z CPU=0.1% WS=44.70MB Managed=200.38MB Threads=64
[17:15:38.520 INF] [T:7] [PerfMonitor] Time:2026-03-22 08:15:38.520Z CPU=0.1% WS=44.70MB Managed=202.05MB Threads=64
[17:16:38.519 INF] [T:7] [PerfMonitor] Time:2026-03-22 08:16:37.519Z CPU=0.1% WS=44.70MB Managed=195.81MB Threads=64
[17:17:38.519 INF] [T:7] [PerfMonitor] Time:2026-03-22 08:17:37.520Z CPU=0.1% WS=44.70MB Managed=197.46MB Threads=64
[17:18:38.520 INF] [T:7] [PerfMonitor] Time:2026-03-22 08:18:37.521Z CPU=0.1% WS=44.72MB Managed=199.12MB Threads=65
[17:19:38.522 INF] [T:7] [PerfMonitor] Time:2026-03-22 08:19:37.521Z CPU=0.1% WS=44.70MB Managed=200.77MB Threads=64
[17:20:38.521 INF] [T:7] [PerfMonitor] Time:2026-03-22 08:20:37.520Z CPU=0.1% WS=44.70MB Managed=202.42MB Threads=64
[17:21:38.522 INF] [T:7] [PerfMonitor] Time:2026-03-22 08:21:37.522Z CPU=0.1% WS=44.69MB Managed=196.28MB Threads=63
[17:22:38.521 INF] [T:7] [PerfMonitor] Time:2026-03-22 08:22:37.521Z CPU=0.1% WS=44.72MB Managed=197.91MB Threads=64
[17:23:38.522 INF] [T:7] [PerfMonitor] Time:2026-03-22 08:23:37.522Z CPU=0.1% WS=44.70MB Managed=199.60MB Threads=63
[17:24:38.523 INF] [T:7] [PerfMonitor] Time:2026-03-22 08:24:37.523Z CPU=0.1% WS=44.72MB Managed=201.25MB Threads=64
[17:25:38.523 INF] [T:7] [PerfMonitor] Time:2026-03-22 08:25:37.523Z CPU=0.0% WS=44.72MB Managed=202.87MB Threads=64
[17:26:38.523 INF] [T:7] [PerfMonitor] Time:2026-03-22 08:26:37.523Z CPU=0.1% WS=44.73MB Managed=196.66MB Threads=64
[17:27:38.523 INF] [T:7] [PerfMonitor] Time:2026-03-22 08:27:38.523Z CPU=0.1% WS=44.75MB Managed=198.34MB Threads=65
[17:28:38.522 INF] [T:7] [PerfMonitor] Time:2026-03-22 08:28:37.523Z CPU=0.1% WS=44.75MB Managed=199.97MB Threads=65
[17:29:38.523 INF] [T:7] [PerfMonitor] Time:2026-03-22 08:29:37.523Z CPU=0.0% WS=44.73MB Managed=201.59MB Threads=63
[17:30:38.523 INF] [T:7] [PerfMonitor] Time:2026-03-22 08:30:37.523Z CPU=0.0% WS=44.77MB Managed=203.30MB Threads=65
[17:31:38.523 INF] [T:7] [PerfMonitor] Time:2026-03-22 08:31:37.524Z CPU=0.1% WS=44.84MB Managed=197.15MB Threads=65
[17:32:38.524 INF] [T:7] [PerfMonitor] Time:2026-03-22 08:32:38.524Z CPU=0.1% WS=44.83MB Managed=198.80MB Threads=64
[17:33:38.524 INF] [T:7] [PerfMonitor] Time:2026-03-22 08:33:37.523Z CPU=0.1% WS=44.81MB Managed=200.41MB Threads=63
[17:34:38.524 INF] [T:7] [PerfMonitor] Time:2026-03-22 08:34:37.524Z CPU=0.1% WS=44.84MB Managed=202.03MB Threads=64
[17:35:38.525 INF] [T:7] [PerfMonitor] Time:2026-03-22 08:35:37.526Z CPU=0.1% WS=44.84MB Managed=203.63MB Threads=64
[17:36:38.524 INF] [T:7] [PerfMonitor] Time:2026-03-22 08:36:37.526Z CPU=0.1% WS=44.83MB Managed=197.44MB Threads=63
[17:37:38.527 INF] [T:7] [PerfMonitor] Time:2026-03-22 08:37:37.528Z CPU=0.1% WS=44.83MB Managed=199.11MB Threads=63
[17:38:38.526 INF] [T:7] [PerfMonitor] Time:2026-03-22 08:38:37.526Z CPU=0.1% WS=44.86MB Managed=200.83MB Threads=65
[17:39:38.532 INF] [T:7] [PerfMonitor] Time:2026-03-22 08:39:37.532Z CPU=0.1% WS=44.81MB Managed=202.43MB Threads=63
[17:40:38.533 INF] [T:7] [PerfMonitor] Time:2026-03-22 08:40:37.533Z CPU=0.1% WS=44.78MB Managed=196.26MB Threads=64
[17:41:38.534 INF] [T:7] [PerfMonitor] Time:2026-03-22 08:41:37.534Z CPU=0.1% WS=44.77MB Managed=197.91MB Threads=65
[17:42:38.535 INF] [T:7] [PerfMonitor] Time:2026-03-22 08:42:37.534Z CPU=0.1% WS=44.69MB Managed=199.53MB Threads=64
[17:43:38.534 INF] [T:7] [PerfMonitor] Time:2026-03-22 08:43:37.534Z CPU=0.0% WS=44.84MB Managed=201.23MB Threads=64
[17:44:38.536 INF] [T:7] [PerfMonitor] Time:2026-03-22 08:44:37.536Z CPU=0.1% WS=44.83MB Managed=202.87MB Threads=63
[17:45:38.536 INF] [T:7] [PerfMonitor] Time:2026-03-22 08:45:38.536Z CPU=0.0% WS=44.84MB Managed=196.69MB Threads=64
[17:46:38.536 INF] [T:7] [PerfMonitor] Time:2026-03-22 08:46:37.536Z CPU=0.1% WS=44.84MB Managed=198.32MB Threads=63
[17:47:38.536 INF] [T:7] [PerfMonitor] Time:2026-03-22 08:47:37.536Z CPU=0.1% WS=44.86MB Managed=199.96MB Threads=64
[17:48:38.537 INF] [T:7] [PerfMonitor] Time:2026-03-22 08:48:37.537Z CPU=0.0% WS=44.84MB Managed=201.62MB Threads=63
[17:49:38.537 INF] [T:7] [PerfMonitor] Time:2026-03-22 08:49:37.537Z CPU=0.1% WS=45.03MB Managed=203.30MB Threads=64
[17:50:38.537 INF] [T:7] [PerfMonitor] Time:2026-03-22 08:50:37.537Z CPU=0.1% WS=45.02MB Managed=197.12MB Threads=65
[17:51:38.538 INF] [T:7] [PerfMonitor] Time:2026-03-22 08:51:37.538Z CPU=0.1% WS=45.00MB Managed=198.77MB Threads=64
[17:52:38.538 INF] [T:7] [PerfMonitor] Time:2026-03-22 08:52:37.538Z CPU=0.1% WS=45.00MB Managed=200.43MB Threads=64
[17:53:38.539 INF] [T:7] [PerfMonitor] Time:2026-03-22 08:53:37.538Z CPU=0.1% WS=45.06MB Managed=202.06MB Threads=64
[17:54:38.539 INF] [T:7] [PerfMonitor] Time:2026-03-22 08:54:37.539Z CPU=0.1% WS=45.06MB Managed=203.71MB Threads=64
[17:55:38.540 INF] [T:7] [PerfMonitor] Time:2026-03-22 08:55:37.540Z CPU=0.1% WS=45.06MB Managed=197.13MB Threads=64
[17:56:38.540 INF] [T:7] [PerfMonitor] Time:2026-03-22 08:56:37.540Z CPU=0.1% WS=45.05MB Managed=198.75MB Threads=63
[17:57:38.540 INF] [T:7] [PerfMonitor] Time:2026-03-22 08:57:37.541Z CPU=0.1% WS=44.89MB Managed=200.35MB Threads=63
[17:58:38.540 INF] [T:7] [PerfMonitor] Time:2026-03-22 08:58:37.541Z CPU=0.1% WS=44.89MB Managed=201.97MB Threads=63
[17:59:38.542 INF] [T:7] [PerfMonitor] Time:2026-03-22 08:59:37.541Z CPU=0.1% WS=44.91MB Managed=203.58MB Threads=63
[18:00:38.541 INF] [T:7] [PerfMonitor] Time:2026-03-22 09:00:37.542Z CPU=0.0% WS=44.98MB Managed=197.36MB Threads=64
[18:01:38.542 INF] [T:7] [PerfMonitor] Time:2026-03-22 09:01:37.542Z CPU=0.1% WS=44.95MB Managed=199.00MB Threads=63
[18:02:38.542 INF] [T:7] [PerfMonitor] Time:2026-03-22 09:02:37.542Z CPU=0.1% WS=44.97MB Managed=200.61MB Threads=64
[18:03:38.543 INF] [T:7] [PerfMonitor] Time:2026-03-22 09:03:37.542Z CPU=0.1% WS=45.02MB Managed=202.24MB Threads=64
[18:04:38.543 INF] [T:7] [PerfMonitor] Time:2026-03-22 09:04:37.542Z CPU=0.1% WS=45.02MB Managed=196.10MB Threads=64
[18:05:38.544 INF] [T:7] [PerfMonitor] Time:2026-03-22 09:05:37.542Z CPU=0.1% WS=44.98MB Managed=197.74MB Threads=63
[18:06:38.544 INF] [T:7] [PerfMonitor] Time:2026-03-22 09:06:37.543Z CPU=0.1% WS=44.98MB Managed=199.35MB Threads=63
[18:07:38.544 INF] [T:7] [PerfMonitor] Time:2026-03-22 09:07:37.544Z CPU=0.1% WS=44.98MB Managed=200.98MB Threads=63
[18:08:38.545 INF] [T:7] [PerfMonitor] Time:2026-03-22 09:08:37.544Z CPU=0.1% WS=45.00MB Managed=202.58MB Threads=63
[18:09:38.545 INF] [T:7] [PerfMonitor] Time:2026-03-22 09:09:37.544Z CPU=0.1% WS=45.02MB Managed=196.36MB Threads=64
[18:10:38.545 INF] [T:7] [PerfMonitor] Time:2026-03-22 09:10:37.545Z CPU=0.1% WS=45.02MB Managed=198.02MB Threads=64
[18:11:38.546 INF] [T:7] [PerfMonitor] Time:2026-03-22 09:11:37.545Z CPU=0.1% WS=45.02MB Managed=199.68MB Threads=64
[18:12:38.547 INF] [T:7] [PerfMonitor] Time:2026-03-22 09:12:37.546Z CPU=0.1% WS=37.42MB Managed=201.34MB Threads=66
[18:13:38.547 INF] [T:7] [PerfMonitor] Time:2026-03-22 09:13:37.548Z CPU=0.1% WS=37.30MB Managed=202.99MB Threads=63
[18:14:38.547 INF] [T:7] [PerfMonitor] Time:2026-03-22 09:14:37.547Z CPU=0.1% WS=37.12MB Managed=196.79MB Threads=63
[18:15:38.547 INF] [T:7] [PerfMonitor] Time:2026-03-22 09:15:37.547Z CPU=0.1% WS=37.45MB Managed=198.41MB Threads=63
[18:16:38.547 INF] [T:7] [PerfMonitor] Time:2026-03-22 09:16:37.547Z CPU=0.1% WS=37.45MB Managed=200.01MB Threads=63
[18:17:38.547 INF] [T:7] [PerfMonitor] Time:2026-03-22 09:17:37.548Z CPU=0.0% WS=37.45MB Managed=201.63MB Threads=63
[18:18:38.546 INF] [T:7] [PerfMonitor] Time:2026-03-22 09:18:37.546Z CPU=0.1% WS=37.47MB Managed=203.23MB Threads=63
[18:19:38.547 INF] [T:7] [PerfMonitor] Time:2026-03-22 09:19:37.547Z CPU=0.1% WS=37.50MB Managed=197.05MB Threads=65
[18:20:38.547 INF] [T:7] [PerfMonitor] Time:2026-03-22 09:20:38.546Z CPU=0.1% WS=37.47MB Managed=198.72MB Threads=63
[18:21:38.547 INF] [T:7] [PerfMonitor] Time:2026-03-22 09:21:37.546Z CPU=0.1% WS=37.48MB Managed=200.31MB Threads=63
[18:22:38.547 INF] [T:7] [PerfMonitor] Time:2026-03-22 09:22:37.547Z CPU=0.1% WS=37.27MB Managed=201.93MB Threads=64
[18:29:49.718 INF] [T:1] [Game] Logger setup was successful: Game
[18:29:49.858 DBG] [T:1] [Game] [Engine] Discovered '12' commands: [19999, 10007, 10006, 10000, 10008, 10010, 10009, 10001, 10004, 10005, 10003, 10002]
[18:29:49.876 DBG] [T:1] [Game] [NetPeer] Discovered '5' commands: [4003, 4002, 4001, 4000, 2000]
[18:29:49.877 INF] [T:1] [Game] The server Game is initialized.
[18:29:55.501 INF] [T:1] [Game] Listener (0.0.0.0:10001:"Tcp") was started.
[18:29:55.506 INF] [T:1] [Game] The server instance Game was been started!
[18:29:55.508 INF] [T:1] [Game] [Rank] State changed: "None" -> "Connecting"
[18:29:55.508 INF] [T:1] [Game] Group=Dev, Name=Game, Env="Local", Region=Local, Public=121.135.249.98, Private=192.168.0.191, DnsName=
[18:29:55.540 INF] [T:9] [Game] [Rank] State changed: "Connecting" -> "Handshake"
[18:29:55.638 INF] [T:12] [Game] [Rank] State changed: "Handshake" -> "Open"
[18:29:55.638 DBG] [T:12] [Game] [Rank] Connected
[18:29:55.661 INF] [T:7] [Game] Register succeeded: Rank
[18:29:57.548 INF] [T:45] [Game] [Rank] Offline...
[18:29:57.548 INF] [T:45] [Game] [Rank] State changed: "Open" -> "Reconnecting"
[18:29:57.577 DBG] [T:7] [Game] Reconnecting... 1
[18:29:57.579 ERR] [T:56] [Game] [Rank] An error occurred: Connection refused
null
[18:30:02.467 INF] [T:1] [Game] Logger setup was successful: Game
[18:30:02.607 DBG] [T:1] [Game] [Engine] Discovered '12' commands: [19999, 10007, 10006, 10000, 10008, 10010, 10009, 10001, 10004, 10005, 10003, 10002]
[18:30:02.623 DBG] [T:1] [Game] [NetPeer] Discovered '5' commands: [4003, 4002, 4001, 4000, 2000]
[18:30:02.624 INF] [T:1] [Game] The server Game is initialized.
[18:30:03.222 INF] [T:1] [Game] Listener (0.0.0.0:10001:"Tcp") was started.
[18:30:03.224 INF] [T:1] [Game] The server instance Game was been started!
[18:30:03.225 INF] [T:1] [Game] [Rank] State changed: "None" -> "Connecting"
[18:30:03.226 INF] [T:1] [Game] Group=Dev, Name=Game, Env="Local", Region=Local, Public=121.135.249.98, Private=192.168.0.191, DnsName=
[18:30:03.257 ERR] [T:11] [Game] [Rank] An error occurred: Connection refused
null
[18:30:08.268 ERR] [T:12] [Game] [Rank] An error occurred: Connection refused
null
[18:30:13.276 WRN] [T:7] [Game] Max connect attempts exceeded: 3 > 2
[18:30:13.276 INF] [T:7] [Game] [Rank] State changed: "Connecting" -> "Closing"
[18:30:13.278 INF] [T:7] [Game] [Rank] State changed: "Closing" -> "Closed"
[18:30:13.279 INF] [T:7] [Game] [Rank] Disconnected
[18:30:13.280 INF] [T:8] [Game] [Rank] State changed: "Closed" -> "Connecting"
[18:30:13.308 INF] [T:12] [Game] [Rank] State changed: "Connecting" -> "Handshake"
[18:30:13.410 INF] [T:12] [Game] [Rank] State changed: "Handshake" -> "Open"
[18:30:13.410 DBG] [T:12] [Game] [Rank] Connected
[18:30:13.429 INF] [T:7] [Game] Register succeeded: Rank
[18:30:31.168 DBG] [T:45] [Game] A new session connected. sessionId=690f96d6-c03b-46b0-bfdb-401fd8f6afaf, remoteEndPoint=192.168.0.191:56015
[18:30:31.242 DBG] [T:11] [Game] Session authentication succeeded. sessionId=690f96d6-c03b-46b0-bfdb-401fd8f6afaf, peerId=1
[18:31:02.634 INF] [T:7] [PerfMonitor] Time:2026-03-22 09:31:01.625Z CPU=0.1% WS=70.83MB Managed=201.05MB Threads=65
[18:32:02.626 INF] [T:7] [PerfMonitor] Time:2026-03-22 09:32:01.626Z CPU=0.1% WS=72.00MB Managed=202.67MB Threads=64
[18:33:02.626 INF] [T:7] [PerfMonitor] Time:2026-03-22 09:33:01.626Z CPU=0.1% WS=68.11MB Managed=204.38MB Threads=64
[18:34:02.626 INF] [T:7] [PerfMonitor] Time:2026-03-22 09:34:01.627Z CPU=0.0% WS=65.41MB Managed=206.00MB Threads=63
[18:35:02.627 INF] [T:7] [PerfMonitor] Time:2026-03-22 09:35:01.627Z CPU=0.1% WS=67.38MB Managed=207.64MB Threads=64
[18:36:02.627 INF] [T:7] [PerfMonitor] Time:2026-03-22 09:36:01.627Z CPU=0.0% WS=72.16MB Managed=198.51MB Threads=64
[18:37:02.628 INF] [T:7] [PerfMonitor] Time:2026-03-22 09:37:01.627Z CPU=0.0% WS=71.94MB Managed=200.18MB Threads=63
[18:38:02.628 INF] [T:7] [PerfMonitor] Time:2026-03-22 09:38:01.628Z CPU=0.0% WS=72.31MB Managed=201.77MB Threads=63
[18:39:02.628 INF] [T:7] [PerfMonitor] Time:2026-03-22 09:39:01.628Z CPU=0.1% WS=72.36MB Managed=203.38MB Threads=64
[18:40:02.629 INF] [T:7] [PerfMonitor] Time:2026-03-22 09:40:01.628Z CPU=0.1% WS=72.28MB Managed=205.04MB Threads=63
[18:41:02.628 INF] [T:7] [PerfMonitor] Time:2026-03-22 09:41:01.628Z CPU=0.1% WS=72.36MB Managed=198.82MB Threads=63
[18:42:02.630 INF] [T:7] [PerfMonitor] Time:2026-03-22 09:42:01.629Z CPU=0.1% WS=72.62MB Managed=200.42MB Threads=63
[18:43:02.630 INF] [T:7] [PerfMonitor] Time:2026-03-22 09:43:01.629Z CPU=0.0% WS=61.34MB Managed=202.04MB Threads=64
[18:44:02.630 INF] [T:7] [PerfMonitor] Time:2026-03-22 09:44:01.630Z CPU=0.0% WS=64.67MB Managed=203.65MB Threads=63
[18:45:02.631 INF] [T:7] [PerfMonitor] Time:2026-03-22 09:45:01.630Z CPU=0.1% WS=64.94MB Managed=205.27MB Threads=64
[18:46:02.631 INF] [T:7] [PerfMonitor] Time:2026-03-22 09:46:01.630Z CPU=0.1% WS=66.81MB Managed=199.08MB Threads=63
[18:47:02.631 INF] [T:7] [PerfMonitor] Time:2026-03-22 09:47:02.630Z CPU=0.1% WS=67.48MB Managed=200.73MB Threads=63
[18:48:02.630 INF] [T:7] [PerfMonitor] Time:2026-03-22 09:48:01.631Z CPU=0.1% WS=67.66MB Managed=202.33MB Threads=64
[18:49:02.632 INF] [T:7] [PerfMonitor] Time:2026-03-22 09:49:01.632Z CPU=0.1% WS=68.88MB Managed=203.95MB Threads=63
[18:50:02.632 INF] [T:7] [PerfMonitor] Time:2026-03-22 09:50:01.631Z CPU=0.1% WS=68.91MB Managed=197.73MB Threads=63
[18:51:02.632 INF] [T:7] [PerfMonitor] Time:2026-03-22 09:51:01.631Z CPU=0.1% WS=68.94MB Managed=199.36MB Threads=64
[18:52:02.633 INF] [T:7] [PerfMonitor] Time:2026-03-22 09:52:01.633Z CPU=0.0% WS=69.02MB Managed=200.98MB Threads=64
[18:53:02.633 INF] [T:7] [PerfMonitor] Time:2026-03-22 09:53:01.632Z CPU=0.0% WS=59.28MB Managed=202.65MB Threads=63
[19:10:37.981 INF] [T:7] [PerfMonitor] Time:2026-03-22 10:10:36.980Z CPU=0.0% WS=54.30MB Managed=204.27MB Threads=63
[19:26:35.466 INF] [T:7] [PerfMonitor] Time:2026-03-22 10:26:34.471Z CPU=0.0% WS=58.14MB Managed=198.04MB Threads=63
[19:42:34.831 INF] [T:7] [PerfMonitor] Time:2026-03-22 10:42:33.830Z CPU=0.1% WS=58.61MB Managed=199.68MB Threads=64
[19:58:56.706 INF] [T:7] [PerfMonitor] Time:2026-03-22 10:58:55.707Z CPU=0.0% WS=55.81MB Managed=201.30MB Threads=62
[20:16:28.167 INF] [T:7] [PerfMonitor] Time:2026-03-22 11:16:27.167Z CPU=0.0% WS=57.09MB Managed=202.92MB Threads=63
[20:32:38.545 INF] [T:7] [PerfMonitor] Time:2026-03-22 11:32:37.546Z CPU=0.1% WS=57.67MB Managed=204.54MB Threads=63
[20:48:50.902 INF] [T:7] [PerfMonitor] Time:2026-03-22 11:48:49.902Z CPU=0.0% WS=58.30MB Managed=198.36MB Threads=63
[20:54:15.094 INF] [T:7] [PerfMonitor] Time:2026-03-22 11:54:14.082Z CPU=0.1% WS=59.20MB Managed=200.02MB Threads=65
[21:12:29.142 INF] [T:7] [PerfMonitor] Time:2026-03-22 12:12:28.142Z CPU=0.0% WS=60.06MB Managed=201.64MB Threads=64
[21:13:29.146 INF] [T:7] [PerfMonitor] Time:2026-03-22 12:13:28.146Z CPU=0.1% WS=60.19MB Managed=203.26MB Threads=63
[21:14:29.146 INF] [T:7] [PerfMonitor] Time:2026-03-22 12:14:28.147Z CPU=0.1% WS=60.59MB Managed=204.89MB Threads=64
[21:15:29.147 INF] [T:7] [PerfMonitor] Time:2026-03-22 12:15:28.147Z CPU=0.1% WS=60.69MB Managed=198.66MB Threads=63
[21:16:29.147 INF] [T:7] [PerfMonitor] Time:2026-03-22 12:16:28.145Z CPU=0.1% WS=60.69MB Managed=200.30MB Threads=62
[21:17:29.148 INF] [T:7] [PerfMonitor] Time:2026-03-22 12:17:28.147Z CPU=0.1% WS=60.70MB Managed=201.92MB Threads=63
[21:33:43.636 INF] [T:7] [PerfMonitor] Time:2026-03-22 12:33:42.635Z CPU=0.0% WS=60.75MB Managed=203.54MB Threads=64
[21:50:11.888 INF] [T:7] [PerfMonitor] Time:2026-03-22 12:50:10.902Z CPU=0.0% WS=60.73MB Managed=205.16MB Threads=63
[22:07:34.846 INF] [T:7] [PerfMonitor] Time:2026-03-22 13:07:33.847Z CPU=0.1% WS=60.77MB Managed=198.90MB Threads=63
[22:25:34.823 INF] [T:7] [PerfMonitor] Time:2026-03-22 13:25:33.824Z CPU=0.0% WS=61.11MB Managed=200.58MB Threads=64
[22:41:51.255 INF] [T:7] [PerfMonitor] Time:2026-03-22 13:41:50.254Z CPU=0.1% WS=60.53MB Managed=202.20MB Threads=63
[22:55:00.637 INF] [T:7] [PerfMonitor] Time:2026-03-22 13:54:59.639Z CPU=0.1% WS=60.75MB Managed=203.81MB Threads=64
[23:11:55.777 INF] [T:7] [PerfMonitor] Time:2026-03-22 14:11:54.778Z CPU=0.0% WS=60.89MB Managed=205.43MB Threads=64
[23:27:57.034 INF] [T:7] [PerfMonitor] Time:2026-03-22 14:27:56.035Z CPU=0.1% WS=60.91MB Managed=199.21MB Threads=63
[23:44:13.217 INF] [T:7] [PerfMonitor] Time:2026-03-22 14:44:12.216Z CPU=0.1% WS=61.22MB Managed=200.86MB Threads=64
